Log file open, 05/08/16 13:29:17
LogInit:Display: Running engine for game: Otherworld
LogPlatformFile: Not using cached read wrapper
LogInit:Display: RandInit(1797410566) SRandInit(1797410567).
LogTaskGraph: Started task graph with 4 named threads and 7 total threads.
LogStats: Stats thread started at 0.083402
LogInit: Version: 4.11.2-2946394+++UE4+Release-4.11
LogInit: API Version: 2927265
LogInit: Compiled (64-bit): Apr 18 2016 02:18:46
LogInit: Compiled with Visual C++: 19.00.23026.00
LogInit: Build Configuration: Development
LogInit: Branch Name: ++UE4+Release-4.11
LogInit: Command line:  
LogInit: Base directory: C:/Program Files (x86)/Epic Games/4.11/Engine/Binaries/Win64/
LogInit: Installed Engine Build: 1
LogInit: Using libcurl 7.41.0
LogInit:  - built for x86_64-pc-win32
LogInit:  - supports SSL with WinSSL
LogInit:  - other features:
LogInit:      CURL_VERSION_SSL
LogInit:      CURL_VERSION_IPV6
LogInit:      CURL_VERSION_ASYNCHDNS
LogInit:      CURL_VERSION_LARGEFILE
LogInit:      CURL_VERSION_IDN
LogInit:  CurlRequestOptions (configurable via config and command line):
LogInit:  - bVerifyPeer = true  - Libcurl will verify peer certificate
LogInit:  - bUseHttpProxy = false  - Libcurl will NOT use HTTP proxy
LogInit:  - bDontReuseConnections = false  - Libcurl will reuse connections
LogInit:  - CertBundlePath = nullptr  - Libcurl will use whatever was configured at build time.
LogInit: Presizing for max 16777216 objects, including 0 objects not considered by GC, pre-allocating 0 bytes for permanent pool.
LogInit: Object subsystem initialized
[2016.05.08-17.29.17:766][  0]LogInit: Selected Device Profile: [Windows]
[2016.05.08-17.29.17:766][  0]LogInit: Applying CVar settings loaded from the selected device profile: [Windows]
[2016.05.08-17.29.17:775][  0]LogInit: Computer: MONICA
[2016.05.08-17.29.17:775][  0]LogInit: User: Matt
[2016.05.08-17.29.17:775][  0]LogInit: CPU Page size=65536, Cores=4
[2016.05.08-17.29.17:775][  0]LogInit: High frequency timer resolution =3.906244 MHz
[2016.05.08-17.29.17:775][  0]LogMemory: Memory total: Physical=15.9GB (16GB approx)
[2016.05.08-17.29.17:775][  0]LogMemory: Platform Memory Stats for Windows
[2016.05.08-17.29.17:775][  0]LogMemory: Process Physical Memory: 313.72 MB used, 313.72 MB peak
[2016.05.08-17.29.17:775][  0]LogMemory: Process Virtual Memory: 315.09 MB used, 315.09 MB peak
[2016.05.08-17.29.17:775][  0]LogMemory: Physical Memory: 4762.92 MB used, 16330.44 MB total
[2016.05.08-17.29.17:775][  0]LogMemory: Virtual Memory: 653.84 MB used, 134217728.00 MB total
[2016.05.08-17.29.17:817][  0]LogTextLocalizationManager: No specific translations for ('en-US') exist, so ('en') translations will be used.
[2016.05.08-17.29.18:278][  0]LogD3D11RHI: D3D11 adapters:
[2016.05.08-17.29.18:319][  0]LogD3D11RHI:    0. 'NVIDIA GeForce GTX 970' (Feature Level 11_0)
[2016.05.08-17.29.18:319][  0]LogD3D11RHI:       4007MB of dedicated video memory, 0MB of dedicated system memory, and 8165MB of shared system memory, 2 output[s]
[2016.05.08-17.29.18:321][  0]LogD3D11RHI:    1. 'Microsoft Basic Render Driver' (Feature Level 11_0)
[2016.05.08-17.29.18:321][  0]LogD3D11RHI:       0MB of dedicated video memory, 0MB of dedicated system memory, and 8165MB of shared system memory, 0 output[s]
[2016.05.08-17.29.18:321][  0]LogD3D11RHI: Chosen D3D11 Adapter: 0
[2016.05.08-17.29.18:327][  0]LogD3D11RHI: Creating new Direct3DDevice
[2016.05.08-17.29.18:327][  0]LogD3D11RHI:     Adapter Name: NVIDIA GeForce GTX 970
[2016.05.08-17.29.18:327][  0]LogD3D11RHI:   Driver Version: 10.18.13.6200 (internal 10.18.13.6200)
[2016.05.08-17.29.18:327][  0]LogD3D11RHI:      Driver Date: 2-23-2016
[2016.05.08-17.29.18:327][  0]LogRHI: Texture pool is 1361 MB (70% of 1945 MB)
[2016.05.08-17.29.18:349][  0]LogD3D11RHI: Async texture creation enabled
[2016.05.08-17.29.18:366][  0]LogShaderCompilers: Guid format shader working directory is -20 characters bigger than the processId version (../../../../../../Users/Matt/Documents/Unreal Projects/Otherworld/Intermediate/Shaders/WorkingDirectory/7032/).
[2016.05.08-17.29.18:366][  0]LogShaderCompilers: Cleaned the shader compiler working directory 'C:/Users/Matt/AppData/Local/Temp/UnrealShaderWorkingDir/1CD1F3F649392E5E9715F0BDDBD532B4/'.
[2016.05.08-17.29.18:366][  0]LogShaderCompilers:Display: Using Local Shader Compiler.
[2016.05.08-17.29.19:661][  0]LogTemp:Display: Loaded TP AllDesktopTargetPlatform
[2016.05.08-17.29.19:667][  0]LogTemp:Display: Loaded TP WindowsClientTargetPlatform
[2016.05.08-17.29.19:673][  0]LogTemp:Display: Loaded TP WindowsNoEditorTargetPlatform
[2016.05.08-17.29.19:678][  0]LogTemp:Display: Loaded TP WindowsServerTargetPlatform
[2016.05.08-17.29.19:683][  0]LogTemp:Display: Loaded TP WindowsTargetPlatform
[2016.05.08-17.29.19:688][  0]LogTemp:Display: Loaded TP AndroidTargetPlatform
[2016.05.08-17.29.19:692][  0]LogTemp:Display: Loaded TP Android_ASTCTargetPlatform
[2016.05.08-17.29.19:697][  0]LogTemp:Display: Loaded TP Android_ATCTargetPlatform
[2016.05.08-17.29.19:701][  0]LogTemp:Display: Loaded TP Android_DXTTargetPlatform
[2016.05.08-17.29.19:704][  0]LogTemp:Display: Loaded TP Android_ETC1TargetPlatform
[2016.05.08-17.29.19:708][  0]LogTemp:Display: Loaded TP Android_ETC2TargetPlatform
[2016.05.08-17.29.19:716][  0]LogTemp:Display: Loaded TP Android_MultiTargetPlatform
[2016.05.08-17.29.19:716][  0]LogTemp:Display: Loaded TP Android_PVRTCTargetPlatform
[2016.05.08-17.29.19:718][  0]LogTemp:Display: Loaded TP HTML5TargetPlatform
[2016.05.08-17.29.19:736][  0]LogTemp:Display: Loaded TP IOSTargetPlatform
[2016.05.08-17.29.19:740][  0]LogTemp:Display: Loaded TP TVOSTargetPlatform
[2016.05.08-17.29.19:744][  0]LogTemp:Display: Loaded TP LinuxNoEditorTargetPlatform
[2016.05.08-17.29.19:748][  0]LogTemp:Display: Loaded TP LinuxServerTargetPlatform
[2016.05.08-17.29.19:752][  0]LogTemp:Display: Loaded TP LinuxTargetPlatform
[2016.05.08-17.29.19:752][  0]LogTargetPlatformManager:Display: Building Assets For Windows
[2016.05.08-17.29.19:839][  0]LogDerivedDataCache:Display: Max Cache Size: 512 MB
[2016.05.08-17.29.19:918][  0]LogDerivedDataCache: Loaded boot cache 0.08s 46MB C:/Users/Matt/AppData/Local/UnrealEngine/4.11/DerivedDataCache/Boot.ddc.
[2016.05.08-17.29.19:918][  0]LogDerivedDataCache:Display: Loaded Boot cache: C:/Users/Matt/AppData/Local/UnrealEngine/4.11/DerivedDataCache/Boot.ddc
[2016.05.08-17.29.19:918][  0]LogDerivedDataCache: FDerivedDataBackendGraph:  Pak pak cache file ../../../../../../Users/Matt/Documents/Unreal Projects/Otherworld/DerivedDataCache/DDC.ddp not found, will not use a pak cache.
[2016.05.08-17.29.19:918][  0]LogDerivedDataCache: Unable to find inner node Pak for hierarchical cache Hierarchy.
[2016.05.08-17.29.19:918][  0]LogDerivedDataCache: FDerivedDataBackendGraph:  CompressedPak pak cache file ../../../../../../Users/Matt/Documents/Unreal Projects/Otherworld/DerivedDataCache/Compressed.ddp not found, will not use a pak cache.
[2016.05.08-17.29.19:918][  0]LogDerivedDataCache: Unable to find inner node CompressedPak for hierarchical cache Hierarchy.
[2016.05.08-17.29.19:936][  0]LogDerivedDataCache:Display: Pak cache opened for reading ../../../Engine/DerivedDataCache/Compressed.ddp.
[2016.05.08-17.29.19:948][  0]LogDerivedDataCache: Using Local data cache path C:/Users/Matt/AppData/Local/UnrealEngine/Common/DerivedDataCache: Writable
[2016.05.08-17.29.20:144][  0]LogInit: Selected Device Profile: [Windows]
[2016.05.08-17.29.20:144][  0]LogContentStreaming: Texture pool size is 0.00 MB
[2016.05.08-17.29.20:189][  0]LogMaterial: Uniform references updated for custom material expression Custom.
[2016.05.08-17.29.20:327][  0]LogMeshUtilities: No automatic mesh reduction module available
[2016.05.08-17.29.20:327][  0]LogMeshUtilities: No automatic mesh merging module available
[2016.05.08-17.29.20:327][  0]LogMeshUtilities: No distributed automatic mesh merging module available
[2016.05.08-17.29.20:619][  0]LogUObjectArray: 27679 objects as part of root set at end of initial load.
[2016.05.08-17.29.20:619][  0]LogUObjectAllocator: 5591592 out of 0 bytes used by permanent object pool.
[2016.05.08-17.29.20:619][  0]LogUObjectArray: CloseDisregardForGC: 0/0 objects in disregard for GC pool
[2016.05.08-17.29.20:626][  0]LogInit: WinSock: version 1.1 (2.2), MaxSocks=32767, MaxUdp=65467
[2016.05.08-17.29.20:736][  0]LogSlate: SlateFontCache - WITH_FREETYPE: 1, WITH_HARFBUZZ: 1
[2016.05.08-17.29.20:736][  0]LogSlate: SlateFontCache - WITH_FREETYPE: 1, WITH_HARFBUZZ: 1
[2016.05.08-17.29.20:836][  0]LogStreaming:Warning: Failed to read file '../../../Engine/Content/Editor/Slate/Common/Selection_16x.png' error.
[2016.05.08-17.29.20:836][  0]LogSlate: Could not find file for Slate resource: ../../../Engine/Content/Editor/Slate/Common/Selection_16x.png
[2016.05.08-17.29.20:836][  0]LogStreaming:Warning: Failed to read file '../../../Engine/Content/Editor/Slate/Common/Selection_16x.png' error.
[2016.05.08-17.29.20:836][  0]LogSlate: Could not find file for Slate resource: ../../../Engine/Content/Editor/Slate/Common/Selection_16x.png
[2016.05.08-17.29.20:836][  0]LogStreaming:Warning: Failed to read file '../../../Engine/Content/Editor/Slate/Common/Selection_16x.png' error.
[2016.05.08-17.29.20:836][  0]LogSlate: Could not find file for Slate resource: ../../../Engine/Content/Editor/Slate/Common/Selection_16x.png
[2016.05.08-17.29.21:429][  0]LogUdpMessaging: Initializing bridge on interface 0.0.0.0:0 to multicast group 230.0.0.1:6666.
[2016.05.08-17.29.21:540][  0]LogAssetRegistry: FAssetRegistry took 0.0217 seconds to start up
[2016.05.08-17.29.21:719][  0]SourceControl: Info Source control is disabled
[2016.05.08-17.29.21:796][  0]SourceControl: Info Source control is disabled
[2016.05.08-17.29.21:805][  0]SourceControl: Info Source control is disabled
[2016.05.08-17.29.21:815][  0]SourceControl: Info Source control is disabled
[2016.05.08-17.29.21:946][  0]LogHMD: Failed to initialize OpenVR with code 110
[2016.05.08-17.29.22:050][  0]LogEngine: Initializing Engine...
[2016.05.08-17.29.22:215][  0]LogAIModule: Creating AISystem for world NewWorld
[2016.05.08-17.29.22:233][  0]LogInit: XAudio2 using 'Speakers (Realtek High Definition Audio)' : 2 channels at 48 kHz using 32 bits per sample (channel mask 0x3)
[2016.05.08-17.29.22:274][  0]LogInit: FAudioDevice initialized.
[2016.05.08-17.29.22:319][  0]LogDerivedDataCache: Saved boot cache 0.05s 46MB C:/Users/Matt/AppData/Local/UnrealEngine/4.11/DerivedDataCache/Boot.ddc.
[2016.05.08-17.29.22:332][  0]LogInit: Texture streaming: Enabled
[2016.05.08-17.29.22:360][  0]LogInit: Transaction tracking system initialized
[2016.05.08-17.29.22:386][  0]BlueprintLog: New page: Editor Load
[2016.05.08-17.29.22:473][  0]LocalizationService: Info Localization service is disabled
[2016.05.08-17.29.22:694][  0]LogConsoleResponse:Display: 
[2016.05.08-17.29.22:806][  0]LogCook:Display: Max memory allowance for cook 8192mb
[2016.05.08-17.29.22:806][  0]LogCook:Display: Mobile HDR setting 1
[2016.05.08-17.29.22:806][  0]LogCook:Display: Done creating registry. It took  0.00s.
[2016.05.08-17.29.22:868][  0]LogFileCache: Scanning file cache for directory 'C:/Users/Matt/Documents/Unreal Projects/Otherworld/Content/' took 0.01s
[2016.05.08-17.29.22:868][  0]SourceControl: Info Source control is disabled
[2016.05.08-17.29.22:868][  0]Cmd: MAP LOAD FILE="../../../../../../Users/Matt/Documents/Unreal Projects/Otherworld/Content/ThirdPersonBP/Maps/ThirdPersonExampleMap.umap" TEMPLATE=0 SHOWPROGRESS=1 FEATURELEVEL=3
[2016.05.08-17.29.22:869][  0]LightingResults: New page: Lighting Build
[2016.05.08-17.29.22:873][  0]MapCheck: New page: Map Check
[2016.05.08-17.29.22:873][  0]LightingResults: New page: Lighting Build
[2016.05.08-17.29.23:279][  0]LogAIModule: Creating AISystem for world ThirdPersonExampleMap
[2016.05.08-17.29.23:289][  0]LogEditorServer: Finished looking for orphan Actors (0.000 secs)
[2016.05.08-17.29.23:290][  0]Cmd: MAP CHECKDEP NOCLEARLOG
[2016.05.08-17.29.23:344][  0]MapCheck: Info Map check complete: 0 Error(s), 0 Warning(s), took 54.583ms to complete.
[2016.05.08-17.29.23:345][  0]LogFileHelpers: Loading map 'ThirdPersonExampleMap' took 0.476
[2016.05.08-17.29.23:555][  0]LogCollectionManager: Loaded 0 collections in 0.002026 seconds
[2016.05.08-17.29.23:603][  0]LogFileCache: Scanning file cache for directory 'C:/Users/Matt/Documents/Unreal Projects/Otherworld/Saved/Collections/' took 0.01s
[2016.05.08-17.29.23:603][  0]LogFileCache: Scanning file cache for directory 'C:/Users/Matt/Documents/Unreal Projects/Otherworld/Content/Developers/Matt/Collections/' took 0.01s
[2016.05.08-17.29.23:603][  0]LogFileCache: Scanning file cache for directory 'C:/Users/Matt/Documents/Unreal Projects/Otherworld/Content/Collections/' took 0.01s
[2016.05.08-17.29.23:603][  0]LogCollectionManager: Rebuilt the GUID cache for 0 collections in 0.000004 seconds
[2016.05.08-17.29.23:616][  0]LogContentBrowser: Native class hierarchy populated in 0.0127 seconds. Added 1980 classes and 345 folders.
[2016.05.08-17.29.23:620][  0]LogStats: UGameplayTagsManager::ConstructGameplayTagTree: Construct from data asset -  0.000 s
[2016.05.08-17.29.23:620][  0]LogStats: UGameplayTagsManager::ConstructGameplayTagTree: GameplayTagTreeChangedEvent.Broadcast -  0.000 s
[2016.05.08-17.29.23:621][  0]LogContentBrowser: Native class hierarchy updated for 'GameplayTags' in 0.0006 seconds. Added 12 classes and 0 folders.
[2016.05.08-17.29.23:626][  0]LogContentBrowser: Native class hierarchy updated for 'WidgetCarousel' in 0.0003 seconds. Added 0 classes and 0 folders.
[2016.05.08-17.29.23:634][  0]LogContentBrowser: Native class hierarchy updated for 'SuperSearch' in 0.0005 seconds. Added 1 classes and 2 folders.
[2016.05.08-17.29.23:680][  0]LogContentBrowser: Native class hierarchy updated for 'AddContentDialog' in 0.0004 seconds. Added 0 classes and 0 folders.
[2016.05.08-17.29.23:745][  0]LogCrashTracker: Crashtracker disabled due to settings.
[2016.05.08-17.29.23:751][  0]LogUObjectGlobals:Warning: Failed to find object 'Class None.'
[2016.05.08-17.29.23:778][  0]LogContentBrowser: Native class hierarchy updated for 'HierarchicalLODOutliner' in 0.0008 seconds. Added 1 classes and 2 folders.
[2016.05.08-17.29.23:779][  0]LogLoad: Full Startup: 6.92 seconds (BP compile: 0.11 seconds)
[2016.05.08-17.29.23:779][  0]LogExternalProfiler: Found external profiler: VSPerf
[2016.05.08-17.29.23:779][  0]LogExternalProfiler: Using external profiler: VSPerf
[2016.05.08-17.29.23:788][  0]LogOcInput: OculusInput pre-init called
[2016.05.08-17.29.23:832][  0]LogContentStreaming: Texture pool size now 1000 MB
[2016.05.08-17.29.23:992][  0]LogRenderer: Reallocating scene render targets to support 968x408 (Frame:2).
[2016.05.08-17.29.24:133][  1]LogAssetRegistry: Asset discovery search completed in 2.6151 seconds
[2016.05.08-17.29.24:133][  1]LogCollectionManager: Rebuilt the object cache for 0 collections in 0.000001 seconds (found 0 objects)
[2016.05.08-17.29.24:133][  1]LogCollectionManager: Fixed up redirectors for 0 collections in 0.000022 seconds (updated 0 objects)
[2016.05.08-17.29.44:463][445]LogCrashTracker: 


[2016.05.08-17.29.44:475][445]LogCrashTracker: 


[2016.05.08-17.29.44:475][445]LogWindows:Error: === Critical error: ===
Fatal error!



[2016.05.08-17.29.44:529][445]LogExit: Executing StaticShutdownAfterError
[2016.05.08-17.29.44:532][445]LogPhysics:Warning: PHYSX: ..\..\PhysX\src\NpScene.cpp (2946) 8 : PxScene::unlockWrite() called without matching call to PxScene::lockWrite(), behaviour will be undefined.
[2016.05.08-17.29.44:532][445]LogPhysics:Warning: PHYSX: ..\..\PhysX\src\NpScene.cpp (2946) 8 : PxScene::unlockWrite() called without matching call to PxScene::lockWrite(), behaviour will be undefined.
[2016.05.08-17.29.44:532][445]LogWindows: FPlatformMisc::RequestExit(1)
[2016.05.08-17.29.44:533][445]Log file closed, 05/08/16 13:29:44
