Log file open, 05/09/16 15:19:25
LogInit:Display: Running engine for game: Otherworld
LogPlatformFile: Not using cached read wrapper
LogInit:Display: RandInit(-779728471) SRandInit(-779728469).
LogTaskGraph: Started task graph with 4 named threads and 7 total threads.
LogStats: Stats thread started at 0.082373
LogInit: Version: 4.11.2-2946394+++UE4+Release-4.11
LogInit: API Version: 2927265
LogInit: Compiled (64-bit): Apr 18 2016 02:18:46
LogInit: Compiled with Visual C++: 19.00.23026.00
LogInit: Build Configuration: Development
LogInit: Branch Name: ++UE4+Release-4.11
LogInit: Command line: 
LogInit: Base directory: C:/Program Files (x86)/Epic Games/4.11/Engine/Binaries/Win64/
LogInit: Installed Engine Build: 1
LogInit: Using libcurl 7.41.0
LogInit:  - built for x86_64-pc-win32
LogInit:  - supports SSL with WinSSL
LogInit:  - other features:
LogInit:      CURL_VERSION_SSL
LogInit:      CURL_VERSION_IPV6
LogInit:      CURL_VERSION_ASYNCHDNS
LogInit:      CURL_VERSION_LARGEFILE
LogInit:      CURL_VERSION_IDN
LogInit:  CurlRequestOptions (configurable via config and command line):
LogInit:  - bVerifyPeer = true  - Libcurl will verify peer certificate
LogInit:  - bUseHttpProxy = false  - Libcurl will NOT use HTTP proxy
LogInit:  - bDontReuseConnections = false  - Libcurl will reuse connections
LogInit:  - CertBundlePath = nullptr  - Libcurl will use whatever was configured at build time.
LogInit: Presizing for max 16777216 objects, including 0 objects not considered by GC, pre-allocating 0 bytes for permanent pool.
LogInit: Object subsystem initialized
[2016.05.09-19.19.25:331][  0]LogInit: Selected Device Profile: [Windows]
[2016.05.09-19.19.25:331][  0]LogInit: Applying CVar settings loaded from the selected device profile: [Windows]
[2016.05.09-19.19.25:341][  0]LogInit: Computer: MONICA
[2016.05.09-19.19.25:341][  0]LogInit: User: Matt
[2016.05.09-19.19.25:341][  0]LogInit: CPU Page size=65536, Cores=4
[2016.05.09-19.19.25:341][  0]LogInit: High frequency timer resolution =3.906262 MHz
[2016.05.09-19.19.25:341][  0]LogMemory: Memory total: Physical=15.9GB (16GB approx)
[2016.05.09-19.19.25:341][  0]LogMemory: Platform Memory Stats for Windows
[2016.05.09-19.19.25:341][  0]LogMemory: Process Physical Memory: 314.30 MB used, 314.30 MB peak
[2016.05.09-19.19.25:341][  0]LogMemory: Process Virtual Memory: 314.83 MB used, 314.83 MB peak
[2016.05.09-19.19.25:341][  0]LogMemory: Physical Memory: 5527.92 MB used, 16330.44 MB total
[2016.05.09-19.19.25:341][  0]LogMemory: Virtual Memory: 653.25 MB used, 134217728.00 MB total
[2016.05.09-19.19.25:382][  0]LogTextLocalizationManager: No specific translations for ('en-US') exist, so ('en') translations will be used.
[2016.05.09-19.19.25:834][  0]LogD3D11RHI: D3D11 adapters:
[2016.05.09-19.19.25:878][  0]LogD3D11RHI:    0. 'NVIDIA GeForce GTX 970' (Feature Level 11_0)
[2016.05.09-19.19.25:878][  0]LogD3D11RHI:       4007MB of dedicated video memory, 0MB of dedicated system memory, and 8165MB of shared system memory, 2 output[s]
[2016.05.09-19.19.25:880][  0]LogD3D11RHI:    1. 'Microsoft Basic Render Driver' (Feature Level 11_0)
[2016.05.09-19.19.25:880][  0]LogD3D11RHI:       0MB of dedicated video memory, 0MB of dedicated system memory, and 8165MB of shared system memory, 0 output[s]
[2016.05.09-19.19.25:880][  0]LogD3D11RHI: Chosen D3D11 Adapter: 0
[2016.05.09-19.19.25:886][  0]LogD3D11RHI: Creating new Direct3DDevice
[2016.05.09-19.19.25:886][  0]LogD3D11RHI:     Adapter Name: NVIDIA GeForce GTX 970
[2016.05.09-19.19.25:886][  0]LogD3D11RHI:   Driver Version: 10.18.13.6200 (internal 10.18.13.6200)
[2016.05.09-19.19.25:886][  0]LogD3D11RHI:      Driver Date: 2-23-2016
[2016.05.09-19.19.25:886][  0]LogRHI: Texture pool is 1361 MB (70% of 1945 MB)
[2016.05.09-19.19.25:907][  0]LogD3D11RHI: Async texture creation enabled
[2016.05.09-19.19.25:926][  0]LogShaderCompilers: Guid format shader working directory is -20 characters bigger than the processId version (../../../../../../Users/Matt/Documents/Unreal Projects/Otherworld/Intermediate/Shaders/WorkingDirectory/7896/).
[2016.05.09-19.19.25:926][  0]LogShaderCompilers: Cleaned the shader compiler working directory 'C:/Users/Matt/AppData/Local/Temp/UnrealShaderWorkingDir/06E4A4B44D593455BD5C5885BBD6E437/'.
[2016.05.09-19.19.25:926][  0]LogShaderCompilers:Display: Using Local Shader Compiler.
[2016.05.09-19.19.27:279][  0]LogTemp:Display: Loaded TP AllDesktopTargetPlatform
[2016.05.09-19.19.27:285][  0]LogTemp:Display: Loaded TP WindowsClientTargetPlatform
[2016.05.09-19.19.27:291][  0]LogTemp:Display: Loaded TP WindowsNoEditorTargetPlatform
[2016.05.09-19.19.27:298][  0]LogTemp:Display: Loaded TP WindowsServerTargetPlatform
[2016.05.09-19.19.27:303][  0]LogTemp:Display: Loaded TP WindowsTargetPlatform
[2016.05.09-19.19.27:308][  0]LogTemp:Display: Loaded TP AndroidTargetPlatform
[2016.05.09-19.19.27:312][  0]LogTemp:Display: Loaded TP Android_ASTCTargetPlatform
[2016.05.09-19.19.27:317][  0]LogTemp:Display: Loaded TP Android_ATCTargetPlatform
[2016.05.09-19.19.27:321][  0]LogTemp:Display: Loaded TP Android_DXTTargetPlatform
[2016.05.09-19.19.27:325][  0]LogTemp:Display: Loaded TP Android_ETC1TargetPlatform
[2016.05.09-19.19.27:329][  0]LogTemp:Display: Loaded TP Android_ETC2TargetPlatform
[2016.05.09-19.19.27:337][  0]LogTemp:Display: Loaded TP Android_MultiTargetPlatform
[2016.05.09-19.19.27:337][  0]LogTemp:Display: Loaded TP Android_PVRTCTargetPlatform
[2016.05.09-19.19.27:338][  0]LogTemp:Display: Loaded TP HTML5TargetPlatform
[2016.05.09-19.19.27:357][  0]LogTemp:Display: Loaded TP IOSTargetPlatform
[2016.05.09-19.19.27:361][  0]LogTemp:Display: Loaded TP TVOSTargetPlatform
[2016.05.09-19.19.27:365][  0]LogTemp:Display: Loaded TP LinuxNoEditorTargetPlatform
[2016.05.09-19.19.27:369][  0]LogTemp:Display: Loaded TP LinuxServerTargetPlatform
[2016.05.09-19.19.27:373][  0]LogTemp:Display: Loaded TP LinuxTargetPlatform
[2016.05.09-19.19.27:373][  0]LogTargetPlatformManager:Display: Building Assets For Windows
[2016.05.09-19.19.27:460][  0]LogDerivedDataCache:Display: Max Cache Size: 512 MB
[2016.05.09-19.19.27:543][  0]LogDerivedDataCache: Loaded boot cache 0.08s 46MB C:/Users/Matt/AppData/Local/UnrealEngine/4.11/DerivedDataCache/Boot.ddc.
[2016.05.09-19.19.27:543][  0]LogDerivedDataCache:Display: Loaded Boot cache: C:/Users/Matt/AppData/Local/UnrealEngine/4.11/DerivedDataCache/Boot.ddc
[2016.05.09-19.19.27:543][  0]LogDerivedDataCache: FDerivedDataBackendGraph:  Pak pak cache file ../../../../../../Users/Matt/Documents/Unreal Projects/Otherworld/DerivedDataCache/DDC.ddp not found, will not use a pak cache.
[2016.05.09-19.19.27:543][  0]LogDerivedDataCache: Unable to find inner node Pak for hierarchical cache Hierarchy.
[2016.05.09-19.19.27:543][  0]LogDerivedDataCache: FDerivedDataBackendGraph:  CompressedPak pak cache file ../../../../../../Users/Matt/Documents/Unreal Projects/Otherworld/DerivedDataCache/Compressed.ddp not found, will not use a pak cache.
[2016.05.09-19.19.27:543][  0]LogDerivedDataCache: Unable to find inner node CompressedPak for hierarchical cache Hierarchy.
[2016.05.09-19.19.27:560][  0]LogDerivedDataCache:Display: Pak cache opened for reading ../../../Engine/DerivedDataCache/Compressed.ddp.
[2016.05.09-19.19.27:577][  0]LogDerivedDataCache: Using Local data cache path C:/Users/Matt/AppData/Local/UnrealEngine/Common/DerivedDataCache: Writable
[2016.05.09-19.19.27:777][  0]LogInit: Selected Device Profile: [Windows]
[2016.05.09-19.19.27:778][  0]LogContentStreaming: Texture pool size is 0.00 MB
[2016.05.09-19.19.27:821][  0]LogMaterial: Uniform references updated for custom material expression Custom.
[2016.05.09-19.19.27:957][  0]LogMeshUtilities: No automatic mesh reduction module available
[2016.05.09-19.19.27:957][  0]LogMeshUtilities: No automatic mesh merging module available
[2016.05.09-19.19.27:957][  0]LogMeshUtilities: No distributed automatic mesh merging module available
[2016.05.09-19.19.28:259][  0]LogUObjectArray: 27679 objects as part of root set at end of initial load.
[2016.05.09-19.19.28:259][  0]LogUObjectAllocator: 5591600 out of 0 bytes used by permanent object pool.
[2016.05.09-19.19.28:259][  0]LogUObjectArray: CloseDisregardForGC: 0/0 objects in disregard for GC pool
[2016.05.09-19.19.28:267][  0]LogInit: WinSock: version 1.1 (2.2), MaxSocks=32767, MaxUdp=65467
[2016.05.09-19.19.28:378][  0]LogSlate: SlateFontCache - WITH_FREETYPE: 1, WITH_HARFBUZZ: 1
[2016.05.09-19.19.28:378][  0]LogSlate: SlateFontCache - WITH_FREETYPE: 1, WITH_HARFBUZZ: 1
[2016.05.09-19.19.28:480][  0]LogStreaming:Warning: Failed to read file '../../../Engine/Content/Editor/Slate/Common/Selection_16x.png' error.
[2016.05.09-19.19.28:480][  0]LogSlate: Could not find file for Slate resource: ../../../Engine/Content/Editor/Slate/Common/Selection_16x.png
[2016.05.09-19.19.28:480][  0]LogStreaming:Warning: Failed to read file '../../../Engine/Content/Editor/Slate/Common/Selection_16x.png' error.
[2016.05.09-19.19.28:480][  0]LogSlate: Could not find file for Slate resource: ../../../Engine/Content/Editor/Slate/Common/Selection_16x.png
[2016.05.09-19.19.28:480][  0]LogStreaming:Warning: Failed to read file '../../../Engine/Content/Editor/Slate/Common/Selection_16x.png' error.
[2016.05.09-19.19.28:480][  0]LogSlate: Could not find file for Slate resource: ../../../Engine/Content/Editor/Slate/Common/Selection_16x.png
[2016.05.09-19.19.29:074][  0]LogUdpMessaging: Initializing bridge on interface 0.0.0.0:0 to multicast group 230.0.0.1:6666.
[2016.05.09-19.19.29:185][  0]LogAssetRegistry: FAssetRegistry took 0.0220 seconds to start up
[2016.05.09-19.19.29:363][  0]SourceControl: Info Source control is disabled
[2016.05.09-19.19.29:428][  0]SourceControl: Info Source control is disabled
[2016.05.09-19.19.29:438][  0]SourceControl: Info Source control is disabled
[2016.05.09-19.19.29:448][  0]SourceControl: Info Source control is disabled
[2016.05.09-19.19.29:578][  0]LogHMD: Failed to initialize OpenVR with code 110
[2016.05.09-19.19.29:656][  0]LogEngine: Initializing Engine...
[2016.05.09-19.19.29:820][  0]LogAIModule: Creating AISystem for world NewWorld
[2016.05.09-19.19.29:837][  0]LogInit: XAudio2 using 'Speakers (Realtek High Definition Audio)' : 2 channels at 48 kHz using 32 bits per sample (channel mask 0x3)
[2016.05.09-19.19.29:880][  0]LogInit: FAudioDevice initialized.
[2016.05.09-19.19.29:923][  0]LogDerivedDataCache: Saved boot cache 0.04s 46MB C:/Users/Matt/AppData/Local/UnrealEngine/4.11/DerivedDataCache/Boot.ddc.
[2016.05.09-19.19.29:949][  0]LogInit: Texture streaming: Enabled
[2016.05.09-19.19.29:976][  0]LogInit: Transaction tracking system initialized
[2016.05.09-19.19.30:002][  0]BlueprintLog: New page: Editor Load
[2016.05.09-19.19.30:090][  0]LocalizationService: Info Localization service is disabled
[2016.05.09-19.19.30:310][  0]LogConsoleResponse:Display: 
[2016.05.09-19.19.30:419][  0]LogCook:Display: Max memory allowance for cook 8192mb
[2016.05.09-19.19.30:419][  0]LogCook:Display: Mobile HDR setting 1
[2016.05.09-19.19.30:419][  0]LogCook:Display: Done creating registry. It took  0.00s.
[2016.05.09-19.19.30:480][  0]LogFileCache: Scanning file cache for directory 'C:/Users/Matt/Documents/Unreal Projects/Otherworld/Content/' took 0.01s
[2016.05.09-19.19.30:480][  0]SourceControl: Info Source control is disabled
[2016.05.09-19.19.30:481][  0]Cmd: MAP LOAD FILE="../../../../../../Users/Matt/Documents/Unreal Projects/Otherworld/Content/ThirdPersonBP/Maps/ThirdPersonExampleMap.umap" TEMPLATE=0 SHOWPROGRESS=1 FEATURELEVEL=3
[2016.05.09-19.19.30:481][  0]LightingResults: New page: Lighting Build
[2016.05.09-19.19.30:485][  0]MapCheck: New page: Map Check
[2016.05.09-19.19.30:485][  0]LightingResults: New page: Lighting Build
[2016.05.09-19.19.30:572][  0]LogProperty:Error: UStructProperty::Serialize Loading: Property 'StructProperty /Game/Actors/Pickup.Pickup_C:ItemData'. Unknown structure.
[2016.05.09-19.19.30:573][  0]LogClass:Warning: Property ItemData of Pickup_C has a struct type mismatch (tag STRUCT_REINST_ItemData_20 != prop FallbackStruct) in package:  ../../../../../../Users/Matt/Documents/Unreal Projects/Otherworld/Content/Actors/Pickup.uasset. If that struct got renamed, add an entry to ActiveStructRedirects.
[2016.05.09-19.19.30:577][  0]LogClass:Warning: Property ItemData of Pickup_C has a struct type mismatch (tag FallbackStruct != prop ItemData) in package:  FObjectReader. If that struct got renamed, add an entry to ActiveStructRedirects.
[2016.05.09-19.19.30:605][  0]LogProperty:Error: UStructProperty::Serialize Loading: Property 'StructProperty /Game/ThirdPersonBP/Blueprints/ThirdPersonCharacter.ThirdPersonCharacter_C:AddToInventory.ItemData'. Unknown structure.
[2016.05.09-19.19.30:609][  0]LogProperty:Error: UStructProperty::Serialize Loading: Property 'StructProperty /Game/ThirdPersonBP/Blueprints/ThirdPersonCharacter.ThirdPersonCharacter_C:Inventory.Inventory'. Unknown structure.
[2016.05.09-19.19.30:652][  0]LogProperty:Error: UStructProperty::Serialize Loading: Property 'StructProperty /Game/UserInterface/Widgets/InventoryItem.InventoryItem_C:ItemData'. Unknown structure.
[2016.05.09-19.19.30:661][  0]LogClass:Warning: Property ItemData of InventoryItem_C has a struct type mismatch (tag STRUCT_REINST_ItemData_20 != prop FallbackStruct) in package:  ../../../../../../Users/Matt/Documents/Unreal Projects/Otherworld/Content/UserInterface/Widgets/InventoryItem.uasset. If that struct got renamed, add an entry to ActiveStructRedirects.
[2016.05.09-19.19.30:673][  0]LogClass:Warning: Property ItemData of InventoryItem_C has a struct type mismatch (tag FallbackStruct != prop ItemData) in package:  FObjectReader. If that struct got renamed, add an entry to ActiveStructRedirects.
[2016.05.09-19.19.31:313][  0]LogAIModule: Creating AISystem for world ThirdPersonExampleMap
[2016.05.09-19.19.31:323][  0]LogEditorServer: Finished looking for orphan Actors (0.000 secs)
[2016.05.09-19.19.31:324][  0]Cmd: MAP CHECKDEP NOCLEARLOG
[2016.05.09-19.19.31:386][  0]MapCheck: Info Map check complete: 0 Error(s), 0 Warning(s), took 62.355ms to complete.
[2016.05.09-19.19.31:386][  0]LogFileHelpers: Loading map 'ThirdPersonExampleMap' took 0.905
[2016.05.09-19.19.31:532][  0]LogCollectionManager: Loaded 0 collections in 0.001847 seconds
[2016.05.09-19.19.31:576][  0]LogFileCache: Scanning file cache for directory 'C:/Users/Matt/Documents/Unreal Projects/Otherworld/Saved/Collections/' took 0.01s
[2016.05.09-19.19.31:576][  0]LogFileCache: Scanning file cache for directory 'C:/Users/Matt/Documents/Unreal Projects/Otherworld/Content/Developers/Matt/Collections/' took 0.01s
[2016.05.09-19.19.31:576][  0]LogFileCache: Scanning file cache for directory 'C:/Users/Matt/Documents/Unreal Projects/Otherworld/Content/Collections/' took 0.01s
[2016.05.09-19.19.31:576][  0]LogCollectionManager: Rebuilt the GUID cache for 0 collections in 0.000003 seconds
[2016.05.09-19.19.31:587][  0]LogContentBrowser: Native class hierarchy populated in 0.0110 seconds. Added 1980 classes and 345 folders.
[2016.05.09-19.19.31:591][  0]LogStats: UGameplayTagsManager::ConstructGameplayTagTree: Construct from data asset -  0.000 s
[2016.05.09-19.19.31:591][  0]LogStats: UGameplayTagsManager::ConstructGameplayTagTree: GameplayTagTreeChangedEvent.Broadcast -  0.000 s
[2016.05.09-19.19.31:592][  0]LogContentBrowser: Native class hierarchy updated for 'GameplayTags' in 0.0007 seconds. Added 12 classes and 0 folders.
[2016.05.09-19.19.31:598][  0]LogContentBrowser: Native class hierarchy updated for 'WidgetCarousel' in 0.0004 seconds. Added 0 classes and 0 folders.
[2016.05.09-19.19.31:605][  0]LogContentBrowser: Native class hierarchy updated for 'SuperSearch' in 0.0004 seconds. Added 1 classes and 2 folders.
[2016.05.09-19.19.31:650][  0]LogContentBrowser: Native class hierarchy updated for 'AddContentDialog' in 0.0004 seconds. Added 0 classes and 0 folders.
[2016.05.09-19.19.31:714][  0]LogCrashTracker: Crashtracker disabled due to settings.
[2016.05.09-19.19.31:721][  0]LogUObjectGlobals:Warning: Failed to find object 'Class None.'
[2016.05.09-19.19.31:747][  0]LogContentBrowser: Native class hierarchy updated for 'HierarchicalLODOutliner' in 0.0004 seconds. Added 1 classes and 2 folders.
[2016.05.09-19.19.31:748][  0]LogLoad: Full Startup: 7.32 seconds (BP compile: 0.23 seconds)
[2016.05.09-19.19.31:748][  0]LogExternalProfiler: Found external profiler: VSPerf
[2016.05.09-19.19.31:748][  0]LogExternalProfiler: Using external profiler: VSPerf
[2016.05.09-19.19.31:757][  0]LogOcInput: OculusInput pre-init called
[2016.05.09-19.19.31:802][  0]LogContentStreaming: Texture pool size now 1000 MB
[2016.05.09-19.19.31:956][  0]LogRenderer: Reallocating scene render targets to support 968x408 (Frame:2).
[2016.05.09-19.19.32:051][  1]LogAssetRegistry: Asset discovery search completed in 2.8885 seconds
[2016.05.09-19.19.32:051][  1]LogCollectionManager: Rebuilt the object cache for 0 collections in 0.000001 seconds (found 0 objects)
[2016.05.09-19.19.32:051][  1]LogCollectionManager: Fixed up redirectors for 0 collections in 0.000025 seconds (updated 0 objects)
[2016.05.09-19.19.55:508][718]LogContentBrowser: Native class hierarchy updated for 'BlueprintGraph' in 0.0009 seconds. Added 108 classes and 0 folders.
[2016.05.09-19.31.48:927][494]Cmd: QUIT_EDITOR
[2016.05.09-19.31.49:007][494]LogWindowsTextInputMethodSystem:Display: IME system now deactivated.
[2016.05.09-19.31.49:061][494]LogExit: Preparing to exit.
[2016.05.09-19.31.49:440][494]LogExit: Editor shut down
[2016.05.09-19.31.49:441][494]LogExit: Transaction tracking system shut down
[2016.05.09-19.31.49:637][494]LogObj: Freed 0b from 0 cluster array pools.
[2016.05.09-19.31.49:637][494]LogExit: Object subsystem successfully closed.
[2016.05.09-19.31.49:655][494]LogD3D11RHI: Shutdown
[2016.05.09-19.31.49:655][494]LogD3D11RHI: CleanupD3DDevice
[2016.05.09-19.31.49:740][494]LogD3D11RHI: ~FD3D11DynamicRHI
[2016.05.09-19.31.49:863][494]LogDerivedDataCache: Shutdown
[2016.05.09-19.31.49:872][494]LogModuleManager: Shutting down and abandoning module SequencerWidgets (206)
[2016.05.09-19.31.49:872][494]LogModuleManager: Shutting down and abandoning module BlueprintGraph (205)
[2016.05.09-19.31.49:872][494]LogModuleManager: Shutting down and abandoning module HierarchicalLODOutliner (204)
[2016.05.09-19.31.49:873][494]LogModuleManager: Shutting down and abandoning module CrashTracker (203)
[2016.05.09-19.31.49:873][494]LogModuleManager: Shutting down and abandoning module SuperSearch (202)
[2016.05.09-19.31.49:873][494]LogModuleManager: Shutting down and abandoning module WidgetCarousel (201)
[2016.05.09-19.31.49:873][494]LogModuleManager: Shutting down and abandoning module AddContentDialog (200)
[2016.05.09-19.31.49:874][494]LogModuleManager: Shutting down and abandoning module GameplayTags (199)
[2016.05.09-19.31.49:874][494]LogModuleManager: Shutting down and abandoning module EditorWidgets (198)
[2016.05.09-19.31.49:874][494]LogModuleManager: Shutting down and abandoning module CollectionManager (197)
[2016.05.09-19.31.49:874][494]LogModuleManager: Shutting down and abandoning module SceneOutliner (196)
[2016.05.09-19.31.49:875][494]LogModuleManager: Shutting down and abandoning module StatsViewer (195)
[2016.05.09-19.31.49:875][494]LogModuleManager: Shutting down and abandoning module FoliageEdit (194)
[2016.05.09-19.31.49:875][494]LogModuleManager: Shutting down and abandoning module LandscapeEditor (193)
[2016.05.09-19.31.49:876][494]LogModuleManager: Shutting down and abandoning module ActorPickerMode (192)
[2016.05.09-19.31.49:876][494]LogModuleManager: Shutting down and abandoning module GeometryMode (191)
[2016.05.09-19.31.49:876][494]LogModuleManager: Shutting down and abandoning module TextureAlignMode (190)
[2016.05.09-19.31.49:876][494]LogModuleManager: Shutting down and abandoning module BspMode (189)
[2016.05.09-19.31.49:876][494]LogModuleManager: Shutting down and abandoning module PlacementMode (188)
[2016.05.09-19.31.49:876][494]LogModuleManager: Shutting down and abandoning module AutomationWorker (187)
[2016.05.09-19.31.49:876][494]LogModuleManager: Shutting down and abandoning module CharacterAI (186)
[2016.05.09-19.31.49:876][494]LogModuleManager: Shutting down and abandoning module SmartSnapping (185)
[2016.05.09-19.31.49:876][494]LogModuleManager: Shutting down and abandoning module ViewportSnapping (184)
[2016.05.09-19.31.49:876][494]LogModuleManager: Shutting down and abandoning module LogVisualizer (183)
[2016.05.09-19.31.49:877][494]LogModuleManager: Shutting down and abandoning module GameProjectGeneration (182)
[2016.05.09-19.31.49:878][494]LogModuleManager: Shutting down and abandoning module IntroTutorials (181)
[2016.05.09-19.31.49:879][494]LogModuleManager: Shutting down and abandoning module EditorLiveStreaming (180)
[2016.05.09-19.31.49:879][494]LogModuleManager: Shutting down and abandoning module IOSPlatformEditor (179)
[2016.05.09-19.31.49:879][494]LogModuleManager: Shutting down and abandoning module HTML5PlatformEditor (178)
[2016.05.09-19.31.49:879][494]LogModuleManager: Shutting down and abandoning module AndroidDeviceDetection (177)
[2016.05.09-19.31.50:357][494]LogModuleManager: Shutting down and abandoning module AndroidPlatformEditor (176)
[2016.05.09-19.31.50:357][494]LogModuleManager: Shutting down and abandoning module IOSRuntimeSettings (175)
[2016.05.09-19.31.50:357][494]LogModuleManager: Shutting down and abandoning module AndroidRuntimeSettings (174)
[2016.05.09-19.31.50:357][494]LogModuleManager: Shutting down and abandoning module MergeActors (173)
[2016.05.09-19.31.50:361][494]LogModuleManager: Shutting down and abandoning module SizeMap (172)
[2016.05.09-19.31.50:361][494]LogModuleManager: Shutting down and abandoning module TreeMap (171)
[2016.05.09-19.31.50:361][494]LogModuleManager: Shutting down and abandoning module ReferenceViewer (170)
[2016.05.09-19.31.50:361][494]LogModuleManager: Shutting down and abandoning module LocalizationService (169)
[2016.05.09-19.31.50:361][494]LogModuleManager: Shutting down and abandoning module LocalizationDashboard (168)
[2016.05.09-19.31.50:362][494]LogModuleManager: Shutting down and abandoning module HardwareTargeting (167)
[2016.05.09-19.31.50:362][494]LogModuleManager: Shutting down and abandoning module DeviceProfileEditor (166)
[2016.05.09-19.31.50:363][494]LogModuleManager: Shutting down and abandoning module UndoHistory (165)
[2016.05.09-19.31.50:363][494]LogModuleManager: Shutting down and abandoning module UserFeedback (164)
[2016.05.09-19.31.50:363][494]LogModuleManager: Shutting down and abandoning module XmlParser (163)
[2016.05.09-19.31.50:363][494]LogModuleManager: Shutting down and abandoning module Blutility (162)
[2016.05.09-19.31.50:363][494]LogModuleManager: Shutting down and abandoning module ProjectTargetPlatformEditor (161)
[2016.05.09-19.31.50:363][494]LogModuleManager: Shutting down and abandoning module ProjectSettingsViewer (160)
[2016.05.09-19.31.50:363][494]LogModuleManager: Shutting down and abandoning module InputBindingEditor (159)
[2016.05.09-19.31.50:363][494]LogModuleManager: Shutting down and abandoning module EditorSettingsViewer (158)
[2016.05.09-19.31.50:364][494]LogModuleManager: Shutting down and abandoning module SettingsEditor (157)
[2016.05.09-19.31.50:364][494]LogModuleManager: Shutting down and abandoning module ProjectLauncher (156)
[2016.05.09-19.31.50:365][494]LogModuleManager: Shutting down and abandoning module SessionFrontend (155)
[2016.05.09-19.31.50:366][494]LogModuleManager: Shutting down and abandoning module ProfilerClient (154)
[2016.05.09-19.31.50:366][494]LogModuleManager: Shutting down and abandoning module TargetDeviceServices (153)
[2016.05.09-19.31.50:367][494]LogModuleManager: Shutting down and abandoning module DeviceManager (152)
[2016.05.09-19.31.50:400][494]LogModuleManager: Shutting down and abandoning module AutomationController (151)
[2016.05.09-19.31.50:401][494]LogModuleManager: Shutting down and abandoning module AutomationWindow (150)
[2016.05.09-19.31.50:402][494]LogModuleManager: Shutting down and abandoning module Layers (149)
[2016.05.09-19.31.50:404][494]LogModuleManager: Shutting down and abandoning module ComponentVisualizers (148)
[2016.05.09-19.31.50:404][494]LogModuleManager: Shutting down and abandoning module DetailCustomizations (147)
[2016.05.09-19.31.50:404][494]LogModuleManager: Shutting down and abandoning module PackagesDialog (146)
[2016.05.09-19.31.50:404][494]LogModuleManager: Shutting down and abandoning module Persona (145)
[2016.05.09-19.31.50:406][494]LogModuleManager: Shutting down and abandoning module Kismet (144)
[2016.05.09-19.31.50:406][494]LogModuleManager: Shutting down and abandoning module GraphEditor (143)
[2016.05.09-19.31.50:406][494]LogModuleManager: Shutting down and abandoning module ClassViewer (142)
[2016.05.09-19.31.50:406][494]LogModuleManager: Shutting down and abandoning module Toolbox (141)
[2016.05.09-19.31.50:406][494]LogModuleManager: Shutting down and abandoning module ModuleUI (140)
[2016.05.09-19.31.50:407][494]LogModuleManager: Shutting down and abandoning module MovieSceneTools (139)
[2016.05.09-19.31.50:407][494]LogModuleManager: Shutting down and abandoning module OutputLog (138)
[2016.05.09-19.31.50:407][494]LogModuleManager: Shutting down and abandoning module GammaUI (137)
[2016.05.09-19.31.50:407][494]LogModuleManager: Shutting down and abandoning module Documentation (136)
[2016.05.09-19.31.50:407][494]LogModuleManager: Shutting down and abandoning module StreamingPauseRendering (135)
[2016.05.09-19.31.50:407][494]LogModuleManager: Shutting down and abandoning module AnalyticsET (134)
[2016.05.09-19.31.50:407][494]LogModuleManager: Shutting down and abandoning module Analytics (133)
[2016.05.09-19.31.50:407][494]LogModuleManager: Shutting down and abandoning module PortalServices (132)
[2016.05.09-19.31.50:407][494]LogModuleManager: Shutting down and abandoning module PortalRpc (131)
[2016.05.09-19.31.50:407][494]LogModuleManager: Shutting down and abandoning module MessagingRpc (130)
[2016.05.09-19.31.50:407][494]LogModuleManager: Shutting down and abandoning module AITestSuite (129)
[2016.05.09-19.31.50:407][494]LogModuleManager: Shutting down and abandoning module GameplayDebugger (128)
[2016.05.09-19.31.50:408][494]LogModuleManager: Shutting down and abandoning module AIModule (127)
[2016.05.09-19.31.50:408][494]LogModuleManager: Shutting down and abandoning module ProfilerService (126)
[2016.05.09-19.31.50:443][494]LogModuleManager: Shutting down and abandoning module TaskGraph (125)
[2016.05.09-19.31.50:443][494]LogModuleManager: Shutting down and abandoning module SlateRemote (124)
[2016.05.09-19.31.50:444][494]LogModuleManager: Shutting down and abandoning module SteamVRController (123)
[2016.05.09-19.31.50:444][494]LogModuleManager: Shutting down and abandoning module SteamVR (122)
[2016.05.09-19.31.50:444][494]LogModuleManager: Shutting down and abandoning module ProceduralMeshComponent (121)
[2016.05.09-19.31.50:444][494]LogModuleManager: Shutting down and abandoning module OculusLibrary (120)
[2016.05.09-19.31.50:444][494]LogModuleManager: Shutting down and abandoning module OculusInput (119)
[2016.05.09-19.31.50:444][494]LogModuleManager: Shutting down and abandoning module CustomMeshComponent (118)
[2016.05.09-19.31.50:444][494]LogModuleManager: Shutting down and abandoning module CableComponent (117)
[2016.05.09-19.31.50:444][494]LogModuleManager: Shutting down and abandoning module ArchVisCharacter (116)
[2016.05.09-19.31.50:444][494]LogModuleManager: Shutting down and abandoning module MediaPlayerEditor (115)
[2016.05.09-19.31.50:445][494]LogModuleManager: Shutting down and abandoning module HTML5Networking (114)
[2016.05.09-19.31.50:445][494]LogModuleManager: Shutting down and abandoning module SpeedTreeImporter (113)
[2016.05.09-19.31.50:445][494]LogModuleManager: Shutting down and abandoning module PluginBrowser (112)
[2016.05.09-19.31.50:445][494]LogModuleManager: Shutting down and abandoning module EpicSurvey (111)
[2016.05.09-19.31.50:445][494]LogModuleManager: Shutting down and abandoning module DesktopPlatform (110)
[2016.05.09-19.31.50:445][494]LogModuleManager: Shutting down and abandoning module VisualStudioSourceCodeAccess (109)
[2016.05.09-19.31.50:445][494]LogModuleManager: Shutting down and abandoning module UObjectPlugin (108)
[2016.05.09-19.31.50:445][494]LogModuleManager: Shutting down and abandoning module SubversionSourceControl (107)
[2016.05.09-19.31.50:445][494]LogModuleManager: Shutting down and abandoning module PerforceSourceControl (106)
[2016.05.09-19.31.50:445][494]LogModuleManager: Shutting down and abandoning module SourceControl (105)
[2016.05.09-19.31.50:445][494]LogModuleManager: Shutting down and abandoning module GitSourceControl (104)
[2016.05.09-19.31.50:445][494]LogModuleManager: Shutting down and abandoning module LightPropagationVolumeEditor (103)
[2016.05.09-19.31.50:445][494]LogModuleManager: Shutting down and abandoning module PaperTiledImporter (102)
[2016.05.09-19.31.50:445][494]LogModuleManager: Shutting down and abandoning module PaperSpriteSheetImporter (101)
[2016.05.09-19.31.50:445][494]LogModuleManager: Shutting down and abandoning module MeshPaint (100)
[2016.05.09-19.31.50:445][494]LogModuleManager: Shutting down and abandoning module HotReload (99)
[2016.05.09-19.31.50:446][494]LogModuleManager: Shutting down and abandoning module MainFrame (98)
[2016.05.09-19.31.50:446][494]LogModuleManager: Shutting down and abandoning module LevelEditor (97)
[2016.05.09-19.31.50:446][494]LogModuleManager: Shutting down and abandoning module DirectoryWatcher (96)
[2016.05.09-19.31.50:447][494]LogModuleManager: Shutting down and abandoning module AssetRegistry (95)
[2016.05.09-19.31.50:692][494]LogModuleManager: Shutting down and abandoning module ContentBrowser (94)
[2016.05.09-19.31.50:693][494]LogModuleManager: Shutting down and abandoning module Paper2DEditor (93)
[2016.05.09-19.31.50:693][494]LogModuleManager: Shutting down and abandoning module UdpMessaging (92)
[2016.05.09-19.31.50:794][494]LogModuleManager: Shutting down and abandoning module LightPropagationVolumeRuntime (91)
[2016.05.09-19.31.50:794][494]LogModuleManager: Shutting down and abandoning module Paper2D (90)
[2016.05.09-19.31.50:794][494]LogModuleManager: Shutting down and abandoning module WindowsMoviePlayer (89)
[2016.05.09-19.31.50:794][494]LogModuleManager: Shutting down and abandoning module Media (88)
[2016.05.09-19.31.50:794][494]LogModuleManager: Shutting down and abandoning module WmfMedia (87)
[2016.05.09-19.31.50:794][494]LogModuleManager: Shutting down and abandoning module MediaAssets (86)
[2016.05.09-19.31.50:794][494]LogModuleManager: Shutting down and abandoning module GameLiveStreaming (85)
[2016.05.09-19.31.50:794][494]LogModuleManager: Shutting down and abandoning module GameplayTagsEditor (84)
[2016.05.09-19.31.50:794][494]LogModuleManager: Shutting down and abandoning module OnlineBlueprintSupport (83)
[2016.05.09-19.31.50:794][494]LogModuleManager: Shutting down and abandoning module GameplayTasksEditor (82)
[2016.05.09-19.31.50:794][494]LogModuleManager: Shutting down and abandoning module PropertyEditor (81)
[2016.05.09-19.31.50:794][494]LogModuleManager: Shutting down and abandoning module BehaviorTreeEditor (80)
[2016.05.09-19.31.50:795][494]LogModuleManager: Shutting down and abandoning module FunctionalTesting (79)
[2016.05.09-19.31.50:795][494]LogModuleManager: Shutting down and abandoning module CollisionAnalyzer (78)
[2016.05.09-19.31.50:796][494]LogModuleManager: Shutting down and abandoning module WorkspaceMenuStructure (77)
[2016.05.09-19.31.50:796][494]LogModuleManager: Shutting down and abandoning module MessageLog (76)
[2016.05.09-19.31.50:796][494]LogModuleManager: Shutting down and abandoning module Sequencer (75)
[2016.05.09-19.31.50:796][494]LogModuleManager: Shutting down and abandoning module AssetTools (74)
[2016.05.09-19.31.50:796][494]LogModuleManager: Shutting down and abandoning module UMGEditor (73)
[2016.05.09-19.31.50:796][494]LogModuleManager: Shutting down and abandoning module UMG (72)
[2016.05.09-19.31.50:796][494]LogModuleManager: Shutting down and abandoning module SlateReflector (71)
[2016.05.09-19.31.50:797][494]LogModuleManager: Shutting down and abandoning module Slate (70)
[2016.05.09-19.31.50:797][494]LogModuleManager: Shutting down and abandoning module EditorStyle (69)
[2016.05.09-19.31.50:800][494]LogModuleManager: Shutting down and abandoning module SessionServices (68)
[2016.05.09-19.31.50:800][494]LogModuleManager: Shutting down and abandoning module SourceCodeAccess (67)
[2016.05.09-19.31.50:800][494]LogModuleManager: Shutting down and abandoning module HeadMountedDisplay (66)
[2016.05.09-19.31.50:800][494]LogModuleManager: Shutting down and abandoning module XAudio2 (65)
[2016.05.09-19.31.50:800][494]LogModuleManager: Shutting down and abandoning module Networking (63)
[2016.05.09-19.31.50:800][494]LogModuleManager: Shutting down and abandoning module Core (62)
[2016.05.09-19.31.50:800][494]LogModuleManager: Shutting down and abandoning module KismetCompiler (61)
[2016.05.09-19.31.50:800][494]LogModuleManager: Shutting down and abandoning module PhysXFormats (60)
[2016.05.09-19.31.50:800][494]LogModuleManager: Shutting down and abandoning module MeshUtilities (59)
[2016.05.09-19.31.50:801][494]LogModuleManager: Shutting down and abandoning module CookingStats (58)
[2016.05.09-19.31.50:801][494]LogModuleManager: Shutting down and abandoning module DerivedDataCache (57)
[2016.05.09-19.31.50:801][494]LogDerivedDataCache: Shutdown
[2016.05.09-19.31.50:801][494]LogModuleManager: Shutting down and abandoning module ShaderFormatOpenGL (56)
[2016.05.09-19.31.50:802][494]LogModuleManager: Shutting down and abandoning module ShaderFormatD3D (55)
[2016.05.09-19.31.50:802][494]LogModuleManager: Shutting down and abandoning module MetalShaderFormat (54)
[2016.05.09-19.31.50:803][494]LogModuleManager: Shutting down and abandoning module TextureFormatUncompressed (53)
[2016.05.09-19.31.50:803][494]LogModuleManager: Shutting down and abandoning module TextureFormatPVR (52)
[2016.05.09-19.31.50:803][494]LogModuleManager: Shutting down and abandoning module TextureFormatIntelISPCTexComp (51)
[2016.05.09-19.31.50:803][494]LogModuleManager: Shutting down and abandoning module TextureFormatDXT (50)
[2016.05.09-19.31.50:803][494]LogModuleManager: Shutting down and abandoning module ImageWrapper (49)
[2016.05.09-19.31.50:803][494]LogModuleManager: Shutting down and abandoning module TextureFormatASTC (48)
[2016.05.09-19.31.50:803][494]LogModuleManager: Shutting down and abandoning module TextureFormatAndroid (47)
[2016.05.09-19.31.50:803][494]LogModuleManager: Shutting down and abandoning module AudioFormatOpus (46)
[2016.05.09-19.31.50:803][494]LogModuleManager: Shutting down and abandoning module AudioFormatOgg (45)
[2016.05.09-19.31.50:803][494]LogModuleManager: Shutting down and abandoning module AudioFormatADPCM (44)
[2016.05.09-19.31.50:803][494]LogModuleManager: Shutting down and abandoning module LinuxTargetPlatform (43)
[2016.05.09-19.31.50:803][494]LogModuleManager: Shutting down and abandoning module LinuxServerTargetPlatform (42)
[2016.05.09-19.31.50:803][494]LogModuleManager: Shutting down and abandoning module LinuxNoEditorTargetPlatform (41)
[2016.05.09-19.31.50:803][494]LogModuleManager: Shutting down and abandoning module TVOSTargetPlatform (40)
[2016.05.09-19.31.50:803][494]LogModuleManager: Shutting down and abandoning module Messaging (39)
[2016.05.09-19.31.50:803][494]LogModuleManager: Shutting down and abandoning module IOSTargetPlatform (38)
[2016.05.09-19.31.50:803][494]LogModuleManager: Shutting down and abandoning module HTML5TargetPlatform (37)
[2016.05.09-19.31.50:803][494]LogModuleManager: Shutting down and abandoning module Android_PVRTCTargetPlatform (36)
[2016.05.09-19.31.50:803][494]LogModuleManager: Shutting down and abandoning module Android_MultiTargetPlatform (35)
[2016.05.09-19.31.50:803][494]LogModuleManager: Shutting down and abandoning module Android_ETC2TargetPlatform (34)
[2016.05.09-19.31.50:803][494]LogModuleManager: Shutting down and abandoning module Android_ETC1TargetPlatform (33)
[2016.05.09-19.31.50:803][494]LogModuleManager: Shutting down and abandoning module Android_DXTTargetPlatform (32)
[2016.05.09-19.31.50:803][494]LogModuleManager: Shutting down and abandoning module Android_ATCTargetPlatform (31)
[2016.05.09-19.31.50:803][494]LogModuleManager: Shutting down and abandoning module Android_ASTCTargetPlatform (30)
[2016.05.09-19.31.50:803][494]LogModuleManager: Shutting down and abandoning module AndroidTargetPlatform (29)
[2016.05.09-19.31.50:803][494]LogModuleManager: Shutting down and abandoning module WindowsTargetPlatform (28)
[2016.05.09-19.31.50:803][494]LogModuleManager: Shutting down and abandoning module WindowsServerTargetPlatform (27)
[2016.05.09-19.31.50:803][494]LogModuleManager: Shutting down and abandoning module WindowsNoEditorTargetPlatform (26)
[2016.05.09-19.31.50:803][494]LogModuleManager: Shutting down and abandoning module WindowsClientTargetPlatform (25)
[2016.05.09-19.31.50:803][494]LogModuleManager: Shutting down and abandoning module AllDesktopTargetPlatform (24)
[2016.05.09-19.31.50:803][494]LogModuleManager: Shutting down and abandoning module TargetPlatform (23)
[2016.05.09-19.31.50:803][494]LogModuleManager: Shutting down and abandoning module InputCore (22)
[2016.05.09-19.31.50:803][494]LogModuleManager: Shutting down and abandoning module Settings (21)
[2016.05.09-19.31.50:803][494]LogModuleManager: Shutting down and abandoning module OnlineSubsystem (19)
[2016.05.09-19.31.50:803][494]LogModuleManager: Shutting down and abandoning module HTTP (18)
[2016.05.09-19.31.52:806][494]LogModuleManager: Shutting down and abandoning module XMPP (17)
[2016.05.09-19.31.52:812][494]LogModuleManager: Shutting down and abandoning module OculusRift (16)
[2016.05.09-19.31.52:813][494]LogModuleManager: Shutting down and abandoning module ExampleDeviceProfileSelector (15)
[2016.05.09-19.31.52:813][494]LogModuleManager: Shutting down and abandoning module TextureCompressor (14)
[2016.05.09-19.31.52:813][494]LogModuleManager: Shutting down and abandoning module ShaderCore (13)
[2016.05.09-19.31.52:813][494]LogModuleManager: Shutting down and abandoning module Landscape (12)
[2016.05.09-19.31.52:813][494]LogModuleManager: Shutting down and abandoning module SlateRHIRenderer (11)
[2016.05.09-19.31.52:815][494]LogModuleManager: Shutting down and abandoning module OpenGLDrv (10)
[2016.05.09-19.31.52:816][494]LogModuleManager: Shutting down and abandoning module D3D11RHI (9)
[2016.05.09-19.31.52:816][494]LogModuleManager: Shutting down and abandoning module AnimGraphRuntime (8)
[2016.05.09-19.31.52:816][494]LogModuleManager: Shutting down and abandoning module Renderer (7)
[2016.05.09-19.31.52:816][494]LogModuleManager: Shutting down and abandoning module Engine (6)
[2016.05.09-19.31.52:816][494]LogModuleManager: Shutting down and abandoning module CoreUObject (5)
[2016.05.09-19.31.52:816][494]LogModuleManager: Shutting down and abandoning module NetworkFile (4)
[2016.05.09-19.31.52:817][494]LogModuleManager: Shutting down and abandoning module StreamingFile (3)
[2016.05.09-19.31.52:817][494]LogModuleManager: Shutting down and abandoning module SandboxFile (2)
[2016.05.09-19.31.52:818][494]LogModuleManager: Shutting down and abandoning module PakFile (1)
[2016.05.09-19.31.52:820][494]LogExit: Exiting.
[2016.05.09-19.31.52:823][494]Log file closed, 05/09/16 15:31:52
