Log file open, 05/09/16 14:18:29
LogInit:Display: Running engine for game: Otherworld
LogPlatformFile: Not using cached read wrapper
LogInit:Display: RandInit(788979150) SRandInit(788979152).
LogTaskGraph: Started task graph with 4 named threads and 7 total threads.
LogStats: Stats thread started at 0.114275
LogInit: Version: 4.11.2-2946394+++UE4+Release-4.11
LogInit: API Version: 2927265
LogInit: Compiled (64-bit): Apr 18 2016 02:18:46
LogInit: Compiled with Visual C++: 19.00.23026.00
LogInit: Build Configuration: Development
LogInit: Branch Name: ++UE4+Release-4.11
LogInit: Command line:  
LogInit: Base directory: C:/Program Files (x86)/Epic Games/4.11/Engine/Binaries/Win64/
LogInit: Installed Engine Build: 1
LogInit: Using libcurl 7.41.0
LogInit:  - built for x86_64-pc-win32
LogInit:  - supports SSL with WinSSL
LogInit:  - other features:
LogInit:      CURL_VERSION_SSL
LogInit:      CURL_VERSION_IPV6
LogInit:      CURL_VERSION_ASYNCHDNS
LogInit:      CURL_VERSION_LARGEFILE
LogInit:      CURL_VERSION_IDN
LogInit:  CurlRequestOptions (configurable via config and command line):
LogInit:  - bVerifyPeer = true  - Libcurl will verify peer certificate
LogInit:  - bUseHttpProxy = false  - Libcurl will NOT use HTTP proxy
LogInit:  - bDontReuseConnections = false  - Libcurl will reuse connections
LogInit:  - CertBundlePath = nullptr  - Libcurl will use whatever was configured at build time.
LogInit: Presizing for max 16777216 objects, including 0 objects not considered by GC, pre-allocating 0 bytes for permanent pool.
LogInit: Object subsystem initialized
[2016.05.09-18.18.29:992][  0]LogInit: Selected Device Profile: [Windows]
[2016.05.09-18.18.29:992][  0]LogInit: Applying CVar settings loaded from the selected device profile: [Windows]
[2016.05.09-18.18.30:000][  0]LogInit: Computer: MONICA
[2016.05.09-18.18.30:000][  0]LogInit: User: Matt
[2016.05.09-18.18.30:000][  0]LogInit: CPU Page size=65536, Cores=4
[2016.05.09-18.18.30:000][  0]LogInit: High frequency timer resolution =3.906290 MHz
[2016.05.09-18.18.30:001][  0]LogMemory: Memory total: Physical=15.9GB (16GB approx)
[2016.05.09-18.18.30:001][  0]LogMemory: Platform Memory Stats for Windows
[2016.05.09-18.18.30:001][  0]LogMemory: Process Physical Memory: 314.24 MB used, 314.24 MB peak
[2016.05.09-18.18.30:001][  0]LogMemory: Process Virtual Memory: 314.83 MB used, 314.83 MB peak
[2016.05.09-18.18.30:001][  0]LogMemory: Physical Memory: 3186.99 MB used, 16330.44 MB total
[2016.05.09-18.18.30:001][  0]LogMemory: Virtual Memory: 653.25 MB used, 134217728.00 MB total
[2016.05.09-18.18.30:156][  0]LogTextLocalizationManager: No specific translations for ('en-US') exist, so ('en') translations will be used.
[2016.05.09-18.18.30:688][  0]LogD3D11RHI: D3D11 adapters:
[2016.05.09-18.18.30:731][  0]LogD3D11RHI:    0. 'NVIDIA GeForce GTX 970' (Feature Level 11_0)
[2016.05.09-18.18.30:731][  0]LogD3D11RHI:       4007MB of dedicated video memory, 0MB of dedicated system memory, and 8165MB of shared system memory, 2 output[s]
[2016.05.09-18.18.30:740][  0]LogD3D11RHI:    1. 'Microsoft Basic Render Driver' (Feature Level 11_0)
[2016.05.09-18.18.30:740][  0]LogD3D11RHI:       0MB of dedicated video memory, 0MB of dedicated system memory, and 8165MB of shared system memory, 0 output[s]
[2016.05.09-18.18.30:740][  0]LogD3D11RHI: Chosen D3D11 Adapter: 0
[2016.05.09-18.18.30:750][  0]LogD3D11RHI: Creating new Direct3DDevice
[2016.05.09-18.18.30:751][  0]LogD3D11RHI:     Adapter Name: NVIDIA GeForce GTX 970
[2016.05.09-18.18.30:751][  0]LogD3D11RHI:   Driver Version: 10.18.13.6200 (internal 10.18.13.6200)
[2016.05.09-18.18.30:751][  0]LogD3D11RHI:      Driver Date: 2-23-2016
[2016.05.09-18.18.30:752][  0]LogRHI: Texture pool is 1361 MB (70% of 1945 MB)
[2016.05.09-18.18.30:775][  0]LogD3D11RHI: Async texture creation enabled
[2016.05.09-18.18.30:835][  0]LogShaderCompilers: Guid format shader working directory is -21 characters bigger than the processId version (../../../../../../Users/Matt/Documents/Unreal Projects/Otherworld/Intermediate/Shaders/WorkingDirectory/12804/).
[2016.05.09-18.18.30:835][  0]LogShaderCompilers: Cleaned the shader compiler working directory 'C:/Users/Matt/AppData/Local/Temp/UnrealShaderWorkingDir/F4F09C404116AE1ED55356AE1D1AEA77/'.
[2016.05.09-18.18.30:836][  0]LogShaderCompilers:Display: Using Local Shader Compiler.
[2016.05.09-18.18.32:276][  0]LogTemp:Display: Loaded TP AllDesktopTargetPlatform
[2016.05.09-18.18.32:288][  0]LogTemp:Display: Loaded TP WindowsClientTargetPlatform
[2016.05.09-18.18.32:298][  0]LogTemp:Display: Loaded TP WindowsNoEditorTargetPlatform
[2016.05.09-18.18.32:306][  0]LogTemp:Display: Loaded TP WindowsServerTargetPlatform
[2016.05.09-18.18.32:316][  0]LogTemp:Display: Loaded TP WindowsTargetPlatform
[2016.05.09-18.18.32:325][  0]LogTemp:Display: Loaded TP AndroidTargetPlatform
[2016.05.09-18.18.32:332][  0]LogTemp:Display: Loaded TP Android_ASTCTargetPlatform
[2016.05.09-18.18.32:339][  0]LogTemp:Display: Loaded TP Android_ATCTargetPlatform
[2016.05.09-18.18.32:346][  0]LogTemp:Display: Loaded TP Android_DXTTargetPlatform
[2016.05.09-18.18.32:353][  0]LogTemp:Display: Loaded TP Android_ETC1TargetPlatform
[2016.05.09-18.18.32:359][  0]LogTemp:Display: Loaded TP Android_ETC2TargetPlatform
[2016.05.09-18.18.32:373][  0]LogTemp:Display: Loaded TP Android_MultiTargetPlatform
[2016.05.09-18.18.32:373][  0]LogTemp:Display: Loaded TP Android_PVRTCTargetPlatform
[2016.05.09-18.18.32:376][  0]LogTemp:Display: Loaded TP HTML5TargetPlatform
[2016.05.09-18.18.32:408][  0]LogTemp:Display: Loaded TP IOSTargetPlatform
[2016.05.09-18.18.32:413][  0]LogTemp:Display: Loaded TP TVOSTargetPlatform
[2016.05.09-18.18.32:419][  0]LogTemp:Display: Loaded TP LinuxNoEditorTargetPlatform
[2016.05.09-18.18.32:426][  0]LogTemp:Display: Loaded TP LinuxServerTargetPlatform
[2016.05.09-18.18.32:434][  0]LogTemp:Display: Loaded TP LinuxTargetPlatform
[2016.05.09-18.18.32:434][  0]LogTargetPlatformManager:Display: Building Assets For Windows
[2016.05.09-18.18.32:601][  0]LogDerivedDataCache:Display: Max Cache Size: 512 MB
[2016.05.09-18.18.32:851][  0]LogDerivedDataCache: Loaded boot cache 0.25s 46MB C:/Users/Matt/AppData/Local/UnrealEngine/4.11/DerivedDataCache/Boot.ddc.
[2016.05.09-18.18.32:851][  0]LogDerivedDataCache:Display: Loaded Boot cache: C:/Users/Matt/AppData/Local/UnrealEngine/4.11/DerivedDataCache/Boot.ddc
[2016.05.09-18.18.32:851][  0]LogDerivedDataCache: FDerivedDataBackendGraph:  Pak pak cache file ../../../../../../Users/Matt/Documents/Unreal Projects/Otherworld/DerivedDataCache/DDC.ddp not found, will not use a pak cache.
[2016.05.09-18.18.32:851][  0]LogDerivedDataCache: Unable to find inner node Pak for hierarchical cache Hierarchy.
[2016.05.09-18.18.32:851][  0]LogDerivedDataCache: FDerivedDataBackendGraph:  CompressedPak pak cache file ../../../../../../Users/Matt/Documents/Unreal Projects/Otherworld/DerivedDataCache/Compressed.ddp not found, will not use a pak cache.
[2016.05.09-18.18.32:851][  0]LogDerivedDataCache: Unable to find inner node CompressedPak for hierarchical cache Hierarchy.
[2016.05.09-18.18.32:876][  0]LogDerivedDataCache:Display: Pak cache opened for reading ../../../Engine/DerivedDataCache/Compressed.ddp.
[2016.05.09-18.18.32:888][  0]LogDerivedDataCache: Using Local data cache path C:/Users/Matt/AppData/Local/UnrealEngine/Common/DerivedDataCache: Writable
[2016.05.09-18.18.33:761][  0]LogInit: Selected Device Profile: [Windows]
[2016.05.09-18.18.33:768][  0]LogContentStreaming: Texture pool size is 0.00 MB
[2016.05.09-18.18.33:914][  0]LogMaterial: Uniform references updated for custom material expression Custom.
[2016.05.09-18.18.34:174][  0]LogMeshUtilities: No automatic mesh reduction module available
[2016.05.09-18.18.34:174][  0]LogMeshUtilities: No automatic mesh merging module available
[2016.05.09-18.18.34:174][  0]LogMeshUtilities: No distributed automatic mesh merging module available
[2016.05.09-18.18.34:832][  0]LogUObjectArray: 27679 objects as part of root set at end of initial load.
[2016.05.09-18.18.34:832][  0]LogUObjectAllocator: 5591592 out of 0 bytes used by permanent object pool.
[2016.05.09-18.18.34:833][  0]LogUObjectArray: CloseDisregardForGC: 0/0 objects in disregard for GC pool
[2016.05.09-18.18.34:843][  0]LogInit: WinSock: version 1.1 (2.2), MaxSocks=32767, MaxUdp=65467
[2016.05.09-18.18.35:199][  0]LogSlate: SlateFontCache - WITH_FREETYPE: 1, WITH_HARFBUZZ: 1
[2016.05.09-18.18.35:199][  0]LogSlate: SlateFontCache - WITH_FREETYPE: 1, WITH_HARFBUZZ: 1
[2016.05.09-18.18.35:477][  0]LogStreaming:Warning: Failed to read file '../../../Engine/Content/Editor/Slate/Common/Selection_16x.png' error.
[2016.05.09-18.18.35:477][  0]LogSlate: Could not find file for Slate resource: ../../../Engine/Content/Editor/Slate/Common/Selection_16x.png
[2016.05.09-18.18.35:477][  0]LogStreaming:Warning: Failed to read file '../../../Engine/Content/Editor/Slate/Common/Selection_16x.png' error.
[2016.05.09-18.18.35:477][  0]LogSlate: Could not find file for Slate resource: ../../../Engine/Content/Editor/Slate/Common/Selection_16x.png
[2016.05.09-18.18.35:477][  0]LogStreaming:Warning: Failed to read file '../../../Engine/Content/Editor/Slate/Common/Selection_16x.png' error.
[2016.05.09-18.18.35:477][  0]LogSlate: Could not find file for Slate resource: ../../../Engine/Content/Editor/Slate/Common/Selection_16x.png
[2016.05.09-18.18.36:836][  0]LogUdpMessaging: Initializing bridge on interface 0.0.0.0:0 to multicast group 230.0.0.1:6666.
[2016.05.09-18.18.37:010][  0]LogAssetRegistry: FAssetRegistry took 0.0261 seconds to start up
[2016.05.09-18.18.37:364][  0]SourceControl: Info Source control is disabled
[2016.05.09-18.18.37:446][  0]SourceControl: Info Source control is disabled
[2016.05.09-18.18.37:472][  0]SourceControl: Info Source control is disabled
[2016.05.09-18.18.37:488][  0]SourceControl: Info Source control is disabled
[2016.05.09-18.18.37:713][  0]LogHMD: Failed to initialize OpenVR with code 110
[2016.05.09-18.18.37:854][  0]LogEngine: Initializing Engine...
[2016.05.09-18.18.38:097][  0]LogAIModule: Creating AISystem for world NewWorld
[2016.05.09-18.18.38:128][  0]LogInit: XAudio2 using 'Speakers (Realtek High Definition Audio)' : 2 channels at 48 kHz using 32 bits per sample (channel mask 0x3)
[2016.05.09-18.18.38:153][  0]LogInit: FAudioDevice initialized.
[2016.05.09-18.18.38:220][  0]LogDerivedDataCache: Saved boot cache 0.07s 46MB C:/Users/Matt/AppData/Local/UnrealEngine/4.11/DerivedDataCache/Boot.ddc.
[2016.05.09-18.18.38:242][  0]LogInit: Texture streaming: Enabled
[2016.05.09-18.18.38:310][  0]LogInit: Transaction tracking system initialized
[2016.05.09-18.18.38:421][  0]BlueprintLog: New page: Editor Load
[2016.05.09-18.18.38:716][  0]LocalizationService: Info Localization service is disabled
[2016.05.09-18.18.39:094][  0]LogConsoleResponse:Display: 
[2016.05.09-18.18.39:293][  0]LogCook:Display: Max memory allowance for cook 8192mb
[2016.05.09-18.18.39:293][  0]LogCook:Display: Mobile HDR setting 1
[2016.05.09-18.18.39:294][  0]LogFileCache: Scanning file cache for directory 'C:/Users/Matt/Documents/Unreal Projects/Otherworld/Content/' took 0.01s
[2016.05.09-18.18.39:294][  0]LogCook:Display: Done creating registry. It took  0.00s.
[2016.05.09-18.18.39:435][  0]SourceControl: Info Source control is disabled
[2016.05.09-18.18.39:438][  0]Cmd: MAP LOAD FILE="../../../../../../Users/Matt/Documents/Unreal Projects/Otherworld/Content/ThirdPersonBP/Maps/ThirdPersonExampleMap.umap" TEMPLATE=0 SHOWPROGRESS=1 FEATURELEVEL=3
[2016.05.09-18.18.39:440][  0]LightingResults: New page: Lighting Build
[2016.05.09-18.18.39:457][  0]MapCheck: New page: Map Check
[2016.05.09-18.18.39:457][  0]LightingResults: New page: Lighting Build
[2016.05.09-18.18.39:616][  0]LogProperty:Error: UStructProperty::Serialize Loading: Property 'StructProperty /Game/Actors/Pickup.Pickup_C:ItemData'. Unknown structure.
[2016.05.09-18.18.39:616][  0]LogClass:Warning: Property ItemData of Pickup_C has a struct type mismatch (tag STRUCT_REINST_ItemData_20 != prop FallbackStruct) in package:  ../../../../../../Users/Matt/Documents/Unreal Projects/Otherworld/Content/Actors/Pickup.uasset. If that struct got renamed, add an entry to ActiveStructRedirects.
[2016.05.09-18.18.39:622][  0]LogClass:Warning: Property ItemData of Pickup_C has a struct type mismatch (tag FallbackStruct != prop ItemData) in package:  FObjectReader. If that struct got renamed, add an entry to ActiveStructRedirects.
[2016.05.09-18.18.39:684][  0]LogProperty:Error: UStructProperty::Serialize Loading: Property 'StructProperty /Game/ThirdPersonBP/Blueprints/ThirdPersonCharacter.ThirdPersonCharacter_C:AddToInventory.ItemData'. Unknown structure.
[2016.05.09-18.18.39:688][  0]LogProperty:Error: UStructProperty::Serialize Loading: Property 'StructProperty /Game/ThirdPersonBP/Blueprints/ThirdPersonCharacter.ThirdPersonCharacter_C:Inventory.Inventory'. Unknown structure.
[2016.05.09-18.18.39:742][  0]LogProperty:Error: UStructProperty::Serialize Loading: Property 'StructProperty /Game/UserInterface/Widgets/InventoryItem.InventoryItem_C:ItemData'. Unknown structure.
[2016.05.09-18.18.39:752][  0]LogClass:Warning: Property ItemData of InventoryItem_C has a struct type mismatch (tag STRUCT_REINST_ItemData_20 != prop FallbackStruct) in package:  ../../../../../../Users/Matt/Documents/Unreal Projects/Otherworld/Content/UserInterface/Widgets/InventoryItem.uasset. If that struct got renamed, add an entry to ActiveStructRedirects.
[2016.05.09-18.18.39:768][  0]LogClass:Warning: Property ItemData of InventoryItem_C has a struct type mismatch (tag FallbackStruct != prop ItemData) in package:  FObjectReader. If that struct got renamed, add an entry to ActiveStructRedirects.
[2016.05.09-18.18.39:849][  0]LogLinker:Error: ItemData has an inappropriate outermost, it was probably saved with a deprecated outer (file: ../../../../../../Users/Matt/Documents/Unreal Projects/Otherworld/Content/UserInterface/Widgets/Inventory.uasset)
[2016.05.09-18.18.39:861][  0]LogBlueprint:Warning: [Inventory] CreatePinForVariable: 'ItemInformationPane' variable not found. Base class was probably changed.
[2016.05.09-18.18.39:861][  0]LogBlueprint:Warning: [Inventory] CreatePinForVariable: 'ItemData' variable not found. Base class was probably changed.
[2016.05.09-18.18.39:861][  0]LogBlueprint:Warning: [Inventory] CreatePinForVariable: 'ItemData' variable not found. Base class was probably changed.
[2016.05.09-18.18.39:864][  0]LogBlueprint:Warning: [compiler Inventory] Warning Could not find a variable named "ItemData" in 'Inventory'.
Make sure 'Inventory' has been compiled for  Set ItemData 
[2016.05.09-18.18.39:864][  0]LogBlueprint:Warning: [compiler Inventory] Warning Could not find a variable named "ItemInformationPane" in 'Inventory_C'.
Make sure 'Inventory_C' has been compiled for  Get ItemInformationPane 
[2016.05.09-18.18.39:870][  0]LogBlueprint:Error: [compiler Inventory] Error The property associated with  Item Information Pane  could not be found
[2016.05.09-18.18.39:870][  0]LogBlueprint:Error: [compiler Inventory] Error The property associated with  Item Data  could not be found
[2016.05.09-18.18.39:878][  0]LogBlueprint:Warning: [compiler Inventory] Warning [0010.91] Compile of Inventory failed. 2 Fatal Issue(s) 2 Warning(s) [in 15 ms]
[2016.05.09-18.18.39:878][  0]LogBlueprint:Warning: [compiler Inventory] Warning [0010.91] Compile of Inventory failed. 2 Fatal Issue(s) 3 Warning(s) [in 0 ms]
[2016.05.09-18.18.39:878][  0]LogBlueprint:Warning: [compiler Inventory] Warning [0010.91] Compile of Inventory failed. 2 Fatal Issue(s) 4 Warning(s) [in 0 ms]
[2016.05.09-18.18.39:885][  0]LogLinker:Error: ItemData has an inappropriate outermost, it was probably saved with a deprecated outer (file: ../../../../../../Users/Matt/Documents/Unreal Projects/Otherworld/Content/UserInterface/Widgets/Inventory.uasset)
[2016.05.09-18.18.39:997][  0]LogBlueprint:Warning: [compiler Inventory] Warning Could not find a variable named "ItemData" in 'Inventory'.
Make sure 'Inventory' has been compiled for  Set ItemData 
[2016.05.09-18.18.39:997][  0]LogBlueprint:Warning: [compiler Inventory] Warning Could not find a variable named "ItemInformationPane" in 'Inventory_C'.
Make sure 'Inventory_C' has been compiled for  Get ItemInformationPane 
[2016.05.09-18.18.40:002][  0]LogBlueprint:Error: [compiler Inventory] Error The property associated with  Item Information Pane  could not be found
[2016.05.09-18.18.40:002][  0]LogBlueprint:Error: [compiler Inventory] Error The property associated with  Item Data  could not be found
[2016.05.09-18.18.40:010][  0]LogBlueprint:Warning: [compiler Inventory] Warning [0011.05] Compile of Inventory failed. 2 Fatal Issue(s) 2 Warning(s) [in 14 ms]
[2016.05.09-18.18.40:010][  0]LogBlueprint:Warning: [compiler Inventory] Warning [0011.05] Compile of Inventory failed. 2 Fatal Issue(s) 3 Warning(s) [in 0 ms]
[2016.05.09-18.18.40:011][  0]LogBlueprint:Warning: [compiler Inventory] Warning [0011.05] Compile of Inventory failed. 2 Fatal Issue(s) 4 Warning(s) [in 0 ms]
[2016.05.09-18.18.40:591][  0]LogAIModule: Creating AISystem for world ThirdPersonExampleMap
[2016.05.09-18.18.40:638][  0]LogEditorServer: Finished looking for orphan Actors (0.000 secs)
[2016.05.09-18.18.40:641][  0]Cmd: MAP CHECKDEP NOCLEARLOG
[2016.05.09-18.18.40:702][  0]MapCheck: Info Map check complete: 0 Error(s), 0 Warning(s), took 60.891ms to complete.
[2016.05.09-18.18.40:702][  0]LogFileHelpers: Loading map 'ThirdPersonExampleMap' took 1.265
[2016.05.09-18.18.40:986][  0]LogCollectionManager: Loaded 0 collections in 0.005969 seconds
[2016.05.09-18.18.41:068][  0]LogFileCache: Scanning file cache for directory 'C:/Users/Matt/Documents/Unreal Projects/Otherworld/Saved/Collections/' took 0.01s
[2016.05.09-18.18.41:068][  0]LogFileCache: Scanning file cache for directory 'C:/Users/Matt/Documents/Unreal Projects/Otherworld/Content/Developers/Matt/Collections/' took 0.01s
[2016.05.09-18.18.41:068][  0]LogFileCache: Scanning file cache for directory 'C:/Users/Matt/Documents/Unreal Projects/Otherworld/Content/Collections/' took 0.01s
[2016.05.09-18.18.41:068][  0]LogCollectionManager: Rebuilt the GUID cache for 0 collections in 0.000005 seconds
[2016.05.09-18.18.41:085][  0]LogContentBrowser: Native class hierarchy populated in 0.0156 seconds. Added 1980 classes and 345 folders.
[2016.05.09-18.18.41:097][  0]LogStats: UGameplayTagsManager::ConstructGameplayTagTree: Construct from data asset -  0.000 s
[2016.05.09-18.18.41:097][  0]LogStats: UGameplayTagsManager::ConstructGameplayTagTree: GameplayTagTreeChangedEvent.Broadcast -  0.000 s
[2016.05.09-18.18.41:098][  0]LogContentBrowser: Native class hierarchy updated for 'GameplayTags' in 0.0009 seconds. Added 12 classes and 0 folders.
[2016.05.09-18.18.41:108][  0]LogContentBrowser: Native class hierarchy updated for 'WidgetCarousel' in 0.0005 seconds. Added 0 classes and 0 folders.
[2016.05.09-18.18.41:137][  0]LogContentBrowser: Native class hierarchy updated for 'SuperSearch' in 0.0006 seconds. Added 1 classes and 2 folders.
[2016.05.09-18.18.41:302][  0]LogContentBrowser: Native class hierarchy updated for 'AddContentDialog' in 0.0004 seconds. Added 0 classes and 0 folders.
[2016.05.09-18.18.41:506][  0]LogCrashTracker: Crashtracker disabled due to settings.
[2016.05.09-18.18.41:525][  0]LogUObjectGlobals:Warning: Failed to find object 'Class None.'
[2016.05.09-18.18.41:563][  0]LogContentBrowser: Native class hierarchy updated for 'HierarchicalLODOutliner' in 0.0004 seconds. Added 1 classes and 2 folders.
[2016.05.09-18.18.41:563][  0]LogLoad: Full Startup: 12.60 seconds (BP compile: 0.36 seconds)
[2016.05.09-18.18.41:563][  0]LogExternalProfiler: Found external profiler: VSPerf
[2016.05.09-18.18.41:563][  0]LogExternalProfiler: Using external profiler: VSPerf
[2016.05.09-18.18.41:585][  0]LogOcInput: OculusInput pre-init called
[2016.05.09-18.18.41:662][  0]LogContentStreaming: Texture pool size now 1000 MB
[2016.05.09-18.18.41:844][  0]LogRenderer: Reallocating scene render targets to support 968x408 (Frame:2).
[2016.05.09-18.18.41:966][  1]LogAssetRegistry: Asset discovery search completed in 4.9790 seconds
[2016.05.09-18.18.41:966][  1]LogCollectionManager: Rebuilt the object cache for 0 collections in 0.000001 seconds (found 0 objects)
[2016.05.09-18.18.41:966][  1]LogCollectionManager: Fixed up redirectors for 0 collections in 0.000343 seconds (updated 0 objects)
[2016.05.09-18.18.49:928][851]LogContentBrowser: Native class hierarchy updated for 'BlueprintGraph' in 0.0010 seconds. Added 108 classes and 0 folders.
[2016.05.09-18.19.19:847][215]LogUObjectHash:Warning: Ambiguous search, could be UniformGridPanel /Engine/Transient.WidgetTree_7:UniformGridPanel_2 or UniformGridPanel /Engine/Transient.REINST_Inventory_C_7:WidgetTree.UniformGridPanel_2
[2016.05.09-18.19.19:847][215]LogUObjectHash:Warning: Ambiguous search, could be UniformGridPanel /Engine/Transient.WidgetTree_7:UniformGridPanel_2 or UniformGridPanel /Engine/Transient.WidgetTree_9:UniformGridPanel_2
[2016.05.09-18.19.19:847][215]LogUObjectHash:Warning: Ambiguous search, could be UniformGridPanel /Engine/Transient.WidgetTree_7:UniformGridPanel_2 or UniformGridPanel /Engine/Transient.REINST_Inventory_C_8:WidgetTree.UniformGridPanel_2
[2016.05.09-18.19.19:847][215]LogUObjectHash:Warning: Ambiguous search, could be UniformGridPanel /Engine/Transient.WidgetTree_7:UniformGridPanel_2 or UniformGridPanel /Engine/Transient.WidgetTree_17:UniformGridPanel_2
[2016.05.09-18.19.19:847][215]LogUObjectHash:Warning: Ambiguous search, could be UniformGridPanel /Engine/Transient.WidgetTree_7:UniformGridPanel_2 or UniformGridPanel /Engine/Transient.REINST_MenuFrame_C_9:WidgetTree.Inventory.WidgetTree.UniformGridPanel_2
[2016.05.09-18.19.19:847][215]LogUObjectHash:Warning: Ambiguous search, could be UniformGridPanel /Engine/Transient.WidgetTree_7:UniformGridPanel_2 or UniformGridPanel /Engine/Transient.WidgetTree_23:Inventory.WidgetTree.UniformGridPanel_2
[2016.05.09-18.19.19:847][215]LogUObjectHash:Warning: Ambiguous search, could be UniformGridPanel /Engine/Transient.WidgetTree_7:UniformGridPanel_2 or UniformGridPanel /Engine/Transient.REINST_HeadsUpDisplay_C_10:WidgetTree.Menu.WidgetTree.Inventory.WidgetTree.UniformGridPanel_2
[2016.05.09-18.19.19:847][215]LogUObjectHash:Warning: Ambiguous search, could be UniformGridPanel /Engine/Transient.WidgetTree_7:UniformGridPanel_2 or UniformGridPanel /Engine/Transient.WidgetTree_13:Menu.WidgetTree.Inventory.WidgetTree.UniformGridPanel_2
[2016.05.09-18.19.19:847][215]LogUObjectHash:Warning: Ambiguous search, could be UniformGridPanel /Engine/Transient.WidgetTree_7:UniformGridPanel_2 or UniformGridPanel /Engine/Transient.REINST_HeadsUpDisplay_C_11:WidgetTree.Menu.WidgetTree.Inventory.WidgetTree.UniformGridPanel_2
[2016.05.09-18.19.19:847][215]LogUObjectHash:Warning: Ambiguous search, could be UniformGridPanel /Engine/Transient.WidgetTree_7:UniformGridPanel_2 or UniformGridPanel /Game/UserInterface/Widgets/HeadsUpDisplay.HeadsUpDisplay_C:WidgetTree.Menu.WidgetTree.Inventory.WidgetTree.UniformGridPanel_2
[2016.05.09-18.19.19:847][215]LogUObjectHash:Warning: Ambiguous search, could be UniformGridPanel /Engine/Transient.WidgetTree_7:UniformGridPanel_2 or UniformGridPanel /Engine/Transient.REINST_Inventory_C_13:WidgetTree.UniformGridPanel_2
[2016.05.09-18.19.19:847][215]LogUObjectHash:Warning: Ambiguous search, could be UniformGridPanel /Engine/Transient.WidgetTree_7:UniformGridPanel_2 or UniformGridPanel /Engine/Transient.WidgetTree_19:UniformGridPanel_2
[2016.05.09-18.19.19:847][215]LogUObjectHash:Warning: Ambiguous search, could be UniformGridPanel /Engine/Transient.WidgetTree_7:UniformGridPanel_2 or UniformGridPanel /Engine/Transient.REINST_Inventory_C_14:WidgetTree.UniformGridPanel_2
[2016.05.09-18.19.19:847][215]LogUObjectHash:Warning: Ambiguous search, could be UniformGridPanel /Engine/Transient.WidgetTree_7:UniformGridPanel_2 or UniformGridPanel /Game/UserInterface/Widgets/Inventory.Inventory_C:WidgetTree.UniformGridPanel_2
[2016.05.09-18.19.19:847][215]LogUObjectHash:Warning: Ambiguous search, could be UniformGridPanel /Engine/Transient.WidgetTree_7:UniformGridPanel_2 or UniformGridPanel /Engine/Transient.REINST_MenuFrame_C_16:WidgetTree.Inventory.WidgetTree.UniformGridPanel_2
[2016.05.09-18.19.19:847][215]LogUObjectHash:Warning: Ambiguous search, could be UniformGridPanel /Engine/Transient.WidgetTree_7:UniformGridPanel_2 or UniformGridPanel /Game/UserInterface/Widgets/MenuFrame.MenuFrame_C:WidgetTree.Inventory.WidgetTree.UniformGridPanel_2
[2016.05.09-18.19.19:847][215]LogUObjectHash:Warning: Ambiguous search, could be UniformGridPanel /Engine/Transient.WidgetTree_7:UniformGridPanel_2 or UniformGridPanel /Game/UserInterface/Widgets/Inventory.Inventory_C:WidgetTree_36.UniformGridPanel_2
[2016.05.09-18.19.19:847][215]LogUObjectHash:Warning: Ambiguous search, could be UniformGridPanel /Engine/Transient.WidgetTree_7:UniformGridPanel_2 or UniformGridPanel /Engine/Transient.World_5:Inventory_C_0.WidgetTree_36.UniformGridPanel_2
[2016.05.09-18.19.19:847][215]LogUObjectHash:Warning: Ambiguous search, could be UniformGridPanel /Engine/Transient.WidgetTree_7:UniformGridPanel_2 or UniformGridPanel /Game/UserInterface/Widgets/Inventory.Inventory_C:WidgetTree_37.UniformGridPanel_2
[2016.05.09-18.19.19:847][215]LogUObjectHash:Warning: Ambiguous search, could be UniformGridPanel /Engine/Transient.WidgetTree_7:UniformGridPanel_2 or UniformGridPanel /Engine/Transient.World_5:Inventory_C_1.WidgetTree_37.UniformGridPanel_2
[2016.05.09-18.19.19:847][215]LogUObjectHash:Warning: Ambiguous search, could be UniformGridPanel /Engine/Transient.WidgetTree_7:UniformGridPanel_2 or UniformGridPanel /Game/UserInterface/Widgets/Inventory.Inventory_C:WidgetTree_38.UniformGridPanel_2
[2016.05.09-18.19.19:847][215]LogUObjectHash:Warning: Ambiguous search, could be UniformGridPanel /Engine/Transient.WidgetTree_7:UniformGridPanel_2 or UniformGridPanel /Engine/Transient.World_5:Inventory_C_2.WidgetTree_38.UniformGridPanel_2
[2016.05.09-18.19.19:847][215]LogProperty:Warning: Illegal TEXT reference to a private object in external package (UniformGridSlot /Engine/Transient.WidgetTree_7:UniformGridPanel_2.UniformGridSlot_1) from referencer (ScrollBox /Engine/UMG/Editor/Transient.ItemList).  Import failed...
[2016.05.09-18.19.19:847][215]LogProperty:Warning: ObjectProperty /Script/UMG.Widget:Slot: unresolved reference to 'UniformGridSlot'UniformGridPanel_2.UniformGridSlot_1''
[2016.05.09-18.19.19:847][215]LogUObjectHash:Warning: Ambiguous search, could be UniformGridPanel /Engine/Transient.WidgetTree_7:UniformGridPanel_2 or UniformGridPanel /Engine/Transient.REINST_Inventory_C_7:WidgetTree.UniformGridPanel_2
[2016.05.09-18.19.19:847][215]LogUObjectHash:Warning: Ambiguous search, could be UniformGridPanel /Engine/Transient.WidgetTree_7:UniformGridPanel_2 or UniformGridPanel /Engine/Transient.WidgetTree_9:UniformGridPanel_2
[2016.05.09-18.19.19:847][215]LogUObjectHash:Warning: Ambiguous search, could be UniformGridPanel /Engine/Transient.WidgetTree_7:UniformGridPanel_2 or UniformGridPanel /Engine/Transient.REINST_Inventory_C_8:WidgetTree.UniformGridPanel_2
[2016.05.09-18.19.19:847][215]LogUObjectHash:Warning: Ambiguous search, could be UniformGridPanel /Engine/Transient.WidgetTree_7:UniformGridPanel_2 or UniformGridPanel /Engine/Transient.WidgetTree_17:UniformGridPanel_2
[2016.05.09-18.19.19:847][215]LogUObjectHash:Warning: Ambiguous search, could be UniformGridPanel /Engine/Transient.WidgetTree_7:UniformGridPanel_2 or UniformGridPanel /Engine/Transient.REINST_MenuFrame_C_9:WidgetTree.Inventory.WidgetTree.UniformGridPanel_2
[2016.05.09-18.19.19:847][215]LogUObjectHash:Warning: Ambiguous search, could be UniformGridPanel /Engine/Transient.WidgetTree_7:UniformGridPanel_2 or UniformGridPanel /Engine/Transient.WidgetTree_23:Inventory.WidgetTree.UniformGridPanel_2
[2016.05.09-18.19.19:847][215]LogUObjectHash:Warning: Ambiguous search, could be UniformGridPanel /Engine/Transient.WidgetTree_7:UniformGridPanel_2 or UniformGridPanel /Engine/Transient.REINST_HeadsUpDisplay_C_10:WidgetTree.Menu.WidgetTree.Inventory.WidgetTree.UniformGridPanel_2
[2016.05.09-18.19.19:847][215]LogUObjectHash:Warning: Ambiguous search, could be UniformGridPanel /Engine/Transient.WidgetTree_7:UniformGridPanel_2 or UniformGridPanel /Engine/Transient.WidgetTree_13:Menu.WidgetTree.Inventory.WidgetTree.UniformGridPanel_2
[2016.05.09-18.19.19:847][215]LogUObjectHash:Warning: Ambiguous search, could be UniformGridPanel /Engine/Transient.WidgetTree_7:UniformGridPanel_2 or UniformGridPanel /Engine/Transient.REINST_HeadsUpDisplay_C_11:WidgetTree.Menu.WidgetTree.Inventory.WidgetTree.UniformGridPanel_2
[2016.05.09-18.19.19:847][215]LogUObjectHash:Warning: Ambiguous search, could be UniformGridPanel /Engine/Transient.WidgetTree_7:UniformGridPanel_2 or UniformGridPanel /Game/UserInterface/Widgets/HeadsUpDisplay.HeadsUpDisplay_C:WidgetTree.Menu.WidgetTree.Inventory.WidgetTree.UniformGridPanel_2
[2016.05.09-18.19.19:847][215]LogUObjectHash:Warning: Ambiguous search, could be UniformGridPanel /Engine/Transient.WidgetTree_7:UniformGridPanel_2 or UniformGridPanel /Engine/Transient.REINST_Inventory_C_13:WidgetTree.UniformGridPanel_2
[2016.05.09-18.19.19:847][215]LogUObjectHash:Warning: Ambiguous search, could be UniformGridPanel /Engine/Transient.WidgetTree_7:UniformGridPanel_2 or UniformGridPanel /Engine/Transient.WidgetTree_19:UniformGridPanel_2
[2016.05.09-18.19.19:847][215]LogUObjectHash:Warning: Ambiguous search, could be UniformGridPanel /Engine/Transient.WidgetTree_7:UniformGridPanel_2 or UniformGridPanel /Engine/Transient.REINST_Inventory_C_14:WidgetTree.UniformGridPanel_2
[2016.05.09-18.19.19:847][215]LogUObjectHash:Warning: Ambiguous search, could be UniformGridPanel /Engine/Transient.WidgetTree_7:UniformGridPanel_2 or UniformGridPanel /Game/UserInterface/Widgets/Inventory.Inventory_C:WidgetTree.UniformGridPanel_2
[2016.05.09-18.19.19:848][215]LogUObjectHash:Warning: Ambiguous search, could be UniformGridPanel /Engine/Transient.WidgetTree_7:UniformGridPanel_2 or UniformGridPanel /Engine/Transient.REINST_MenuFrame_C_16:WidgetTree.Inventory.WidgetTree.UniformGridPanel_2
[2016.05.09-18.19.19:848][215]LogUObjectHash:Warning: Ambiguous search, could be UniformGridPanel /Engine/Transient.WidgetTree_7:UniformGridPanel_2 or UniformGridPanel /Game/UserInterface/Widgets/MenuFrame.MenuFrame_C:WidgetTree.Inventory.WidgetTree.UniformGridPanel_2
[2016.05.09-18.19.19:848][215]LogUObjectHash:Warning: Ambiguous search, could be UniformGridPanel /Engine/Transient.WidgetTree_7:UniformGridPanel_2 or UniformGridPanel /Game/UserInterface/Widgets/Inventory.Inventory_C:WidgetTree_36.UniformGridPanel_2
[2016.05.09-18.19.19:848][215]LogUObjectHash:Warning: Ambiguous search, could be UniformGridPanel /Engine/Transient.WidgetTree_7:UniformGridPanel_2 or UniformGridPanel /Engine/Transient.World_5:Inventory_C_0.WidgetTree_36.UniformGridPanel_2
[2016.05.09-18.19.19:848][215]LogUObjectHash:Warning: Ambiguous search, could be UniformGridPanel /Engine/Transient.WidgetTree_7:UniformGridPanel_2 or UniformGridPanel /Game/UserInterface/Widgets/Inventory.Inventory_C:WidgetTree_37.UniformGridPanel_2
[2016.05.09-18.19.19:848][215]LogUObjectHash:Warning: Ambiguous search, could be UniformGridPanel /Engine/Transient.WidgetTree_7:UniformGridPanel_2 or UniformGridPanel /Engine/Transient.World_5:Inventory_C_1.WidgetTree_37.UniformGridPanel_2
[2016.05.09-18.19.19:848][215]LogUObjectHash:Warning: Ambiguous search, could be UniformGridPanel /Engine/Transient.WidgetTree_7:UniformGridPanel_2 or UniformGridPanel /Game/UserInterface/Widgets/Inventory.Inventory_C:WidgetTree_38.UniformGridPanel_2
[2016.05.09-18.19.19:848][215]LogUObjectHash:Warning: Ambiguous search, could be UniformGridPanel /Engine/Transient.WidgetTree_7:UniformGridPanel_2 or UniformGridPanel /Engine/Transient.World_5:Inventory_C_2.WidgetTree_38.UniformGridPanel_2
[2016.05.09-18.19.19:848][215]LogProperty:Warning: Illegal TEXT reference to a private object in external package (UniformGridSlot /Engine/Transient.WidgetTree_7:UniformGridPanel_2.UniformGridSlot_3) from referencer (CharacterInformationPane_C /Engine/UMG/Editor/Transient.CharacterInformationPane).  Import failed...
[2016.05.09-18.19.19:848][215]LogProperty:Warning: ObjectProperty /Script/UMG.Widget:Slot: unresolved reference to 'UniformGridSlot'UniformGridPanel_2.UniformGridSlot_3''
[2016.05.09-18.20.40:442][530]Cmd: QUIT_EDITOR
[2016.05.09-18.20.40:507][530]LogWindowsTextInputMethodSystem:Display: IME system now deactivated.
[2016.05.09-18.20.40:562][530]LogExit: Preparing to exit.
[2016.05.09-18.20.41:060][530]LogExit: Editor shut down
[2016.05.09-18.20.41:061][530]LogExit: Transaction tracking system shut down
[2016.05.09-18.20.41:273][530]LogObj: Freed 0b from 0 cluster array pools.
[2016.05.09-18.20.41:274][530]LogExit: Object subsystem successfully closed.
[2016.05.09-18.20.41:294][530]LogD3D11RHI: Shutdown
[2016.05.09-18.20.41:294][530]LogD3D11RHI: CleanupD3DDevice
[2016.05.09-18.20.41:369][530]LogD3D11RHI: ~FD3D11DynamicRHI
[2016.05.09-18.20.41:390][530]LogDerivedDataCache: Shutdown
[2016.05.09-18.20.41:399][530]LogModuleManager: Shutting down and abandoning module SequencerWidgets (206)
[2016.05.09-18.20.41:399][530]LogModuleManager: Shutting down and abandoning module BlueprintGraph (205)
[2016.05.09-18.20.41:399][530]LogModuleManager: Shutting down and abandoning module HierarchicalLODOutliner (204)
[2016.05.09-18.20.41:400][530]LogModuleManager: Shutting down and abandoning module CrashTracker (203)
[2016.05.09-18.20.41:400][530]LogModuleManager: Shutting down and abandoning module SuperSearch (202)
[2016.05.09-18.20.41:400][530]LogModuleManager: Shutting down and abandoning module WidgetCarousel (201)
[2016.05.09-18.20.41:400][530]LogModuleManager: Shutting down and abandoning module AddContentDialog (200)
[2016.05.09-18.20.41:404][530]LogModuleManager: Shutting down and abandoning module GameplayTags (199)
[2016.05.09-18.20.41:404][530]LogModuleManager: Shutting down and abandoning module EditorWidgets (198)
[2016.05.09-18.20.41:404][530]LogModuleManager: Shutting down and abandoning module CollectionManager (197)
[2016.05.09-18.20.41:404][530]LogModuleManager: Shutting down and abandoning module SceneOutliner (196)
[2016.05.09-18.20.41:404][530]LogModuleManager: Shutting down and abandoning module StatsViewer (195)
[2016.05.09-18.20.41:405][530]LogModuleManager: Shutting down and abandoning module FoliageEdit (194)
[2016.05.09-18.20.41:405][530]LogModuleManager: Shutting down and abandoning module LandscapeEditor (193)
[2016.05.09-18.20.41:406][530]LogModuleManager: Shutting down and abandoning module ActorPickerMode (192)
[2016.05.09-18.20.41:406][530]LogModuleManager: Shutting down and abandoning module GeometryMode (191)
[2016.05.09-18.20.41:406][530]LogModuleManager: Shutting down and abandoning module TextureAlignMode (190)
[2016.05.09-18.20.41:406][530]LogModuleManager: Shutting down and abandoning module BspMode (189)
[2016.05.09-18.20.41:406][530]LogModuleManager: Shutting down and abandoning module PlacementMode (188)
[2016.05.09-18.20.41:406][530]LogModuleManager: Shutting down and abandoning module AutomationWorker (187)
[2016.05.09-18.20.41:406][530]LogModuleManager: Shutting down and abandoning module CharacterAI (186)
[2016.05.09-18.20.41:406][530]LogModuleManager: Shutting down and abandoning module SmartSnapping (185)
[2016.05.09-18.20.41:406][530]LogModuleManager: Shutting down and abandoning module ViewportSnapping (184)
[2016.05.09-18.20.41:406][530]LogModuleManager: Shutting down and abandoning module LogVisualizer (183)
[2016.05.09-18.20.41:407][530]LogModuleManager: Shutting down and abandoning module GameProjectGeneration (182)
[2016.05.09-18.20.41:408][530]LogModuleManager: Shutting down and abandoning module IntroTutorials (181)
[2016.05.09-18.20.41:408][530]LogModuleManager: Shutting down and abandoning module EditorLiveStreaming (180)
[2016.05.09-18.20.41:408][530]LogModuleManager: Shutting down and abandoning module IOSPlatformEditor (179)
[2016.05.09-18.20.41:408][530]LogModuleManager: Shutting down and abandoning module HTML5PlatformEditor (178)
[2016.05.09-18.20.41:408][530]LogModuleManager: Shutting down and abandoning module AndroidDeviceDetection (177)
[2016.05.09-18.20.41:813][530]LogModuleManager: Shutting down and abandoning module AndroidPlatformEditor (176)
[2016.05.09-18.20.41:813][530]LogModuleManager: Shutting down and abandoning module IOSRuntimeSettings (175)
[2016.05.09-18.20.41:813][530]LogModuleManager: Shutting down and abandoning module AndroidRuntimeSettings (174)
[2016.05.09-18.20.41:813][530]LogModuleManager: Shutting down and abandoning module MergeActors (173)
[2016.05.09-18.20.41:817][530]LogModuleManager: Shutting down and abandoning module SizeMap (172)
[2016.05.09-18.20.41:817][530]LogModuleManager: Shutting down and abandoning module TreeMap (171)
[2016.05.09-18.20.41:817][530]LogModuleManager: Shutting down and abandoning module ReferenceViewer (170)
[2016.05.09-18.20.41:817][530]LogModuleManager: Shutting down and abandoning module LocalizationService (169)
[2016.05.09-18.20.41:817][530]LogModuleManager: Shutting down and abandoning module LocalizationDashboard (168)
[2016.05.09-18.20.41:817][530]LogModuleManager: Shutting down and abandoning module HardwareTargeting (167)
[2016.05.09-18.20.41:817][530]LogModuleManager: Shutting down and abandoning module DeviceProfileEditor (166)
[2016.05.09-18.20.41:818][530]LogModuleManager: Shutting down and abandoning module UndoHistory (165)
[2016.05.09-18.20.41:818][530]LogModuleManager: Shutting down and abandoning module UserFeedback (164)
[2016.05.09-18.20.41:818][530]LogModuleManager: Shutting down and abandoning module XmlParser (163)
[2016.05.09-18.20.41:818][530]LogModuleManager: Shutting down and abandoning module Blutility (162)
[2016.05.09-18.20.41:818][530]LogModuleManager: Shutting down and abandoning module ProjectTargetPlatformEditor (161)
[2016.05.09-18.20.41:819][530]LogModuleManager: Shutting down and abandoning module ProjectSettingsViewer (160)
[2016.05.09-18.20.41:819][530]LogModuleManager: Shutting down and abandoning module InputBindingEditor (159)
[2016.05.09-18.20.41:819][530]LogModuleManager: Shutting down and abandoning module EditorSettingsViewer (158)
[2016.05.09-18.20.41:819][530]LogModuleManager: Shutting down and abandoning module SettingsEditor (157)
[2016.05.09-18.20.41:820][530]LogModuleManager: Shutting down and abandoning module ProjectLauncher (156)
[2016.05.09-18.20.41:820][530]LogModuleManager: Shutting down and abandoning module SessionFrontend (155)
[2016.05.09-18.20.41:821][530]LogModuleManager: Shutting down and abandoning module ProfilerClient (154)
[2016.05.09-18.20.41:822][530]LogModuleManager: Shutting down and abandoning module TargetDeviceServices (153)
[2016.05.09-18.20.41:822][530]LogModuleManager: Shutting down and abandoning module DeviceManager (152)
[2016.05.09-18.20.41:852][530]LogModuleManager: Shutting down and abandoning module AutomationController (151)
[2016.05.09-18.20.41:853][530]LogModuleManager: Shutting down and abandoning module AutomationWindow (150)
[2016.05.09-18.20.41:855][530]LogModuleManager: Shutting down and abandoning module Layers (149)
[2016.05.09-18.20.41:856][530]LogModuleManager: Shutting down and abandoning module ComponentVisualizers (148)
[2016.05.09-18.20.41:856][530]LogModuleManager: Shutting down and abandoning module DetailCustomizations (147)
[2016.05.09-18.20.41:857][530]LogModuleManager: Shutting down and abandoning module PackagesDialog (146)
[2016.05.09-18.20.41:857][530]LogModuleManager: Shutting down and abandoning module Persona (145)
[2016.05.09-18.20.41:858][530]LogModuleManager: Shutting down and abandoning module Kismet (144)
[2016.05.09-18.20.41:858][530]LogModuleManager: Shutting down and abandoning module GraphEditor (143)
[2016.05.09-18.20.41:858][530]LogModuleManager: Shutting down and abandoning module ClassViewer (142)
[2016.05.09-18.20.41:859][530]LogModuleManager: Shutting down and abandoning module Toolbox (141)
[2016.05.09-18.20.41:859][530]LogModuleManager: Shutting down and abandoning module ModuleUI (140)
[2016.05.09-18.20.41:859][530]LogModuleManager: Shutting down and abandoning module MovieSceneTools (139)
[2016.05.09-18.20.41:860][530]LogModuleManager: Shutting down and abandoning module OutputLog (138)
[2016.05.09-18.20.41:860][530]LogModuleManager: Shutting down and abandoning module GammaUI (137)
[2016.05.09-18.20.41:860][530]LogModuleManager: Shutting down and abandoning module Documentation (136)
[2016.05.09-18.20.41:860][530]LogModuleManager: Shutting down and abandoning module StreamingPauseRendering (135)
[2016.05.09-18.20.41:860][530]LogModuleManager: Shutting down and abandoning module AnalyticsET (134)
[2016.05.09-18.20.41:860][530]LogModuleManager: Shutting down and abandoning module Analytics (133)
[2016.05.09-18.20.41:860][530]LogModuleManager: Shutting down and abandoning module PortalServices (132)
[2016.05.09-18.20.41:860][530]LogModuleManager: Shutting down and abandoning module PortalRpc (131)
[2016.05.09-18.20.41:860][530]LogModuleManager: Shutting down and abandoning module MessagingRpc (130)
[2016.05.09-18.20.41:860][530]LogModuleManager: Shutting down and abandoning module AITestSuite (129)
[2016.05.09-18.20.41:860][530]LogModuleManager: Shutting down and abandoning module GameplayDebugger (128)
[2016.05.09-18.20.41:860][530]LogModuleManager: Shutting down and abandoning module AIModule (127)
[2016.05.09-18.20.41:860][530]LogModuleManager: Shutting down and abandoning module ProfilerService (126)
[2016.05.09-18.20.42:036][530]LogModuleManager: Shutting down and abandoning module TaskGraph (125)
[2016.05.09-18.20.42:040][530]LogModuleManager: Shutting down and abandoning module SlateRemote (124)
[2016.05.09-18.20.42:040][530]LogModuleManager: Shutting down and abandoning module SteamVRController (123)
[2016.05.09-18.20.42:040][530]LogModuleManager: Shutting down and abandoning module SteamVR (122)
[2016.05.09-18.20.42:040][530]LogModuleManager: Shutting down and abandoning module ProceduralMeshComponent (121)
[2016.05.09-18.20.42:041][530]LogModuleManager: Shutting down and abandoning module OculusLibrary (120)
[2016.05.09-18.20.42:041][530]LogModuleManager: Shutting down and abandoning module OculusInput (119)
[2016.05.09-18.20.42:041][530]LogModuleManager: Shutting down and abandoning module CustomMeshComponent (118)
[2016.05.09-18.20.42:041][530]LogModuleManager: Shutting down and abandoning module CableComponent (117)
[2016.05.09-18.20.42:041][530]LogModuleManager: Shutting down and abandoning module ArchVisCharacter (116)
[2016.05.09-18.20.42:041][530]LogModuleManager: Shutting down and abandoning module MediaPlayerEditor (115)
[2016.05.09-18.20.42:042][530]LogModuleManager: Shutting down and abandoning module HTML5Networking (114)
[2016.05.09-18.20.42:042][530]LogModuleManager: Shutting down and abandoning module SpeedTreeImporter (113)
[2016.05.09-18.20.42:042][530]LogModuleManager: Shutting down and abandoning module PluginBrowser (112)
[2016.05.09-18.20.42:042][530]LogModuleManager: Shutting down and abandoning module EpicSurvey (111)
[2016.05.09-18.20.42:042][530]LogModuleManager: Shutting down and abandoning module DesktopPlatform (110)
[2016.05.09-18.20.42:042][530]LogModuleManager: Shutting down and abandoning module VisualStudioSourceCodeAccess (109)
[2016.05.09-18.20.42:042][530]LogModuleManager: Shutting down and abandoning module UObjectPlugin (108)
[2016.05.09-18.20.42:042][530]LogModuleManager: Shutting down and abandoning module SubversionSourceControl (107)
[2016.05.09-18.20.42:042][530]LogModuleManager: Shutting down and abandoning module PerforceSourceControl (106)
[2016.05.09-18.20.42:042][530]LogModuleManager: Shutting down and abandoning module SourceControl (105)
[2016.05.09-18.20.42:042][530]LogModuleManager: Shutting down and abandoning module GitSourceControl (104)
[2016.05.09-18.20.42:042][530]LogModuleManager: Shutting down and abandoning module LightPropagationVolumeEditor (103)
[2016.05.09-18.20.42:042][530]LogModuleManager: Shutting down and abandoning module PaperTiledImporter (102)
[2016.05.09-18.20.42:042][530]LogModuleManager: Shutting down and abandoning module PaperSpriteSheetImporter (101)
[2016.05.09-18.20.42:042][530]LogModuleManager: Shutting down and abandoning module MeshPaint (100)
[2016.05.09-18.20.42:042][530]LogModuleManager: Shutting down and abandoning module HotReload (99)
[2016.05.09-18.20.42:043][530]LogModuleManager: Shutting down and abandoning module MainFrame (98)
[2016.05.09-18.20.42:043][530]LogModuleManager: Shutting down and abandoning module LevelEditor (97)
[2016.05.09-18.20.42:043][530]LogModuleManager: Shutting down and abandoning module DirectoryWatcher (96)
[2016.05.09-18.20.42:046][530]LogModuleManager: Shutting down and abandoning module AssetRegistry (95)
[2016.05.09-18.20.42:242][530]LogModuleManager: Shutting down and abandoning module ContentBrowser (94)
[2016.05.09-18.20.42:243][530]LogModuleManager: Shutting down and abandoning module Paper2DEditor (93)
[2016.05.09-18.20.42:243][530]LogModuleManager: Shutting down and abandoning module UdpMessaging (92)
[2016.05.09-18.20.42:344][530]LogModuleManager: Shutting down and abandoning module LightPropagationVolumeRuntime (91)
[2016.05.09-18.20.42:344][530]LogModuleManager: Shutting down and abandoning module Paper2D (90)
[2016.05.09-18.20.42:344][530]LogModuleManager: Shutting down and abandoning module WindowsMoviePlayer (89)
[2016.05.09-18.20.42:344][530]LogModuleManager: Shutting down and abandoning module Media (88)
[2016.05.09-18.20.42:344][530]LogModuleManager: Shutting down and abandoning module WmfMedia (87)
[2016.05.09-18.20.42:344][530]LogModuleManager: Shutting down and abandoning module MediaAssets (86)
[2016.05.09-18.20.42:344][530]LogModuleManager: Shutting down and abandoning module GameLiveStreaming (85)
[2016.05.09-18.20.42:344][530]LogModuleManager: Shutting down and abandoning module GameplayTagsEditor (84)
[2016.05.09-18.20.42:344][530]LogModuleManager: Shutting down and abandoning module OnlineBlueprintSupport (83)
[2016.05.09-18.20.42:344][530]LogModuleManager: Shutting down and abandoning module GameplayTasksEditor (82)
[2016.05.09-18.20.42:344][530]LogModuleManager: Shutting down and abandoning module PropertyEditor (81)
[2016.05.09-18.20.42:344][530]LogModuleManager: Shutting down and abandoning module BehaviorTreeEditor (80)
[2016.05.09-18.20.42:345][530]LogModuleManager: Shutting down and abandoning module FunctionalTesting (79)
[2016.05.09-18.20.42:345][530]LogModuleManager: Shutting down and abandoning module CollisionAnalyzer (78)
[2016.05.09-18.20.42:346][530]LogModuleManager: Shutting down and abandoning module WorkspaceMenuStructure (77)
[2016.05.09-18.20.42:346][530]LogModuleManager: Shutting down and abandoning module MessageLog (76)
[2016.05.09-18.20.42:346][530]LogModuleManager: Shutting down and abandoning module Sequencer (75)
[2016.05.09-18.20.42:346][530]LogModuleManager: Shutting down and abandoning module AssetTools (74)
[2016.05.09-18.20.42:348][530]LogModuleManager: Shutting down and abandoning module UMGEditor (73)
[2016.05.09-18.20.42:348][530]LogModuleManager: Shutting down and abandoning module UMG (72)
[2016.05.09-18.20.42:348][530]LogModuleManager: Shutting down and abandoning module SlateReflector (71)
[2016.05.09-18.20.42:349][530]LogModuleManager: Shutting down and abandoning module Slate (70)
[2016.05.09-18.20.42:349][530]LogModuleManager: Shutting down and abandoning module EditorStyle (69)
[2016.05.09-18.20.42:352][530]LogModuleManager: Shutting down and abandoning module SessionServices (68)
[2016.05.09-18.20.42:352][530]LogModuleManager: Shutting down and abandoning module SourceCodeAccess (67)
[2016.05.09-18.20.42:352][530]LogModuleManager: Shutting down and abandoning module HeadMountedDisplay (66)
[2016.05.09-18.20.42:352][530]LogModuleManager: Shutting down and abandoning module XAudio2 (65)
[2016.05.09-18.20.42:352][530]LogModuleManager: Shutting down and abandoning module Networking (63)
[2016.05.09-18.20.42:352][530]LogModuleManager: Shutting down and abandoning module Core (62)
[2016.05.09-18.20.42:352][530]LogModuleManager: Shutting down and abandoning module KismetCompiler (61)
[2016.05.09-18.20.42:352][530]LogModuleManager: Shutting down and abandoning module PhysXFormats (60)
[2016.05.09-18.20.42:352][530]LogModuleManager: Shutting down and abandoning module MeshUtilities (59)
[2016.05.09-18.20.42:352][530]LogModuleManager: Shutting down and abandoning module CookingStats (58)
[2016.05.09-18.20.42:352][530]LogModuleManager: Shutting down and abandoning module DerivedDataCache (57)
[2016.05.09-18.20.42:352][530]LogDerivedDataCache: Shutdown
[2016.05.09-18.20.42:353][530]LogModuleManager: Shutting down and abandoning module ShaderFormatOpenGL (56)
[2016.05.09-18.20.42:353][530]LogModuleManager: Shutting down and abandoning module ShaderFormatD3D (55)
[2016.05.09-18.20.42:353][530]LogModuleManager: Shutting down and abandoning module MetalShaderFormat (54)
[2016.05.09-18.20.42:354][530]LogModuleManager: Shutting down and abandoning module TextureFormatUncompressed (53)
[2016.05.09-18.20.42:354][530]LogModuleManager: Shutting down and abandoning module TextureFormatPVR (52)
[2016.05.09-18.20.42:354][530]LogModuleManager: Shutting down and abandoning module TextureFormatIntelISPCTexComp (51)
[2016.05.09-18.20.42:355][530]LogModuleManager: Shutting down and abandoning module TextureFormatDXT (50)
[2016.05.09-18.20.42:355][530]LogModuleManager: Shutting down and abandoning module ImageWrapper (49)
[2016.05.09-18.20.42:355][530]LogModuleManager: Shutting down and abandoning module TextureFormatASTC (48)
[2016.05.09-18.20.42:355][530]LogModuleManager: Shutting down and abandoning module TextureFormatAndroid (47)
[2016.05.09-18.20.42:355][530]LogModuleManager: Shutting down and abandoning module AudioFormatOpus (46)
[2016.05.09-18.20.42:355][530]LogModuleManager: Shutting down and abandoning module AudioFormatOgg (45)
[2016.05.09-18.20.42:355][530]LogModuleManager: Shutting down and abandoning module AudioFormatADPCM (44)
[2016.05.09-18.20.42:355][530]LogModuleManager: Shutting down and abandoning module LinuxTargetPlatform (43)
[2016.05.09-18.20.42:355][530]LogModuleManager: Shutting down and abandoning module LinuxServerTargetPlatform (42)
[2016.05.09-18.20.42:355][530]LogModuleManager: Shutting down and abandoning module LinuxNoEditorTargetPlatform (41)
[2016.05.09-18.20.42:355][530]LogModuleManager: Shutting down and abandoning module TVOSTargetPlatform (40)
[2016.05.09-18.20.42:355][530]LogModuleManager: Shutting down and abandoning module Messaging (39)
[2016.05.09-18.20.42:355][530]LogModuleManager: Shutting down and abandoning module IOSTargetPlatform (38)
[2016.05.09-18.20.42:355][530]LogModuleManager: Shutting down and abandoning module HTML5TargetPlatform (37)
[2016.05.09-18.20.42:355][530]LogModuleManager: Shutting down and abandoning module Android_PVRTCTargetPlatform (36)
[2016.05.09-18.20.42:355][530]LogModuleManager: Shutting down and abandoning module Android_MultiTargetPlatform (35)
[2016.05.09-18.20.42:355][530]LogModuleManager: Shutting down and abandoning module Android_ETC2TargetPlatform (34)
[2016.05.09-18.20.42:355][530]LogModuleManager: Shutting down and abandoning module Android_ETC1TargetPlatform (33)
[2016.05.09-18.20.42:355][530]LogModuleManager: Shutting down and abandoning module Android_DXTTargetPlatform (32)
[2016.05.09-18.20.42:355][530]LogModuleManager: Shutting down and abandoning module Android_ATCTargetPlatform (31)
[2016.05.09-18.20.42:355][530]LogModuleManager: Shutting down and abandoning module Android_ASTCTargetPlatform (30)
[2016.05.09-18.20.42:355][530]LogModuleManager: Shutting down and abandoning module AndroidTargetPlatform (29)
[2016.05.09-18.20.42:355][530]LogModuleManager: Shutting down and abandoning module WindowsTargetPlatform (28)
[2016.05.09-18.20.42:355][530]LogModuleManager: Shutting down and abandoning module WindowsServerTargetPlatform (27)
[2016.05.09-18.20.42:355][530]LogModuleManager: Shutting down and abandoning module WindowsNoEditorTargetPlatform (26)
[2016.05.09-18.20.42:355][530]LogModuleManager: Shutting down and abandoning module WindowsClientTargetPlatform (25)
[2016.05.09-18.20.42:355][530]LogModuleManager: Shutting down and abandoning module AllDesktopTargetPlatform (24)
[2016.05.09-18.20.42:355][530]LogModuleManager: Shutting down and abandoning module TargetPlatform (23)
[2016.05.09-18.20.42:355][530]LogModuleManager: Shutting down and abandoning module InputCore (22)
[2016.05.09-18.20.42:355][530]LogModuleManager: Shutting down and abandoning module Settings (21)
[2016.05.09-18.20.42:355][530]LogModuleManager: Shutting down and abandoning module OnlineSubsystem (19)
[2016.05.09-18.20.42:355][530]LogModuleManager: Shutting down and abandoning module HTTP (18)
[2016.05.09-18.20.43:356][530]LogModuleManager: Shutting down and abandoning module XMPP (17)
[2016.05.09-18.20.43:362][530]LogModuleManager: Shutting down and abandoning module OculusRift (16)
[2016.05.09-18.20.43:363][530]LogModuleManager: Shutting down and abandoning module ExampleDeviceProfileSelector (15)
[2016.05.09-18.20.43:363][530]LogModuleManager: Shutting down and abandoning module TextureCompressor (14)
[2016.05.09-18.20.43:363][530]LogModuleManager: Shutting down and abandoning module ShaderCore (13)
[2016.05.09-18.20.43:363][530]LogModuleManager: Shutting down and abandoning module Landscape (12)
[2016.05.09-18.20.43:363][530]LogModuleManager: Shutting down and abandoning module SlateRHIRenderer (11)
[2016.05.09-18.20.43:374][530]LogModuleManager: Shutting down and abandoning module OpenGLDrv (10)
[2016.05.09-18.20.43:375][530]LogModuleManager: Shutting down and abandoning module D3D11RHI (9)
[2016.05.09-18.20.43:375][530]LogModuleManager: Shutting down and abandoning module AnimGraphRuntime (8)
[2016.05.09-18.20.43:375][530]LogModuleManager: Shutting down and abandoning module Renderer (7)
[2016.05.09-18.20.43:375][530]LogModuleManager: Shutting down and abandoning module Engine (6)
[2016.05.09-18.20.43:375][530]LogModuleManager: Shutting down and abandoning module CoreUObject (5)
[2016.05.09-18.20.43:375][530]LogModuleManager: Shutting down and abandoning module NetworkFile (4)
[2016.05.09-18.20.43:376][530]LogModuleManager: Shutting down and abandoning module StreamingFile (3)
[2016.05.09-18.20.43:376][530]LogModuleManager: Shutting down and abandoning module SandboxFile (2)
[2016.05.09-18.20.43:376][530]LogModuleManager: Shutting down and abandoning module PakFile (1)
[2016.05.09-18.20.43:379][530]LogExit: Exiting.
[2016.05.09-18.20.43:381][530]Log file closed, 05/09/16 14:20:43
