Log file open, 05/08/16 13:31:22
LogInit:Display: Running engine for game: Otherworld
LogPlatformFile: Not using cached read wrapper
LogInit:Display: RandInit(238958282) SRandInit(238958283).
LogTaskGraph: Started task graph with 4 named threads and 7 total threads.
LogStats: Stats thread started at 0.116748
LogInit: Version: 4.11.2-2946394+++UE4+Release-4.11
LogInit: API Version: 2927265
LogInit: Compiled (64-bit): Apr 18 2016 02:18:46
LogInit: Compiled with Visual C++: 19.00.23026.00
LogInit: Build Configuration: Development
LogInit: Branch Name: ++UE4+Release-4.11
LogInit: Command line:  
LogInit: Base directory: C:/Program Files (x86)/Epic Games/4.11/Engine/Binaries/Win64/
LogInit: Installed Engine Build: 1
LogInit: Using libcurl 7.41.0
LogInit:  - built for x86_64-pc-win32
LogInit:  - supports SSL with WinSSL
LogInit:  - other features:
LogInit:      CURL_VERSION_SSL
LogInit:      CURL_VERSION_IPV6
LogInit:      CURL_VERSION_ASYNCHDNS
LogInit:      CURL_VERSION_LARGEFILE
LogInit:      CURL_VERSION_IDN
LogInit:  CurlRequestOptions (configurable via config and command line):
LogInit:  - bVerifyPeer = true  - Libcurl will verify peer certificate
LogInit:  - bUseHttpProxy = false  - Libcurl will NOT use HTTP proxy
LogInit:  - bDontReuseConnections = false  - Libcurl will reuse connections
LogInit:  - CertBundlePath = nullptr  - Libcurl will use whatever was configured at build time.
LogInit: Presizing for max 16777216 objects, including 0 objects not considered by GC, pre-allocating 0 bytes for permanent pool.
LogInit: Object subsystem initialized
[2016.05.08-17.31.23:102][  0]LogInit: Selected Device Profile: [Windows]
[2016.05.08-17.31.23:102][  0]LogInit: Applying CVar settings loaded from the selected device profile: [Windows]
[2016.05.08-17.31.23:110][  0]LogInit: Computer: MONICA
[2016.05.08-17.31.23:110][  0]LogInit: User: Matt
[2016.05.08-17.31.23:110][  0]LogInit: CPU Page size=65536, Cores=4
[2016.05.08-17.31.23:110][  0]LogInit: High frequency timer resolution =3.906284 MHz
[2016.05.08-17.31.23:110][  0]LogMemory: Memory total: Physical=15.9GB (16GB approx)
[2016.05.08-17.31.23:110][  0]LogMemory: Platform Memory Stats for Windows
[2016.05.08-17.31.23:110][  0]LogMemory: Process Physical Memory: 313.71 MB used, 313.71 MB peak
[2016.05.08-17.31.23:110][  0]LogMemory: Process Virtual Memory: 315.07 MB used, 315.07 MB peak
[2016.05.08-17.31.23:110][  0]LogMemory: Physical Memory: 2861.70 MB used, 16330.44 MB total
[2016.05.08-17.31.23:110][  0]LogMemory: Virtual Memory: 653.86 MB used, 134217728.00 MB total
[2016.05.08-17.31.23:160][  0]LogTextLocalizationManager: No specific translations for ('en-US') exist, so ('en') translations will be used.
[2016.05.08-17.31.23:718][  0]LogD3D11RHI: D3D11 adapters:
[2016.05.08-17.31.23:752][  0]LogD3D11RHI:    0. 'NVIDIA GeForce GTX 970' (Feature Level 11_0)
[2016.05.08-17.31.23:752][  0]LogD3D11RHI:       4007MB of dedicated video memory, 0MB of dedicated system memory, and 8165MB of shared system memory, 2 output[s]
[2016.05.08-17.31.23:755][  0]LogD3D11RHI:    1. 'Microsoft Basic Render Driver' (Feature Level 11_0)
[2016.05.08-17.31.23:755][  0]LogD3D11RHI:       0MB of dedicated video memory, 0MB of dedicated system memory, and 8165MB of shared system memory, 0 output[s]
[2016.05.08-17.31.23:755][  0]LogD3D11RHI: Chosen D3D11 Adapter: 0
[2016.05.08-17.31.23:765][  0]LogD3D11RHI: Creating new Direct3DDevice
[2016.05.08-17.31.23:766][  0]LogD3D11RHI:     Adapter Name: NVIDIA GeForce GTX 970
[2016.05.08-17.31.23:766][  0]LogD3D11RHI:   Driver Version: 10.18.13.6200 (internal 10.18.13.6200)
[2016.05.08-17.31.23:766][  0]LogD3D11RHI:      Driver Date: 2-23-2016
[2016.05.08-17.31.23:767][  0]LogRHI: Texture pool is 1361 MB (70% of 1945 MB)
[2016.05.08-17.31.23:787][  0]LogD3D11RHI: Async texture creation enabled
[2016.05.08-17.31.23:849][  0]LogShaderCompilers: Guid format shader working directory is -20 characters bigger than the processId version (../../../../../../Users/Matt/Documents/Unreal Projects/Otherworld/Intermediate/Shaders/WorkingDirectory/9364/).
[2016.05.08-17.31.23:849][  0]LogShaderCompilers: Cleaned the shader compiler working directory 'C:/Users/Matt/AppData/Local/Temp/UnrealShaderWorkingDir/0E651E8F46B2C8E0313E9A90710E4B7E/'.
[2016.05.08-17.31.23:850][  0]LogShaderCompilers:Display: Using Local Shader Compiler.
[2016.05.08-17.31.25:377][  0]LogTemp:Display: Loaded TP AllDesktopTargetPlatform
[2016.05.08-17.31.25:387][  0]LogTemp:Display: Loaded TP WindowsClientTargetPlatform
[2016.05.08-17.31.25:395][  0]LogTemp:Display: Loaded TP WindowsNoEditorTargetPlatform
[2016.05.08-17.31.25:404][  0]LogTemp:Display: Loaded TP WindowsServerTargetPlatform
[2016.05.08-17.31.25:413][  0]LogTemp:Display: Loaded TP WindowsTargetPlatform
[2016.05.08-17.31.25:421][  0]LogTemp:Display: Loaded TP AndroidTargetPlatform
[2016.05.08-17.31.25:427][  0]LogTemp:Display: Loaded TP Android_ASTCTargetPlatform
[2016.05.08-17.31.25:434][  0]LogTemp:Display: Loaded TP Android_ATCTargetPlatform
[2016.05.08-17.31.25:441][  0]LogTemp:Display: Loaded TP Android_DXTTargetPlatform
[2016.05.08-17.31.25:447][  0]LogTemp:Display: Loaded TP Android_ETC1TargetPlatform
[2016.05.08-17.31.25:454][  0]LogTemp:Display: Loaded TP Android_ETC2TargetPlatform
[2016.05.08-17.31.25:472][  0]LogTemp:Display: Loaded TP Android_MultiTargetPlatform
[2016.05.08-17.31.25:472][  0]LogTemp:Display: Loaded TP Android_PVRTCTargetPlatform
[2016.05.08-17.31.25:475][  0]LogTemp:Display: Loaded TP HTML5TargetPlatform
[2016.05.08-17.31.25:511][  0]LogTemp:Display: Loaded TP IOSTargetPlatform
[2016.05.08-17.31.25:516][  0]LogTemp:Display: Loaded TP TVOSTargetPlatform
[2016.05.08-17.31.25:524][  0]LogTemp:Display: Loaded TP LinuxNoEditorTargetPlatform
[2016.05.08-17.31.25:534][  0]LogTemp:Display: Loaded TP LinuxServerTargetPlatform
[2016.05.08-17.31.25:542][  0]LogTemp:Display: Loaded TP LinuxTargetPlatform
[2016.05.08-17.31.25:542][  0]LogTargetPlatformManager:Display: Building Assets For Windows
[2016.05.08-17.31.25:717][  0]LogDerivedDataCache:Display: Max Cache Size: 512 MB
[2016.05.08-17.31.25:970][  0]LogDerivedDataCache: Loaded boot cache 0.25s 46MB C:/Users/Matt/AppData/Local/UnrealEngine/4.11/DerivedDataCache/Boot.ddc.
[2016.05.08-17.31.25:970][  0]LogDerivedDataCache:Display: Loaded Boot cache: C:/Users/Matt/AppData/Local/UnrealEngine/4.11/DerivedDataCache/Boot.ddc
[2016.05.08-17.31.25:970][  0]LogDerivedDataCache: FDerivedDataBackendGraph:  Pak pak cache file ../../../../../../Users/Matt/Documents/Unreal Projects/Otherworld/DerivedDataCache/DDC.ddp not found, will not use a pak cache.
[2016.05.08-17.31.25:970][  0]LogDerivedDataCache: Unable to find inner node Pak for hierarchical cache Hierarchy.
[2016.05.08-17.31.25:970][  0]LogDerivedDataCache: FDerivedDataBackendGraph:  CompressedPak pak cache file ../../../../../../Users/Matt/Documents/Unreal Projects/Otherworld/DerivedDataCache/Compressed.ddp not found, will not use a pak cache.
[2016.05.08-17.31.25:970][  0]LogDerivedDataCache: Unable to find inner node CompressedPak for hierarchical cache Hierarchy.
[2016.05.08-17.31.25:995][  0]LogDerivedDataCache:Display: Pak cache opened for reading ../../../Engine/DerivedDataCache/Compressed.ddp.
[2016.05.08-17.31.26:008][  0]LogDerivedDataCache: Using Local data cache path C:/Users/Matt/AppData/Local/UnrealEngine/Common/DerivedDataCache: Writable
[2016.05.08-17.31.26:858][  0]LogInit: Selected Device Profile: [Windows]
[2016.05.08-17.31.26:866][  0]LogContentStreaming: Texture pool size is 0.00 MB
[2016.05.08-17.31.27:018][  0]LogMaterial: Uniform references updated for custom material expression Custom.
[2016.05.08-17.31.27:260][  0]LogMeshUtilities: No automatic mesh reduction module available
[2016.05.08-17.31.27:260][  0]LogMeshUtilities: No automatic mesh merging module available
[2016.05.08-17.31.27:260][  0]LogMeshUtilities: No distributed automatic mesh merging module available
[2016.05.08-17.31.27:869][  0]LogUObjectArray: 27679 objects as part of root set at end of initial load.
[2016.05.08-17.31.27:869][  0]LogUObjectAllocator: 5591592 out of 0 bytes used by permanent object pool.
[2016.05.08-17.31.27:869][  0]LogUObjectArray: CloseDisregardForGC: 0/0 objects in disregard for GC pool
[2016.05.08-17.31.27:880][  0]LogInit: WinSock: version 1.1 (2.2), MaxSocks=32767, MaxUdp=65467
[2016.05.08-17.31.28:240][  0]LogSlate: SlateFontCache - WITH_FREETYPE: 1, WITH_HARFBUZZ: 1
[2016.05.08-17.31.28:240][  0]LogSlate: SlateFontCache - WITH_FREETYPE: 1, WITH_HARFBUZZ: 1
[2016.05.08-17.31.28:525][  0]LogStreaming:Warning: Failed to read file '../../../Engine/Content/Editor/Slate/Common/Selection_16x.png' error.
[2016.05.08-17.31.28:525][  0]LogSlate: Could not find file for Slate resource: ../../../Engine/Content/Editor/Slate/Common/Selection_16x.png
[2016.05.08-17.31.28:525][  0]LogStreaming:Warning: Failed to read file '../../../Engine/Content/Editor/Slate/Common/Selection_16x.png' error.
[2016.05.08-17.31.28:525][  0]LogSlate: Could not find file for Slate resource: ../../../Engine/Content/Editor/Slate/Common/Selection_16x.png
[2016.05.08-17.31.28:525][  0]LogStreaming:Warning: Failed to read file '../../../Engine/Content/Editor/Slate/Common/Selection_16x.png' error.
[2016.05.08-17.31.28:525][  0]LogSlate: Could not find file for Slate resource: ../../../Engine/Content/Editor/Slate/Common/Selection_16x.png
[2016.05.08-17.31.29:892][  0]LogUdpMessaging: Initializing bridge on interface 0.0.0.0:0 to multicast group 230.0.0.1:6666.
[2016.05.08-17.31.30:078][  0]LogAssetRegistry: FAssetRegistry took 0.0270 seconds to start up
[2016.05.08-17.31.30:425][  0]SourceControl: Info Source control is disabled
[2016.05.08-17.31.30:507][  0]SourceControl: Info Source control is disabled
[2016.05.08-17.31.30:534][  0]SourceControl: Info Source control is disabled
[2016.05.08-17.31.30:552][  0]SourceControl: Info Source control is disabled
[2016.05.08-17.31.30:775][  0]LogHMD: Failed to initialize OpenVR with code 110
[2016.05.08-17.31.30:917][  0]LogEngine: Initializing Engine...
[2016.05.08-17.31.31:192][  0]LogAIModule: Creating AISystem for world NewWorld
[2016.05.08-17.31.31:227][  0]LogInit: XAudio2 using 'Speakers (Realtek High Definition Audio)' : 2 channels at 48 kHz using 32 bits per sample (channel mask 0x3)
[2016.05.08-17.31.31:504][  0]LogInit: FAudioDevice initialized.
[2016.05.08-17.31.31:552][  0]LogDerivedDataCache: Saved boot cache 0.05s 46MB C:/Users/Matt/AppData/Local/UnrealEngine/4.11/DerivedDataCache/Boot.ddc.
[2016.05.08-17.31.31:566][  0]LogInit: Texture streaming: Enabled
[2016.05.08-17.31.31:618][  0]LogInit: Transaction tracking system initialized
[2016.05.08-17.31.31:697][  0]BlueprintLog: New page: Editor Load
[2016.05.08-17.31.31:952][  0]LocalizationService: Info Localization service is disabled
[2016.05.08-17.31.32:332][  0]LogConsoleResponse:Display: 
[2016.05.08-17.31.32:544][  0]LogCook:Display: Max memory allowance for cook 8192mb
[2016.05.08-17.31.32:544][  0]LogCook:Display: Mobile HDR setting 1
[2016.05.08-17.31.32:544][  0]LogFileCache: Scanning file cache for directory 'C:/Users/Matt/Documents/Unreal Projects/Otherworld/Content/' took 0.01s
[2016.05.08-17.31.32:544][  0]LogCook:Display: Done creating registry. It took  0.00s.
[2016.05.08-17.31.32:687][  0]SourceControl: Info Source control is disabled
[2016.05.08-17.31.32:690][  0]Cmd: MAP LOAD FILE="../../../../../../Users/Matt/Documents/Unreal Projects/Otherworld/Content/ThirdPersonBP/Maps/ThirdPersonExampleMap.umap" TEMPLATE=0 SHOWPROGRESS=1 FEATURELEVEL=3
[2016.05.08-17.31.32:693][  0]LightingResults: New page: Lighting Build
[2016.05.08-17.31.32:710][  0]MapCheck: New page: Map Check
[2016.05.08-17.31.32:710][  0]LightingResults: New page: Lighting Build
[2016.05.08-17.31.33:361][  0]LogAIModule: Creating AISystem for world ThirdPersonExampleMap
[2016.05.08-17.31.33:417][  0]LogEditorServer: Finished looking for orphan Actors (0.000 secs)
[2016.05.08-17.31.33:422][  0]Cmd: MAP CHECKDEP NOCLEARLOG
[2016.05.08-17.31.33:499][  0]MapCheck: Info Map check complete: 0 Error(s), 0 Warning(s), took 77.007ms to complete.
[2016.05.08-17.31.33:499][  0]LogFileHelpers: Loading map 'ThirdPersonExampleMap' took 0.809
[2016.05.08-17.31.33:786][  0]LogCollectionManager: Loaded 0 collections in 0.002580 seconds
[2016.05.08-17.31.33:866][  0]LogFileCache: Scanning file cache for directory 'C:/Users/Matt/Documents/Unreal Projects/Otherworld/Saved/Collections/' took 0.01s
[2016.05.08-17.31.33:866][  0]LogFileCache: Scanning file cache for directory 'C:/Users/Matt/Documents/Unreal Projects/Otherworld/Content/Developers/Matt/Collections/' took 0.01s
[2016.05.08-17.31.33:866][  0]LogFileCache: Scanning file cache for directory 'C:/Users/Matt/Documents/Unreal Projects/Otherworld/Content/Collections/' took 0.01s
[2016.05.08-17.31.33:866][  0]LogCollectionManager: Rebuilt the GUID cache for 0 collections in 0.000004 seconds
[2016.05.08-17.31.33:882][  0]LogContentBrowser: Native class hierarchy populated in 0.0151 seconds. Added 1980 classes and 345 folders.
[2016.05.08-17.31.33:894][  0]LogStats: UGameplayTagsManager::ConstructGameplayTagTree: Construct from data asset -  0.000 s
[2016.05.08-17.31.33:894][  0]LogStats: UGameplayTagsManager::ConstructGameplayTagTree: GameplayTagTreeChangedEvent.Broadcast -  0.000 s
[2016.05.08-17.31.33:894][  0]LogContentBrowser: Native class hierarchy updated for 'GameplayTags' in 0.0005 seconds. Added 12 classes and 0 folders.
[2016.05.08-17.31.33:903][  0]LogContentBrowser: Native class hierarchy updated for 'WidgetCarousel' in 0.0005 seconds. Added 0 classes and 0 folders.
[2016.05.08-17.31.33:935][  0]LogContentBrowser: Native class hierarchy updated for 'SuperSearch' in 0.0005 seconds. Added 1 classes and 2 folders.
[2016.05.08-17.31.34:100][  0]LogContentBrowser: Native class hierarchy updated for 'AddContentDialog' in 0.0004 seconds. Added 0 classes and 0 folders.
[2016.05.08-17.31.34:330][  0]LogCrashTracker: Crashtracker disabled due to settings.
[2016.05.08-17.31.34:351][  0]LogUObjectGlobals:Warning: Failed to find object 'Class None.'
[2016.05.08-17.31.34:391][  0]LogContentBrowser: Native class hierarchy updated for 'HierarchicalLODOutliner' in 0.0005 seconds. Added 1 classes and 2 folders.
[2016.05.08-17.31.34:392][  0]LogLoad: Full Startup: 12.23 seconds (BP compile: 0.19 seconds)
[2016.05.08-17.31.34:392][  0]LogExternalProfiler: Found external profiler: VSPerf
[2016.05.08-17.31.34:392][  0]LogExternalProfiler: Using external profiler: VSPerf
[2016.05.08-17.31.34:732][  0]LogOcInput: OculusInput pre-init called
[2016.05.08-17.31.34:808][  0]LogContentStreaming: Texture pool size now 1000 MB
[2016.05.08-17.31.34:996][  0]LogRenderer: Reallocating scene render targets to support 968x408 (Frame:2).
[2016.05.08-17.31.35:136][  1]LogAssetRegistry: Asset discovery search completed in 5.0812 seconds
[2016.05.08-17.31.35:136][  1]LogCollectionManager: Rebuilt the object cache for 0 collections in 0.000001 seconds (found 0 objects)
[2016.05.08-17.31.35:136][  1]LogCollectionManager: Fixed up redirectors for 0 collections in 0.000315 seconds (updated 0 objects)
[2016.05.08-17.37.00:103][704]LogContentBrowser: Native class hierarchy updated for 'BlueprintGraph' in 0.0009 seconds. Added 108 classes and 0 folders.
[2016.05.08-17.37.35:298][277]LogSavePackage: Save=16.21ms
[2016.05.08-17.37.35:298][277]LogSavePackage: Moving '../../../../../../Users/Matt/Documents/Unreal Projects/Otherworld/Saved/PartyMemberFrame0204968942DF0A07E27A279503B2A4CA.tmp' to '../../../../../../Users/Matt/Documents/Unreal Projects/Otherworld/Content/UserInterface/Widgets/PartyMemberFrame.uasset'
[2016.05.08-17.37.35:301][277]LogSavePackage: Total save time: 20.60ms
[2016.05.08-17.37.35:301][277]LogSavePackage:Display: Finished SavePackage ../../../../../../Users/Matt/Documents/Unreal Projects/Otherworld/Content/UserInterface/Widgets/PartyMemberFrame.uasset
[2016.05.08-17.37.35:774][309]BlueprintLog: New page: Compile PartyMemberFrame
[2016.05.08-17.37.35:872][309]BlueprintEditorCompileResults: Info [0373.71] Compile of PartyMemberFrame successful! [in 93 ms]
[2016.05.08-17.38.51:550][192]LogSavePackage: Save=16.48ms
[2016.05.08-17.38.51:550][192]LogSavePackage: Moving '../../../../../../Users/Matt/Documents/Unreal Projects/Otherworld/Saved/PartyMemberFrame132D88AC4C4730610F546FBF7C7817CF.tmp' to '../../../../../../Users/Matt/Documents/Unreal Projects/Otherworld/Content/UserInterface/Widgets/PartyMemberFrame.uasset'
[2016.05.08-17.38.51:554][192]LogSavePackage: Total save time: 25.86ms
[2016.05.08-17.38.51:554][192]LogSavePackage:Display: Finished SavePackage ../../../../../../Users/Matt/Documents/Unreal Projects/Otherworld/Content/UserInterface/Widgets/PartyMemberFrame.uasset
[2016.05.08-17.38.52:292][280]BlueprintLog: New page: Compile PartyMemberFrame
[2016.05.08-17.38.52:407][280]BlueprintEditorCompileResults: Info [0450.25] Compile of PartyMemberFrame successful! [in 114 ms]
[2016.05.08-17.38.53:813][432]LogSavePackage: Save=31.91ms
[2016.05.08-17.38.53:813][432]LogSavePackage: Moving '../../../../../../Users/Matt/Documents/Unreal Projects/Otherworld/Saved/HeadsUpDisplay58CEB8774F82F75F10F74DBF36152528.tmp' to '../../../../../../Users/Matt/Documents/Unreal Projects/Otherworld/Content/UserInterface/Widgets/HeadsUpDisplay.uasset'
[2016.05.08-17.38.53:816][432]LogSavePackage: Total save time: 37.38ms
[2016.05.08-17.38.53:816][432]LogSavePackage:Display: Finished SavePackage ../../../../../../Users/Matt/Documents/Unreal Projects/Otherworld/Content/UserInterface/Widgets/HeadsUpDisplay.uasset
[2016.05.08-17.38.54:647][531]BlueprintLog: New page: Compile HeadsUpDisplay
[2016.05.08-17.38.54:754][531]BlueprintEditorCompileResults: Info [0452.59] Compile of HeadsUpDisplay successful! [in 107 ms]
[2016.05.08-17.44.46:647][909]LogFactory: FactoryCreateBinary: Texture with ReimportTextureFactory (0 0 C:\Users\Matt\Downloads\circle.png)
[2016.05.08-17.44.46:929][909]LogTexture:Display: Building textures: circle (AutoDXT)
[2016.05.08-17.45.16:483][198]LogMaterial: Missing cached shader map for material RadialProgressBar, compiling. 
[2016.05.08-17.45.16:592][198]LogMaterial: Missing cached shader map for material RadialProgressBar, compiling. 
[2016.05.08-17.45.16:599][198]LogMaterial: 0.00 seconds spent updating 1 materials, 1 interfaces, 0 instances, 0 with static permutations.
[2016.05.08-17.45.18:555][293]MaterialEditorStats: Info Base pass shader with only dynamic lighting: 22 instructions
[2016.05.08-17.45.18:555][293]MaterialEditorStats: Info Vertex shader: 29 instructions
[2016.05.08-17.45.18:555][293]MaterialEditorStats: Info Texture samplers: 0/16
[2016.05.08-17.45.28:537][ 44]LogMaterial: Missing cached shader map for material RadialProgressBar, compiling. 
[2016.05.08-17.45.28:544][ 44]LogMaterial: 0.00 seconds spent updating 1 materials, 1 interfaces, 0 instances, 0 with static permutations.
[2016.05.08-17.45.28:545][ 44]LogMaterial: Missing cached shader map for material FMatExpressionPreview MaterialExpressionTextureSample_0, compiling. 
[2016.05.08-17.45.29:430][141]MaterialEditorStats: Info Base pass shader with only dynamic lighting: 22 instructions
[2016.05.08-17.45.29:430][141]MaterialEditorStats: Info Vertex shader: 29 instructions
[2016.05.08-17.45.29:430][141]MaterialEditorStats: Info Texture samplers: 0/16
[2016.05.08-17.45.33:005][546]LogMaterial: Missing cached shader map for material RadialProgressBar, compiling. 
[2016.05.08-17.45.33:012][546]LogMaterial: 0.00 seconds spent updating 1 materials, 1 interfaces, 0 instances, 0 with static permutations.
[2016.05.08-17.45.33:042][546]LogMaterial: Missing cached shader map for material FMatExpressionPreview MaterialExpressionTextureSample_0, compiling. 
[2016.05.08-17.45.33:916][642]MaterialEditorStats: Info Base pass shader with only dynamic lighting: 22 instructions
[2016.05.08-17.45.33:916][642]MaterialEditorStats: Info Vertex shader: 29 instructions
[2016.05.08-17.45.33:916][642]MaterialEditorStats: Info Texture samplers: 0/16
[2016.05.08-17.45.37:398][ 52]LogMaterial: Missing cached shader map for material RadialProgressBar, compiling. 
[2016.05.08-17.45.37:404][ 52]LogMaterial: 0.00 seconds spent updating 1 materials, 1 interfaces, 0 instances, 0 with static permutations.
[2016.05.08-17.45.37:430][ 52]LogMaterial: Missing cached shader map for material FMatExpressionPreview MaterialExpressionTextureSample_0, compiling. 
[2016.05.08-17.45.38:432][156]MaterialEditorStats: Info Base pass shader with only dynamic lighting: 23 instructions
[2016.05.08-17.45.38:432][156]MaterialEditorStats: Info Vertex shader: 31 instructions
[2016.05.08-17.45.38:432][156]MaterialEditorStats: Info Texture samplers: 1/16
[2016.05.08-17.46.32:579][572]LogMaterialEditor: Saving and Compiling material RadialProgressBar
[2016.05.08-17.46.33:138][572]LogMaterial: Missing cached shader map for material RadialProgressBar, compiling. 
[2016.05.08-17.46.33:154][572]LogMaterial: 0.00 seconds spent updating 1 materials, 1 interfaces, 0 instances, 0 with static permutations.
[2016.05.08-17.46.33:206][572]LogMaterial: Missing cached shader map for material RadialProgressBar, compiling. 
[2016.05.08-17.46.33:234][572]LogMaterial: Missing cached shader map for material RadialProgressBar, compiling. 
[2016.05.08-17.46.33:249][572]LogMaterial: 0.00 seconds spent updating 1 materials, 1 interfaces, 0 instances, 0 with static permutations.
[2016.05.08-17.46.36:072][572]LogSavePackage: Save=12.79ms
[2016.05.08-17.46.36:072][572]LogSavePackage: Moving '../../../../../../Users/Matt/Documents/Unreal Projects/Otherworld/Saved/RadialProgressBarD0F065D74B680F998AE661B5272553B3.tmp' to '../../../../../../Users/Matt/Documents/Unreal Projects/Otherworld/Content/UserInterface/Materials/RadialProgressBar.uasset'
[2016.05.08-17.46.36:075][572]LogSavePackage: Total save time: 16.04ms
[2016.05.08-17.46.36:075][572]LogSavePackage:Display: Finished SavePackage ../../../../../../Users/Matt/Documents/Unreal Projects/Otherworld/Content/UserInterface/Materials/RadialProgressBar.uasset
[2016.05.08-17.46.36:080][572]MaterialEditorStats: Info Base pass shader with only dynamic lighting: 59 instructions
[2016.05.08-17.46.36:080][572]MaterialEditorStats: Info Vertex shader: 31 instructions
[2016.05.08-17.46.36:080][572]MaterialEditorStats: Info Texture samplers: 4/16
[2016.05.08-17.46.47:990][942]LogMaterial: Missing cached shader map for material RadialProgressBar, compiling. 
[2016.05.08-17.46.48:000][942]LogMaterial: Missing cached shader map for material RadialProgressBar, compiling. 
[2016.05.08-17.46.48:006][942]LogMaterial: 0.00 seconds spent updating 1 materials, 1 interfaces, 0 instances, 0 with static permutations.
[2016.05.08-17.46.48:905][ 39]MaterialEditorStats: Info Base pass shader with only dynamic lighting: 23 instructions
[2016.05.08-17.46.48:905][ 39]MaterialEditorStats: Info Vertex shader: 31 instructions
[2016.05.08-17.46.48:906][ 39]MaterialEditorStats: Info Texture samplers: 1/16
[2016.05.08-17.48.07:608][353]LogMaterial: Missing cached shader map for material RadialProgressBar, compiling. 
[2016.05.08-17.48.11:386][785]LogSavePackage: Save=10.13ms
[2016.05.08-17.48.11:386][785]LogSavePackage: Moving '../../../../../../Users/Matt/Documents/Unreal Projects/Otherworld/Saved/QuickSlotFrameE79BDCD04DCDDB94866AE7867E7C6D91.tmp' to '../../../../../../Users/Matt/Documents/Unreal Projects/Otherworld/Content/UserInterface/Widgets/QuickSlotFrame.uasset'
[2016.05.08-17.48.11:390][785]LogSavePackage: Total save time: 15.81ms
[2016.05.08-17.48.11:390][785]LogSavePackage:Display: Finished SavePackage ../../../../../../Users/Matt/Documents/Unreal Projects/Otherworld/Content/UserInterface/Widgets/QuickSlotFrame.uasset
[2016.05.08-17.48.11:415][785]Cmd: OBJ SAVEPACKAGE PACKAGE="/Game/UserInterface/Images/circle" FILE="../../../../../../Users/Matt/Documents/Unreal Projects/Otherworld/Content/UserInterface/Images/circle.uasset" SILENT=true
[2016.05.08-17.48.11:623][785]LogSavePackage: Save=207.34ms
[2016.05.08-17.48.11:623][785]LogSavePackage: Moving '../../../../../../Users/Matt/Documents/Unreal Projects/Otherworld/Saved/circleDCCF6D884CC8ED4372D2D787E6435F13.tmp' to '../../../../../../Users/Matt/Documents/Unreal Projects/Otherworld/Content/UserInterface/Images/circle.uasset'
[2016.05.08-17.48.11:626][785]LogSavePackage: Total save time: 210.23ms
[2016.05.08-17.48.11:626][785]LogSavePackage:Display: Finished SavePackage ../../../../../../Users/Matt/Documents/Unreal Projects/Otherworld/Content/UserInterface/Images/circle.uasset
[2016.05.08-17.48.11:665][785]LogSavePackage: Save=10.53ms
[2016.05.08-17.48.11:665][785]LogSavePackage: Moving '../../../../../../Users/Matt/Documents/Unreal Projects/Otherworld/Saved/RadialProgressBar998915DE436574794BDE31BE382B31EC.tmp' to '../../../../../../Users/Matt/Documents/Unreal Projects/Otherworld/Content/UserInterface/Materials/RadialProgressBar.uasset'
[2016.05.08-17.48.11:668][785]LogSavePackage: Total save time: 15.97ms
[2016.05.08-17.48.11:668][785]LogSavePackage:Display: Finished SavePackage ../../../../../../Users/Matt/Documents/Unreal Projects/Otherworld/Content/UserInterface/Materials/RadialProgressBar.uasset
[2016.05.08-17.48.24:158][  0]LogMaterial: Missing cached shader map for material RadialProgressBar, compiling. 
[2016.05.08-17.48.24:168][  0]LogMaterial: Missing cached shader map for material RadialProgressBar, compiling. 
[2016.05.08-17.48.24:174][  0]LogMaterial: 0.00 seconds spent updating 1 materials, 1 interfaces, 0 instances, 0 with static permutations.
[2016.05.08-17.48.25:000][ 95]MaterialEditorStats: Info Default UI Pixel Shader: 28 instructions
[2016.05.08-17.48.25:000][ 95]MaterialEditorStats: Info Default UI Vertex Shader: 18 instructions
[2016.05.08-17.48.25:000][ 95]MaterialEditorStats: Info Instanced UI Vertex Shader: 18 instructions
[2016.05.08-17.48.25:000][ 95]MaterialEditorStats: Info Texture samplers: 1/16
[2016.05.08-17.48.29:848][674]LogMaterial: Missing cached shader map for material RadialProgressBar, compiling. 
[2016.05.08-17.48.29:852][674]LogMaterial: 0.00 seconds spent updating 1 materials, 1 interfaces, 0 instances, 0 with static permutations.
[2016.05.08-17.48.29:879][674]LogMaterial: Missing cached shader map for material FMatExpressionPreview MaterialExpressionTextureSample_0, compiling. 
[2016.05.08-17.48.30:413][737]MaterialEditorStats: Info Default UI Pixel Shader: 31 instructions
[2016.05.08-17.48.30:413][737]MaterialEditorStats: Info Default UI Vertex Shader: 18 instructions
[2016.05.08-17.48.30:413][737]MaterialEditorStats: Info Instanced UI Vertex Shader: 18 instructions
[2016.05.08-17.48.30:413][737]MaterialEditorStats: Info Texture samplers: 2/16
[2016.05.08-17.48.34:062][168]BlueprintLog: New page: Compile QuickSlotFrame
[2016.05.08-17.48.34:172][168]BlueprintEditorCompileResults: Info [1032.01] Compile of QuickSlotFrame successful! [in 110 ms]
[2016.05.08-17.48.35:842][365]LogMaterialEditor: Saving and Compiling material RadialProgressBar
[2016.05.08-17.48.36:395][365]LogMaterial: Missing cached shader map for material RadialProgressBar, compiling. 
[2016.05.08-17.48.36:407][365]LogMaterial: 0.00 seconds spent updating 1 materials, 1 interfaces, 0 instances, 0 with static permutations.
[2016.05.08-17.48.36:441][365]LogMaterial: Missing cached shader map for material RadialProgressBar, compiling. 
[2016.05.08-17.48.36:452][365]LogMaterial: Missing cached shader map for material RadialProgressBar, compiling. 
[2016.05.08-17.48.36:460][365]LogMaterial: 0.00 seconds spent updating 1 materials, 1 interfaces, 0 instances, 0 with static permutations.
[2016.05.08-17.48.38:187][365]LogSavePackage: Save=9.99ms
[2016.05.08-17.48.38:187][365]LogSavePackage: Moving '../../../../../../Users/Matt/Documents/Unreal Projects/Otherworld/Saved/RadialProgressBar393B1D8E4DEE8ECA9F8F66B5695A7981.tmp' to '../../../../../../Users/Matt/Documents/Unreal Projects/Otherworld/Content/UserInterface/Materials/RadialProgressBar.uasset'
[2016.05.08-17.48.38:190][365]LogSavePackage: Total save time: 14.50ms
[2016.05.08-17.48.38:190][365]LogSavePackage:Display: Finished SavePackage ../../../../../../Users/Matt/Documents/Unreal Projects/Otherworld/Content/UserInterface/Materials/RadialProgressBar.uasset
[2016.05.08-17.48.45:729][263]LogMaterial: Missing cached shader map for material RadialProgressBar, compiling. 
[2016.05.08-17.48.45:739][263]LogMaterial: 0.00 seconds spent updating 1 materials, 1 interfaces, 0 instances, 0 with static permutations.
[2016.05.08-17.48.45:767][263]LogMaterial: Missing cached shader map for material FMatExpressionPreview MaterialExpressionTextureSample_0, compiling. 
[2016.05.08-17.48.46:638][366]MaterialEditorStats: Info Default UI Pixel Shader: 34 instructions
[2016.05.08-17.48.46:638][366]MaterialEditorStats: Info Default UI Vertex Shader: 18 instructions
[2016.05.08-17.48.46:638][366]MaterialEditorStats: Info Instanced UI Vertex Shader: 18 instructions
[2016.05.08-17.48.46:638][366]MaterialEditorStats: Info Texture samplers: 2/16
[2016.05.08-17.48.48:620][602]LogMaterialEditor: Saving and Compiling material RadialProgressBar
[2016.05.08-17.48.49:184][602]LogMaterial: Missing cached shader map for material RadialProgressBar, compiling. 
[2016.05.08-17.48.49:200][602]LogMaterial: 0.00 seconds spent updating 1 materials, 1 interfaces, 0 instances, 0 with static permutations.
[2016.05.08-17.48.49:259][602]LogMaterial: Missing cached shader map for material RadialProgressBar, compiling. 
[2016.05.08-17.48.49:284][602]LogMaterial: Missing cached shader map for material RadialProgressBar, compiling. 
[2016.05.08-17.48.49:298][602]LogMaterial: 0.00 seconds spent updating 1 materials, 1 interfaces, 0 instances, 0 with static permutations.
[2016.05.08-17.48.51:474][602]LogSavePackage: Save=9.34ms
[2016.05.08-17.48.51:474][602]LogSavePackage: Moving '../../../../../../Users/Matt/Documents/Unreal Projects/Otherworld/Saved/RadialProgressBarE58EBAB34718756FB36F1EA613CB0C66.tmp' to '../../../../../../Users/Matt/Documents/Unreal Projects/Otherworld/Content/UserInterface/Materials/RadialProgressBar.uasset'
[2016.05.08-17.48.51:478][602]LogSavePackage: Total save time: 14.87ms
[2016.05.08-17.48.51:478][602]LogSavePackage:Display: Finished SavePackage ../../../../../../Users/Matt/Documents/Unreal Projects/Otherworld/Content/UserInterface/Materials/RadialProgressBar.uasset
[2016.05.08-17.49.36:237][578]LogFactory: FactoryCreateBinary: Texture with ReimportTextureFactory (0 0 C:\Users\Matt\Documents\RadialMask.jpg)
[2016.05.08-17.49.36:247][578]LogTexture:Display: Building textures: RadialMask (AutoDXT)
[2016.05.08-17.49.50:315][595]LogMaterial: Missing cached shader map for material RadialProgressBar, compiling. 
[2016.05.08-17.49.50:321][595]LogMaterial: 0.00 seconds spent updating 1 materials, 1 interfaces, 0 instances, 0 with static permutations.
[2016.05.08-17.49.50:322][595]LogMaterial: Missing cached shader map for material FMatExpressionPreview MaterialExpressionTextureSample_1, compiling. 
[2016.05.08-17.49.51:657][740]MaterialEditorStats: Info Default UI Pixel Shader: 34 instructions
[2016.05.08-17.49.51:657][740]MaterialEditorStats: Info Default UI Vertex Shader: 18 instructions
[2016.05.08-17.49.51:657][740]MaterialEditorStats: Info Instanced UI Vertex Shader: 18 instructions
[2016.05.08-17.49.51:657][740]MaterialEditorStats: Info Texture samplers: 2/16
[2016.05.08-17.50.00:761][820]LogMaterial: Missing cached shader map for material RadialProgressBar, compiling. 
[2016.05.08-17.50.00:767][820]LogMaterial: 0.00 seconds spent updating 1 materials, 1 interfaces, 0 instances, 0 with static permutations.
[2016.05.08-17.50.01:605][915]MaterialEditorStats: Info Default UI Pixel Shader: 34 instructions
[2016.05.08-17.50.01:605][915]MaterialEditorStats: Info Default UI Vertex Shader: 18 instructions
[2016.05.08-17.50.01:605][915]MaterialEditorStats: Info Instanced UI Vertex Shader: 18 instructions
[2016.05.08-17.50.01:605][915]MaterialEditorStats: Info Texture samplers: 2/16
[2016.05.08-17.50.06:765][530]LogMaterial: Missing cached shader map for material RadialProgressBar, compiling. 
[2016.05.08-17.50.06:772][530]LogMaterial: 0.00 seconds spent updating 1 materials, 1 interfaces, 0 instances, 0 with static permutations.
[2016.05.08-17.50.06:798][530]LogMaterial: Missing cached shader map for material FMatExpressionPreview MaterialExpressionTextureSample_1, compiling. 
[2016.05.08-17.50.07:652][629]MaterialEditorStats: Info Default UI Pixel Shader: 34 instructions
[2016.05.08-17.50.07:652][629]MaterialEditorStats: Info Default UI Vertex Shader: 18 instructions
[2016.05.08-17.50.07:652][629]MaterialEditorStats: Info Instanced UI Vertex Shader: 18 instructions
[2016.05.08-17.50.07:652][629]MaterialEditorStats: Info Texture samplers: 2/16
[2016.05.08-17.50.10:072][899]LogMaterial: Uniform references updated for custom material expression Custom.
[2016.05.08-17.50.10:121][899]LogMaterial: Uniform references updated for custom material expression TemporalAA SampleID.
[2016.05.08-17.50.10:210][899]LogMaterial: Uniform references updated for custom material expression Ambient Cubemap Intensity.
[2016.05.08-17.50.10:213][899]LogMaterial: Uniform references updated for custom material expression Ambient Cubemap Tint.
[2016.05.08-17.50.22:010][297]LogMaterial: Missing cached shader map for material RadialProgressBar, compiling. 
[2016.05.08-17.50.22:017][297]LogMaterial: 0.00 seconds spent updating 1 materials, 1 interfaces, 0 instances, 0 with static permutations.
[2016.05.08-17.50.22:023][297]LogMaterial: Missing cached shader map for material RadialProgressBar, compiling. 
[2016.05.08-17.50.22:030][297]LogMaterial: 0.00 seconds spent updating 1 materials, 1 interfaces, 0 instances, 0 with static permutations.
[2016.05.08-17.50.22:934][400]MaterialEditorStats: Info Default UI Pixel Shader: 34 instructions
[2016.05.08-17.50.22:934][400]MaterialEditorStats: Info Default UI Vertex Shader: 18 instructions
[2016.05.08-17.50.22:934][400]MaterialEditorStats: Info Instanced UI Vertex Shader: 18 instructions
[2016.05.08-17.50.22:934][400]MaterialEditorStats: Info Texture samplers: 2/16
[2016.05.08-17.50.32:759][573]LogMaterial: Missing cached shader map for material RadialProgressBar, compiling. 
[2016.05.08-17.50.32:766][573]LogMaterial: 0.00 seconds spent updating 1 materials, 1 interfaces, 0 instances, 0 with static permutations.
[2016.05.08-17.50.33:623][674]MaterialEditorStats: Info Default UI Pixel Shader: 34 instructions
[2016.05.08-17.50.33:623][674]MaterialEditorStats: Info Default UI Vertex Shader: 18 instructions
[2016.05.08-17.50.33:623][674]MaterialEditorStats: Info Instanced UI Vertex Shader: 18 instructions
[2016.05.08-17.50.33:623][674]MaterialEditorStats: Info Texture samplers: 2/16
[2016.05.08-17.50.42:859][777]LogMaterial: Missing cached shader map for material FMatExpressionPreview MaterialExpressionMultiply_0, compiling. 
[2016.05.08-17.50.44:307][950]LogMaterial: Missing cached shader map for material FMatExpressionPreview MaterialExpressionFloor_0, compiling. 
[2016.05.08-17.50.50:829][727]LogMaterial: Missing cached shader map for material RadialProgressBar, compiling. 
[2016.05.08-17.50.50:836][727]LogMaterial: 0.00 seconds spent updating 1 materials, 1 interfaces, 0 instances, 0 with static permutations.
[2016.05.08-17.50.50:887][727]LogMaterial: Missing cached shader map for material FMatExpressionPreview MaterialExpressionMultiply_0, compiling. 
[2016.05.08-17.50.50:891][727]LogMaterial: Missing cached shader map for material FMatExpressionPreview MaterialExpressionFloor_0, compiling. 
[2016.05.08-17.50.51:718][823]MaterialEditorStats: Info Default UI Pixel Shader: 37 instructions
[2016.05.08-17.50.51:718][823]MaterialEditorStats: Info Default UI Vertex Shader: 18 instructions
[2016.05.08-17.50.51:718][823]MaterialEditorStats: Info Instanced UI Vertex Shader: 18 instructions
[2016.05.08-17.50.51:718][823]MaterialEditorStats: Info Texture samplers: 3/16
[2016.05.08-17.51.03:092][183]LogMaterial: Missing cached shader map for material RadialProgressBar, compiling. 
[2016.05.08-17.51.03:098][183]LogMaterial: 0.00 seconds spent updating 1 materials, 1 interfaces, 0 instances, 0 with static permutations.
[2016.05.08-17.51.03:125][183]LogMaterial: Missing cached shader map for material FMatExpressionPreview MaterialExpressionMultiply_0, compiling. 
[2016.05.08-17.51.03:973][282]MaterialEditorStats: Info Default UI Pixel Shader: 37 instructions
[2016.05.08-17.51.03:973][282]MaterialEditorStats: Info Default UI Vertex Shader: 18 instructions
[2016.05.08-17.51.03:973][282]MaterialEditorStats: Info Instanced UI Vertex Shader: 18 instructions
[2016.05.08-17.51.03:973][282]MaterialEditorStats: Info Texture samplers: 3/16
[2016.05.08-17.51.07:443][697]LogMaterial: Missing cached shader map for material RadialProgressBar, compiling. 
[2016.05.08-17.51.07:449][697]LogMaterial: 0.00 seconds spent updating 1 materials, 1 interfaces, 0 instances, 0 with static permutations.
[2016.05.08-17.51.07:474][697]LogMaterial: Missing cached shader map for material FMatExpressionPreview MaterialExpressionMultiply_0, compiling. 
[2016.05.08-17.51.08:329][798]MaterialEditorStats: Info Default UI Pixel Shader: 37 instructions
[2016.05.08-17.51.08:329][798]MaterialEditorStats: Info Default UI Vertex Shader: 18 instructions
[2016.05.08-17.51.08:329][798]MaterialEditorStats: Info Instanced UI Vertex Shader: 18 instructions
[2016.05.08-17.51.08:329][798]MaterialEditorStats: Info Texture samplers: 3/16
[2016.05.08-17.51.10:921][108]LogMaterial: Missing cached shader map for material RadialProgressBar, compiling. 
[2016.05.08-17.51.10:928][108]LogMaterial: 0.00 seconds spent updating 1 materials, 1 interfaces, 0 instances, 0 with static permutations.
[2016.05.08-17.51.10:961][108]LogMaterial: Missing cached shader map for material FMatExpressionPreview MaterialExpressionMultiply_0, compiling. 
[2016.05.08-17.51.11:776][204]MaterialEditorStats: Info Default UI Pixel Shader: 36 instructions
[2016.05.08-17.51.11:776][204]MaterialEditorStats: Info Default UI Vertex Shader: 18 instructions
[2016.05.08-17.51.11:776][204]MaterialEditorStats: Info Instanced UI Vertex Shader: 18 instructions
[2016.05.08-17.51.11:776][204]MaterialEditorStats: Info Texture samplers: 3/16
[2016.05.08-17.51.14:567][538]LogMaterial: Missing cached shader map for material RadialProgressBar, compiling. 
[2016.05.08-17.51.14:574][538]LogMaterial: 0.00 seconds spent updating 1 materials, 1 interfaces, 0 instances, 0 with static permutations.
[2016.05.08-17.51.14:600][538]LogMaterial: Missing cached shader map for material FMatExpressionPreview MaterialExpressionMultiply_0, compiling. 
[2016.05.08-17.51.15:440][637]MaterialEditorStats: Info Default UI Pixel Shader: 32 instructions
[2016.05.08-17.51.15:440][637]MaterialEditorStats: Info Default UI Vertex Shader: 18 instructions
[2016.05.08-17.51.15:440][637]MaterialEditorStats: Info Instanced UI Vertex Shader: 18 instructions
[2016.05.08-17.51.15:440][637]MaterialEditorStats: Info Texture samplers: 2/16
[2016.05.08-17.51.37:416][254]LogMaterial: Missing cached shader map for material RadialProgressBar, compiling. 
[2016.05.08-17.51.37:417][254]LogMaterial:Warning: Failed to compile Material /Engine/Transient.RadialProgressBar for platform PCD3D_SM5, Default Material will be used in game.
[2016.05.08-17.51.37:417][254]LogMaterial:Warning: 	(Node TextureSample) TextureSample> Sampler type is Grayscale, should be Color for /Game/UserInterface/Images/RadialMask.RadialMask
[2016.05.08-17.51.37:417][254]LogMaterial: 0.00 seconds spent updating 1 materials, 1 interfaces, 0 instances, 0 with static permutations.
[2016.05.08-17.51.37:447][254]LogMaterial: Missing cached shader map for material FMatExpressionPreview MaterialExpressionTextureSample_1, compiling. 
[2016.05.08-17.51.37:451][254]MaterialEditorStats:Error: Error [SM5] (Node TextureSample) TextureSample> Sampler type is Grayscale, should be Color for /Game/UserInterface/Images/RadialMask.RadialMask
[2016.05.08-17.51.52:707][ 42]LogContentBrowser: Native class hierarchy updated for 'TextureEditor' in 0.0005 seconds. Added 1 classes and 2 folders.
[2016.05.08-17.52.13:351][491]LogMaterial: Missing cached shader map for material RadialProgressBar, compiling. 
[2016.05.08-17.52.13:357][491]LogMaterial: 0.00 seconds spent updating 1 materials, 1 interfaces, 0 instances, 0 with static permutations.
[2016.05.08-17.52.13:386][491]LogMaterial: Missing cached shader map for material FMatExpressionPreview MaterialExpressionTextureSample_1, compiling. 
[2016.05.08-17.52.14:564][618]MaterialEditorStats: Info Default UI Pixel Shader: 32 instructions
[2016.05.08-17.52.14:564][618]MaterialEditorStats: Info Default UI Vertex Shader: 18 instructions
[2016.05.08-17.52.14:564][618]MaterialEditorStats: Info Instanced UI Vertex Shader: 18 instructions
[2016.05.08-17.52.14:564][618]MaterialEditorStats: Info Texture samplers: 2/16
[2016.05.08-17.52.16:524][850]LogMaterial: Missing cached shader map for material RadialProgressBar, compiling. 
[2016.05.08-17.52.16:525][850]LogMaterial:Warning: Failed to compile Material /Engine/Transient.RadialProgressBar for platform PCD3D_SM5, Default Material will be used in game.
[2016.05.08-17.52.16:525][850]LogMaterial:Warning: 	(Node TextureSample) TextureSample> Sampler type is Alpha, should be Color for /Game/UserInterface/Images/RadialMask.RadialMask
[2016.05.08-17.52.16:525][850]LogMaterial: 0.00 seconds spent updating 1 materials, 1 interfaces, 0 instances, 0 with static permutations.
[2016.05.08-17.52.16:554][850]LogMaterial: Missing cached shader map for material FMatExpressionPreview MaterialExpressionTextureSample_1, compiling. 
[2016.05.08-17.52.16:557][850]MaterialEditorStats:Error: Error [SM5] (Node TextureSample) TextureSample> Sampler type is Alpha, should be Color for /Game/UserInterface/Images/RadialMask.RadialMask
[2016.05.08-17.52.19:892][243]LogMaterial: Missing cached shader map for material RadialProgressBar, compiling. 
[2016.05.08-17.52.19:899][243]LogMaterial: 0.00 seconds spent updating 1 materials, 1 interfaces, 0 instances, 0 with static permutations.
[2016.05.08-17.52.19:932][243]LogMaterial: Missing cached shader map for material FMatExpressionPreview MaterialExpressionTextureSample_1, compiling. 
[2016.05.08-17.52.20:762][331]MaterialEditorStats: Info Default UI Pixel Shader: 32 instructions
[2016.05.08-17.52.20:762][331]MaterialEditorStats: Info Default UI Vertex Shader: 18 instructions
[2016.05.08-17.52.20:762][331]MaterialEditorStats: Info Instanced UI Vertex Shader: 18 instructions
[2016.05.08-17.52.20:762][331]MaterialEditorStats: Info Texture samplers: 2/16
[2016.05.08-17.52.24:074][727]LogMaterialEditor: Saving and Compiling material RadialProgressBar
[2016.05.08-17.52.24:651][727]LogMaterial: Missing cached shader map for material RadialProgressBar, compiling. 
[2016.05.08-17.52.24:668][727]LogMaterial: 0.00 seconds spent updating 1 materials, 1 interfaces, 0 instances, 0 with static permutations.
[2016.05.08-17.52.24:709][727]LogMaterial: Missing cached shader map for material RadialProgressBar, compiling. 
[2016.05.08-17.52.24:738][727]LogMaterial: Missing cached shader map for material RadialProgressBar, compiling. 
[2016.05.08-17.52.24:753][727]LogMaterial: 0.00 seconds spent updating 1 materials, 1 interfaces, 0 instances, 0 with static permutations.
[2016.05.08-17.52.26:942][727]LogSavePackage: Save=9.47ms
[2016.05.08-17.52.26:942][727]LogSavePackage: Moving '../../../../../../Users/Matt/Documents/Unreal Projects/Otherworld/Saved/RadialProgressBar44A68A94488A871BF494C98F77E65272.tmp' to '../../../../../../Users/Matt/Documents/Unreal Projects/Otherworld/Content/UserInterface/Materials/RadialProgressBar.uasset'
[2016.05.08-17.52.26:946][727]LogSavePackage: Total save time: 14.94ms
[2016.05.08-17.52.26:946][727]LogSavePackage:Display: Finished SavePackage ../../../../../../Users/Matt/Documents/Unreal Projects/Otherworld/Content/UserInterface/Materials/RadialProgressBar.uasset
[2016.05.08-17.52.53:054][811]LogFileHelpers: Editor autosave (incl. sublevels) for '/Game/ThirdPersonBP/Maps/ThirdPersonExampleMap' took 0.026
[2016.05.08-17.52.53:059][811]OBJ SavePackage: Generating thumbnails for [1] asset(s) in package [/Game/UserInterface/Images/RadialMask] ([1] browsable assets)...
[2016.05.08-17.52.53:072][811]OBJ SavePackage:     Rendered thumbnail for [Texture2D /Game/UserInterface/Images/RadialMask.RadialMask]
[2016.05.08-17.52.53:072][811]OBJ SavePackage: Finished generating thumbnails for package [/Game/UserInterface/Images/RadialMask]
[2016.05.08-17.52.53:081][811]LogSavePackage: Save=7.32ms
[2016.05.08-17.52.53:081][811]LogSavePackage: Moving '../../../../../../Users/Matt/Documents/Unreal Projects/Otherworld/Saved/RadialMask_Auto1542A76F641A96FC1818C5392FBBCFDE2.tmp' to '../../../../../../Users/Matt/Documents/Unreal Projects/Otherworld/Saved/Autosaves/Game/UserInterface/Images/RadialMask_Auto1.uasset'
[2016.05.08-17.52.53:084][811]LogSavePackage: Total save time: 10.39ms
[2016.05.08-17.52.53:084][811]LogSavePackage:Display: Finished SavePackage ../../../../../../Users/Matt/Documents/Unreal Projects/Otherworld/Saved/Autosaves/Game/UserInterface/Images/RadialMask_Auto1.uasset
[2016.05.08-17.52.53:084][811]LogFileHelpers: Auto-saving content packages took 0.029
[2016.05.08-17.54.38:291][895]LogMaterial: Missing cached shader map for material RadialProgressBar, compiling. 
[2016.05.08-17.54.38:298][895]LogMaterial: 0.00 seconds spent updating 1 materials, 1 interfaces, 0 instances, 0 with static permutations.
[2016.05.08-17.54.39:550][ 36]MaterialEditorStats: Info Default UI Pixel Shader: 29 instructions
[2016.05.08-17.54.39:550][ 36]MaterialEditorStats: Info Default UI Vertex Shader: 18 instructions
[2016.05.08-17.54.39:550][ 36]MaterialEditorStats: Info Instanced UI Vertex Shader: 18 instructions
[2016.05.08-17.54.39:550][ 36]MaterialEditorStats: Info Texture samplers: 1/16
[2016.05.08-17.54.49:514][225]LogMaterial: Missing cached shader map for material RadialProgressBar, compiling. 
[2016.05.08-17.54.49:521][225]LogMaterial: 0.00 seconds spent updating 1 materials, 1 interfaces, 0 instances, 0 with static permutations.
[2016.05.08-17.54.50:419][326]MaterialEditorStats: Info Default UI Pixel Shader: 29 instructions
[2016.05.08-17.54.50:419][326]MaterialEditorStats: Info Default UI Vertex Shader: 18 instructions
[2016.05.08-17.54.50:419][326]MaterialEditorStats: Info Instanced UI Vertex Shader: 18 instructions
[2016.05.08-17.54.50:419][326]MaterialEditorStats: Info Texture samplers: 1/16
[2016.05.08-17.54.50:949][389]LogMaterial: Missing cached shader map for material RadialProgressBar, compiling. 
[2016.05.08-17.54.50:956][389]LogMaterial: 0.00 seconds spent updating 1 materials, 1 interfaces, 0 instances, 0 with static permutations.
[2016.05.08-17.54.51:841][485]MaterialEditorStats: Info Default UI Pixel Shader: 29 instructions
[2016.05.08-17.54.51:841][485]MaterialEditorStats: Info Default UI Vertex Shader: 18 instructions
[2016.05.08-17.54.51:841][485]MaterialEditorStats: Info Instanced UI Vertex Shader: 18 instructions
[2016.05.08-17.54.51:841][485]MaterialEditorStats: Info Texture samplers: 1/16
[2016.05.08-17.54.55:623][934]LogMaterial: Missing cached shader map for material RadialProgressBar, compiling. 
[2016.05.08-17.54.55:630][934]LogMaterial: 0.00 seconds spent updating 1 materials, 1 interfaces, 0 instances, 0 with static permutations.
[2016.05.08-17.54.56:549][ 33]MaterialEditorStats: Info Default UI Pixel Shader: 29 instructions
[2016.05.08-17.54.56:549][ 33]MaterialEditorStats: Info Default UI Vertex Shader: 18 instructions
[2016.05.08-17.54.56:549][ 33]MaterialEditorStats: Info Instanced UI Vertex Shader: 18 instructions
[2016.05.08-17.54.56:549][ 33]MaterialEditorStats: Info Texture samplers: 1/16
[2016.05.08-17.54.57:315][124]LogMaterial: Missing cached shader map for material RadialProgressBar, compiling. 
[2016.05.08-17.54.57:321][124]LogMaterial: 0.00 seconds spent updating 1 materials, 1 interfaces, 0 instances, 0 with static permutations.
[2016.05.08-17.54.58:215][227]MaterialEditorStats: Info Default UI Pixel Shader: 29 instructions
[2016.05.08-17.54.58:215][227]MaterialEditorStats: Info Default UI Vertex Shader: 18 instructions
[2016.05.08-17.54.58:215][227]MaterialEditorStats: Info Instanced UI Vertex Shader: 18 instructions
[2016.05.08-17.54.58:215][227]MaterialEditorStats: Info Texture samplers: 1/16
[2016.05.08-17.55.08:120][260]LogMaterial: Missing cached shader map for material RadialProgressBar, compiling. 
[2016.05.08-17.55.08:155][260]LogMaterial: Missing cached shader map for material RadialProgressBar, compiling. 
[2016.05.08-17.55.08:170][260]LogMaterial: 0.00 seconds spent updating 1 materials, 1 interfaces, 0 instances, 0 with static permutations.
[2016.05.08-17.55.10:159][456]MaterialEditorStats: Info Base pass shader with only dynamic lighting: 23 instructions
[2016.05.08-17.55.10:159][456]MaterialEditorStats: Info Vertex shader: 33 instructions
[2016.05.08-17.55.10:159][456]MaterialEditorStats: Info Texture samplers: 0/16
[2016.05.08-17.55.14:295][945]LogMaterial: Missing cached shader map for material RadialProgressBar, compiling. 
[2016.05.08-17.55.14:307][945]LogMaterial: 0.00 seconds spent updating 1 materials, 1 interfaces, 0 instances, 0 with static permutations.
[2016.05.08-17.55.16:097][142]MaterialEditorStats: Info Base pass shader with only dynamic lighting: 23 instructions
[2016.05.08-17.55.16:097][142]MaterialEditorStats: Info Vertex shader: 33 instructions
[2016.05.08-17.55.16:097][142]MaterialEditorStats: Info Texture samplers: 0/16
[2016.05.08-17.55.18:034][372]LogMaterial: Missing cached shader map for material RadialProgressBar, compiling. 
[2016.05.08-17.55.18:045][372]LogMaterial: 0.00 seconds spent updating 1 materials, 1 interfaces, 0 instances, 0 with static permutations.
[2016.05.08-17.55.19:808][557]MaterialEditorStats: Info Base pass shader with only dynamic lighting: 23 instructions
[2016.05.08-17.55.19:808][557]MaterialEditorStats: Info Vertex shader: 33 instructions
[2016.05.08-17.55.19:808][557]MaterialEditorStats: Info Texture samplers: 0/16
[2016.05.08-17.55.33:302][148]LogEditorTransaction: Undo Material Editor: Delete
[2016.05.08-17.55.33:305][148]LogMaterial: Missing cached shader map for material RadialProgressBar, compiling. 
[2016.05.08-17.55.33:325][148]LogMaterial: Missing cached shader map for material RadialProgressBar, compiling. 
[2016.05.08-17.55.33:335][148]LogMaterial: 0.00 seconds spent updating 1 materials, 1 interfaces, 0 instances, 0 with static permutations.
[2016.05.08-17.55.33:695][169]LogEditorTransaction: Undo Material Editor: New Expression
[2016.05.08-17.55.33:710][169]LogMaterial: Missing cached shader map for material RadialProgressBar, compiling. 
[2016.05.08-17.55.33:732][169]LogMaterial: Missing cached shader map for material RadialProgressBar, compiling. 
[2016.05.08-17.55.33:747][169]LogMaterial: 0.00 seconds spent updating 1 materials, 1 interfaces, 0 instances, 0 with static permutations.
[2016.05.08-17.55.34:074][196]LogEditorTransaction: Undo Edit Material Domain
[2016.05.08-17.55.34:080][196]LogMaterial: Missing cached shader map for material RadialProgressBar, compiling. 
[2016.05.08-17.55.34:097][196]LogMaterial: Missing cached shader map for material RadialProgressBar, compiling. 
[2016.05.08-17.55.34:107][196]LogMaterial: 0.00 seconds spent updating 1 materials, 1 interfaces, 0 instances, 0 with static permutations.
[2016.05.08-17.55.34:430][229]LogEditorTransaction: Undo Material Editor: Delete
[2016.05.08-17.55.34:434][229]LogMaterial: Missing cached shader map for material RadialProgressBar, compiling. 
[2016.05.08-17.55.34:445][229]LogMaterial: Missing cached shader map for material RadialProgressBar, compiling. 
[2016.05.08-17.55.34:455][229]LogMaterial: 0.00 seconds spent updating 1 materials, 1 interfaces, 0 instances, 0 with static permutations.
[2016.05.08-17.55.34:777][262]LogEditorTransaction: Undo Material Editor: New Expression
[2016.05.08-17.55.34:781][262]LogMaterial: Missing cached shader map for material RadialProgressBar, compiling. 
[2016.05.08-17.55.34:793][262]LogMaterial: Missing cached shader map for material RadialProgressBar, compiling. 
[2016.05.08-17.55.34:802][262]LogMaterial: 0.00 seconds spent updating 1 materials, 1 interfaces, 0 instances, 0 with static permutations.
[2016.05.08-17.55.35:131][297]LogEditorTransaction: Undo Material Editor: Delete
[2016.05.08-17.55.35:139][297]LogMaterial: Missing cached shader map for material RadialProgressBar, compiling. 
[2016.05.08-17.55.35:152][297]LogMaterial: Missing cached shader map for material RadialProgressBar, compiling. 
[2016.05.08-17.55.35:161][297]LogMaterial: 0.00 seconds spent updating 1 materials, 1 interfaces, 0 instances, 0 with static permutations.
[2016.05.08-17.55.35:510][334]LogEditorTransaction: Undo Material Editor: New Expression
[2016.05.08-17.55.35:515][334]LogMaterial: Missing cached shader map for material RadialProgressBar, compiling. 
[2016.05.08-17.55.35:528][334]LogMaterial: Missing cached shader map for material RadialProgressBar, compiling. 
[2016.05.08-17.55.35:537][334]LogMaterial: 0.00 seconds spent updating 1 materials, 1 interfaces, 0 instances, 0 with static permutations.
[2016.05.08-17.55.35:794][361]LogEditorTransaction: Undo Material Editor: Delete
[2016.05.08-17.55.35:798][361]LogMaterial: Missing cached shader map for material RadialProgressBar, compiling. 
[2016.05.08-17.55.35:810][361]LogMaterial: Missing cached shader map for material RadialProgressBar, compiling. 
[2016.05.08-17.55.35:819][361]LogMaterial: 0.00 seconds spent updating 1 materials, 1 interfaces, 0 instances, 0 with static permutations.
[2016.05.08-17.55.35:844][361]LogMaterial: Missing cached shader map for material FMatExpressionPreview MaterialExpressionTextureSample_0, compiling. 
[2016.05.08-17.55.36:009][376]LogEditorTransaction: Undo Edit Sampler Type
[2016.05.08-17.55.36:013][376]LogMaterial: Missing cached shader map for material RadialProgressBar, compiling. 
[2016.05.08-17.55.36:014][376]LogMaterial:Warning: Failed to compile Material /Engine/Transient.RadialProgressBar for platform PCD3D_SM5, Default Material will be used in game.
[2016.05.08-17.55.36:014][376]LogMaterial:Warning: 	(Node TextureSample) TextureSample> Sampler type is Alpha, should be Color for /Game/UserInterface/Images/RadialMask.RadialMask
[2016.05.08-17.55.36:018][376]LogMaterial: Missing cached shader map for material RadialProgressBar, compiling. 
[2016.05.08-17.55.36:019][376]LogMaterial:Warning: Failed to compile Material /Engine/Transient.RadialProgressBar for platform PCD3D_SM5, Default Material will be used in game.
[2016.05.08-17.55.36:019][376]LogMaterial:Warning: 	(Node TextureSample) TextureSample> Sampler type is Alpha, should be Color for /Game/UserInterface/Images/RadialMask.RadialMask
[2016.05.08-17.55.36:019][376]LogMaterial: 0.00 seconds spent updating 1 materials, 1 interfaces, 0 instances, 0 with static permutations.
[2016.05.08-17.55.36:045][376]LogMaterial: Missing cached shader map for material FMatExpressionPreview MaterialExpressionTextureSample_1, compiling. 
[2016.05.08-17.55.36:049][376]MaterialEditorStats:Error: Error [SM5] (Node TextureSample) TextureSample> Sampler type is Alpha, should be Color for /Game/UserInterface/Images/RadialMask.RadialMask
[2016.05.08-17.55.36:353][406]LogEditorTransaction: Undo Edit Sampler Type
[2016.05.08-17.55.36:357][406]LogMaterial: Missing cached shader map for material RadialProgressBar, compiling. 
[2016.05.08-17.55.36:371][406]LogMaterial: Missing cached shader map for material RadialProgressBar, compiling. 
[2016.05.08-17.55.36:377][406]LogMaterial: 0.00 seconds spent updating 1 materials, 1 interfaces, 0 instances, 0 with static permutations.
[2016.05.08-17.55.36:402][406]LogMaterial: Missing cached shader map for material FMatExpressionPreview MaterialExpressionTextureSample_1, compiling. 
[2016.05.08-17.55.36:595][424]LogEditorTransaction: Undo Edit Sampler Type
[2016.05.08-17.55.36:606][424]LogMaterial: Missing cached shader map for material RadialProgressBar, compiling. 
[2016.05.08-17.55.36:607][424]LogMaterial:Warning: Failed to compile Material /Engine/Transient.RadialProgressBar for platform PCD3D_SM5, Default Material will be used in game.
[2016.05.08-17.55.36:607][424]LogMaterial:Warning: 	(Node TextureSample) TextureSample> Sampler type is Grayscale, should be Color for /Game/UserInterface/Images/RadialMask.RadialMask
[2016.05.08-17.55.36:611][424]LogMaterial: Missing cached shader map for material RadialProgressBar, compiling. 
[2016.05.08-17.55.36:611][424]LogMaterial:Warning: Failed to compile Material /Engine/Transient.RadialProgressBar for platform PCD3D_SM5, Default Material will be used in game.
[2016.05.08-17.55.36:612][424]LogMaterial:Warning: 	(Node TextureSample) TextureSample> Sampler type is Grayscale, should be Color for /Game/UserInterface/Images/RadialMask.RadialMask
[2016.05.08-17.55.36:612][424]LogMaterial: 0.00 seconds spent updating 1 materials, 1 interfaces, 0 instances, 0 with static permutations.
[2016.05.08-17.55.36:638][424]LogMaterial: Missing cached shader map for material FMatExpressionPreview MaterialExpressionTextureSample_1, compiling. 
[2016.05.08-17.55.36:641][424]MaterialEditorStats:Error: Error [SM5] (Node TextureSample) TextureSample> Sampler type is Grayscale, should be Color for /Game/UserInterface/Images/RadialMask.RadialMask
[2016.05.08-17.55.36:847][446]LogEditorTransaction: Undo Edit Sampler Type
[2016.05.08-17.55.36:849][446]LogMaterial: Missing cached shader map for material RadialProgressBar, compiling. 
[2016.05.08-17.55.36:862][446]LogMaterial: Missing cached shader map for material RadialProgressBar, compiling. 
[2016.05.08-17.55.36:869][446]LogMaterial: 0.00 seconds spent updating 1 materials, 1 interfaces, 0 instances, 0 with static permutations.
[2016.05.08-17.55.36:898][446]LogMaterial: Missing cached shader map for material FMatExpressionPreview MaterialExpressionTextureSample_1, compiling. 
[2016.05.08-17.55.37:042][459]LogEditorTransaction: Undo Edit Const A
[2016.05.08-17.55.37:050][459]LogMaterial: Missing cached shader map for material RadialProgressBar, compiling. 
[2016.05.08-17.55.37:064][459]LogMaterial: Missing cached shader map for material RadialProgressBar, compiling. 
[2016.05.08-17.55.37:076][459]LogMaterial: 0.00 seconds spent updating 1 materials, 1 interfaces, 0 instances, 0 with static permutations.
[2016.05.08-17.55.37:103][459]LogMaterial: Missing cached shader map for material FMatExpressionPreview MaterialExpressionMultiply_0, compiling. 
[2016.05.08-17.55.37:216][468]LogEditorTransaction: Undo Edit Const A
[2016.05.08-17.55.37:222][468]LogMaterial: Missing cached shader map for material RadialProgressBar, compiling. 
[2016.05.08-17.55.37:235][468]LogMaterial: Missing cached shader map for material RadialProgressBar, compiling. 
[2016.05.08-17.55.37:243][468]LogMaterial: 0.00 seconds spent updating 1 materials, 1 interfaces, 0 instances, 0 with static permutations.
[2016.05.08-17.55.37:272][468]LogMaterial: Missing cached shader map for material FMatExpressionPreview MaterialExpressionMultiply_0, compiling. 
[2016.05.08-17.55.37:391][478]LogEditorTransaction: Undo Edit Const A
[2016.05.08-17.55.37:396][478]LogMaterial: Missing cached shader map for material RadialProgressBar, compiling. 
[2016.05.08-17.55.37:409][478]LogMaterial: Missing cached shader map for material RadialProgressBar, compiling. 
[2016.05.08-17.55.37:417][478]LogMaterial: 0.00 seconds spent updating 1 materials, 1 interfaces, 0 instances, 0 with static permutations.
[2016.05.08-17.55.37:451][478]LogMaterial: Missing cached shader map for material FMatExpressionPreview MaterialExpressionMultiply_0, compiling. 
[2016.05.08-17.55.37:571][488]LogEditorTransaction: Undo Edit Const A
[2016.05.08-17.55.37:574][488]LogMaterial: Missing cached shader map for material RadialProgressBar, compiling. 
[2016.05.08-17.55.37:587][488]LogMaterial: Missing cached shader map for material RadialProgressBar, compiling. 
[2016.05.08-17.55.37:596][488]LogMaterial: 0.00 seconds spent updating 1 materials, 1 interfaces, 0 instances, 0 with static permutations.
[2016.05.08-17.55.37:624][488]LogMaterial: Missing cached shader map for material FMatExpressionPreview MaterialExpressionMultiply_0, compiling. 
[2016.05.08-17.55.37:738][496]LogEditorTransaction: Undo Create Pin Link
[2016.05.08-17.55.37:742][496]LogMaterial: Missing cached shader map for material RadialProgressBar, compiling. 
[2016.05.08-17.55.37:755][496]LogMaterial: Missing cached shader map for material RadialProgressBar, compiling. 
[2016.05.08-17.55.37:765][496]LogMaterial: 0.00 seconds spent updating 1 materials, 1 interfaces, 0 instances, 0 with static permutations.
[2016.05.08-17.55.37:792][496]LogMaterial: Missing cached shader map for material FMatExpressionPreview MaterialExpressionFloor_0, compiling. 
[2016.05.08-17.55.37:992][514]LogEditorTransaction: Undo Move Node
[2016.05.08-17.55.37:996][514]LogMaterial: Missing cached shader map for material RadialProgressBar, compiling. 
[2016.05.08-17.55.38:005][514]LogMaterial: 0.00 seconds spent updating 1 materials, 1 interfaces, 0 instances, 0 with static permutations.
[2016.05.08-17.55.38:370][552]LogEditorTransaction: Undo Material Editor: Toggle Collapsed
[2016.05.08-17.55.38:378][552]LogMaterial: Missing cached shader map for material RadialProgressBar, compiling. 
[2016.05.08-17.55.38:387][552]LogMaterial: 0.00 seconds spent updating 1 materials, 1 interfaces, 0 instances, 0 with static permutations.
[2016.05.08-17.55.38:866][602]LogEditorTransaction: Undo Material Editor: Toggle Collapsed
[2016.05.08-17.55.38:875][602]LogMaterial: Missing cached shader map for material RadialProgressBar, compiling. 
[2016.05.08-17.55.38:884][602]LogMaterial: 0.00 seconds spent updating 1 materials, 1 interfaces, 0 instances, 0 with static permutations.
[2016.05.08-17.55.39:377][654]LogEditorTransaction: Undo Move Node
[2016.05.08-17.55.39:382][654]LogMaterial: Missing cached shader map for material RadialProgressBar, compiling. 
[2016.05.08-17.55.39:391][654]LogMaterial: 0.00 seconds spent updating 1 materials, 1 interfaces, 0 instances, 0 with static permutations.
[2016.05.08-17.55.39:766][694]LogEditorTransaction: Undo Edit Const A
[2016.05.08-17.55.39:772][694]LogMaterial: Missing cached shader map for material RadialProgressBar, compiling. 
[2016.05.08-17.55.39:785][694]LogMaterial: Missing cached shader map for material RadialProgressBar, compiling. 
[2016.05.08-17.55.39:796][694]LogMaterial: 0.00 seconds spent updating 1 materials, 1 interfaces, 0 instances, 0 with static permutations.
[2016.05.08-17.55.40:146][729]LogEditorTransaction: Undo Move Node
[2016.05.08-17.55.40:150][729]LogMaterial: Missing cached shader map for material RadialProgressBar, compiling. 
[2016.05.08-17.55.40:159][729]LogMaterial: 0.00 seconds spent updating 1 materials, 1 interfaces, 0 instances, 0 with static permutations.
[2016.05.08-17.55.40:354][748]LogEditorTransaction: Undo Material Editor: New Expression
[2016.05.08-17.55.40:359][748]LogMaterial: Missing cached shader map for material RadialProgressBar, compiling. 
[2016.05.08-17.55.40:371][748]LogMaterial: Missing cached shader map for material RadialProgressBar, compiling. 
[2016.05.08-17.55.40:381][748]LogMaterial: 0.00 seconds spent updating 1 materials, 1 interfaces, 0 instances, 0 with static permutations.
[2016.05.08-17.55.40:553][765]LogEditorTransaction: Undo Create Pin Link
[2016.05.08-17.55.40:556][765]LogMaterial: Missing cached shader map for material RadialProgressBar, compiling. 
[2016.05.08-17.55.40:572][765]LogMaterial: Missing cached shader map for material RadialProgressBar, compiling. 
[2016.05.08-17.55.40:583][765]LogMaterial: 0.00 seconds spent updating 1 materials, 1 interfaces, 0 instances, 0 with static permutations.
[2016.05.08-17.55.40:613][765]LogMaterial: Missing cached shader map for material FMatExpressionPreview MaterialExpressionTextureSample_1, compiling. 
[2016.05.08-17.55.40:733][773]LogEditorTransaction: Undo Move Node
[2016.05.08-17.55.40:739][773]LogMaterial: Missing cached shader map for material RadialProgressBar, compiling. 
[2016.05.08-17.55.40:748][773]LogMaterial: 0.00 seconds spent updating 1 materials, 1 interfaces, 0 instances, 0 with static permutations.
[2016.05.08-17.55.40:903][788]LogEditorTransaction: Undo Material Editor: New Expression
[2016.05.08-17.55.40:912][788]LogMaterial: Missing cached shader map for material RadialProgressBar, compiling. 
[2016.05.08-17.55.40:925][788]LogMaterial: Missing cached shader map for material RadialProgressBar, compiling. 
[2016.05.08-17.55.40:935][788]LogMaterial: 0.00 seconds spent updating 1 materials, 1 interfaces, 0 instances, 0 with static permutations.
[2016.05.08-17.55.41:090][802]LogEditorTransaction: Undo Move Node
[2016.05.08-17.55.41:095][802]LogMaterial: Missing cached shader map for material RadialProgressBar, compiling. 
[2016.05.08-17.55.41:102][802]LogMaterial: 0.00 seconds spent updating 1 materials, 1 interfaces, 0 instances, 0 with static permutations.
[2016.05.08-17.55.41:294][821]LogEditorTransaction: Undo Move Node
[2016.05.08-17.55.41:299][821]LogMaterial: Missing cached shader map for material RadialProgressBar, compiling. 
[2016.05.08-17.55.41:309][821]LogMaterial: 0.00 seconds spent updating 1 materials, 1 interfaces, 0 instances, 0 with static permutations.
[2016.05.08-17.55.41:484][838]LogEditorTransaction: Undo Material Editor: New Expression
[2016.05.08-17.55.41:490][838]LogMaterial: Missing cached shader map for material RadialProgressBar, compiling. 
[2016.05.08-17.55.41:505][838]LogMaterial: Missing cached shader map for material RadialProgressBar, compiling. 
[2016.05.08-17.55.41:513][838]LogMaterial: 0.00 seconds spent updating 1 materials, 1 interfaces, 0 instances, 0 with static permutations.
[2016.05.08-17.55.41:681][855]LogEditorTransaction: Undo Create Pin Link
[2016.05.08-17.55.41:688][855]LogMaterial: Missing cached shader map for material RadialProgressBar, compiling. 
[2016.05.08-17.55.41:696][855]LogMaterial: Missing cached shader map for material RadialProgressBar, compiling. 
[2016.05.08-17.55.41:702][855]LogMaterial: 0.00 seconds spent updating 1 materials, 1 interfaces, 0 instances, 0 with static permutations.
[2016.05.08-17.55.41:731][855]LogMaterial: Missing cached shader map for material FMatExpressionPreview MaterialExpressionTextureSample_0, compiling. 
[2016.05.08-17.55.41:934][876]LogEditorTransaction: Undo Create Pin Link
[2016.05.08-17.55.41:941][876]LogMaterial: Missing cached shader map for material RadialProgressBar, compiling. 
[2016.05.08-17.55.41:950][876]LogMaterial: Missing cached shader map for material RadialProgressBar, compiling. 
[2016.05.08-17.55.41:956][876]LogMaterial: 0.00 seconds spent updating 1 materials, 1 interfaces, 0 instances, 0 with static permutations.
[2016.05.08-17.55.41:984][876]LogMaterial: Missing cached shader map for material FMatExpressionPreview MaterialExpressionTextureSample_0, compiling. 
[2016.05.08-17.55.42:260][904]LogEditorTransaction: Undo Edit Material Domain
[2016.05.08-17.55.42:267][904]LogMaterial: Missing cached shader map for material RadialProgressBar, compiling. 
[2016.05.08-17.55.42:280][904]LogMaterial: Missing cached shader map for material RadialProgressBar, compiling. 
[2016.05.08-17.55.42:289][904]LogMaterial: 0.00 seconds spent updating 1 materials, 1 interfaces, 0 instances, 0 with static permutations.
[2016.05.08-17.55.42:624][937]LogEditorTransaction: Undo Changed RadialProgressBar to use the UI material domain
[2016.05.08-17.55.42:630][937]LogMaterial: Missing cached shader map for material RadialProgressBar, compiling. 
[2016.05.08-17.55.42:652][937]LogMaterial:Warning: FMaterialUniformExpressionTexture had invalid TextureIndex! (1 / 1)
[2016.05.08-17.55.42:662][937]LogMaterial: Missing cached shader map for material RadialProgressBar, compiling. 
[2016.05.08-17.55.42:672][937]LogMaterial: 0.00 seconds spent updating 1 materials, 1 interfaces, 0 instances, 0 with static permutations.
[2016.05.08-17.55.43:217][991]LogEditorTransaction: Undo Edit Image
[2016.05.08-17.55.43:248][991]LogMaterial: Missing cached shader map for material RadialProgressBar, compiling. 
[2016.05.08-17.55.43:257][991]LogMaterial: 0.00 seconds spent updating 1 materials, 1 interfaces, 0 instances, 0 with static permutations.
[2016.05.08-17.55.43:547][ 20]LogEditorTransaction: Undo Add Widget
[2016.05.08-17.55.44:061][ 20]LogCrashTracker: 


[2016.05.08-17.55.44:075][ 20]LogCrashTracker: 


[2016.05.08-17.55.44:075][ 20]LogWindows:Error: === Critical error: ===
Fatal error!



[2016.05.08-17.55.44:152][ 20]LogExit: Executing StaticShutdownAfterError
[2016.05.08-17.55.44:177][ 20]LogPhysics:Warning: PHYSX: ..\..\PhysX\src\NpScene.cpp (2946) 8 : PxScene::unlockWrite() called without matching call to PxScene::lockWrite(), behaviour will be undefined.
[2016.05.08-17.55.44:178][ 20]LogPhysics:Warning: PHYSX: ..\..\PhysX\src\NpScene.cpp (2946) 8 : PxScene::unlockWrite() called without matching call to PxScene::lockWrite(), behaviour will be undefined.
[2016.05.08-17.55.44:178][ 20]LogPhysics:Warning: PHYSX: ..\..\PhysX\src\NpScene.cpp (2946) 8 : PxScene::unlockWrite() called without matching call to PxScene::lockWrite(), behaviour will be undefined.
[2016.05.08-17.55.44:179][ 20]LogPhysics:Warning: PHYSX: ..\..\PhysX\src\NpScene.cpp (2946) 8 : PxScene::unlockWrite() called without matching call to PxScene::lockWrite(), behaviour will be undefined.
[2016.05.08-17.55.44:179][ 20]LogPhysics:Warning: PHYSX: ..\..\PhysX\src\NpScene.cpp (2946) 8 : PxScene::unlockWrite() called without matching call to PxScene::lockWrite(), behaviour will be undefined.
[2016.05.08-17.55.44:179][ 20]LogPhysics:Warning: PHYSX: ..\..\PhysX\src\NpScene.cpp (2946) 8 : PxScene::unlockWrite() called without matching call to PxScene::lockWrite(), behaviour will be undefined.
[2016.05.08-17.55.44:179][ 20]LogPhysics:Warning: PHYSX: ..\..\PhysX\src\NpScene.cpp (2946) 8 : PxScene::unlockWrite() called without matching call to PxScene::lockWrite(), behaviour will be undefined.
[2016.05.08-17.55.44:180][ 20]LogPhysics:Warning: PHYSX: ..\..\PhysX\src\NpScene.cpp (2946) 8 : PxScene::unlockWrite() called without matching call to PxScene::lockWrite(), behaviour will be undefined.
[2016.05.08-17.55.44:180][ 20]LogPhysics:Warning: PHYSX: ..\..\PhysX\src\NpScene.cpp (2946) 8 : PxScene::unlockWrite() called without matching call to PxScene::lockWrite(), behaviour will be undefined.
[2016.05.08-17.55.44:180][ 20]LogPhysics:Warning: PHYSX: ..\..\PhysX\src\NpScene.cpp (2946) 8 : PxScene::unlockWrite() called without matching call to PxScene::lockWrite(), behaviour will be undefined.
[2016.05.08-17.55.44:181][ 20]LogPhysics:Warning: PHYSX: ..\..\PhysX\src\NpScene.cpp (2946) 8 : PxScene::unlockWrite() called without matching call to PxScene::lockWrite(), behaviour will be undefined.
[2016.05.08-17.55.44:181][ 20]LogPhysics:Warning: PHYSX: ..\..\PhysX\src\NpScene.cpp (2946) 8 : PxScene::unlockWrite() called without matching call to PxScene::lockWrite(), behaviour will be undefined.
[2016.05.08-17.55.44:181][ 20]LogPhysics:Warning: PHYSX: ..\..\PhysX\src\NpScene.cpp (2946) 8 : PxScene::unlockWrite() called without matching call to PxScene::lockWrite(), behaviour will be undefined.
[2016.05.08-17.55.44:181][ 20]LogPhysics:Warning: PHYSX: ..\..\PhysX\src\NpScene.cpp (2946) 8 : PxScene::unlockWrite() called without matching call to PxScene::lockWrite(), behaviour will be undefined.
[2016.05.08-17.55.44:182][ 20]LogPhysics:Warning: PHYSX: ..\..\PhysX\src\NpScene.cpp (2946) 8 : PxScene::unlockWrite() called without matching call to PxScene::lockWrite(), behaviour will be undefined.
[2016.05.08-17.55.44:182][ 20]LogPhysics:Warning: PHYSX: ..\..\PhysX\src\NpScene.cpp (2946) 8 : PxScene::unlockWrite() called without matching call to PxScene::lockWrite(), behaviour will be undefined.
[2016.05.08-17.55.44:183][ 20]LogWindows: FPlatformMisc::RequestExit(1)
[2016.05.08-17.55.44:183][ 20]Log file closed, 05/08/16 13:55:44
