Log file open, 05/10/16 21:29:55
LogInit:Display: Running engine for game: Otherworld
LogPlatformFile: Not using cached read wrapper
LogInit:Display: RandInit(-191292604) SRandInit(-191292602).
LogTaskGraph: Started task graph with 4 named threads and 9 total threads.
LogStats: Stats thread started at 0.119244
LogInit: Version: 4.11.2-2946394+++UE4+Release-4.11
LogInit: API Version: 2927265
LogInit: Compiled (64-bit): Apr 18 2016 02:18:46
LogInit: Compiled with Visual C++: 19.00.23026.00
LogInit: Build Configuration: Development
LogInit: Branch Name: ++UE4+Release-4.11
LogInit: Command line:  
LogInit: Base directory: C:/Program Files (x86)/Epic Games/4.11/Engine/Binaries/Win64/
LogInit: Installed Engine Build: 1
LogInit: Using libcurl 7.41.0
LogInit:  - built for x86_64-pc-win32
LogInit:  - supports SSL with WinSSL
LogInit:  - other features:
LogInit:      CURL_VERSION_SSL
LogInit:      CURL_VERSION_IPV6
LogInit:      CURL_VERSION_ASYNCHDNS
LogInit:      CURL_VERSION_LARGEFILE
LogInit:      CURL_VERSION_IDN
LogInit:  CurlRequestOptions (configurable via config and command line):
LogInit:  - bVerifyPeer = true  - Libcurl will verify peer certificate
LogInit:  - bUseHttpProxy = false  - Libcurl will NOT use HTTP proxy
LogInit:  - bDontReuseConnections = false  - Libcurl will reuse connections
LogInit:  - CertBundlePath = nullptr  - Libcurl will use whatever was configured at build time.
LogInit: Presizing for max 16777216 objects, including 0 objects not considered by GC, pre-allocating 0 bytes for permanent pool.
LogInit: Object subsystem initialized
[2016.05.11-01.29.55:635][  0]LogInit: Selected Device Profile: [Windows]
[2016.05.11-01.29.55:635][  0]LogInit: Applying CVar settings loaded from the selected device profile: [Windows]
[2016.05.11-01.29.55:648][  0]LogInit: Computer: AVA
[2016.05.11-01.29.55:648][  0]LogInit: User: alexa
[2016.05.11-01.29.55:648][  0]LogInit: CPU Page size=65536, Cores=6
[2016.05.11-01.29.55:648][  0]LogInit: High frequency timer resolution =2.734376 MHz
[2016.05.11-01.29.55:648][  0]LogMemory: Memory total: Physical=16.0GB (16GB approx)
[2016.05.11-01.29.55:648][  0]LogMemory: Platform Memory Stats for Windows
[2016.05.11-01.29.55:648][  0]LogMemory: Process Physical Memory: 313.55 MB used, 313.55 MB peak
[2016.05.11-01.29.55:648][  0]LogMemory: Process Virtual Memory: 315.09 MB used, 315.09 MB peak
[2016.05.11-01.29.55:648][  0]LogMemory: Physical Memory: 4527.81 MB used, 16383.17 MB total
[2016.05.11-01.29.55:648][  0]LogMemory: Virtual Memory: 653.75 MB used, 134217728.00 MB total
[2016.05.11-01.29.55:709][  0]LogTextLocalizationManager: No specific translations for ('en-US') exist, so ('en') translations will be used.
[2016.05.11-01.29.56:332][  0]LogD3D11RHI: D3D11 adapters:
[2016.05.11-01.29.56:376][  0]LogD3D11RHI:    0. 'NVIDIA GeForce GTX 970' (Feature Level 11_0)
[2016.05.11-01.29.56:376][  0]LogD3D11RHI:       4007MB of dedicated video memory, 0MB of dedicated system memory, and 8191MB of shared system memory, 2 output[s]
[2016.05.11-01.29.56:380][  0]LogD3D11RHI:    1. 'Microsoft Basic Render Driver' (Feature Level 11_0)
[2016.05.11-01.29.56:380][  0]LogD3D11RHI:       0MB of dedicated video memory, 0MB of dedicated system memory, and 8191MB of shared system memory, 0 output[s]
[2016.05.11-01.29.56:380][  0]LogD3D11RHI: Chosen D3D11 Adapter: 0
[2016.05.11-01.29.56:387][  0]LogD3D11RHI: Creating new Direct3DDevice
[2016.05.11-01.29.56:387][  0]LogD3D11RHI:     Adapter Name: NVIDIA GeForce GTX 970
[2016.05.11-01.29.56:387][  0]LogD3D11RHI:   Driver Version: Unknown (internal Unknown)
[2016.05.11-01.29.56:387][  0]LogD3D11RHI:      Driver Date: Unknown
[2016.05.11-01.29.56:387][  0]LogRHI: Texture pool is 1361 MB (70% of 1945 MB)
[2016.05.11-01.29.56:408][  0]LogD3D11RHI: Async texture creation enabled
[2016.05.11-01.29.56:421][  0]LogShaderCompilers: Guid format shader working directory is -14 characters bigger than the processId version (../../../../../../Users/alexa/Documents/Otherworld/Otherworld/Intermediate/Shaders/WorkingDirectory/980/).
[2016.05.11-01.29.56:421][  0]LogShaderCompilers: Cleaned the shader compiler working directory 'C:/Users/alexa/AppData/Local/Temp/UnrealShaderWorkingDir/1C49CCFB4EF3B46C2682D5984C3A3E8B/'.
[2016.05.11-01.29.56:421][  0]LogShaderCompilers:Display: Using Local Shader Compiler.
[2016.05.11-01.29.58:116][  0]LogTemp:Display: Loaded TP AllDesktopTargetPlatform
[2016.05.11-01.29.58:127][  0]LogTemp:Display: Loaded TP WindowsClientTargetPlatform
[2016.05.11-01.29.58:137][  0]LogTemp:Display: Loaded TP WindowsNoEditorTargetPlatform
[2016.05.11-01.29.58:148][  0]LogTemp:Display: Loaded TP WindowsServerTargetPlatform
[2016.05.11-01.29.58:158][  0]LogTemp:Display: Loaded TP WindowsTargetPlatform
[2016.05.11-01.29.58:165][  0]LogTemp:Display: Loaded TP AndroidTargetPlatform
[2016.05.11-01.29.58:172][  0]LogTemp:Display: Loaded TP Android_ASTCTargetPlatform
[2016.05.11-01.29.58:179][  0]LogTemp:Display: Loaded TP Android_ATCTargetPlatform
[2016.05.11-01.29.58:187][  0]LogTemp:Display: Loaded TP Android_DXTTargetPlatform
[2016.05.11-01.29.58:194][  0]LogTemp:Display: Loaded TP Android_ETC1TargetPlatform
[2016.05.11-01.29.58:201][  0]LogTemp:Display: Loaded TP Android_ETC2TargetPlatform
[2016.05.11-01.29.58:216][  0]LogTemp:Display: Loaded TP Android_MultiTargetPlatform
[2016.05.11-01.29.58:216][  0]LogTemp:Display: Loaded TP Android_PVRTCTargetPlatform
[2016.05.11-01.29.58:218][  0]LogTemp:Display: Loaded TP HTML5TargetPlatform
[2016.05.11-01.29.58:243][  0]LogTemp:Display: Loaded TP IOSTargetPlatform
[2016.05.11-01.29.58:248][  0]LogTemp:Display: Loaded TP TVOSTargetPlatform
[2016.05.11-01.29.58:254][  0]LogTemp:Display: Loaded TP LinuxNoEditorTargetPlatform
[2016.05.11-01.29.58:260][  0]LogTemp:Display: Loaded TP LinuxServerTargetPlatform
[2016.05.11-01.29.58:267][  0]LogTemp:Display: Loaded TP LinuxTargetPlatform
[2016.05.11-01.29.58:267][  0]LogTargetPlatformManager:Display: Building Assets For Windows
[2016.05.11-01.29.58:421][  0]LogDerivedDataCache:Display: Max Cache Size: 512 MB
[2016.05.11-01.29.58:518][  0]LogDerivedDataCache: Loaded boot cache 0.10s 46MB C:/Users/alexa/AppData/Local/UnrealEngine/4.11/DerivedDataCache/Boot.ddc.
[2016.05.11-01.29.58:518][  0]LogDerivedDataCache:Display: Loaded Boot cache: C:/Users/alexa/AppData/Local/UnrealEngine/4.11/DerivedDataCache/Boot.ddc
[2016.05.11-01.29.58:519][  0]LogDerivedDataCache: FDerivedDataBackendGraph:  Pak pak cache file ../../../../../../Users/alexa/Documents/Otherworld/Otherworld/DerivedDataCache/DDC.ddp not found, will not use a pak cache.
[2016.05.11-01.29.58:519][  0]LogDerivedDataCache: Unable to find inner node Pak for hierarchical cache Hierarchy.
[2016.05.11-01.29.58:519][  0]LogDerivedDataCache: FDerivedDataBackendGraph:  CompressedPak pak cache file ../../../../../../Users/alexa/Documents/Otherworld/Otherworld/DerivedDataCache/Compressed.ddp not found, will not use a pak cache.
[2016.05.11-01.29.58:519][  0]LogDerivedDataCache: Unable to find inner node CompressedPak for hierarchical cache Hierarchy.
[2016.05.11-01.29.58:544][  0]LogDerivedDataCache:Display: Pak cache opened for reading ../../../Engine/DerivedDataCache/Compressed.ddp.
[2016.05.11-01.29.58:556][  0]LogDerivedDataCache: Using Local data cache path C:/Users/alexa/AppData/Local/UnrealEngine/Common/DerivedDataCache: Writable
[2016.05.11-01.29.58:818][  0]LogInit: Selected Device Profile: [Windows]
[2016.05.11-01.29.58:820][  0]LogContentStreaming: Texture pool size is 0.00 MB
[2016.05.11-01.29.58:882][  0]LogMaterial: Uniform references updated for custom material expression Custom.
[2016.05.11-01.29.59:066][  0]LogMeshUtilities: No automatic mesh reduction module available
[2016.05.11-01.29.59:066][  0]LogMeshUtilities: No automatic mesh merging module available
[2016.05.11-01.29.59:067][  0]LogMeshUtilities: No distributed automatic mesh merging module available
[2016.05.11-01.29.59:459][  0]LogUObjectArray: 27679 objects as part of root set at end of initial load.
[2016.05.11-01.29.59:459][  0]LogUObjectAllocator: 5591592 out of 0 bytes used by permanent object pool.
[2016.05.11-01.29.59:459][  0]LogUObjectArray: CloseDisregardForGC: 0/0 objects in disregard for GC pool
[2016.05.11-01.29.59:473][  0]LogInit: WinSock: version 1.1 (2.2), MaxSocks=32767, MaxUdp=65467
[2016.05.11-01.29.59:655][  0]LogSlate: SlateFontCache - WITH_FREETYPE: 1, WITH_HARFBUZZ: 1
[2016.05.11-01.29.59:655][  0]LogSlate: SlateFontCache - WITH_FREETYPE: 1, WITH_HARFBUZZ: 1
[2016.05.11-01.29.59:797][  0]LogStreaming:Warning: Failed to read file '../../../Engine/Content/Editor/Slate/Common/Selection_16x.png' error.
[2016.05.11-01.29.59:797][  0]LogSlate: Could not find file for Slate resource: ../../../Engine/Content/Editor/Slate/Common/Selection_16x.png
[2016.05.11-01.29.59:797][  0]LogStreaming:Warning: Failed to read file '../../../Engine/Content/Editor/Slate/Common/Selection_16x.png' error.
[2016.05.11-01.29.59:797][  0]LogSlate: Could not find file for Slate resource: ../../../Engine/Content/Editor/Slate/Common/Selection_16x.png
[2016.05.11-01.29.59:797][  0]LogStreaming:Warning: Failed to read file '../../../Engine/Content/Editor/Slate/Common/Selection_16x.png' error.
[2016.05.11-01.29.59:797][  0]LogSlate: Could not find file for Slate resource: ../../../Engine/Content/Editor/Slate/Common/Selection_16x.png
[2016.05.11-01.30.00:603][  0]LogUdpMessaging: Initializing bridge on interface 0.0.0.0:0 to multicast group 230.0.0.1:6666.
[2016.05.11-01.30.00:728][  0]LogAssetRegistry: FAssetRegistry took 0.0221 seconds to start up
[2016.05.11-01.30.00:976][  0]SourceControl: Info Source control is disabled
[2016.05.11-01.30.00:978][  0]SourceControl: Info Source control is disabled
[2016.05.11-01.30.00:995][  0]SourceControl: Info Source control is disabled
[2016.05.11-01.30.01:011][  0]SourceControl: Info Source control is disabled
[2016.05.11-01.30.01:259][  0]LogHMD: Failed to initialize OpenVR with code 110
[2016.05.11-01.30.01:373][  0]LogEngine: Initializing Engine...
[2016.05.11-01.30.01:597][  0]LogAIModule: Creating AISystem for world NewWorld
[2016.05.11-01.30.01:621][  0]LogInit: XAudio2 using 'Speakers (Ear Force Stealth 450)' : 8 channels at 48 kHz using 16 bits per sample (channel mask 0x63f)
[2016.05.11-01.30.01:653][  0]LogInit: FAudioDevice initialized.
[2016.05.11-01.30.01:696][  0]LogDerivedDataCache: Saved boot cache 0.04s 46MB C:/Users/alexa/AppData/Local/UnrealEngine/4.11/DerivedDataCache/Boot.ddc.
[2016.05.11-01.30.01:709][  0]LogInit: Texture streaming: Enabled
[2016.05.11-01.30.01:757][  0]LogInit: Transaction tracking system initialized
[2016.05.11-01.30.01:809][  0]BlueprintLog: New page: Editor Load
[2016.05.11-01.30.01:977][  0]LocalizationService: Info Localization service is disabled
[2016.05.11-01.30.02:117][  0]LogConsoleResponse:Display: 
[2016.05.11-01.30.02:269][  0]LogCook:Display: Max memory allowance for cook 8192mb
[2016.05.11-01.30.02:269][  0]LogCook:Display: Mobile HDR setting 1
[2016.05.11-01.30.02:269][  0]LogCook:Display: Done creating registry. It took  0.00s.
[2016.05.11-01.30.02:373][  0]LogFileCache: Scanning file cache for directory 'C:/Users/alexa/Documents/Otherworld/Otherworld/Content/' took 0.01s
[2016.05.11-01.30.02:373][  0]SourceControl: Info Source control is disabled
[2016.05.11-01.30.02:373][  0]Cmd: MAP LOAD FILE="../../../../../../Users/alexa/Documents/Otherworld/Otherworld/Content/ThirdPersonBP/Maps/ThirdPersonExampleMap.umap" TEMPLATE=0 SHOWPROGRESS=1 FEATURELEVEL=3
[2016.05.11-01.30.02:374][  0]LightingResults: New page: Lighting Build
[2016.05.11-01.30.02:380][  0]MapCheck: New page: Map Check
[2016.05.11-01.30.02:380][  0]LightingResults: New page: Lighting Build
[2016.05.11-01.30.02:754][  0]LogProperty:Error: UStructProperty::Serialize Loading: Property 'StructProperty /Game/Actors/Pickup.Pickup_C:ItemData'. Unknown structure.
[2016.05.11-01.30.02:755][  0]LogClass:Warning: Property ItemData of Pickup_C has a struct type mismatch (tag STRUCT_REINST_ItemData_20 != prop FallbackStruct) in package:  ../../../../../../Users/alexa/Documents/Otherworld/Otherworld/Content/Actors/Pickup.uasset. If that struct got renamed, add an entry to ActiveStructRedirects.
[2016.05.11-01.30.02:761][  0]LogClass:Warning: Property ItemData of Pickup_C has a struct type mismatch (tag FallbackStruct != prop ItemData) in package:  FObjectReader. If that struct got renamed, add an entry to ActiveStructRedirects.
[2016.05.11-01.30.03:685][  0]LogTexture:Display: Building textures: RpgCrosshair (AutoDXT)
[2016.05.11-01.30.03:892][  0]LogAIModule: Creating AISystem for world ThirdPersonExampleMap
[2016.05.11-01.30.03:900][  0]AnimBlueprint:Warning: Warning SLOTNODE: 'DefaultSlot' in animation instance class PlayerAnimBP_C already exists. Remove duplicates from the animation graph for this class.
[2016.05.11-01.30.03:908][  0]LogEditorServer: Finished looking for orphan Actors (0.000 secs)
[2016.05.11-01.30.03:909][  0]Cmd: MAP CHECKDEP NOCLEARLOG
[2016.05.11-01.30.03:989][  0]MapCheck: Info Map check complete: 0 Error(s), 0 Warning(s), took 80.285ms to complete.
[2016.05.11-01.30.03:989][  0]LogFileHelpers: Loading map 'ThirdPersonExampleMap' took 1.616
[2016.05.11-01.30.04:161][  0]LogCollectionManager: Loaded 0 collections in 0.003874 seconds
[2016.05.11-01.30.04:213][  0]LogFileCache: Scanning file cache for directory 'C:/Users/alexa/Documents/Otherworld/Otherworld/Saved/Collections/' took 0.01s
[2016.05.11-01.30.04:213][  0]LogFileCache: Scanning file cache for directory 'C:/Users/alexa/Documents/Otherworld/Otherworld/Content/Developers/alexa/Collections/' took 0.01s
[2016.05.11-01.30.04:213][  0]LogFileCache: Scanning file cache for directory 'C:/Users/alexa/Documents/Otherworld/Otherworld/Content/Collections/' took 0.01s
[2016.05.11-01.30.04:213][  0]LogCollectionManager: Rebuilt the GUID cache for 0 collections in 0.000003 seconds
[2016.05.11-01.30.04:227][  0]LogContentBrowser: Native class hierarchy populated in 0.0132 seconds. Added 1979 classes and 343 folders.
[2016.05.11-01.30.04:233][  0]LogStats: UGameplayTagsManager::ConstructGameplayTagTree: Construct from data asset -  0.000 s
[2016.05.11-01.30.04:233][  0]LogStats: UGameplayTagsManager::ConstructGameplayTagTree: GameplayTagTreeChangedEvent.Broadcast -  0.000 s
[2016.05.11-01.30.04:234][  0]LogContentBrowser: Native class hierarchy updated for 'GameplayTags' in 0.0007 seconds. Added 12 classes and 0 folders.
[2016.05.11-01.30.04:244][  0]LogContentBrowser: Native class hierarchy updated for 'WidgetCarousel' in 0.0005 seconds. Added 0 classes and 0 folders.
[2016.05.11-01.30.04:255][  0]LogContentBrowser: Native class hierarchy updated for 'SuperSearch' in 0.0006 seconds. Added 1 classes and 2 folders.
[2016.05.11-01.30.04:308][  0]LogContentBrowser: Native class hierarchy updated for 'AddContentDialog' in 0.0006 seconds. Added 0 classes and 0 folders.
[2016.05.11-01.30.04:317][  0]LogContentBrowser: Native class hierarchy updated for 'SceneOutliner' in 0.0006 seconds. Added 1 classes and 2 folders.
[2016.05.11-01.30.04:349][  0]LogCrashTracker: Crashtracker disabled due to settings.
[2016.05.11-01.30.04:357][  0]LogUObjectGlobals:Warning: Failed to find object 'Class None.'
[2016.05.11-01.30.04:387][  0]LogContentBrowser: Native class hierarchy updated for 'HierarchicalLODOutliner' in 0.0006 seconds. Added 1 classes and 2 folders.
[2016.05.11-01.30.04:388][  0]LogLoad: Full Startup: 10.07 seconds (BP compile: 0.39 seconds)
[2016.05.11-01.30.04:388][  0]LogExternalProfiler: Found external profiler: VSPerf
[2016.05.11-01.30.04:388][  0]LogExternalProfiler: Using external profiler: VSPerf
[2016.05.11-01.30.04:397][  0]LogOcInput: OculusInput pre-init called
[2016.05.11-01.30.04:450][  0]LogContentStreaming: Texture pool size now 1000 MB
[2016.05.11-01.30.04:691][  0]LogRenderer: Reallocating scene render targets to support 1208x576 (Frame:2).
[2016.05.11-01.30.04:871][  1]LogAssetRegistry: Asset discovery search completed in 4.1656 seconds
[2016.05.11-01.30.04:871][  1]LogCollectionManager: Rebuilt the object cache for 0 collections in 0.000001 seconds (found 0 objects)
[2016.05.11-01.30.04:871][  1]LogCollectionManager: Fixed up redirectors for 0 collections in 0.000028 seconds (updated 0 objects)
[2016.05.11-01.30.37:190][609]LogFactory: FactoryCreateBinary: StaticMesh with FbxFactory (0 0 ../../../../../../Users/alexa/Documents/BlenderModels/Player_model/player_model.fbx)
[2016.05.11-01.30.37:229][609]LogFbx: ItemName: GlobalSettings, ItemCount : 1
[2016.05.11-01.30.37:229][609]LogFbx: ItemName: NodeAttribute, ItemCount : 74
[2016.05.11-01.30.37:229][609]LogFbx: ItemName: Geometry, ItemCount : 3
[2016.05.11-01.30.37:229][609]LogFbx: ItemName: Model, ItemCount : 77
[2016.05.11-01.30.37:229][609]LogFbx: ItemName: Pose, ItemCount : 3
[2016.05.11-01.30.37:229][609]LogFbx: ItemName: Deformer, ItemCount : 220
[2016.05.11-01.30.37:229][609]LogFbx: ItemName: Material, ItemCount : 3
[2016.05.11-01.30.37:229][609]LogFbx: ItemName: Texture, ItemCount : 2
[2016.05.11-01.30.37:229][609]LogFbx: ItemName: Video, ItemCount : 2
[2016.05.11-01.30.37:229][609]LogFbx: ItemName: AnimationStack, ItemCount : 15
[2016.05.11-01.30.37:229][609]LogFbx: ItemName: AnimationLayer, ItemCount : 15
[2016.05.11-01.30.37:229][609]LogFbx: ItemName: AnimationCurveNode, ItemCount : 3111
[2016.05.11-01.30.37:229][609]LogFbx: ItemName: AnimationCurve, ItemCount : 9333
[2016.05.11-01.30.37:239][609]LogFbx: Loading FBX Scene from ../../../../../../Users/alexa/Documents/BlenderModels/Player_model/player_model.fbx
[2016.05.11-01.30.37:891][609]LogFbx: FBX Scene Loaded Succesfully
[2016.05.11-01.30.43:396][609]LogFbx: Loading FBX Scene from ../../../../../../Users/alexa/Documents/BlenderModels/Player_model/player_model.fbx
[2016.05.11-01.30.44:083][609]LogFbx: FBX Scene Loaded Succesfully
[2016.05.11-01.30.44:135][609]LogFbx: =================================================
[2016.05.11-01.30.44:135][609]LogFbx: Dumping Node START [Eyes] 
[2016.05.11-01.30.44:135][609]LogFbx: 	Total Deformer Count 1251076576.
[2016.05.11-01.30.44:135][609]LogFbx: 		[Node 1] player (Type Skin).
[2016.05.11-01.30.44:135][609]LogFbx: =================================================
[2016.05.11-01.30.44:135][609]LogFbx: 	Attribute (player_model-highpolyeyes) Type (4).
[2016.05.11-01.30.44:135][609]LogFbx: 		[Node Attribute Child 1] Eyes (Type Mesh).
[2016.05.11-01.30.44:135][609]LogFbx: Dumping Node END [Eyes]
[2016.05.11-01.30.44:135][609]LogFbx: =================================================
[2016.05.11-01.30.44:135][609]LogFbx: Dumping Node START [Hair] 
[2016.05.11-01.30.44:135][609]LogFbx: 	Total Deformer Count 1251076576.
[2016.05.11-01.30.44:135][609]LogFbx: 		[Node 1] player (Type Skin).
[2016.05.11-01.30.44:135][609]LogFbx: =================================================
[2016.05.11-01.30.44:135][609]LogFbx: 	Attribute (player_model-mhair02) Type (4).
[2016.05.11-01.30.44:135][609]LogFbx: 		[Node Attribute Child 1] Hair (Type Mesh).
[2016.05.11-01.30.44:135][609]LogFbx: Dumping Node END [Hair]
[2016.05.11-01.30.44:135][609]LogFbx: =================================================
[2016.05.11-01.30.44:135][609]LogFbx: Dumping Node START [Body] 
[2016.05.11-01.30.44:135][609]LogFbx: 	Total Deformer Count 1251076576.
[2016.05.11-01.30.44:135][609]LogFbx: 		[Node 1] player (Type Skin).
[2016.05.11-01.30.44:135][609]LogFbx: =================================================
[2016.05.11-01.30.44:135][609]LogFbx: 	Attribute (player_model-base) Type (4).
[2016.05.11-01.30.44:135][609]LogFbx: 		[Node Attribute Child 1] Body (Type Mesh).
[2016.05.11-01.30.44:135][609]LogFbx: Dumping Node END [Body]
[2016.05.11-01.30.44:137][609]LogFbx: =================================================
[2016.05.11-01.30.44:137][609]LogFbx: Dumping Node START [Eyes] 
[2016.05.11-01.30.44:137][609]LogFbx: 	Total Deformer Count 1251076576.
[2016.05.11-01.30.44:137][609]LogFbx: 		[Node 1] player (Type Skin).
[2016.05.11-01.30.44:137][609]LogFbx: =================================================
[2016.05.11-01.30.44:137][609]LogFbx: 	Attribute (player_model-highpolyeyes) Type (4).
[2016.05.11-01.30.44:137][609]LogFbx: 		[Node Attribute Child 1] Eyes (Type Mesh).
[2016.05.11-01.30.44:137][609]LogFbx: Dumping Node END [Eyes]
[2016.05.11-01.30.44:137][609]LogFbx: =================================================
[2016.05.11-01.30.44:137][609]LogFbx: Dumping Node START [Hair] 
[2016.05.11-01.30.44:137][609]LogFbx: 	Total Deformer Count 1251076576.
[2016.05.11-01.30.44:137][609]LogFbx: 		[Node 1] player (Type Skin).
[2016.05.11-01.30.44:137][609]LogFbx: =================================================
[2016.05.11-01.30.44:138][609]LogFbx: 	Attribute (player_model-mhair02) Type (4).
[2016.05.11-01.30.44:138][609]LogFbx: 		[Node Attribute Child 1] Hair (Type Mesh).
[2016.05.11-01.30.44:138][609]LogFbx: Dumping Node END [Hair]
[2016.05.11-01.30.44:138][609]LogFbx: =================================================
[2016.05.11-01.30.44:138][609]LogFbx: Dumping Node START [Body] 
[2016.05.11-01.30.44:138][609]LogFbx: 	Total Deformer Count 1251076576.
[2016.05.11-01.30.44:138][609]LogFbx: 		[Node 1] player (Type Skin).
[2016.05.11-01.30.44:138][609]LogFbx: =================================================
[2016.05.11-01.30.44:138][609]LogFbx: 	Attribute (player_model-base) Type (4).
[2016.05.11-01.30.44:138][609]LogFbx: 		[Node Attribute Child 1] Body (Type Mesh).
[2016.05.11-01.30.44:138][609]LogFbx: Dumping Node END [Body]
[2016.05.11-01.30.44:142][609]LogFbx: Valid bind pose for Pose (player_model-highpolyeyes) - Eyes
[2016.05.11-01.30.44:143][609]LogFbx: Valid bind pose for Pose (player_model-mhair02) - Eyes
[2016.05.11-01.30.44:144][609]LogFbx: Valid bind pose for Pose (player_model-base) - Eyes
[2016.05.11-01.30.44:150][609]LogFbx: Triangulating skeletal mesh Eyes
[2016.05.11-01.30.45:050][609]LogFbx: Triangulating skeletal mesh Hair
[2016.05.11-01.30.46:576][609]LogFbx: Triangulating skeletal mesh Body
[2016.05.11-01.30.58:588][609]LogFbx:Warning: Bones digested - 93  Depth of hierarchy - 16
[2016.05.11-01.30.59:778][609]LogSkeletalMesh: Chunk 0: 934 rigid vertices, 130 soft vertices, 6 active bones
[2016.05.11-01.30.59:779][609]LogSkeletalMesh: Chunk 1: 2160 rigid vertices, 191 soft vertices, 5 active bones
[2016.05.11-01.30.59:781][609]LogSkeletalMesh: Chunk 2: 7181 rigid vertices, 7332 soft vertices, 68 active bones
[2016.05.11-01.30.59:878][609]LogSkeletalMesh: Section 0: Material=0, Chunk=0, 2040 triangles
[2016.05.11-01.30.59:878][609]LogSkeletalMesh: Section 1: Material=1, Chunk=1, 3460 triangles
[2016.05.11-01.30.59:878][609]LogSkeletalMesh: Section 2: Material=2, Chunk=2, 26754 triangles
[2016.05.11-01.30.59:911][609]AnimBlueprint:Warning: Warning SLOTNODE: 'DefaultSlot' in animation instance class PlayerAnimBP_C already exists. Remove duplicates from the animation graph for this class.
[2016.05.11-01.31.00:889][609]FBXImport:Warning: Warning Warning: No smoothing group information was found in this FBX scene.  Please make sure to enable the 'Export Smoothing Groups' option in the FBX Exporter plug-in before exporting the file.  Even for tools that don't support smoothing groups, the FBX Exporter will generate appropriate smoothing data at export-time so that correct vertex normals can be inferred while importing. 
[2016.05.11-01.31.00:889][609]FBXImport:Warning: Warning The following bones are missing from the bind pose:
toe_L_end  
toe_R_end  
f_pinky_03_R_end  
f_middle_03_R_end  
f_ring_03_R_end  
thumb_03_R_end  
f_index_03_R_end  
f_pinky_03_L_end  
f_index_03_L_end  
f_ring_03_L_end  
f_middle_03_L_end  
thumb_03_L_end  
tongue_tip_end  
uplid_L_end  
eye_R_end  
eye_L_end  
lolid_L_end  
uplid_R_end  
lolid_R_end  

This can happen for bones that are not vert weighted. If they are not in the correct orientation after importing,
please set the "Use T0 as ref pose" option or add them to the bind pose and reimport the skeletal mesh. 
[2016.05.11-01.31.20:432][476]LogFactory: FactoryCreateBinary: Texture with ReimportTextureFactory (0 0 ../../../../../../Users/alexa/Documents/makehuman/v1/exports/textures/brown_eye.png)
[2016.05.11-01.31.20:539][476]LogTexture:Display: Building textures: brown_eye (AutoDXT)
[2016.05.11-01.31.21:830][476]LogFactory: FactoryCreateBinary: Texture with ReimportTextureFactory (0 0 ../../../../../../Users/alexa/Documents/makehuman/v1/exports/textures/male02_diffuse_black.png)
[2016.05.11-01.31.22:399][476]LogTexture:Display: Building textures: male02_diffuse_black (AutoDXT)
[2016.05.11-01.31.27:953][476]LogFactory: FactoryCreateBinary: Texture with ReimportTextureFactory (0 0 ../../../../../../Users/alexa/Documents/makehuman/v1/exports/textures/young_lightskinned_male_diffuse.png)
[2016.05.11-01.31.28:485][476]LogTexture:Display: Building textures: young_lightskinned_male_diffuse (AutoDXT)
[2016.05.11-01.32.06:579][ 14]LogMaterial: Missing cached shader map for material brown_eye_material, compiling. 
[2016.05.11-01.32.06:713][ 14]LogMaterial: Missing cached shader map for material brown_eye_material, compiling. 
[2016.05.11-01.32.06:723][ 14]LogMaterial: 0.00 seconds spent updating 1 materials, 1 interfaces, 0 instances, 0 with static permutations.
[2016.05.11-01.32.08:350][ 90]LogMaterial: Missing cached shader map for material brown_eye_material, compiling. 
[2016.05.11-01.32.08:361][ 90]LogMaterial: 0.00 seconds spent updating 1 materials, 1 interfaces, 0 instances, 0 with static permutations.
[2016.05.11-01.32.08:363][ 90]LogMaterial: Missing cached shader map for material FMatExpressionPreview MaterialExpressionTextureSample_0, compiling. 
[2016.05.11-01.32.08:395][ 90]LogMaterial: Missing cached shader map for material FMatExpressionPreview MaterialExpressionTextureSample_0, compiling. 
[2016.05.11-01.32.11:155][241]MaterialEditorStats: Info Base pass shader with only dynamic lighting: 22 instructions
[2016.05.11-01.32.11:155][241]MaterialEditorStats: Info Vertex shader: 29 instructions
[2016.05.11-01.32.11:155][241]MaterialEditorStats: Info Texture samplers: 0/16
[2016.05.11-01.32.12:368][313]LogMaterial: Missing cached shader map for material brown_eye_material, compiling. 
[2016.05.11-01.32.12:379][313]LogMaterial: 0.00 seconds spent updating 1 materials, 1 interfaces, 0 instances, 0 with static permutations.
[2016.05.11-01.32.12:410][313]LogMaterial: Missing cached shader map for material FMatExpressionPreview MaterialExpressionTextureSample_0, compiling. 
[2016.05.11-01.32.13:781][388]LogMaterialEditor: Saving and Compiling material brown_eye_material
[2016.05.11-01.32.14:786][388]LogMaterial: Missing cached shader map for material brown_eye_material, compiling. 
[2016.05.11-01.32.14:816][388]LogMaterial: 0.00 seconds spent updating 1 materials, 1 interfaces, 0 instances, 0 with static permutations.
[2016.05.11-01.32.14:857][388]LogMaterial: Missing cached shader map for material brown_eye_material, compiling. 
[2016.05.11-01.32.14:887][388]LogMaterial: Missing cached shader map for material brown_eye_material, compiling. 
[2016.05.11-01.32.14:902][388]LogMaterial: 0.00 seconds spent updating 1 materials, 1 interfaces, 0 instances, 0 with static permutations.
[2016.05.11-01.32.20:588][388]LogSavePackage: Save=16.53ms
[2016.05.11-01.32.20:588][388]LogSavePackage: Moving '../../../../../../Users/alexa/Documents/Otherworld/Otherworld/Saved/brown_eye_materialA5E0B5484A985F528CC7B6984DBAF956.tmp' to '../../../../../../Users/alexa/Documents/Otherworld/Otherworld/Content/Models/Player_model/Materials/brown_eye_material.uasset'
[2016.05.11-01.32.20:594][388]LogSavePackage: Total save time: 22.50ms
[2016.05.11-01.32.20:594][388]LogSavePackage:Display: Finished SavePackage ../../../../../../Users/alexa/Documents/Otherworld/Otherworld/Content/Models/Player_model/Materials/brown_eye_material.uasset
[2016.05.11-01.32.20:601][388]MaterialEditorStats: Info Base pass shader with only dynamic lighting: 59 instructions
[2016.05.11-01.32.20:601][388]MaterialEditorStats: Info Vertex shader: 31 instructions
[2016.05.11-01.32.20:601][388]MaterialEditorStats: Info Texture samplers: 4/16
[2016.05.11-01.33.28:209][610]LogMaterial: Missing cached shader map for material black_hair_material, compiling. 
[2016.05.11-01.33.28:282][610]LogMaterial: Missing cached shader map for material black_hair_material, compiling. 
[2016.05.11-01.33.28:292][610]LogMaterial: 0.00 seconds spent updating 1 materials, 1 interfaces, 0 instances, 0 with static permutations.
[2016.05.11-01.33.29:590][670]LogMaterial: Missing cached shader map for material black_hair_material, compiling. 
[2016.05.11-01.33.29:599][670]LogMaterial: 0.00 seconds spent updating 1 materials, 1 interfaces, 0 instances, 0 with static permutations.
[2016.05.11-01.33.29:601][670]LogMaterial: Missing cached shader map for material FMatExpressionPreview MaterialExpressionTextureSample_1, compiling. 
[2016.05.11-01.33.29:633][670]LogMaterial: Missing cached shader map for material FMatExpressionPreview MaterialExpressionTextureSample_1, compiling. 
[2016.05.11-01.33.31:743][786]LogMaterial: Missing cached shader map for material black_hair_material, compiling. 
[2016.05.11-01.33.31:754][786]LogMaterial: 0.00 seconds spent updating 1 materials, 1 interfaces, 0 instances, 0 with static permutations.
[2016.05.11-01.33.31:784][786]LogMaterial: Missing cached shader map for material FMatExpressionPreview MaterialExpressionTextureSample_1, compiling. 
[2016.05.11-01.33.32:840][844]LogMaterialEditor: Saving and Compiling material black_hair_material
[2016.05.11-01.33.33:856][844]LogMaterial: Missing cached shader map for material black_hair_material, compiling. 
[2016.05.11-01.33.33:881][844]LogMaterial: 0.00 seconds spent updating 1 materials, 1 interfaces, 0 instances, 0 with static permutations.
[2016.05.11-01.33.33:917][844]LogMaterial: Missing cached shader map for material black_hair_material, compiling. 
[2016.05.11-01.33.33:947][844]LogMaterial: Missing cached shader map for material black_hair_material, compiling. 
[2016.05.11-01.33.33:965][844]LogMaterial: 0.00 seconds spent updating 1 materials, 1 interfaces, 0 instances, 0 with static permutations.
[2016.05.11-01.33.40:130][844]LogSavePackage: Save=18.65ms
[2016.05.11-01.33.40:130][844]LogSavePackage: Moving '../../../../../../Users/alexa/Documents/Otherworld/Otherworld/Saved/black_hair_materialCCADFFE8468816BB3D3D6B83D28DA632.tmp' to '../../../../../../Users/alexa/Documents/Otherworld/Otherworld/Content/Models/Player_model/Materials/black_hair_material.uasset'
[2016.05.11-01.33.40:137][844]LogSavePackage: Total save time: 25.13ms
[2016.05.11-01.33.40:137][844]LogSavePackage:Display: Finished SavePackage ../../../../../../Users/alexa/Documents/Otherworld/Otherworld/Content/Models/Player_model/Materials/black_hair_material.uasset
[2016.05.11-01.33.40:148][844]MaterialEditorStats: Info Base pass shader with only dynamic lighting: 59 instructions
[2016.05.11-01.33.40:148][844]MaterialEditorStats: Info Vertex shader: 31 instructions
[2016.05.11-01.33.40:148][844]MaterialEditorStats: Info Texture samplers: 4/16
[2016.05.11-01.34.23:883][458]LogMaterial: Missing cached shader map for material Skin, compiling. 
[2016.05.11-01.34.23:957][458]LogMaterial: Missing cached shader map for material Skin, compiling. 
[2016.05.11-01.34.23:967][458]LogMaterial: 0.00 seconds spent updating 1 materials, 1 interfaces, 0 instances, 0 with static permutations.
[2016.05.11-01.34.25:126][511]LogMaterial: Missing cached shader map for material Skin, compiling. 
[2016.05.11-01.34.25:137][511]LogMaterial: 0.00 seconds spent updating 1 materials, 1 interfaces, 0 instances, 0 with static permutations.
[2016.05.11-01.34.25:138][511]LogMaterial: Missing cached shader map for material FMatExpressionPreview MaterialExpressionTextureSample_2, compiling. 
[2016.05.11-01.34.25:169][511]LogMaterial: Missing cached shader map for material FMatExpressionPreview MaterialExpressionTextureSample_2, compiling. 
[2016.05.11-01.34.27:111][613]LogMaterial: Missing cached shader map for material Skin, compiling. 
[2016.05.11-01.34.27:123][613]LogMaterial: 0.00 seconds spent updating 1 materials, 1 interfaces, 0 instances, 0 with static permutations.
[2016.05.11-01.34.27:151][613]LogMaterial: Missing cached shader map for material FMatExpressionPreview MaterialExpressionTextureSample_2, compiling. 
[2016.05.11-01.34.27:949][656]LogMaterialEditor: Saving and Compiling material Skin
[2016.05.11-01.34.28:959][656]LogMaterial: Missing cached shader map for material Skin, compiling. 
[2016.05.11-01.34.28:984][656]LogMaterial: 0.00 seconds spent updating 1 materials, 1 interfaces, 0 instances, 0 with static permutations.
[2016.05.11-01.34.29:016][656]LogMaterial: Missing cached shader map for material Skin, compiling. 
[2016.05.11-01.34.29:049][656]LogMaterial: Missing cached shader map for material Skin, compiling. 
[2016.05.11-01.34.29:064][656]LogMaterial: 0.00 seconds spent updating 1 materials, 1 interfaces, 0 instances, 0 with static permutations.
[2016.05.11-01.34.35:303][656]Cmd: OBJ SAVEPACKAGE PACKAGE="/Game/Models/Player_model/Materials/Skin" FILE="../../../../../../Users/alexa/Documents/Otherworld/Otherworld/Content/Models/Player_model/Materials/Skin.uasset" SILENT=true
[2016.05.11-01.34.35:323][656]LogSavePackage: Save=17.12ms
[2016.05.11-01.34.35:323][656]LogSavePackage: Moving '../../../../../../Users/alexa/Documents/Otherworld/Otherworld/Saved/Skin5B95099D4EB6198AE5A82E854C345425.tmp' to '../../../../../../Users/alexa/Documents/Otherworld/Otherworld/Content/Models/Player_model/Materials/Skin.uasset'
[2016.05.11-01.34.35:329][656]LogSavePackage: Total save time: 23.14ms
[2016.05.11-01.34.35:329][656]LogSavePackage:Display: Finished SavePackage ../../../../../../Users/alexa/Documents/Otherworld/Otherworld/Content/Models/Player_model/Materials/Skin.uasset
[2016.05.11-01.34.35:336][656]MaterialEditorStats: Info Base pass shader with only dynamic lighting: 59 instructions
[2016.05.11-01.34.35:336][656]MaterialEditorStats: Info Vertex shader: 31 instructions
[2016.05.11-01.34.35:336][656]MaterialEditorStats: Info Texture samplers: 4/16
[2016.05.11-01.34.48:341][768]AnimBlueprint:Warning: Warning SLOTNODE: 'DefaultSlot' in animation instance class PlayerAnimBP_C already exists. Remove duplicates from the animation graph for this class.
[2016.05.11-01.34.48:341][768]AnimBlueprint:Warning: Warning SLOTNODE: 'DefaultSlot' in animation instance class PlayerAnimBP_C already exists. Remove duplicates from the animation graph for this class.
[2016.05.11-01.34.49:439][817]LogContentBrowser: Native class hierarchy updated for 'BlueprintGraph' in 0.0016 seconds. Added 108 classes and 0 folders.
[2016.05.11-01.34.50:388][817]AnimBlueprint:Warning: Warning SLOTNODE: 'DefaultSlot' in animation instance class PlayerAnimBP_C already exists. Remove duplicates from the animation graph for this class.
[2016.05.11-01.34.50:389][817]AnimBlueprint:Warning: Warning SLOTNODE: 'DefaultSlot' in animation instance class PlayerAnimBP_C already exists. Remove duplicates from the animation graph for this class.
[2016.05.11-01.34.52:669][944]AnimBlueprint:Warning: Warning SLOTNODE: 'DefaultSlot' in animation instance class PlayerAnimBP_C already exists. Remove duplicates from the animation graph for this class.
[2016.05.11-01.34.52:744][948]LogRenderer: Reallocating scene render targets to support 1208x636 (Frame:18855).
[2016.05.11-01.34.56:899][220]AnimBlueprint:Warning: Warning SLOTNODE: 'DefaultSlot' in animation instance class PlayerAnimBP_C already exists. Remove duplicates from the animation graph for this class.
[2016.05.11-01.34.56:905][220]AnimBlueprint:Warning: Warning SLOTNODE: 'DefaultSlot' in animation instance class PlayerAnimBP_C already exists. Remove duplicates from the animation graph for this class.
[2016.05.11-01.34.56:907][220]LogActorComponent: UnregisterComponent: (/Engine/Transient.CharMoveComp) Not registered. Aborting.
[2016.05.11-01.34.56:908][220]AnimBlueprint:Warning: Warning SLOTNODE: 'DefaultSlot' in animation instance class PlayerAnimBP_C already exists. Remove duplicates from the animation graph for this class.
[2016.05.11-01.34.56:908][220]LogMaterial:Warning: Material /Game/Models/Player_model/Materials/brown_eye_material.brown_eye_material needed to have new flag set bUsedWithSkeletalMesh !
[2016.05.11-01.34.56:912][220]LogMaterial: Missing cached shader map for material brown_eye_material, compiling. 
[2016.05.11-01.34.56:944][220]LogMaterial: 0.00 seconds spent updating 1 materials, 1 interfaces, 0 instances, 0 with static permutations.
[2016.05.11-01.34.56:946][220]AnimBlueprint:Warning: Warning SLOTNODE: 'DefaultSlot' in animation instance class PlayerAnimBP_C already exists. Remove duplicates from the animation graph for this class.
[2016.05.11-01.34.56:952][220]AnimBlueprint:Warning: Warning SLOTNODE: 'DefaultSlot' in animation instance class PlayerAnimBP_C already exists. Remove duplicates from the animation graph for this class.
[2016.05.11-01.34.56:952][220]AnimBlueprint:Warning: Warning SLOTNODE: 'DefaultSlot' in animation instance class PlayerAnimBP_C already exists. Remove duplicates from the animation graph for this class.
[2016.05.11-01.34.56:964][220]AnimBlueprint:Warning: Warning SLOTNODE: 'DefaultSlot' in animation instance class PlayerAnimBP_C already exists. Remove duplicates from the animation graph for this class.
[2016.05.11-01.35.04:682][756]AnimBlueprint:Warning: Warning SLOTNODE: 'DefaultSlot' in animation instance class PlayerAnimBP_C already exists. Remove duplicates from the animation graph for this class.
[2016.05.11-01.35.04:685][756]AnimBlueprint:Warning: Warning SLOTNODE: 'DefaultSlot' in animation instance class PlayerAnimBP_C already exists. Remove duplicates from the animation graph for this class.
[2016.05.11-01.35.04:688][756]LogActorComponent: UnregisterComponent: (/Engine/Transient.CharacterMovementComponent_0) Not registered. Aborting.
[2016.05.11-01.35.04:688][756]AnimBlueprint:Warning: Warning SLOTNODE: 'DefaultSlot' in animation instance class PlayerAnimBP_C already exists. Remove duplicates from the animation graph for this class.
[2016.05.11-01.35.04:689][756]LogMaterial:Warning: Material /Game/Models/Player_model/Materials/black_hair_material.black_hair_material needed to have new flag set bUsedWithSkeletalMesh !
[2016.05.11-01.35.04:692][756]LogMaterial: Missing cached shader map for material black_hair_material, compiling. 
[2016.05.11-01.35.04:729][756]LogMaterial: 0.00 seconds spent updating 1 materials, 1 interfaces, 0 instances, 0 with static permutations.
[2016.05.11-01.35.04:732][756]AnimBlueprint:Warning: Warning SLOTNODE: 'DefaultSlot' in animation instance class PlayerAnimBP_C already exists. Remove duplicates from the animation graph for this class.
[2016.05.11-01.35.04:739][756]AnimBlueprint:Warning: Warning SLOTNODE: 'DefaultSlot' in animation instance class PlayerAnimBP_C already exists. Remove duplicates from the animation graph for this class.
[2016.05.11-01.35.04:740][756]AnimBlueprint:Warning: Warning SLOTNODE: 'DefaultSlot' in animation instance class PlayerAnimBP_C already exists. Remove duplicates from the animation graph for this class.
[2016.05.11-01.35.04:751][756]AnimBlueprint:Warning: Warning SLOTNODE: 'DefaultSlot' in animation instance class PlayerAnimBP_C already exists. Remove duplicates from the animation graph for this class.
[2016.05.11-01.35.11:125][173]AnimBlueprint:Warning: Warning SLOTNODE: 'DefaultSlot' in animation instance class PlayerAnimBP_C already exists. Remove duplicates from the animation graph for this class.
[2016.05.11-01.35.11:128][173]AnimBlueprint:Warning: Warning SLOTNODE: 'DefaultSlot' in animation instance class PlayerAnimBP_C already exists. Remove duplicates from the animation graph for this class.
[2016.05.11-01.35.11:130][173]LogActorComponent: UnregisterComponent: (/Engine/Transient.CharacterMovementComponent_1) Not registered. Aborting.
[2016.05.11-01.35.11:131][173]AnimBlueprint:Warning: Warning SLOTNODE: 'DefaultSlot' in animation instance class PlayerAnimBP_C already exists. Remove duplicates from the animation graph for this class.
[2016.05.11-01.35.11:131][173]LogMaterial:Warning: Material /Game/Models/Player_model/Materials/Skin.Skin needed to have new flag set bUsedWithSkeletalMesh !
[2016.05.11-01.35.11:135][173]LogMaterial: Missing cached shader map for material Skin, compiling. 
[2016.05.11-01.35.11:167][173]LogMaterial: 0.00 seconds spent updating 1 materials, 1 interfaces, 0 instances, 0 with static permutations.
[2016.05.11-01.35.11:170][173]AnimBlueprint:Warning: Warning SLOTNODE: 'DefaultSlot' in animation instance class PlayerAnimBP_C already exists. Remove duplicates from the animation graph for this class.
[2016.05.11-01.35.11:177][173]AnimBlueprint:Warning: Warning SLOTNODE: 'DefaultSlot' in animation instance class PlayerAnimBP_C already exists. Remove duplicates from the animation graph for this class.
[2016.05.11-01.35.11:178][173]AnimBlueprint:Warning: Warning SLOTNODE: 'DefaultSlot' in animation instance class PlayerAnimBP_C already exists. Remove duplicates from the animation graph for this class.
[2016.05.11-01.35.11:190][173]AnimBlueprint:Warning: Warning SLOTNODE: 'DefaultSlot' in animation instance class PlayerAnimBP_C already exists. Remove duplicates from the animation graph for this class.
[2016.05.11-01.35.18:730][736]BlueprintLog: New page: Compile ThirdPersonCharacter
[2016.05.11-01.35.19:133][736]AnimBlueprint:Warning: Warning SLOTNODE: 'DefaultSlot' in animation instance class PlayerAnimBP_C already exists. Remove duplicates from the animation graph for this class.
[2016.05.11-01.35.19:136][736]AnimBlueprint:Warning: Warning SLOTNODE: 'DefaultSlot' in animation instance class PlayerAnimBP_C already exists. Remove duplicates from the animation graph for this class.
[2016.05.11-01.35.19:139][736]AnimBlueprint:Warning: Warning SLOTNODE: 'DefaultSlot' in animation instance class PlayerAnimBP_C already exists. Remove duplicates from the animation graph for this class.
[2016.05.11-01.35.19:141][736]AnimBlueprint:Warning: Warning SLOTNODE: 'DefaultSlot' in animation instance class PlayerAnimBP_C already exists. Remove duplicates from the animation graph for this class.
[2016.05.11-01.35.19:146][736]LogActorComponent: UnregisterComponent: (/Engine/Transient.CharacterMovementComponent_2) Not registered. Aborting.
[2016.05.11-01.35.19:690][736]AnimBlueprint:Warning: Warning SLOTNODE: 'DefaultSlot' in animation instance class PlayerAnimBP_C already exists. Remove duplicates from the animation graph for this class.
[2016.05.11-01.35.19:693][736]AnimBlueprint:Warning: Warning SLOTNODE: 'DefaultSlot' in animation instance class PlayerAnimBP_C already exists. Remove duplicates from the animation graph for this class.
[2016.05.11-01.35.19:701][736]BlueprintEditorCompileResults: Info [0325.38] Compile of ThirdPersonCharacter successful! [in 970 ms]
[2016.05.11-01.35.19:704][736]AnimBlueprint:Warning: Warning SLOTNODE: 'DefaultSlot' in animation instance class PlayerAnimBP_C already exists. Remove duplicates from the animation graph for this class.
[2016.05.11-01.35.19:705][736]AnimBlueprint:Warning: Warning SLOTNODE: 'DefaultSlot' in animation instance class PlayerAnimBP_C already exists. Remove duplicates from the animation graph for this class.
[2016.05.11-01.35.19:779][736]AnimBlueprint:Warning: Warning SLOTNODE: 'DefaultSlot' in animation instance class PlayerAnimBP_C already exists. Remove duplicates from the animation graph for this class.
[2016.05.11-01.35.46:947][279]LogBlueprintUserMessages: Early PlayInEditor Detection: Level '/Game/ThirdPersonBP/Maps/ThirdPersonExampleMap.ThirdPersonExampleMap:PersistentLevel' has LevelScriptBlueprint '/Game/ThirdPersonBP/Maps/ThirdPersonExampleMap.ThirdPersonExampleMap:PersistentLevel.ThirdPersonExampleMap' with GeneratedClass '/Game/ThirdPersonBP/Maps/ThirdPersonExampleMap.ThirdPersonExampleMap_C' with ClassGeneratedBy '/Game/ThirdPersonBP/Maps/ThirdPersonExampleMap.ThirdPersonExampleMap:PersistentLevel.ThirdPersonExampleMap'
[2016.05.11-01.35.46:947][279]LogPlayLevel: PlayLevel: No blueprints needed recompiling
[2016.05.11-01.35.46:948][279]PIE: New page: PIE session: ThirdPersonExampleMap (May 10, 2016, 4:35:46 PM)
[2016.05.11-01.35.46:949][279]LogPlayLevel: Creating play world package: /Game/ThirdPersonBP/Maps/UEDPIE_0_ThirdPersonExampleMap
[2016.05.11-01.35.46:987][279]LogPlayLevel: PIE: StaticDuplicateObject took: (0.037865s)
[2016.05.11-01.35.46:988][279]LogAIModule: Creating AISystem for world ThirdPersonExampleMap
[2016.05.11-01.35.46:988][279]LogPlayLevel: PIE: World Init took: (0.001338s)
[2016.05.11-01.35.46:988][279]LogPlayLevel: PIE: Created PIE world by copying editor world from /Game/ThirdPersonBP/Maps/ThirdPersonExampleMap.ThirdPersonExampleMap to /Game/ThirdPersonBP/Maps/UEDPIE_0_ThirdPersonExampleMap.ThirdPersonExampleMap (0.039579s)
[2016.05.11-01.35.46:988][279]LogActorComponent: UnregisterComponent: (/Engine/Transient.CharMoveComp) Not registered. Aborting.
[2016.05.11-01.35.47:033][279]LogInit: XAudio2 using 'Speakers (Ear Force Stealth 450)' : 8 channels at 48 kHz using 16 bits per sample (channel mask 0x63f)
[2016.05.11-01.35.47:058][279]LogInit: FAudioDevice initialized.
[2016.05.11-01.35.47:189][279]LogWorld: Game class is 'ThirdPersonGameMode_C'
[2016.05.11-01.35.47:196][279]AnimBlueprint:Warning: Warning SLOTNODE: 'DefaultSlot' in animation instance class PlayerAnimBP_C already exists. Remove duplicates from the animation graph for this class.
[2016.05.11-01.35.47:197][279]LogWorld: Bringing World /Game/ThirdPersonBP/Maps/UEDPIE_0_ThirdPersonExampleMap.ThirdPersonExampleMap up for play (max tick rate 0) at 2016.05.10-21.35.47
[2016.05.11-01.35.47:198][279]AnimBlueprint:Warning: Warning SLOTNODE: 'DefaultSlot' in animation instance class PlayerAnimBP_C already exists. Remove duplicates from the animation graph for this class.
[2016.05.11-01.35.47:199][279]LogWorld: Bringing up level for play took: 0.007422
[2016.05.11-01.35.47:206][279]LogContentBrowser: Native class hierarchy updated for 'MovieSceneCapture' in 0.0006 seconds. Added 9 classes and 0 folders.
[2016.05.11-01.35.47:231][279]PIE: Info Play in editor start time for /Game/ThirdPersonBP/Maps/UEDPIE_0_ThirdPersonExampleMap -0.15
[2016.05.11-01.35.47:231][279]LogBlueprintUserMessages: Late PlayInEditor Detection: Level '/Game/ThirdPersonBP/Maps/ThirdPersonExampleMap.ThirdPersonExampleMap:PersistentLevel' has LevelScriptBlueprint '/Game/ThirdPersonBP/Maps/ThirdPersonExampleMap.ThirdPersonExampleMap:PersistentLevel.ThirdPersonExampleMap' with GeneratedClass '/Game/ThirdPersonBP/Maps/ThirdPersonExampleMap.ThirdPersonExampleMap_C' with ClassGeneratedBy '/Game/ThirdPersonBP/Maps/ThirdPersonExampleMap.ThirdPersonExampleMap:PersistentLevel.ThirdPersonExampleMap'
[2016.05.11-01.35.47:267][280]LogRenderer: Reallocating scene render targets to support 1280x720 (Frame:22975).
[2016.05.11-01.36.30:697][166]LogBlueprintUserMessages: Early EndPlayMap Detection: Level '/Game/ThirdPersonBP/Maps/ThirdPersonExampleMap.ThirdPersonExampleMap:PersistentLevel' has LevelScriptBlueprint '/Game/ThirdPersonBP/Maps/ThirdPersonExampleMap.ThirdPersonExampleMap:PersistentLevel.ThirdPersonExampleMap' with GeneratedClass '/Game/ThirdPersonBP/Maps/ThirdPersonExampleMap.ThirdPersonExampleMap_C' with ClassGeneratedBy '/Game/ThirdPersonBP/Maps/ThirdPersonExampleMap.ThirdPersonExampleMap:PersistentLevel.ThirdPersonExampleMap'
[2016.05.11-01.36.30:804][166]LogBlueprintUserMessages: Late EndPlayMap Detection: Level '/Game/ThirdPersonBP/Maps/ThirdPersonExampleMap.ThirdPersonExampleMap:PersistentLevel' has LevelScriptBlueprint '/Game/ThirdPersonBP/Maps/ThirdPersonExampleMap.ThirdPersonExampleMap:PersistentLevel.ThirdPersonExampleMap' with GeneratedClass '/Game/ThirdPersonBP/Maps/ThirdPersonExampleMap.ThirdPersonExampleMap_C' with ClassGeneratedBy '/Game/ThirdPersonBP/Maps/ThirdPersonExampleMap.ThirdPersonExampleMap:PersistentLevel.ThirdPersonExampleMap'
[2016.05.11-01.36.30:914][166]AnimBlueprint:Warning: Warning SLOTNODE: 'DefaultSlot' in animation instance class PlayerAnimBP_C already exists. Remove duplicates from the animation graph for this class.
[2016.05.11-01.36.32:188][245]AnimBlueprint:Warning: Warning SLOTNODE: 'DefaultSlot' in animation instance class PlayerAnimBP_C already exists. Remove duplicates from the animation graph for this class.
[2016.05.11-01.36.32:188][245]AnimBlueprint:Warning: Warning SLOTNODE: 'DefaultSlot' in animation instance class PlayerAnimBP_C already exists. Remove duplicates from the animation graph for this class.
[2016.05.11-01.36.32:758][245]LogSavePackage: Save=529.51ms
[2016.05.11-01.36.32:758][245]LogSavePackage: Moving '../../../../../../Users/alexa/Documents/Otherworld/Otherworld/Saved/ThirdPersonCharacter0870A12040A4729C2E414BA63CDDBE3C.tmp' to '../../../../../../Users/alexa/Documents/Otherworld/Otherworld/Content/ThirdPersonBP/Blueprints/ThirdPersonCharacter.uasset'
[2016.05.11-01.36.32:763][245]LogSavePackage: Total save time: 547.88ms
[2016.05.11-01.36.32:763][245]LogSavePackage:Display: Finished SavePackage ../../../../../../Users/alexa/Documents/Otherworld/Otherworld/Content/ThirdPersonBP/Blueprints/ThirdPersonCharacter.uasset
[2016.05.11-01.36.40:397][749]LogActorComponent: UnregisterComponent: (/Engine/Transient.CharMoveComp) Not registered. Aborting.
[2016.05.11-01.36.53:648][749]LogSavePackage: Save=4.27ms
[2016.05.11-01.36.53:648][749]LogSavePackage: Moving '../../../../../../Users/alexa/Documents/Otherworld/Otherworld/Saved/black_hair_material002448E746B00FAF79B807AEEFC51AB3.tmp' to '../../../../../../Users/alexa/Documents/Otherworld/Otherworld/Content/Models/Player_model/Materials/black_hair_material.uasset'
[2016.05.11-01.36.53:655][749]LogSavePackage: Total save time: 19.57ms
[2016.05.11-01.36.53:655][749]LogSavePackage:Display: Finished SavePackage ../../../../../../Users/alexa/Documents/Otherworld/Otherworld/Content/Models/Player_model/Materials/black_hair_material.uasset
[2016.05.11-01.36.53:866][749]LogSavePackage: Save=177.42ms
[2016.05.11-01.36.53:866][749]LogSavePackage: Moving '../../../../../../Users/alexa/Documents/Otherworld/Otherworld/Saved/brown_eyeE6D55A2143FE95C1C0B408ACD19AC77D.tmp' to '../../../../../../Users/alexa/Documents/Otherworld/Otherworld/Content/Models/Player_model/Materials/brown_eye.uasset'
[2016.05.11-01.36.53:871][749]LogSavePackage: Total save time: 182.81ms
[2016.05.11-01.36.53:871][749]LogSavePackage:Display: Finished SavePackage ../../../../../../Users/alexa/Documents/Otherworld/Otherworld/Content/Models/Player_model/Materials/brown_eye.uasset
[2016.05.11-01.36.53:897][749]LogSavePackage: Save=4.33ms
[2016.05.11-01.36.53:897][749]LogSavePackage: Moving '../../../../../../Users/alexa/Documents/Otherworld/Otherworld/Saved/brown_eye_material61F035BD41803D0DBF7391B169D64561.tmp' to '../../../../../../Users/alexa/Documents/Otherworld/Otherworld/Content/Models/Player_model/Materials/brown_eye_material.uasset'
[2016.05.11-01.36.53:903][749]LogSavePackage: Total save time: 18.70ms
[2016.05.11-01.36.53:903][749]LogSavePackage:Display: Finished SavePackage ../../../../../../Users/alexa/Documents/Otherworld/Otherworld/Content/Models/Player_model/Materials/brown_eye_material.uasset
[2016.05.11-01.36.54:633][749]LogSavePackage: Save=693.86ms
[2016.05.11-01.36.54:633][749]LogSavePackage: Moving '../../../../../../Users/alexa/Documents/Otherworld/Otherworld/Saved/male02_diffuse_black15C883A149EC3E089815E683142446C2.tmp' to '../../../../../../Users/alexa/Documents/Otherworld/Otherworld/Content/Models/Player_model/Materials/male02_diffuse_black.uasset'
[2016.05.11-01.36.54:640][749]LogSavePackage: Total save time: 700.32ms
[2016.05.11-01.36.54:640][749]LogSavePackage:Display: Finished SavePackage ../../../../../../Users/alexa/Documents/Otherworld/Otherworld/Content/Models/Player_model/Materials/male02_diffuse_black.uasset
[2016.05.11-01.36.54:650][749]Cmd: OBJ SAVEPACKAGE PACKAGE="/Game/Models/Player_model/Materials/Skin" FILE="../../../../../../Users/alexa/Documents/Otherworld/Otherworld/Content/Models/Player_model/Materials/Skin.uasset" SILENT=true
[2016.05.11-01.36.54:666][749]LogSavePackage: Save=4.15ms
[2016.05.11-01.36.54:666][749]LogSavePackage: Moving '../../../../../../Users/alexa/Documents/Otherworld/Otherworld/Saved/SkinB6157CD345BDE31572E20FBA236EEBCD.tmp' to '../../../../../../Users/alexa/Documents/Otherworld/Otherworld/Content/Models/Player_model/Materials/Skin.uasset'
[2016.05.11-01.36.54:672][749]LogSavePackage: Total save time: 19.59ms
[2016.05.11-01.36.54:672][749]LogSavePackage:Display: Finished SavePackage ../../../../../../Users/alexa/Documents/Otherworld/Otherworld/Content/Models/Player_model/Materials/Skin.uasset
[2016.05.11-01.36.55:475][749]LogSavePackage: Save=767.76ms
[2016.05.11-01.36.55:475][749]LogSavePackage: Moving '../../../../../../Users/alexa/Documents/Otherworld/Otherworld/Saved/young_lightskinned_male_diffuse9CEC90D0411BBC5A86A85792B82EBF25.tmp' to '../../../../../../Users/alexa/Documents/Otherworld/Otherworld/Content/Models/Player_model/Materials/young_lightskinned_male_diffuse.uasset'
[2016.05.11-01.36.55:482][749]LogSavePackage: Total save time: 774.51ms
[2016.05.11-01.36.55:482][749]LogSavePackage:Display: Finished SavePackage ../../../../../../Users/alexa/Documents/Otherworld/Otherworld/Content/Models/Player_model/Materials/young_lightskinned_male_diffuse.uasset
[2016.05.11-01.36.55:517][749]Cmd: OBJ SAVEPACKAGE PACKAGE="/Game/Models/Player_model/player_model" FILE="../../../../../../Users/alexa/Documents/Otherworld/Otherworld/Content/Models/Player_model/player_model.uasset" SILENT=true
[2016.05.11-01.36.55:616][749]LogSavePackage: Save=82.10ms
[2016.05.11-01.36.55:616][749]LogSavePackage: Moving '../../../../../../Users/alexa/Documents/Otherworld/Otherworld/Saved/player_modelA9AC08EA437B8AE235A94C9C92BC7FB6.tmp' to '../../../../../../Users/alexa/Documents/Otherworld/Otherworld/Content/Models/Player_model/player_model.uasset'
[2016.05.11-01.36.55:626][749]LogSavePackage: Total save time: 106.51ms
[2016.05.11-01.36.55:626][749]LogSavePackage:Display: Finished SavePackage ../../../../../../Users/alexa/Documents/Otherworld/Otherworld/Content/Models/Player_model/player_model.uasset
[2016.05.11-01.36.56:391][749]LogSavePackage: Save=529.60ms
[2016.05.11-01.36.56:391][749]LogSavePackage: Moving '../../../../../../Users/alexa/Documents/Otherworld/Otherworld/Saved/ThirdPersonExampleMap9206ADE149CE87AFAD04AF9A2D0E0E9C.tmp' to '../../../../../../Users/alexa/Documents/Otherworld/Otherworld/Content/ThirdPersonBP/Maps/ThirdPersonExampleMap.umap'
[2016.05.11-01.36.56:399][749]LogSavePackage: Total save time: 565.18ms
[2016.05.11-01.36.56:399][749]LogSavePackage:Display: Finished SavePackage ../../../../../../Users/alexa/Documents/Otherworld/Otherworld/Content/ThirdPersonBP/Maps/ThirdPersonExampleMap.umap
[2016.05.11-01.36.56:451][749]LogFileHelpers: Saving map 'ThirdPersonExampleMap' took 0.815
[2016.05.11-01.36.56:939][750]Cmd: QUIT_EDITOR
[2016.05.11-01.36.57:910][750]LogWindowsTextInputMethodSystem:Display: IME system now deactivated.
[2016.05.11-01.36.57:989][750]LogExit: Preparing to exit.
[2016.05.11-01.36.58:945][750]LogExit: Editor shut down
[2016.05.11-01.36.58:948][750]LogExit: Transaction tracking system shut down
[2016.05.11-01.36.59:463][750]LogObj: Freed 0b from 0 cluster array pools.
[2016.05.11-01.36.59:463][750]LogExit: Object subsystem successfully closed.
[2016.05.11-01.36.59:472][750]LogD3D11RHI: Shutdown
[2016.05.11-01.36.59:472][750]LogD3D11RHI: CleanupD3DDevice
[2016.05.11-01.36.59:606][750]LogD3D11RHI: ~FD3D11DynamicRHI
[2016.05.11-01.36.59:707][750]LogDerivedDataCache: Shutdown
[2016.05.11-01.36.59:707][750]LogModuleManager: Shutting down and abandoning module MovieSceneCapture (207)
[2016.05.11-01.36.59:707][750]LogModuleManager: Shutting down and abandoning module BlueprintGraph (206)
[2016.05.11-01.36.59:707][750]LogModuleManager: Shutting down and abandoning module MaterialEditor (205)
[2016.05.11-01.36.59:707][750]LogModuleManager: Shutting down and abandoning module HierarchicalLODOutliner (204)
[2016.05.11-01.36.59:707][750]LogModuleManager: Shutting down and abandoning module CrashTracker (203)
[2016.05.11-01.36.59:707][750]LogModuleManager: Shutting down and abandoning module SceneOutliner (202)
[2016.05.11-01.36.59:707][750]LogModuleManager: Shutting down and abandoning module SuperSearch (201)
[2016.05.11-01.36.59:707][750]LogModuleManager: Shutting down and abandoning module WidgetCarousel (200)
[2016.05.11-01.36.59:707][750]LogModuleManager: Shutting down and abandoning module AddContentDialog (199)
[2016.05.11-01.36.59:709][750]LogModuleManager: Shutting down and abandoning module GameplayTags (198)
[2016.05.11-01.36.59:709][750]LogModuleManager: Shutting down and abandoning module EditorWidgets (197)
[2016.05.11-01.36.59:709][750]LogModuleManager: Shutting down and abandoning module CollectionManager (196)
[2016.05.11-01.36.59:709][750]LogModuleManager: Shutting down and abandoning module StatsViewer (195)
[2016.05.11-01.36.59:709][750]LogModuleManager: Shutting down and abandoning module FoliageEdit (194)
[2016.05.11-01.36.59:709][750]LogModuleManager: Shutting down and abandoning module LandscapeEditor (193)
[2016.05.11-01.36.59:710][750]LogModuleManager: Shutting down and abandoning module ActorPickerMode (192)
[2016.05.11-01.36.59:710][750]LogModuleManager: Shutting down and abandoning module GeometryMode (191)
[2016.05.11-01.36.59:710][750]LogModuleManager: Shutting down and abandoning module TextureAlignMode (190)
[2016.05.11-01.36.59:710][750]LogModuleManager: Shutting down and abandoning module BspMode (189)
[2016.05.11-01.36.59:710][750]LogModuleManager: Shutting down and abandoning module PlacementMode (188)
[2016.05.11-01.36.59:710][750]LogModuleManager: Shutting down and abandoning module AutomationWorker (187)
[2016.05.11-01.36.59:710][750]LogModuleManager: Shutting down and abandoning module CharacterAI (186)
[2016.05.11-01.36.59:710][750]LogModuleManager: Shutting down and abandoning module SmartSnapping (185)
[2016.05.11-01.36.59:710][750]LogModuleManager: Shutting down and abandoning module ViewportSnapping (184)
[2016.05.11-01.36.59:710][750]LogModuleManager: Shutting down and abandoning module LogVisualizer (183)
[2016.05.11-01.36.59:710][750]LogModuleManager: Shutting down and abandoning module GameProjectGeneration (182)
[2016.05.11-01.36.59:710][750]LogModuleManager: Shutting down and abandoning module IntroTutorials (181)
[2016.05.11-01.36.59:711][750]LogModuleManager: Shutting down and abandoning module EditorLiveStreaming (180)
[2016.05.11-01.36.59:711][750]LogModuleManager: Shutting down and abandoning module IOSPlatformEditor (179)
[2016.05.11-01.36.59:711][750]LogModuleManager: Shutting down and abandoning module HTML5PlatformEditor (178)
[2016.05.11-01.36.59:711][750]LogModuleManager: Shutting down and abandoning module AndroidDeviceDetection (177)
[2016.05.11-01.37.00:124][750]LogModuleManager: Shutting down and abandoning module AndroidPlatformEditor (176)
[2016.05.11-01.37.00:124][750]LogModuleManager: Shutting down and abandoning module IOSRuntimeSettings (175)
[2016.05.11-01.37.00:124][750]LogModuleManager: Shutting down and abandoning module AndroidRuntimeSettings (174)
[2016.05.11-01.37.00:124][750]LogModuleManager: Shutting down and abandoning module MergeActors (173)
[2016.05.11-01.37.00:124][750]LogModuleManager: Shutting down and abandoning module SizeMap (172)
[2016.05.11-01.37.00:124][750]LogModuleManager: Shutting down and abandoning module TreeMap (171)
[2016.05.11-01.37.00:124][750]LogModuleManager: Shutting down and abandoning module ReferenceViewer (170)
[2016.05.11-01.37.00:124][750]LogModuleManager: Shutting down and abandoning module LocalizationService (169)
[2016.05.11-01.37.00:124][750]LogModuleManager: Shutting down and abandoning module LocalizationDashboard (168)
[2016.05.11-01.37.00:124][750]LogModuleManager: Shutting down and abandoning module HardwareTargeting (167)
[2016.05.11-01.37.00:124][750]LogModuleManager: Shutting down and abandoning module DeviceProfileEditor (166)
[2016.05.11-01.37.00:124][750]LogModuleManager: Shutting down and abandoning module UndoHistory (165)
[2016.05.11-01.37.00:124][750]LogModuleManager: Shutting down and abandoning module UserFeedback (164)
[2016.05.11-01.37.00:124][750]LogModuleManager: Shutting down and abandoning module XmlParser (163)
[2016.05.11-01.37.00:124][750]LogModuleManager: Shutting down and abandoning module Blutility (162)
[2016.05.11-01.37.00:124][750]LogModuleManager: Shutting down and abandoning module ProjectTargetPlatformEditor (161)
[2016.05.11-01.37.00:124][750]LogModuleManager: Shutting down and abandoning module ProjectSettingsViewer (160)
[2016.05.11-01.37.00:124][750]LogModuleManager: Shutting down and abandoning module InputBindingEditor (159)
[2016.05.11-01.37.00:124][750]LogModuleManager: Shutting down and abandoning module EditorSettingsViewer (158)
[2016.05.11-01.37.00:125][750]LogModuleManager: Shutting down and abandoning module SettingsEditor (157)
[2016.05.11-01.37.00:125][750]LogModuleManager: Shutting down and abandoning module ProjectLauncher (156)
[2016.05.11-01.37.00:125][750]LogModuleManager: Shutting down and abandoning module SessionFrontend (155)
[2016.05.11-01.37.00:125][750]LogModuleManager: Shutting down and abandoning module ProfilerClient (154)
[2016.05.11-01.37.00:125][750]LogModuleManager: Shutting down and abandoning module TargetDeviceServices (153)
[2016.05.11-01.37.00:125][750]LogModuleManager: Shutting down and abandoning module DeviceManager (152)
[2016.05.11-01.37.00:156][750]LogModuleManager: Shutting down and abandoning module AutomationController (151)
[2016.05.11-01.37.00:156][750]LogModuleManager: Shutting down and abandoning module AutomationWindow (150)
[2016.05.11-01.37.00:156][750]LogModuleManager: Shutting down and abandoning module Layers (149)
[2016.05.11-01.37.00:156][750]LogModuleManager: Shutting down and abandoning module ComponentVisualizers (148)
[2016.05.11-01.37.00:156][750]LogModuleManager: Shutting down and abandoning module DetailCustomizations (147)
[2016.05.11-01.37.00:156][750]LogModuleManager: Shutting down and abandoning module PackagesDialog (146)
[2016.05.11-01.37.00:156][750]LogModuleManager: Shutting down and abandoning module Persona (145)
[2016.05.11-01.37.00:157][750]LogModuleManager: Shutting down and abandoning module Kismet (144)
[2016.05.11-01.37.00:157][750]LogModuleManager: Shutting down and abandoning module GraphEditor (143)
[2016.05.11-01.37.00:157][750]LogModuleManager: Shutting down and abandoning module ClassViewer (142)
[2016.05.11-01.37.00:157][750]LogModuleManager: Shutting down and abandoning module Toolbox (141)
[2016.05.11-01.37.00:157][750]LogModuleManager: Shutting down and abandoning module ModuleUI (140)
[2016.05.11-01.37.00:157][750]LogModuleManager: Shutting down and abandoning module MovieSceneTools (139)
[2016.05.11-01.37.00:157][750]LogModuleManager: Shutting down and abandoning module OutputLog (138)
[2016.05.11-01.37.00:157][750]LogModuleManager: Shutting down and abandoning module GammaUI (137)
[2016.05.11-01.37.00:157][750]LogModuleManager: Shutting down and abandoning module Documentation (136)
[2016.05.11-01.37.00:157][750]LogModuleManager: Shutting down and abandoning module StreamingPauseRendering (135)
[2016.05.11-01.37.00:157][750]LogModuleManager: Shutting down and abandoning module AnalyticsET (134)
[2016.05.11-01.37.00:157][750]LogModuleManager: Shutting down and abandoning module Analytics (133)
[2016.05.11-01.37.00:157][750]LogModuleManager: Shutting down and abandoning module PortalServices (132)
[2016.05.11-01.37.00:157][750]LogModuleManager: Shutting down and abandoning module PortalRpc (131)
[2016.05.11-01.37.00:157][750]LogModuleManager: Shutting down and abandoning module MessagingRpc (130)
[2016.05.11-01.37.00:157][750]LogModuleManager: Shutting down and abandoning module AITestSuite (129)
[2016.05.11-01.37.00:157][750]LogModuleManager: Shutting down and abandoning module GameplayDebugger (128)
[2016.05.11-01.37.00:157][750]LogModuleManager: Shutting down and abandoning module AIModule (127)
[2016.05.11-01.37.00:157][750]LogModuleManager: Shutting down and abandoning module ProfilerService (126)
[2016.05.11-01.37.00:194][750]LogModuleManager: Shutting down and abandoning module TaskGraph (125)
[2016.05.11-01.37.00:194][750]LogModuleManager: Shutting down and abandoning module SlateRemote (124)
[2016.05.11-01.37.00:195][750]LogModuleManager: Shutting down and abandoning module SteamVRController (123)
[2016.05.11-01.37.00:195][750]LogModuleManager: Shutting down and abandoning module SteamVR (122)
[2016.05.11-01.37.00:195][750]LogModuleManager: Shutting down and abandoning module ProceduralMeshComponent (121)
[2016.05.11-01.37.00:195][750]LogModuleManager: Shutting down and abandoning module OculusLibrary (120)
[2016.05.11-01.37.00:195][750]LogModuleManager: Shutting down and abandoning module OculusInput (119)
[2016.05.11-01.37.00:195][750]LogModuleManager: Shutting down and abandoning module CustomMeshComponent (118)
[2016.05.11-01.37.00:195][750]LogModuleManager: Shutting down and abandoning module CableComponent (117)
[2016.05.11-01.37.00:195][750]LogModuleManager: Shutting down and abandoning module ArchVisCharacter (116)
[2016.05.11-01.37.00:195][750]LogModuleManager: Shutting down and abandoning module MediaPlayerEditor (115)
[2016.05.11-01.37.00:195][750]LogModuleManager: Shutting down and abandoning module HTML5Networking (114)
[2016.05.11-01.37.00:195][750]LogModuleManager: Shutting down and abandoning module SpeedTreeImporter (113)
[2016.05.11-01.37.00:195][750]LogModuleManager: Shutting down and abandoning module PluginBrowser (112)
[2016.05.11-01.37.00:195][750]LogModuleManager: Shutting down and abandoning module EpicSurvey (111)
[2016.05.11-01.37.00:195][750]LogModuleManager: Shutting down and abandoning module DesktopPlatform (110)
[2016.05.11-01.37.00:195][750]LogModuleManager: Shutting down and abandoning module VisualStudioSourceCodeAccess (109)
[2016.05.11-01.37.00:195][750]LogModuleManager: Shutting down and abandoning module UObjectPlugin (108)
[2016.05.11-01.37.00:195][750]LogModuleManager: Shutting down and abandoning module SubversionSourceControl (107)
[2016.05.11-01.37.00:195][750]LogModuleManager: Shutting down and abandoning module PerforceSourceControl (106)
[2016.05.11-01.37.00:195][750]LogModuleManager: Shutting down and abandoning module SourceControl (105)
[2016.05.11-01.37.00:196][750]LogModuleManager: Shutting down and abandoning module GitSourceControl (104)
[2016.05.11-01.37.00:196][750]LogModuleManager: Shutting down and abandoning module LightPropagationVolumeEditor (103)
[2016.05.11-01.37.00:196][750]LogModuleManager: Shutting down and abandoning module PaperTiledImporter (102)
[2016.05.11-01.37.00:196][750]LogModuleManager: Shutting down and abandoning module PaperSpriteSheetImporter (101)
[2016.05.11-01.37.00:196][750]LogModuleManager: Shutting down and abandoning module MeshPaint (100)
[2016.05.11-01.37.00:196][750]LogModuleManager: Shutting down and abandoning module HotReload (99)
[2016.05.11-01.37.00:197][750]LogModuleManager: Shutting down and abandoning module MainFrame (98)
[2016.05.11-01.37.00:197][750]LogModuleManager: Shutting down and abandoning module LevelEditor (97)
[2016.05.11-01.37.00:198][750]LogModuleManager: Shutting down and abandoning module DirectoryWatcher (96)
[2016.05.11-01.37.00:200][750]LogModuleManager: Shutting down and abandoning module AssetRegistry (95)
[2016.05.11-01.37.00:360][750]LogModuleManager: Shutting down and abandoning module ContentBrowser (94)
[2016.05.11-01.37.00:362][750]LogModuleManager: Shutting down and abandoning module Paper2DEditor (93)
[2016.05.11-01.37.00:362][750]LogModuleManager: Shutting down and abandoning module UdpMessaging (92)
[2016.05.11-01.37.00:462][750]LogModuleManager: Shutting down and abandoning module LightPropagationVolumeRuntime (91)
[2016.05.11-01.37.00:462][750]LogModuleManager: Shutting down and abandoning module Paper2D (90)
[2016.05.11-01.37.00:462][750]LogModuleManager: Shutting down and abandoning module WindowsMoviePlayer (89)
[2016.05.11-01.37.00:462][750]LogModuleManager: Shutting down and abandoning module Media (88)
[2016.05.11-01.37.00:462][750]LogModuleManager: Shutting down and abandoning module WmfMedia (87)
[2016.05.11-01.37.00:462][750]LogModuleManager: Shutting down and abandoning module MediaAssets (86)
[2016.05.11-01.37.00:462][750]LogModuleManager: Shutting down and abandoning module GameLiveStreaming (85)
[2016.05.11-01.37.00:462][750]LogModuleManager: Shutting down and abandoning module GameplayTagsEditor (84)
[2016.05.11-01.37.00:462][750]LogModuleManager: Shutting down and abandoning module OnlineBlueprintSupport (83)
[2016.05.11-01.37.00:462][750]LogModuleManager: Shutting down and abandoning module GameplayTasksEditor (82)
[2016.05.11-01.37.00:463][750]LogModuleManager: Shutting down and abandoning module PropertyEditor (81)
[2016.05.11-01.37.00:463][750]LogModuleManager: Shutting down and abandoning module BehaviorTreeEditor (80)
[2016.05.11-01.37.00:463][750]LogModuleManager: Shutting down and abandoning module FunctionalTesting (79)
[2016.05.11-01.37.00:463][750]LogModuleManager: Shutting down and abandoning module CollisionAnalyzer (78)
[2016.05.11-01.37.00:463][750]LogModuleManager: Shutting down and abandoning module WorkspaceMenuStructure (77)
[2016.05.11-01.37.00:463][750]LogModuleManager: Shutting down and abandoning module MessageLog (76)
[2016.05.11-01.37.00:463][750]LogModuleManager: Shutting down and abandoning module Sequencer (75)
[2016.05.11-01.37.00:463][750]LogModuleManager: Shutting down and abandoning module AssetTools (74)
[2016.05.11-01.37.00:463][750]LogModuleManager: Shutting down and abandoning module UMGEditor (73)
[2016.05.11-01.37.00:463][750]LogModuleManager: Shutting down and abandoning module UMG (72)
[2016.05.11-01.37.00:463][750]LogModuleManager: Shutting down and abandoning module SlateReflector (71)
[2016.05.11-01.37.00:463][750]LogModuleManager: Shutting down and abandoning module Slate (70)
[2016.05.11-01.37.00:463][750]LogModuleManager: Shutting down and abandoning module EditorStyle (69)
[2016.05.11-01.37.00:467][750]LogModuleManager: Shutting down and abandoning module SessionServices (68)
[2016.05.11-01.37.00:467][750]LogModuleManager: Shutting down and abandoning module SourceCodeAccess (67)
[2016.05.11-01.37.00:467][750]LogModuleManager: Shutting down and abandoning module HeadMountedDisplay (66)
[2016.05.11-01.37.00:467][750]LogModuleManager: Shutting down and abandoning module XAudio2 (65)
[2016.05.11-01.37.00:467][750]LogModuleManager: Shutting down and abandoning module Networking (63)
[2016.05.11-01.37.00:467][750]LogModuleManager: Shutting down and abandoning module Core (62)
[2016.05.11-01.37.00:467][750]LogModuleManager: Shutting down and abandoning module KismetCompiler (61)
[2016.05.11-01.37.00:467][750]LogModuleManager: Shutting down and abandoning module PhysXFormats (60)
[2016.05.11-01.37.00:467][750]LogModuleManager: Shutting down and abandoning module MeshUtilities (59)
[2016.05.11-01.37.00:467][750]LogModuleManager: Shutting down and abandoning module CookingStats (58)
[2016.05.11-01.37.00:468][750]LogModuleManager: Shutting down and abandoning module DerivedDataCache (57)
[2016.05.11-01.37.00:468][750]LogDerivedDataCache: Shutdown
[2016.05.11-01.37.00:468][750]LogModuleManager: Shutting down and abandoning module ShaderFormatOpenGL (56)
[2016.05.11-01.37.00:468][750]LogModuleManager: Shutting down and abandoning module ShaderFormatD3D (55)
[2016.05.11-01.37.00:468][750]LogModuleManager: Shutting down and abandoning module MetalShaderFormat (54)
[2016.05.11-01.37.00:468][750]LogModuleManager: Shutting down and abandoning module TextureFormatUncompressed (53)
[2016.05.11-01.37.00:468][750]LogModuleManager: Shutting down and abandoning module TextureFormatPVR (52)
[2016.05.11-01.37.00:468][750]LogModuleManager: Shutting down and abandoning module TextureFormatIntelISPCTexComp (51)
[2016.05.11-01.37.00:468][750]LogModuleManager: Shutting down and abandoning module TextureFormatDXT (50)
[2016.05.11-01.37.00:468][750]LogModuleManager: Shutting down and abandoning module ImageWrapper (49)
[2016.05.11-01.37.00:468][750]LogModuleManager: Shutting down and abandoning module TextureFormatASTC (48)
[2016.05.11-01.37.00:468][750]LogModuleManager: Shutting down and abandoning module TextureFormatAndroid (47)
[2016.05.11-01.37.00:468][750]LogModuleManager: Shutting down and abandoning module AudioFormatOpus (46)
[2016.05.11-01.37.00:468][750]LogModuleManager: Shutting down and abandoning module AudioFormatOgg (45)
[2016.05.11-01.37.00:468][750]LogModuleManager: Shutting down and abandoning module AudioFormatADPCM (44)
[2016.05.11-01.37.00:468][750]LogModuleManager: Shutting down and abandoning module LinuxTargetPlatform (43)
[2016.05.11-01.37.00:468][750]LogModuleManager: Shutting down and abandoning module LinuxServerTargetPlatform (42)
[2016.05.11-01.37.00:468][750]LogModuleManager: Shutting down and abandoning module LinuxNoEditorTargetPlatform (41)
[2016.05.11-01.37.00:468][750]LogModuleManager: Shutting down and abandoning module TVOSTargetPlatform (40)
[2016.05.11-01.37.00:468][750]LogModuleManager: Shutting down and abandoning module Messaging (39)
[2016.05.11-01.37.00:468][750]LogModuleManager: Shutting down and abandoning module IOSTargetPlatform (38)
[2016.05.11-01.37.00:468][750]LogModuleManager: Shutting down and abandoning module HTML5TargetPlatform (37)
[2016.05.11-01.37.00:468][750]LogModuleManager: Shutting down and abandoning module Android_PVRTCTargetPlatform (36)
[2016.05.11-01.37.00:468][750]LogModuleManager: Shutting down and abandoning module Android_MultiTargetPlatform (35)
[2016.05.11-01.37.00:468][750]LogModuleManager: Shutting down and abandoning module Android_ETC2TargetPlatform (34)
[2016.05.11-01.37.00:468][750]LogModuleManager: Shutting down and abandoning module Android_ETC1TargetPlatform (33)
[2016.05.11-01.37.00:468][750]LogModuleManager: Shutting down and abandoning module Android_DXTTargetPlatform (32)
[2016.05.11-01.37.00:468][750]LogModuleManager: Shutting down and abandoning module Android_ATCTargetPlatform (31)
[2016.05.11-01.37.00:468][750]LogModuleManager: Shutting down and abandoning module Android_ASTCTargetPlatform (30)
[2016.05.11-01.37.00:468][750]LogModuleManager: Shutting down and abandoning module AndroidTargetPlatform (29)
[2016.05.11-01.37.00:468][750]LogModuleManager: Shutting down and abandoning module WindowsTargetPlatform (28)
[2016.05.11-01.37.00:468][750]LogModuleManager: Shutting down and abandoning module WindowsServerTargetPlatform (27)
[2016.05.11-01.37.00:468][750]LogModuleManager: Shutting down and abandoning module WindowsNoEditorTargetPlatform (26)
[2016.05.11-01.37.00:468][750]LogModuleManager: Shutting down and abandoning module WindowsClientTargetPlatform (25)
[2016.05.11-01.37.00:468][750]LogModuleManager: Shutting down and abandoning module AllDesktopTargetPlatform (24)
[2016.05.11-01.37.00:468][750]LogModuleManager: Shutting down and abandoning module TargetPlatform (23)
[2016.05.11-01.37.00:468][750]LogModuleManager: Shutting down and abandoning module InputCore (22)
[2016.05.11-01.37.00:468][750]LogModuleManager: Shutting down and abandoning module Settings (21)
[2016.05.11-01.37.00:468][750]LogModuleManager: Shutting down and abandoning module OnlineSubsystem (19)
[2016.05.11-01.37.00:469][750]LogModuleManager: Shutting down and abandoning module HTTP (18)
[2016.05.11-01.37.02:471][750]LogModuleManager: Shutting down and abandoning module XMPP (17)
[2016.05.11-01.37.02:471][750]LogModuleManager: Shutting down and abandoning module OculusRift (16)
[2016.05.11-01.37.02:472][750]LogModuleManager: Shutting down and abandoning module ExampleDeviceProfileSelector (15)
[2016.05.11-01.37.02:472][750]LogModuleManager: Shutting down and abandoning module TextureCompressor (14)
[2016.05.11-01.37.02:472][750]LogModuleManager: Shutting down and abandoning module ShaderCore (13)
[2016.05.11-01.37.02:472][750]LogModuleManager: Shutting down and abandoning module Landscape (12)
[2016.05.11-01.37.02:472][750]LogModuleManager: Shutting down and abandoning module SlateRHIRenderer (11)
[2016.05.11-01.37.02:477][750]LogModuleManager: Shutting down and abandoning module OpenGLDrv (10)
[2016.05.11-01.37.02:477][750]LogModuleManager: Shutting down and abandoning module D3D11RHI (9)
[2016.05.11-01.37.02:477][750]LogModuleManager: Shutting down and abandoning module AnimGraphRuntime (8)
[2016.05.11-01.37.02:477][750]LogModuleManager: Shutting down and abandoning module Renderer (7)
[2016.05.11-01.37.02:477][750]LogModuleManager: Shutting down and abandoning module Engine (6)
[2016.05.11-01.37.02:477][750]LogModuleManager: Shutting down and abandoning module CoreUObject (5)
[2016.05.11-01.37.02:477][750]LogModuleManager: Shutting down and abandoning module NetworkFile (4)
[2016.05.11-01.37.02:477][750]LogModuleManager: Shutting down and abandoning module StreamingFile (3)
[2016.05.11-01.37.02:477][750]LogModuleManager: Shutting down and abandoning module SandboxFile (2)
[2016.05.11-01.37.02:477][750]LogModuleManager: Shutting down and abandoning module PakFile (1)
[2016.05.11-01.37.02:480][750]LogExit: Exiting.
[2016.05.11-01.37.02:508][750]Log file closed, 05/10/16 21:37:02
