Log file open, 05/08/16 17:27:24
LogInit:Display: Running engine for game: Otherworld
LogPlatformFile: Not using cached read wrapper
LogInit:Display: RandInit(1399945139) SRandInit(1399945141).
LogTaskGraph: Started task graph with 4 named threads and 7 total threads.
LogStats: Stats thread started at 0.085508
LogInit: Version: 4.11.2-2946394+++UE4+Release-4.11
LogInit: API Version: 2927265
LogInit: Compiled (64-bit): Apr 18 2016 02:18:46
LogInit: Compiled with Visual C++: 19.00.23026.00
LogInit: Build Configuration: Development
LogInit: Branch Name: ++UE4+Release-4.11
LogInit: Command line:  
LogInit: Base directory: C:/Program Files (x86)/Epic Games/4.11/Engine/Binaries/Win64/
LogInit: Installed Engine Build: 1
LogInit: Using libcurl 7.41.0
LogInit:  - built for x86_64-pc-win32
LogInit:  - supports SSL with WinSSL
LogInit:  - other features:
LogInit:      CURL_VERSION_SSL
LogInit:      CURL_VERSION_IPV6
LogInit:      CURL_VERSION_ASYNCHDNS
LogInit:      CURL_VERSION_LARGEFILE
LogInit:      CURL_VERSION_IDN
LogInit:  CurlRequestOptions (configurable via config and command line):
LogInit:  - bVerifyPeer = true  - Libcurl will verify peer certificate
LogInit:  - bUseHttpProxy = false  - Libcurl will NOT use HTTP proxy
LogInit:  - bDontReuseConnections = false  - Libcurl will reuse connections
LogInit:  - CertBundlePath = nullptr  - Libcurl will use whatever was configured at build time.
LogInit: Presizing for max 16777216 objects, including 0 objects not considered by GC, pre-allocating 0 bytes for permanent pool.
LogInit: Object subsystem initialized
[2016.05.08-21.27.24:883][  0]LogInit: Selected Device Profile: [Windows]
[2016.05.08-21.27.24:883][  0]LogInit: Applying CVar settings loaded from the selected device profile: [Windows]
[2016.05.08-21.27.24:892][  0]LogInit: Computer: MONICA
[2016.05.08-21.27.24:892][  0]LogInit: User: Matt
[2016.05.08-21.27.24:892][  0]LogInit: CPU Page size=65536, Cores=4
[2016.05.08-21.27.24:892][  0]LogInit: High frequency timer resolution =3.906276 MHz
[2016.05.08-21.27.24:892][  0]LogMemory: Memory total: Physical=15.9GB (16GB approx)
[2016.05.08-21.27.24:892][  0]LogMemory: Platform Memory Stats for Windows
[2016.05.08-21.27.24:892][  0]LogMemory: Process Physical Memory: 314.17 MB used, 314.17 MB peak
[2016.05.08-21.27.24:892][  0]LogMemory: Process Virtual Memory: 314.82 MB used, 314.82 MB peak
[2016.05.08-21.27.24:892][  0]LogMemory: Physical Memory: 4996.70 MB used, 16330.44 MB total
[2016.05.08-21.27.24:892][  0]LogMemory: Virtual Memory: 653.25 MB used, 134217728.00 MB total
[2016.05.08-21.27.24:938][  0]LogTextLocalizationManager: No specific translations for ('en-US') exist, so ('en') translations will be used.
[2016.05.08-21.27.25:413][  0]LogD3D11RHI: D3D11 adapters:
[2016.05.08-21.27.25:446][  0]LogD3D11RHI:    0. 'NVIDIA GeForce GTX 970' (Feature Level 11_0)
[2016.05.08-21.27.25:446][  0]LogD3D11RHI:       4007MB of dedicated video memory, 0MB of dedicated system memory, and 8165MB of shared system memory, 2 output[s]
[2016.05.08-21.27.25:449][  0]LogD3D11RHI:    1. 'Microsoft Basic Render Driver' (Feature Level 11_0)
[2016.05.08-21.27.25:449][  0]LogD3D11RHI:       0MB of dedicated video memory, 0MB of dedicated system memory, and 8165MB of shared system memory, 0 output[s]
[2016.05.08-21.27.25:449][  0]LogD3D11RHI: Chosen D3D11 Adapter: 0
[2016.05.08-21.27.25:455][  0]LogD3D11RHI: Creating new Direct3DDevice
[2016.05.08-21.27.25:455][  0]LogD3D11RHI:     Adapter Name: NVIDIA GeForce GTX 970
[2016.05.08-21.27.25:455][  0]LogD3D11RHI:   Driver Version: 10.18.13.6200 (internal 10.18.13.6200)
[2016.05.08-21.27.25:455][  0]LogD3D11RHI:      Driver Date: 2-23-2016
[2016.05.08-21.27.25:455][  0]LogRHI: Texture pool is 1361 MB (70% of 1945 MB)
[2016.05.08-21.27.25:475][  0]LogD3D11RHI: Async texture creation enabled
[2016.05.08-21.27.25:492][  0]LogShaderCompilers: Guid format shader working directory is -20 characters bigger than the processId version (../../../../../../Users/Matt/Documents/Unreal Projects/Otherworld/Intermediate/Shaders/WorkingDirectory/5904/).
[2016.05.08-21.27.25:492][  0]LogShaderCompilers: Cleaned the shader compiler working directory 'C:/Users/Matt/AppData/Local/Temp/UnrealShaderWorkingDir/76086A3B4E8DBF70DA1B9C9CA1B1370F/'.
[2016.05.08-21.27.25:492][  0]LogShaderCompilers:Display: Using Local Shader Compiler.
[2016.05.08-21.27.27:001][  0]LogTemp:Display: Loaded TP AllDesktopTargetPlatform
[2016.05.08-21.27.27:007][  0]LogTemp:Display: Loaded TP WindowsClientTargetPlatform
[2016.05.08-21.27.27:013][  0]LogTemp:Display: Loaded TP WindowsNoEditorTargetPlatform
[2016.05.08-21.27.27:020][  0]LogTemp:Display: Loaded TP WindowsServerTargetPlatform
[2016.05.08-21.27.27:026][  0]LogTemp:Display: Loaded TP WindowsTargetPlatform
[2016.05.08-21.27.27:031][  0]LogTemp:Display: Loaded TP AndroidTargetPlatform
[2016.05.08-21.27.27:035][  0]LogTemp:Display: Loaded TP Android_ASTCTargetPlatform
[2016.05.08-21.27.27:039][  0]LogTemp:Display: Loaded TP Android_ATCTargetPlatform
[2016.05.08-21.27.27:044][  0]LogTemp:Display: Loaded TP Android_DXTTargetPlatform
[2016.05.08-21.27.27:048][  0]LogTemp:Display: Loaded TP Android_ETC1TargetPlatform
[2016.05.08-21.27.27:052][  0]LogTemp:Display: Loaded TP Android_ETC2TargetPlatform
[2016.05.08-21.27.27:061][  0]LogTemp:Display: Loaded TP Android_MultiTargetPlatform
[2016.05.08-21.27.27:061][  0]LogTemp:Display: Loaded TP Android_PVRTCTargetPlatform
[2016.05.08-21.27.27:063][  0]LogTemp:Display: Loaded TP HTML5TargetPlatform
[2016.05.08-21.27.27:085][  0]LogTemp:Display: Loaded TP IOSTargetPlatform
[2016.05.08-21.27.27:089][  0]LogTemp:Display: Loaded TP TVOSTargetPlatform
[2016.05.08-21.27.27:093][  0]LogTemp:Display: Loaded TP LinuxNoEditorTargetPlatform
[2016.05.08-21.27.27:097][  0]LogTemp:Display: Loaded TP LinuxServerTargetPlatform
[2016.05.08-21.27.27:102][  0]LogTemp:Display: Loaded TP LinuxTargetPlatform
[2016.05.08-21.27.27:102][  0]LogTargetPlatformManager:Display: Building Assets For Windows
[2016.05.08-21.27.27:219][  0]LogDerivedDataCache:Display: Max Cache Size: 512 MB
[2016.05.08-21.27.27:455][  0]LogDerivedDataCache: Loaded boot cache 0.24s 46MB C:/Users/Matt/AppData/Local/UnrealEngine/4.11/DerivedDataCache/Boot.ddc.
[2016.05.08-21.27.27:455][  0]LogDerivedDataCache:Display: Loaded Boot cache: C:/Users/Matt/AppData/Local/UnrealEngine/4.11/DerivedDataCache/Boot.ddc
[2016.05.08-21.27.27:455][  0]LogDerivedDataCache: FDerivedDataBackendGraph:  Pak pak cache file ../../../../../../Users/Matt/Documents/Unreal Projects/Otherworld/DerivedDataCache/DDC.ddp not found, will not use a pak cache.
[2016.05.08-21.27.27:455][  0]LogDerivedDataCache: Unable to find inner node Pak for hierarchical cache Hierarchy.
[2016.05.08-21.27.27:455][  0]LogDerivedDataCache: FDerivedDataBackendGraph:  CompressedPak pak cache file ../../../../../../Users/Matt/Documents/Unreal Projects/Otherworld/DerivedDataCache/Compressed.ddp not found, will not use a pak cache.
[2016.05.08-21.27.27:455][  0]LogDerivedDataCache: Unable to find inner node CompressedPak for hierarchical cache Hierarchy.
[2016.05.08-21.27.27:473][  0]LogDerivedDataCache:Display: Pak cache opened for reading ../../../Engine/DerivedDataCache/Compressed.ddp.
[2016.05.08-21.27.27:484][  0]LogDerivedDataCache: Using Local data cache path C:/Users/Matt/AppData/Local/UnrealEngine/Common/DerivedDataCache: Writable
[2016.05.08-21.27.27:921][  0]LogInit: Selected Device Profile: [Windows]
[2016.05.08-21.27.27:922][  0]LogContentStreaming: Texture pool size is 0.00 MB
[2016.05.08-21.27.27:967][  0]LogMaterial: Uniform references updated for custom material expression Custom.
[2016.05.08-21.27.28:102][  0]LogMeshUtilities: No automatic mesh reduction module available
[2016.05.08-21.27.28:102][  0]LogMeshUtilities: No automatic mesh merging module available
[2016.05.08-21.27.28:102][  0]LogMeshUtilities: No distributed automatic mesh merging module available
[2016.05.08-21.27.28:413][  0]LogUObjectArray: 27679 objects as part of root set at end of initial load.
[2016.05.08-21.27.28:413][  0]LogUObjectAllocator: 5591592 out of 0 bytes used by permanent object pool.
[2016.05.08-21.27.28:413][  0]LogUObjectArray: CloseDisregardForGC: 0/0 objects in disregard for GC pool
[2016.05.08-21.27.28:421][  0]LogInit: WinSock: version 1.1 (2.2), MaxSocks=32767, MaxUdp=65467
[2016.05.08-21.27.28:553][  0]LogSlate: SlateFontCache - WITH_FREETYPE: 1, WITH_HARFBUZZ: 1
[2016.05.08-21.27.28:553][  0]LogSlate: SlateFontCache - WITH_FREETYPE: 1, WITH_HARFBUZZ: 1
[2016.05.08-21.27.28:771][  0]LogStreaming:Warning: Failed to read file '../../../Engine/Content/Editor/Slate/Common/Selection_16x.png' error.
[2016.05.08-21.27.28:771][  0]LogSlate: Could not find file for Slate resource: ../../../Engine/Content/Editor/Slate/Common/Selection_16x.png
[2016.05.08-21.27.28:771][  0]LogStreaming:Warning: Failed to read file '../../../Engine/Content/Editor/Slate/Common/Selection_16x.png' error.
[2016.05.08-21.27.28:771][  0]LogSlate: Could not find file for Slate resource: ../../../Engine/Content/Editor/Slate/Common/Selection_16x.png
[2016.05.08-21.27.28:771][  0]LogStreaming:Warning: Failed to read file '../../../Engine/Content/Editor/Slate/Common/Selection_16x.png' error.
[2016.05.08-21.27.28:771][  0]LogSlate: Could not find file for Slate resource: ../../../Engine/Content/Editor/Slate/Common/Selection_16x.png
[2016.05.08-21.27.29:891][  0]LogUdpMessaging: Initializing bridge on interface 0.0.0.0:0 to multicast group 230.0.0.1:6666.
[2016.05.08-21.27.30:014][  0]LogAssetRegistry: FAssetRegistry took 0.0214 seconds to start up
[2016.05.08-21.27.30:187][  0]SourceControl: Info Source control is disabled
[2016.05.08-21.27.30:264][  0]SourceControl: Info Source control is disabled
[2016.05.08-21.27.30:274][  0]SourceControl: Info Source control is disabled
[2016.05.08-21.27.30:284][  0]SourceControl: Info Source control is disabled
[2016.05.08-21.27.30:432][  0]LogHMD: Failed to initialize OpenVR with code 110
[2016.05.08-21.27.30:514][  0]LogEngine: Initializing Engine...
[2016.05.08-21.27.30:685][  0]LogAIModule: Creating AISystem for world NewWorld
[2016.05.08-21.27.30:700][  0]LogInit: XAudio2 using 'Speakers (Realtek High Definition Audio)' : 2 channels at 48 kHz using 32 bits per sample (channel mask 0x3)
[2016.05.08-21.27.30:724][  0]LogInit: FAudioDevice initialized.
[2016.05.08-21.27.30:771][  0]LogDerivedDataCache: Saved boot cache 0.05s 46MB C:/Users/Matt/AppData/Local/UnrealEngine/4.11/DerivedDataCache/Boot.ddc.
[2016.05.08-21.27.30:784][  0]LogInit: Texture streaming: Enabled
[2016.05.08-21.27.30:814][  0]LogInit: Transaction tracking system initialized
[2016.05.08-21.27.30:844][  0]BlueprintLog: New page: Editor Load
[2016.05.08-21.27.30:949][  0]LocalizationService: Info Localization service is disabled
[2016.05.08-21.27.31:180][  0]LogConsoleResponse:Display: 
[2016.05.08-21.27.31:311][  0]LogCook:Display: Max memory allowance for cook 8192mb
[2016.05.08-21.27.31:311][  0]LogCook:Display: Mobile HDR setting 1
[2016.05.08-21.27.31:311][  0]LogCook:Display: Done creating registry. It took  0.00s.
[2016.05.08-21.27.31:384][  0]LogFileCache: Scanning file cache for directory 'C:/Users/Matt/Documents/Unreal Projects/Otherworld/Content/' took 0.01s
[2016.05.08-21.27.31:384][  0]SourceControl: Info Source control is disabled
[2016.05.08-21.27.31:385][  0]Cmd: MAP LOAD FILE="../../../../../../Users/Matt/Documents/Unreal Projects/Otherworld/Content/ThirdPersonBP/Maps/ThirdPersonExampleMap.umap" TEMPLATE=0 SHOWPROGRESS=1 FEATURELEVEL=3
[2016.05.08-21.27.31:385][  0]LightingResults: New page: Lighting Build
[2016.05.08-21.27.31:389][  0]MapCheck: New page: Map Check
[2016.05.08-21.27.31:389][  0]LightingResults: New page: Lighting Build
[2016.05.08-21.27.32:108][  0]LogAIModule: Creating AISystem for world ThirdPersonExampleMap
[2016.05.08-21.27.32:120][  0]LogEditorServer: Finished looking for orphan Actors (0.000 secs)
[2016.05.08-21.27.32:121][  0]Cmd: MAP CHECKDEP NOCLEARLOG
[2016.05.08-21.27.32:180][  0]MapCheck: Info Map check complete: 0 Error(s), 0 Warning(s), took 58.983ms to complete.
[2016.05.08-21.27.32:180][  0]LogFileHelpers: Loading map 'ThirdPersonExampleMap' took 0.796
[2016.05.08-21.27.32:332][  0]LogCollectionManager: Loaded 0 collections in 0.001969 seconds
[2016.05.08-21.27.32:376][  0]LogFileCache: Scanning file cache for directory 'C:/Users/Matt/Documents/Unreal Projects/Otherworld/Saved/Collections/' took 0.01s
[2016.05.08-21.27.32:376][  0]LogFileCache: Scanning file cache for directory 'C:/Users/Matt/Documents/Unreal Projects/Otherworld/Content/Developers/Matt/Collections/' took 0.01s
[2016.05.08-21.27.32:376][  0]LogFileCache: Scanning file cache for directory 'C:/Users/Matt/Documents/Unreal Projects/Otherworld/Content/Collections/' took 0.01s
[2016.05.08-21.27.32:376][  0]LogCollectionManager: Rebuilt the GUID cache for 0 collections in 0.000003 seconds
[2016.05.08-21.27.32:387][  0]LogContentBrowser: Native class hierarchy populated in 0.0104 seconds. Added 1980 classes and 345 folders.
[2016.05.08-21.27.32:391][  0]LogStats: UGameplayTagsManager::ConstructGameplayTagTree: Construct from data asset -  0.000 s
[2016.05.08-21.27.32:391][  0]LogStats: UGameplayTagsManager::ConstructGameplayTagTree: GameplayTagTreeChangedEvent.Broadcast -  0.000 s
[2016.05.08-21.27.32:391][  0]LogContentBrowser: Native class hierarchy updated for 'GameplayTags' in 0.0005 seconds. Added 12 classes and 0 folders.
[2016.05.08-21.27.32:396][  0]LogContentBrowser: Native class hierarchy updated for 'WidgetCarousel' in 0.0004 seconds. Added 0 classes and 0 folders.
[2016.05.08-21.27.32:407][  0]LogContentBrowser: Native class hierarchy updated for 'SuperSearch' in 0.0004 seconds. Added 1 classes and 2 folders.
[2016.05.08-21.27.32:528][  0]LogContentBrowser: Native class hierarchy updated for 'AddContentDialog' in 0.0004 seconds. Added 0 classes and 0 folders.
[2016.05.08-21.27.32:597][  0]LogCrashTracker: Crashtracker disabled due to settings.
[2016.05.08-21.27.32:605][  0]LogUObjectGlobals:Warning: Failed to find object 'Class None.'
[2016.05.08-21.27.32:633][  0]LogContentBrowser: Native class hierarchy updated for 'HierarchicalLODOutliner' in 0.0004 seconds. Added 1 classes and 2 folders.
[2016.05.08-21.27.32:633][  0]LogLoad: Full Startup: 8.70 seconds (BP compile: 0.19 seconds)
[2016.05.08-21.27.32:633][  0]LogExternalProfiler: Found external profiler: VSPerf
[2016.05.08-21.27.32:633][  0]LogExternalProfiler: Using external profiler: VSPerf
[2016.05.08-21.27.32:643][  0]LogOcInput: OculusInput pre-init called
[2016.05.08-21.27.32:690][  0]LogContentStreaming: Texture pool size now 1000 MB
[2016.05.08-21.27.32:849][  0]LogRenderer: Reallocating scene render targets to support 968x408 (Frame:2).
[2016.05.08-21.27.32:954][  1]LogAssetRegistry: Asset discovery search completed in 2.9617 seconds
[2016.05.08-21.27.32:954][  1]LogCollectionManager: Rebuilt the object cache for 0 collections in 0.000001 seconds (found 0 objects)
[2016.05.08-21.27.32:954][  1]LogCollectionManager: Fixed up redirectors for 0 collections in 0.000032 seconds (updated 0 objects)
[2016.05.08-21.27.59:503][ 51]LogContentBrowser: Native class hierarchy updated for 'BlueprintGraph' in 0.0011 seconds. Added 108 classes and 0 folders.
[2016.05.08-21.37.33:216][964]LogFileHelpers: Editor autosave (incl. sublevels) for '/Game/ThirdPersonBP/Maps/ThirdPersonExampleMap' took 0.055
[2016.05.08-21.37.33:222][964]OBJ SavePackage: Generating thumbnails for [0] asset(s) in package [/Game/UserInterface/Widgets/CharacterInformation] ([1] browsable assets)...
[2016.05.08-21.37.33:222][964]OBJ SavePackage: Finished generating thumbnails for package [/Game/UserInterface/Widgets/CharacterInformation]
[2016.05.08-21.37.33:231][964]LogSavePackage: Save=7.84ms
[2016.05.08-21.37.33:231][964]LogSavePackage: Moving '../../../../../../Users/Matt/Documents/Unreal Projects/Otherworld/Saved/CharacterInformation_Auto1425047F24683CDA2DE9970A1D285DF80.tmp' to '../../../../../../Users/Matt/Documents/Unreal Projects/Otherworld/Saved/Autosaves/Game/UserInterface/Widgets/CharacterInformation_Auto1.uasset'
[2016.05.08-21.37.33:233][964]LogSavePackage: Total save time: 9.94ms
[2016.05.08-21.37.33:233][964]LogSavePackage:Display: Finished SavePackage ../../../../../../Users/Matt/Documents/Unreal Projects/Otherworld/Saved/Autosaves/Game/UserInterface/Widgets/CharacterInformation_Auto1.uasset
[2016.05.08-21.37.33:233][964]LogFileHelpers: Auto-saving content packages took 0.016
[2016.05.08-22.17.01:944][ 62]Cmd: QUIT_EDITOR
[2016.05.08-22.17.02:008][ 62]LogWindowsTextInputMethodSystem:Display: IME system now deactivated.
[2016.05.08-22.17.02:060][ 62]LogExit: Preparing to exit.
[2016.05.08-22.17.02:893][ 62]LogExit: Editor shut down
[2016.05.08-22.17.02:894][ 62]LogExit: Transaction tracking system shut down
[2016.05.08-22.17.03:092][ 62]LogObj: Freed 0b from 0 cluster array pools.
[2016.05.08-22.17.03:093][ 62]LogExit: Object subsystem successfully closed.
[2016.05.08-22.17.03:111][ 62]LogD3D11RHI: Shutdown
[2016.05.08-22.17.03:111][ 62]LogD3D11RHI: CleanupD3DDevice
[2016.05.08-22.17.03:197][ 62]LogD3D11RHI: ~FD3D11DynamicRHI
[2016.05.08-22.17.03:318][ 62]LogDerivedDataCache: Shutdown
[2016.05.08-22.17.03:319][ 62]LogModuleManager: Shutting down and abandoning module SequencerWidgets (206)
[2016.05.08-22.17.03:319][ 62]LogModuleManager: Shutting down and abandoning module BlueprintGraph (205)
[2016.05.08-22.17.03:319][ 62]LogModuleManager: Shutting down and abandoning module HierarchicalLODOutliner (204)
[2016.05.08-22.17.03:319][ 62]LogModuleManager: Shutting down and abandoning module CrashTracker (203)
[2016.05.08-22.17.03:319][ 62]LogModuleManager: Shutting down and abandoning module SuperSearch (202)
[2016.05.08-22.17.03:319][ 62]LogModuleManager: Shutting down and abandoning module WidgetCarousel (201)
[2016.05.08-22.17.03:319][ 62]LogModuleManager: Shutting down and abandoning module AddContentDialog (200)
[2016.05.08-22.17.03:324][ 62]LogModuleManager: Shutting down and abandoning module GameplayTags (199)
[2016.05.08-22.17.03:324][ 62]LogModuleManager: Shutting down and abandoning module EditorWidgets (198)
[2016.05.08-22.17.03:324][ 62]LogModuleManager: Shutting down and abandoning module CollectionManager (197)
[2016.05.08-22.17.03:324][ 62]LogModuleManager: Shutting down and abandoning module SceneOutliner (196)
[2016.05.08-22.17.03:324][ 62]LogModuleManager: Shutting down and abandoning module StatsViewer (195)
[2016.05.08-22.17.03:324][ 62]LogModuleManager: Shutting down and abandoning module FoliageEdit (194)
[2016.05.08-22.17.03:325][ 62]LogModuleManager: Shutting down and abandoning module LandscapeEditor (193)
[2016.05.08-22.17.03:325][ 62]LogModuleManager: Shutting down and abandoning module ActorPickerMode (192)
[2016.05.08-22.17.03:325][ 62]LogModuleManager: Shutting down and abandoning module GeometryMode (191)
[2016.05.08-22.17.03:325][ 62]LogModuleManager: Shutting down and abandoning module TextureAlignMode (190)
[2016.05.08-22.17.03:325][ 62]LogModuleManager: Shutting down and abandoning module BspMode (189)
[2016.05.08-22.17.03:325][ 62]LogModuleManager: Shutting down and abandoning module PlacementMode (188)
[2016.05.08-22.17.03:325][ 62]LogModuleManager: Shutting down and abandoning module AutomationWorker (187)
[2016.05.08-22.17.03:325][ 62]LogModuleManager: Shutting down and abandoning module CharacterAI (186)
[2016.05.08-22.17.03:325][ 62]LogModuleManager: Shutting down and abandoning module SmartSnapping (185)
[2016.05.08-22.17.03:325][ 62]LogModuleManager: Shutting down and abandoning module ViewportSnapping (184)
[2016.05.08-22.17.03:325][ 62]LogModuleManager: Shutting down and abandoning module LogVisualizer (183)
[2016.05.08-22.17.03:325][ 62]LogModuleManager: Shutting down and abandoning module GameProjectGeneration (182)
[2016.05.08-22.17.03:325][ 62]LogModuleManager: Shutting down and abandoning module IntroTutorials (181)
[2016.05.08-22.17.03:325][ 62]LogModuleManager: Shutting down and abandoning module EditorLiveStreaming (180)
[2016.05.08-22.17.03:325][ 62]LogModuleManager: Shutting down and abandoning module IOSPlatformEditor (179)
[2016.05.08-22.17.03:325][ 62]LogModuleManager: Shutting down and abandoning module HTML5PlatformEditor (178)
[2016.05.08-22.17.03:326][ 62]LogModuleManager: Shutting down and abandoning module AndroidDeviceDetection (177)
[2016.05.08-22.17.03:868][ 62]LogModuleManager: Shutting down and abandoning module AndroidPlatformEditor (176)
[2016.05.08-22.17.03:868][ 62]LogModuleManager: Shutting down and abandoning module IOSRuntimeSettings (175)
[2016.05.08-22.17.03:868][ 62]LogModuleManager: Shutting down and abandoning module AndroidRuntimeSettings (174)
[2016.05.08-22.17.03:868][ 62]LogModuleManager: Shutting down and abandoning module MergeActors (173)
[2016.05.08-22.17.03:868][ 62]LogModuleManager: Shutting down and abandoning module SizeMap (172)
[2016.05.08-22.17.03:868][ 62]LogModuleManager: Shutting down and abandoning module TreeMap (171)
[2016.05.08-22.17.03:868][ 62]LogModuleManager: Shutting down and abandoning module ReferenceViewer (170)
[2016.05.08-22.17.03:868][ 62]LogModuleManager: Shutting down and abandoning module LocalizationService (169)
[2016.05.08-22.17.03:868][ 62]LogModuleManager: Shutting down and abandoning module LocalizationDashboard (168)
[2016.05.08-22.17.03:868][ 62]LogModuleManager: Shutting down and abandoning module HardwareTargeting (167)
[2016.05.08-22.17.03:868][ 62]LogModuleManager: Shutting down and abandoning module DeviceProfileEditor (166)
[2016.05.08-22.17.03:868][ 62]LogModuleManager: Shutting down and abandoning module UndoHistory (165)
[2016.05.08-22.17.03:868][ 62]LogModuleManager: Shutting down and abandoning module UserFeedback (164)
[2016.05.08-22.17.03:868][ 62]LogModuleManager: Shutting down and abandoning module XmlParser (163)
[2016.05.08-22.17.03:868][ 62]LogModuleManager: Shutting down and abandoning module Blutility (162)
[2016.05.08-22.17.03:868][ 62]LogModuleManager: Shutting down and abandoning module ProjectTargetPlatformEditor (161)
[2016.05.08-22.17.03:869][ 62]LogModuleManager: Shutting down and abandoning module ProjectSettingsViewer (160)
[2016.05.08-22.17.03:869][ 62]LogModuleManager: Shutting down and abandoning module InputBindingEditor (159)
[2016.05.08-22.17.03:869][ 62]LogModuleManager: Shutting down and abandoning module EditorSettingsViewer (158)
[2016.05.08-22.17.03:869][ 62]LogModuleManager: Shutting down and abandoning module SettingsEditor (157)
[2016.05.08-22.17.03:869][ 62]LogModuleManager: Shutting down and abandoning module ProjectLauncher (156)
[2016.05.08-22.17.03:869][ 62]LogModuleManager: Shutting down and abandoning module SessionFrontend (155)
[2016.05.08-22.17.03:869][ 62]LogModuleManager: Shutting down and abandoning module ProfilerClient (154)
[2016.05.08-22.17.03:869][ 62]LogModuleManager: Shutting down and abandoning module TargetDeviceServices (153)
[2016.05.08-22.17.03:869][ 62]LogModuleManager: Shutting down and abandoning module DeviceManager (152)
[2016.05.08-22.17.03:901][ 62]LogModuleManager: Shutting down and abandoning module AutomationController (151)
[2016.05.08-22.17.03:901][ 62]LogModuleManager: Shutting down and abandoning module AutomationWindow (150)
[2016.05.08-22.17.03:901][ 62]LogModuleManager: Shutting down and abandoning module Layers (149)
[2016.05.08-22.17.03:901][ 62]LogModuleManager: Shutting down and abandoning module ComponentVisualizers (148)
[2016.05.08-22.17.03:901][ 62]LogModuleManager: Shutting down and abandoning module DetailCustomizations (147)
[2016.05.08-22.17.03:901][ 62]LogModuleManager: Shutting down and abandoning module PackagesDialog (146)
[2016.05.08-22.17.03:901][ 62]LogModuleManager: Shutting down and abandoning module Persona (145)
[2016.05.08-22.17.03:901][ 62]LogModuleManager: Shutting down and abandoning module Kismet (144)
[2016.05.08-22.17.03:901][ 62]LogModuleManager: Shutting down and abandoning module GraphEditor (143)
[2016.05.08-22.17.03:901][ 62]LogModuleManager: Shutting down and abandoning module ClassViewer (142)
[2016.05.08-22.17.03:901][ 62]LogModuleManager: Shutting down and abandoning module Toolbox (141)
[2016.05.08-22.17.03:901][ 62]LogModuleManager: Shutting down and abandoning module ModuleUI (140)
[2016.05.08-22.17.03:901][ 62]LogModuleManager: Shutting down and abandoning module MovieSceneTools (139)
[2016.05.08-22.17.03:901][ 62]LogModuleManager: Shutting down and abandoning module OutputLog (138)
[2016.05.08-22.17.03:901][ 62]LogModuleManager: Shutting down and abandoning module GammaUI (137)
[2016.05.08-22.17.03:901][ 62]LogModuleManager: Shutting down and abandoning module Documentation (136)
[2016.05.08-22.17.03:901][ 62]LogModuleManager: Shutting down and abandoning module StreamingPauseRendering (135)
[2016.05.08-22.17.03:901][ 62]LogModuleManager: Shutting down and abandoning module AnalyticsET (134)
[2016.05.08-22.17.03:901][ 62]LogModuleManager: Shutting down and abandoning module Analytics (133)
[2016.05.08-22.17.03:901][ 62]LogModuleManager: Shutting down and abandoning module PortalServices (132)
[2016.05.08-22.17.03:901][ 62]LogModuleManager: Shutting down and abandoning module PortalRpc (131)
[2016.05.08-22.17.03:901][ 62]LogModuleManager: Shutting down and abandoning module MessagingRpc (130)
[2016.05.08-22.17.03:901][ 62]LogModuleManager: Shutting down and abandoning module AITestSuite (129)
[2016.05.08-22.17.03:901][ 62]LogModuleManager: Shutting down and abandoning module GameplayDebugger (128)
[2016.05.08-22.17.03:901][ 62]LogModuleManager: Shutting down and abandoning module AIModule (127)
[2016.05.08-22.17.03:901][ 62]LogModuleManager: Shutting down and abandoning module ProfilerService (126)
[2016.05.08-22.17.04:152][ 62]LogModuleManager: Shutting down and abandoning module TaskGraph (125)
[2016.05.08-22.17.04:152][ 62]LogModuleManager: Shutting down and abandoning module SlateRemote (124)
[2016.05.08-22.17.04:152][ 62]LogModuleManager: Shutting down and abandoning module SteamVRController (123)
[2016.05.08-22.17.04:152][ 62]LogModuleManager: Shutting down and abandoning module SteamVR (122)
[2016.05.08-22.17.04:152][ 62]LogModuleManager: Shutting down and abandoning module ProceduralMeshComponent (121)
[2016.05.08-22.17.04:152][ 62]LogModuleManager: Shutting down and abandoning module OculusLibrary (120)
[2016.05.08-22.17.04:152][ 62]LogModuleManager: Shutting down and abandoning module OculusInput (119)
[2016.05.08-22.17.04:152][ 62]LogModuleManager: Shutting down and abandoning module CustomMeshComponent (118)
[2016.05.08-22.17.04:152][ 62]LogModuleManager: Shutting down and abandoning module CableComponent (117)
[2016.05.08-22.17.04:152][ 62]LogModuleManager: Shutting down and abandoning module ArchVisCharacter (116)
[2016.05.08-22.17.04:152][ 62]LogModuleManager: Shutting down and abandoning module MediaPlayerEditor (115)
[2016.05.08-22.17.04:152][ 62]LogModuleManager: Shutting down and abandoning module HTML5Networking (114)
[2016.05.08-22.17.04:152][ 62]LogModuleManager: Shutting down and abandoning module SpeedTreeImporter (113)
[2016.05.08-22.17.04:152][ 62]LogModuleManager: Shutting down and abandoning module PluginBrowser (112)
[2016.05.08-22.17.04:152][ 62]LogModuleManager: Shutting down and abandoning module EpicSurvey (111)
[2016.05.08-22.17.04:153][ 62]LogModuleManager: Shutting down and abandoning module DesktopPlatform (110)
[2016.05.08-22.17.04:153][ 62]LogModuleManager: Shutting down and abandoning module VisualStudioSourceCodeAccess (109)
[2016.05.08-22.17.04:153][ 62]LogModuleManager: Shutting down and abandoning module UObjectPlugin (108)
[2016.05.08-22.17.04:153][ 62]LogModuleManager: Shutting down and abandoning module SubversionSourceControl (107)
[2016.05.08-22.17.04:153][ 62]LogModuleManager: Shutting down and abandoning module PerforceSourceControl (106)
[2016.05.08-22.17.04:153][ 62]LogModuleManager: Shutting down and abandoning module SourceControl (105)
[2016.05.08-22.17.04:153][ 62]LogModuleManager: Shutting down and abandoning module GitSourceControl (104)
[2016.05.08-22.17.04:153][ 62]LogModuleManager: Shutting down and abandoning module LightPropagationVolumeEditor (103)
[2016.05.08-22.17.04:153][ 62]LogModuleManager: Shutting down and abandoning module PaperTiledImporter (102)
[2016.05.08-22.17.04:153][ 62]LogModuleManager: Shutting down and abandoning module PaperSpriteSheetImporter (101)
[2016.05.08-22.17.04:153][ 62]LogModuleManager: Shutting down and abandoning module MeshPaint (100)
[2016.05.08-22.17.04:153][ 62]LogModuleManager: Shutting down and abandoning module HotReload (99)
[2016.05.08-22.17.04:154][ 62]LogModuleManager: Shutting down and abandoning module MainFrame (98)
[2016.05.08-22.17.04:154][ 62]LogModuleManager: Shutting down and abandoning module LevelEditor (97)
[2016.05.08-22.17.04:156][ 62]LogModuleManager: Shutting down and abandoning module DirectoryWatcher (96)
[2016.05.08-22.17.04:163][ 62]LogModuleManager: Shutting down and abandoning module AssetRegistry (95)
[2016.05.08-22.17.04:420][ 62]LogModuleManager: Shutting down and abandoning module ContentBrowser (94)
[2016.05.08-22.17.04:421][ 62]LogModuleManager: Shutting down and abandoning module Paper2DEditor (93)
[2016.05.08-22.17.04:421][ 62]LogModuleManager: Shutting down and abandoning module UdpMessaging (92)
[2016.05.08-22.17.04:522][ 62]LogModuleManager: Shutting down and abandoning module LightPropagationVolumeRuntime (91)
[2016.05.08-22.17.04:522][ 62]LogModuleManager: Shutting down and abandoning module Paper2D (90)
[2016.05.08-22.17.04:522][ 62]LogModuleManager: Shutting down and abandoning module WindowsMoviePlayer (89)
[2016.05.08-22.17.04:522][ 62]LogModuleManager: Shutting down and abandoning module Media (88)
[2016.05.08-22.17.04:522][ 62]LogModuleManager: Shutting down and abandoning module WmfMedia (87)
[2016.05.08-22.17.04:522][ 62]LogModuleManager: Shutting down and abandoning module MediaAssets (86)
[2016.05.08-22.17.04:522][ 62]LogModuleManager: Shutting down and abandoning module GameLiveStreaming (85)
[2016.05.08-22.17.04:522][ 62]LogModuleManager: Shutting down and abandoning module GameplayTagsEditor (84)
[2016.05.08-22.17.04:522][ 62]LogModuleManager: Shutting down and abandoning module OnlineBlueprintSupport (83)
[2016.05.08-22.17.04:522][ 62]LogModuleManager: Shutting down and abandoning module GameplayTasksEditor (82)
[2016.05.08-22.17.04:522][ 62]LogModuleManager: Shutting down and abandoning module PropertyEditor (81)
[2016.05.08-22.17.04:522][ 62]LogModuleManager: Shutting down and abandoning module BehaviorTreeEditor (80)
[2016.05.08-22.17.04:522][ 62]LogModuleManager: Shutting down and abandoning module FunctionalTesting (79)
[2016.05.08-22.17.04:522][ 62]LogModuleManager: Shutting down and abandoning module CollisionAnalyzer (78)
[2016.05.08-22.17.04:522][ 62]LogModuleManager: Shutting down and abandoning module WorkspaceMenuStructure (77)
[2016.05.08-22.17.04:522][ 62]LogModuleManager: Shutting down and abandoning module MessageLog (76)
[2016.05.08-22.17.04:522][ 62]LogModuleManager: Shutting down and abandoning module Sequencer (75)
[2016.05.08-22.17.04:522][ 62]LogModuleManager: Shutting down and abandoning module AssetTools (74)
[2016.05.08-22.17.04:522][ 62]LogModuleManager: Shutting down and abandoning module UMGEditor (73)
[2016.05.08-22.17.04:522][ 62]LogModuleManager: Shutting down and abandoning module UMG (72)
[2016.05.08-22.17.04:522][ 62]LogModuleManager: Shutting down and abandoning module SlateReflector (71)
[2016.05.08-22.17.04:522][ 62]LogModuleManager: Shutting down and abandoning module Slate (70)
[2016.05.08-22.17.04:522][ 62]LogModuleManager: Shutting down and abandoning module EditorStyle (69)
[2016.05.08-22.17.04:525][ 62]LogModuleManager: Shutting down and abandoning module SessionServices (68)
[2016.05.08-22.17.04:525][ 62]LogModuleManager: Shutting down and abandoning module SourceCodeAccess (67)
[2016.05.08-22.17.04:525][ 62]LogModuleManager: Shutting down and abandoning module HeadMountedDisplay (66)
[2016.05.08-22.17.04:525][ 62]LogModuleManager: Shutting down and abandoning module XAudio2 (65)
[2016.05.08-22.17.04:525][ 62]LogModuleManager: Shutting down and abandoning module Networking (63)
[2016.05.08-22.17.04:525][ 62]LogModuleManager: Shutting down and abandoning module Core (62)
[2016.05.08-22.17.04:525][ 62]LogModuleManager: Shutting down and abandoning module KismetCompiler (61)
[2016.05.08-22.17.04:525][ 62]LogModuleManager: Shutting down and abandoning module PhysXFormats (60)
[2016.05.08-22.17.04:525][ 62]LogModuleManager: Shutting down and abandoning module MeshUtilities (59)
[2016.05.08-22.17.04:525][ 62]LogModuleManager: Shutting down and abandoning module CookingStats (58)
[2016.05.08-22.17.04:525][ 62]LogModuleManager: Shutting down and abandoning module DerivedDataCache (57)
[2016.05.08-22.17.04:525][ 62]LogDerivedDataCache: Shutdown
[2016.05.08-22.17.04:525][ 62]LogModuleManager: Shutting down and abandoning module ShaderFormatOpenGL (56)
[2016.05.08-22.17.04:525][ 62]LogModuleManager: Shutting down and abandoning module ShaderFormatD3D (55)
[2016.05.08-22.17.04:525][ 62]LogModuleManager: Shutting down and abandoning module MetalShaderFormat (54)
[2016.05.08-22.17.04:525][ 62]LogModuleManager: Shutting down and abandoning module TextureFormatUncompressed (53)
[2016.05.08-22.17.04:525][ 62]LogModuleManager: Shutting down and abandoning module TextureFormatPVR (52)
[2016.05.08-22.17.04:525][ 62]LogModuleManager: Shutting down and abandoning module TextureFormatIntelISPCTexComp (51)
[2016.05.08-22.17.04:525][ 62]LogModuleManager: Shutting down and abandoning module TextureFormatDXT (50)
[2016.05.08-22.17.04:525][ 62]LogModuleManager: Shutting down and abandoning module ImageWrapper (49)
[2016.05.08-22.17.04:525][ 62]LogModuleManager: Shutting down and abandoning module TextureFormatASTC (48)
[2016.05.08-22.17.04:525][ 62]LogModuleManager: Shutting down and abandoning module TextureFormatAndroid (47)
[2016.05.08-22.17.04:525][ 62]LogModuleManager: Shutting down and abandoning module AudioFormatOpus (46)
[2016.05.08-22.17.04:525][ 62]LogModuleManager: Shutting down and abandoning module AudioFormatOgg (45)
[2016.05.08-22.17.04:525][ 62]LogModuleManager: Shutting down and abandoning module AudioFormatADPCM (44)
[2016.05.08-22.17.04:525][ 62]LogModuleManager: Shutting down and abandoning module LinuxTargetPlatform (43)
[2016.05.08-22.17.04:525][ 62]LogModuleManager: Shutting down and abandoning module LinuxServerTargetPlatform (42)
[2016.05.08-22.17.04:525][ 62]LogModuleManager: Shutting down and abandoning module LinuxNoEditorTargetPlatform (41)
[2016.05.08-22.17.04:525][ 62]LogModuleManager: Shutting down and abandoning module TVOSTargetPlatform (40)
[2016.05.08-22.17.04:525][ 62]LogModuleManager: Shutting down and abandoning module Messaging (39)
[2016.05.08-22.17.04:525][ 62]LogModuleManager: Shutting down and abandoning module IOSTargetPlatform (38)
[2016.05.08-22.17.04:525][ 62]LogModuleManager: Shutting down and abandoning module HTML5TargetPlatform (37)
[2016.05.08-22.17.04:525][ 62]LogModuleManager: Shutting down and abandoning module Android_PVRTCTargetPlatform (36)
[2016.05.08-22.17.04:525][ 62]LogModuleManager: Shutting down and abandoning module Android_MultiTargetPlatform (35)
[2016.05.08-22.17.04:525][ 62]LogModuleManager: Shutting down and abandoning module Android_ETC2TargetPlatform (34)
[2016.05.08-22.17.04:525][ 62]LogModuleManager: Shutting down and abandoning module Android_ETC1TargetPlatform (33)
[2016.05.08-22.17.04:525][ 62]LogModuleManager: Shutting down and abandoning module Android_DXTTargetPlatform (32)
[2016.05.08-22.17.04:525][ 62]LogModuleManager: Shutting down and abandoning module Android_ATCTargetPlatform (31)
[2016.05.08-22.17.04:525][ 62]LogModuleManager: Shutting down and abandoning module Android_ASTCTargetPlatform (30)
[2016.05.08-22.17.04:525][ 62]LogModuleManager: Shutting down and abandoning module AndroidTargetPlatform (29)
[2016.05.08-22.17.04:525][ 62]LogModuleManager: Shutting down and abandoning module WindowsTargetPlatform (28)
[2016.05.08-22.17.04:525][ 62]LogModuleManager: Shutting down and abandoning module WindowsServerTargetPlatform (27)
[2016.05.08-22.17.04:525][ 62]LogModuleManager: Shutting down and abandoning module WindowsNoEditorTargetPlatform (26)
[2016.05.08-22.17.04:525][ 62]LogModuleManager: Shutting down and abandoning module WindowsClientTargetPlatform (25)
[2016.05.08-22.17.04:526][ 62]LogModuleManager: Shutting down and abandoning module AllDesktopTargetPlatform (24)
[2016.05.08-22.17.04:526][ 62]LogModuleManager: Shutting down and abandoning module TargetPlatform (23)
[2016.05.08-22.17.04:526][ 62]LogModuleManager: Shutting down and abandoning module InputCore (22)
[2016.05.08-22.17.04:526][ 62]LogModuleManager: Shutting down and abandoning module Settings (21)
[2016.05.08-22.17.04:526][ 62]LogModuleManager: Shutting down and abandoning module OnlineSubsystem (19)
[2016.05.08-22.17.04:526][ 62]LogModuleManager: Shutting down and abandoning module HTTP (18)
[2016.05.08-22.17.06:530][ 62]LogModuleManager: Shutting down and abandoning module XMPP (17)
[2016.05.08-22.17.06:530][ 62]LogModuleManager: Shutting down and abandoning module OculusRift (16)
[2016.05.08-22.17.06:530][ 62]LogModuleManager: Shutting down and abandoning module ExampleDeviceProfileSelector (15)
[2016.05.08-22.17.06:530][ 62]LogModuleManager: Shutting down and abandoning module TextureCompressor (14)
[2016.05.08-22.17.06:530][ 62]LogModuleManager: Shutting down and abandoning module ShaderCore (13)
[2016.05.08-22.17.06:530][ 62]LogModuleManager: Shutting down and abandoning module Landscape (12)
[2016.05.08-22.17.06:530][ 62]LogModuleManager: Shutting down and abandoning module SlateRHIRenderer (11)
[2016.05.08-22.17.06:534][ 62]LogModuleManager: Shutting down and abandoning module OpenGLDrv (10)
[2016.05.08-22.17.06:534][ 62]LogModuleManager: Shutting down and abandoning module D3D11RHI (9)
[2016.05.08-22.17.06:534][ 62]LogModuleManager: Shutting down and abandoning module AnimGraphRuntime (8)
[2016.05.08-22.17.06:534][ 62]LogModuleManager: Shutting down and abandoning module Renderer (7)
[2016.05.08-22.17.06:535][ 62]LogModuleManager: Shutting down and abandoning module Engine (6)
[2016.05.08-22.17.06:535][ 62]LogModuleManager: Shutting down and abandoning module CoreUObject (5)
[2016.05.08-22.17.06:535][ 62]LogModuleManager: Shutting down and abandoning module NetworkFile (4)
[2016.05.08-22.17.06:535][ 62]LogModuleManager: Shutting down and abandoning module StreamingFile (3)
[2016.05.08-22.17.06:535][ 62]LogModuleManager: Shutting down and abandoning module SandboxFile (2)
[2016.05.08-22.17.06:535][ 62]LogModuleManager: Shutting down and abandoning module PakFile (1)
[2016.05.08-22.17.06:537][ 62]LogExit: Exiting.
[2016.05.08-22.17.06:539][ 62]Log file closed, 05/08/16 18:17:06
