Log file open, 05/10/16 21:21:23
LogInit:Display: Running engine for game: Otherworld
LogPlatformFile: Not using cached read wrapper
LogInit:Display: RandInit(-1664949595) SRandInit(-1664949593).
LogTaskGraph: Started task graph with 4 named threads and 7 total threads.
LogStats: Stats thread started at 0.079860
LogInit: Version: 4.11.2-2946394+++UE4+Release-4.11
LogInit: API Version: 2927265
LogInit: Compiled (64-bit): Apr 18 2016 02:18:46
LogInit: Compiled with Visual C++: 19.00.23026.00
LogInit: Build Configuration: Development
LogInit: Branch Name: ++UE4+Release-4.11
LogInit: Command line:  
LogInit: Base directory: C:/Program Files (x86)/Epic Games/4.11/Engine/Binaries/Win64/
LogInit: Installed Engine Build: 1
LogInit: Using libcurl 7.41.0
LogInit:  - built for x86_64-pc-win32
LogInit:  - supports SSL with WinSSL
LogInit:  - other features:
LogInit:      CURL_VERSION_SSL
LogInit:      CURL_VERSION_IPV6
LogInit:      CURL_VERSION_ASYNCHDNS
LogInit:      CURL_VERSION_LARGEFILE
LogInit:      CURL_VERSION_IDN
LogInit:  CurlRequestOptions (configurable via config and command line):
LogInit:  - bVerifyPeer = true  - Libcurl will verify peer certificate
LogInit:  - bUseHttpProxy = false  - Libcurl will NOT use HTTP proxy
LogInit:  - bDontReuseConnections = false  - Libcurl will reuse connections
LogInit:  - CertBundlePath = nullptr  - Libcurl will use whatever was configured at build time.
LogInit: Presizing for max 16777216 objects, including 0 objects not considered by GC, pre-allocating 0 bytes for permanent pool.
LogInit: Object subsystem initialized
[2016.05.11-01.21.24:215][  0]LogInit: Selected Device Profile: [Windows]
[2016.05.11-01.21.24:215][  0]LogInit: Applying CVar settings loaded from the selected device profile: [Windows]
[2016.05.11-01.21.24:224][  0]LogInit: Computer: MONICA
[2016.05.11-01.21.24:224][  0]LogInit: User: Matt
[2016.05.11-01.21.24:224][  0]LogInit: CPU Page size=65536, Cores=4
[2016.05.11-01.21.24:224][  0]LogInit: High frequency timer resolution =3.906229 MHz
[2016.05.11-01.21.24:224][  0]LogMemory: Memory total: Physical=15.9GB (16GB approx)
[2016.05.11-01.21.24:224][  0]LogMemory: Platform Memory Stats for Windows
[2016.05.11-01.21.24:224][  0]LogMemory: Process Physical Memory: 313.38 MB used, 313.38 MB peak
[2016.05.11-01.21.24:224][  0]LogMemory: Process Virtual Memory: 314.80 MB used, 314.80 MB peak
[2016.05.11-01.21.24:224][  0]LogMemory: Physical Memory: 3795.81 MB used, 16330.94 MB total
[2016.05.11-01.21.24:224][  0]LogMemory: Virtual Memory: 653.25 MB used, 134217728.00 MB total
[2016.05.11-01.21.24:265][  0]LogTextLocalizationManager: No specific translations for ('en-US') exist, so ('en') translations will be used.
[2016.05.11-01.21.24:721][  0]LogD3D11RHI: D3D11 adapters:
[2016.05.11-01.21.24:760][  0]LogD3D11RHI:    0. 'NVIDIA GeForce GTX 970' (Feature Level 11_0)
[2016.05.11-01.21.24:760][  0]LogD3D11RHI:       4007MB of dedicated video memory, 0MB of dedicated system memory, and 8165MB of shared system memory, 2 output[s]
[2016.05.11-01.21.24:762][  0]LogD3D11RHI:    1. 'Microsoft Basic Render Driver' (Feature Level 11_0)
[2016.05.11-01.21.24:762][  0]LogD3D11RHI:       0MB of dedicated video memory, 0MB of dedicated system memory, and 8165MB of shared system memory, 0 output[s]
[2016.05.11-01.21.24:762][  0]LogD3D11RHI: Chosen D3D11 Adapter: 0
[2016.05.11-01.21.24:767][  0]LogD3D11RHI: Creating new Direct3DDevice
[2016.05.11-01.21.24:767][  0]LogD3D11RHI:     Adapter Name: NVIDIA GeForce GTX 970
[2016.05.11-01.21.24:767][  0]LogD3D11RHI:   Driver Version: 10.18.13.6200 (internal 10.18.13.6200)
[2016.05.11-01.21.24:767][  0]LogD3D11RHI:      Driver Date: 2-23-2016
[2016.05.11-01.21.24:767][  0]LogRHI: Texture pool is 1361 MB (70% of 1945 MB)
[2016.05.11-01.21.24:787][  0]LogD3D11RHI: Async texture creation enabled
[2016.05.11-01.21.24:804][  0]LogShaderCompilers: Guid format shader working directory is -22 characters bigger than the processId version (../../../../../../Users/Matt/Documents/GitHub/Otherworld/Otherworld/Intermediate/Shaders/WorkingDirectory/5904/).
[2016.05.11-01.21.24:804][  0]LogShaderCompilers: Cleaned the shader compiler working directory 'C:/Users/Matt/AppData/Local/Temp/UnrealShaderWorkingDir/9D66E974478BBF18D34F0188A73BB612/'.
[2016.05.11-01.21.24:804][  0]LogShaderCompilers:Display: Using Local Shader Compiler.
[2016.05.11-01.21.25:938][  0]LogTemp:Display: Loaded TP AllDesktopTargetPlatform
[2016.05.11-01.21.25:944][  0]LogTemp:Display: Loaded TP WindowsClientTargetPlatform
[2016.05.11-01.21.25:949][  0]LogTemp:Display: Loaded TP WindowsNoEditorTargetPlatform
[2016.05.11-01.21.25:956][  0]LogTemp:Display: Loaded TP WindowsServerTargetPlatform
[2016.05.11-01.21.25:961][  0]LogTemp:Display: Loaded TP WindowsTargetPlatform
[2016.05.11-01.21.25:966][  0]LogTemp:Display: Loaded TP AndroidTargetPlatform
[2016.05.11-01.21.25:970][  0]LogTemp:Display: Loaded TP Android_ASTCTargetPlatform
[2016.05.11-01.21.25:974][  0]LogTemp:Display: Loaded TP Android_ATCTargetPlatform
[2016.05.11-01.21.25:978][  0]LogTemp:Display: Loaded TP Android_DXTTargetPlatform
[2016.05.11-01.21.25:982][  0]LogTemp:Display: Loaded TP Android_ETC1TargetPlatform
[2016.05.11-01.21.25:986][  0]LogTemp:Display: Loaded TP Android_ETC2TargetPlatform
[2016.05.11-01.21.25:994][  0]LogTemp:Display: Loaded TP Android_MultiTargetPlatform
[2016.05.11-01.21.25:994][  0]LogTemp:Display: Loaded TP Android_PVRTCTargetPlatform
[2016.05.11-01.21.25:996][  0]LogTemp:Display: Loaded TP HTML5TargetPlatform
[2016.05.11-01.21.26:015][  0]LogTemp:Display: Loaded TP IOSTargetPlatform
[2016.05.11-01.21.26:018][  0]LogTemp:Display: Loaded TP TVOSTargetPlatform
[2016.05.11-01.21.26:022][  0]LogTemp:Display: Loaded TP LinuxNoEditorTargetPlatform
[2016.05.11-01.21.26:026][  0]LogTemp:Display: Loaded TP LinuxServerTargetPlatform
[2016.05.11-01.21.26:031][  0]LogTemp:Display: Loaded TP LinuxTargetPlatform
[2016.05.11-01.21.26:031][  0]LogTargetPlatformManager:Display: Building Assets For Windows
[2016.05.11-01.21.26:117][  0]LogDerivedDataCache:Display: Max Cache Size: 512 MB
[2016.05.11-01.21.26:200][  0]LogDerivedDataCache: Loaded boot cache 0.08s 46MB C:/Users/Matt/AppData/Local/UnrealEngine/4.11/DerivedDataCache/Boot.ddc.
[2016.05.11-01.21.26:200][  0]LogDerivedDataCache:Display: Loaded Boot cache: C:/Users/Matt/AppData/Local/UnrealEngine/4.11/DerivedDataCache/Boot.ddc
[2016.05.11-01.21.26:201][  0]LogDerivedDataCache: FDerivedDataBackendGraph:  Pak pak cache file ../../../../../../Users/Matt/Documents/GitHub/Otherworld/Otherworld/DerivedDataCache/DDC.ddp not found, will not use a pak cache.
[2016.05.11-01.21.26:201][  0]LogDerivedDataCache: Unable to find inner node Pak for hierarchical cache Hierarchy.
[2016.05.11-01.21.26:201][  0]LogDerivedDataCache: FDerivedDataBackendGraph:  CompressedPak pak cache file ../../../../../../Users/Matt/Documents/GitHub/Otherworld/Otherworld/DerivedDataCache/Compressed.ddp not found, will not use a pak cache.
[2016.05.11-01.21.26:201][  0]LogDerivedDataCache: Unable to find inner node CompressedPak for hierarchical cache Hierarchy.
[2016.05.11-01.21.26:218][  0]LogDerivedDataCache:Display: Pak cache opened for reading ../../../Engine/DerivedDataCache/Compressed.ddp.
[2016.05.11-01.21.26:230][  0]LogDerivedDataCache: Using Local data cache path C:/Users/Matt/AppData/Local/UnrealEngine/Common/DerivedDataCache: Writable
[2016.05.11-01.21.26:427][  0]LogInit: Selected Device Profile: [Windows]
[2016.05.11-01.21.26:428][  0]LogContentStreaming: Texture pool size is 0.00 MB
[2016.05.11-01.21.26:471][  0]LogMaterial: Uniform references updated for custom material expression Custom.
[2016.05.11-01.21.26:610][  0]LogMeshUtilities: No automatic mesh reduction module available
[2016.05.11-01.21.26:610][  0]LogMeshUtilities: No automatic mesh merging module available
[2016.05.11-01.21.26:610][  0]LogMeshUtilities: No distributed automatic mesh merging module available
[2016.05.11-01.21.26:914][  0]LogUObjectArray: 27679 objects as part of root set at end of initial load.
[2016.05.11-01.21.26:914][  0]LogUObjectAllocator: 5591592 out of 0 bytes used by permanent object pool.
[2016.05.11-01.21.26:914][  0]LogUObjectArray: CloseDisregardForGC: 0/0 objects in disregard for GC pool
[2016.05.11-01.21.26:922][  0]LogInit: WinSock: version 1.1 (2.2), MaxSocks=32767, MaxUdp=65467
[2016.05.11-01.21.27:031][  0]LogSlate: SlateFontCache - WITH_FREETYPE: 1, WITH_HARFBUZZ: 1
[2016.05.11-01.21.27:031][  0]LogSlate: SlateFontCache - WITH_FREETYPE: 1, WITH_HARFBUZZ: 1
[2016.05.11-01.21.27:132][  0]LogStreaming:Warning: Failed to read file '../../../Engine/Content/Editor/Slate/Common/Selection_16x.png' error.
[2016.05.11-01.21.27:132][  0]LogSlate: Could not find file for Slate resource: ../../../Engine/Content/Editor/Slate/Common/Selection_16x.png
[2016.05.11-01.21.27:132][  0]LogStreaming:Warning: Failed to read file '../../../Engine/Content/Editor/Slate/Common/Selection_16x.png' error.
[2016.05.11-01.21.27:132][  0]LogSlate: Could not find file for Slate resource: ../../../Engine/Content/Editor/Slate/Common/Selection_16x.png
[2016.05.11-01.21.27:132][  0]LogStreaming:Warning: Failed to read file '../../../Engine/Content/Editor/Slate/Common/Selection_16x.png' error.
[2016.05.11-01.21.27:132][  0]LogSlate: Could not find file for Slate resource: ../../../Engine/Content/Editor/Slate/Common/Selection_16x.png
[2016.05.11-01.21.27:721][  0]LogUdpMessaging: Initializing bridge on interface 0.0.0.0:0 to multicast group 230.0.0.1:6666.
[2016.05.11-01.21.27:856][  0]LogAssetRegistry: FAssetRegistry took 0.0218 seconds to start up
[2016.05.11-01.21.28:026][  0]SourceControl: Info Source control is disabled
[2016.05.11-01.21.28:102][  0]SourceControl: Info Source control is disabled
[2016.05.11-01.21.28:112][  0]SourceControl: Info Source control is disabled
[2016.05.11-01.21.28:122][  0]SourceControl: Info Source control is disabled
[2016.05.11-01.21.28:260][  0]LogHMD: Failed to initialize OpenVR with code 110
[2016.05.11-01.21.28:339][  0]LogEngine: Initializing Engine...
[2016.05.11-01.21.28:498][  0]LogAIModule: Creating AISystem for world NewWorld
[2016.05.11-01.21.28:514][  0]LogInit: XAudio2 using 'Speakers (Realtek High Definition Audio)' : 2 channels at 48 kHz using 32 bits per sample (channel mask 0x3)
[2016.05.11-01.21.28:554][  0]LogInit: FAudioDevice initialized.
[2016.05.11-01.21.28:599][  0]LogDerivedDataCache: Saved boot cache 0.05s 46MB C:/Users/Matt/AppData/Local/UnrealEngine/4.11/DerivedDataCache/Boot.ddc.
[2016.05.11-01.21.28:611][  0]LogInit: Texture streaming: Enabled
[2016.05.11-01.21.28:637][  0]LogInit: Transaction tracking system initialized
[2016.05.11-01.21.28:664][  0]BlueprintLog: New page: Editor Load
[2016.05.11-01.21.28:750][  0]LocalizationService: Info Localization service is disabled
[2016.05.11-01.21.28:972][  0]LogConsoleResponse:Display: 
[2016.05.11-01.21.29:082][  0]LogCook:Display: Max memory allowance for cook 8192mb
[2016.05.11-01.21.29:082][  0]LogCook:Display: Mobile HDR setting 1
[2016.05.11-01.21.29:082][  0]LogCook:Display: Done creating registry. It took  0.00s.
[2016.05.11-01.21.29:146][  0]LogFileCache: Scanning file cache for directory 'C:/Users/Matt/Documents/GitHub/Otherworld/Otherworld/Content/' took 0.01s
[2016.05.11-01.21.29:146][  0]SourceControl: Info Source control is disabled
[2016.05.11-01.21.29:146][  0]Cmd: MAP LOAD FILE="../../../../../../Users/Matt/Documents/GitHub/Otherworld/Otherworld/Content/ThirdPersonBP/Maps/ThirdPersonExampleMap.umap" TEMPLATE=0 SHOWPROGRESS=1 FEATURELEVEL=3
[2016.05.11-01.21.29:147][  0]LightingResults: New page: Lighting Build
[2016.05.11-01.21.29:150][  0]MapCheck: New page: Map Check
[2016.05.11-01.21.29:150][  0]LightingResults: New page: Lighting Build
[2016.05.11-01.21.29:365][  0]LogProperty:Error: UStructProperty::Serialize Loading: Property 'StructProperty /Game/Actors/Pickup.Pickup_C:ItemData'. Unknown structure.
[2016.05.11-01.21.29:365][  0]LogClass:Warning: Property ItemData of Pickup_C has a struct type mismatch (tag STRUCT_REINST_ItemData_20 != prop FallbackStruct) in package:  ../../../../../../Users/Matt/Documents/GitHub/Otherworld/Otherworld/Content/Actors/Pickup.uasset. If that struct got renamed, add an entry to ActiveStructRedirects.
[2016.05.11-01.21.29:370][  0]LogClass:Warning: Property ItemData of Pickup_C has a struct type mismatch (tag FallbackStruct != prop ItemData) in package:  FObjectReader. If that struct got renamed, add an entry to ActiveStructRedirects.
[2016.05.11-01.21.30:122][  0]LogAIModule: Creating AISystem for world ThirdPersonExampleMap
[2016.05.11-01.21.30:127][  0]AnimBlueprint:Warning: Warning SLOTNODE: 'DefaultSlot' in animation instance class PlayerAnimBP_C already exists. Remove duplicates from the animation graph for this class.
[2016.05.11-01.21.30:132][  0]LogEditorServer: Finished looking for orphan Actors (0.000 secs)
[2016.05.11-01.21.30:132][  0]Cmd: MAP CHECKDEP NOCLEARLOG
[2016.05.11-01.21.30:192][  0]MapCheck: Info Map check complete: 0 Error(s), 0 Warning(s), took 59.486ms to complete.
[2016.05.11-01.21.30:192][  0]LogFileHelpers: Loading map 'ThirdPersonExampleMap' took 1.046
[2016.05.11-01.21.30:380][  0]LogCollectionManager: Loaded 0 collections in 0.001918 seconds
[2016.05.11-01.21.30:425][  0]LogFileCache: Scanning file cache for directory 'C:/Users/Matt/Documents/GitHub/Otherworld/Otherworld/Saved/Collections/' took 0.01s
[2016.05.11-01.21.30:425][  0]LogFileCache: Scanning file cache for directory 'C:/Users/Matt/Documents/GitHub/Otherworld/Otherworld/Content/Developers/Matt/Collections/' took 0.01s
[2016.05.11-01.21.30:425][  0]LogFileCache: Scanning file cache for directory 'C:/Users/Matt/Documents/GitHub/Otherworld/Otherworld/Content/Collections/' took 0.01s
[2016.05.11-01.21.30:425][  0]LogCollectionManager: Rebuilt the GUID cache for 0 collections in 0.000003 seconds
[2016.05.11-01.21.30:435][  0]LogContentBrowser: Native class hierarchy populated in 0.0099 seconds. Added 1980 classes and 345 folders.
[2016.05.11-01.21.30:438][  0]LogStats: UGameplayTagsManager::ConstructGameplayTagTree: Construct from data asset -  0.000 s
[2016.05.11-01.21.30:439][  0]LogStats: UGameplayTagsManager::ConstructGameplayTagTree: GameplayTagTreeChangedEvent.Broadcast -  0.000 s
[2016.05.11-01.21.30:439][  0]LogContentBrowser: Native class hierarchy updated for 'GameplayTags' in 0.0005 seconds. Added 12 classes and 0 folders.
[2016.05.11-01.21.30:444][  0]LogContentBrowser: Native class hierarchy updated for 'WidgetCarousel' in 0.0003 seconds. Added 0 classes and 0 folders.
[2016.05.11-01.21.30:451][  0]LogContentBrowser: Native class hierarchy updated for 'SuperSearch' in 0.0004 seconds. Added 1 classes and 2 folders.
[2016.05.11-01.21.30:495][  0]LogContentBrowser: Native class hierarchy updated for 'AddContentDialog' in 0.0004 seconds. Added 0 classes and 0 folders.
[2016.05.11-01.21.30:560][  0]LogCrashTracker: Crashtracker disabled due to settings.
[2016.05.11-01.21.30:567][  0]LogUObjectGlobals:Warning: Failed to find object 'Class None.'
[2016.05.11-01.21.30:593][  0]LogContentBrowser: Native class hierarchy updated for 'HierarchicalLODOutliner' in 0.0004 seconds. Added 1 classes and 2 folders.
[2016.05.11-01.21.30:594][  0]LogLoad: Full Startup: 7.37 seconds (BP compile: 0.31 seconds)
[2016.05.11-01.21.30:594][  0]LogExternalProfiler: Found external profiler: VSPerf
[2016.05.11-01.21.30:594][  0]LogExternalProfiler: Using external profiler: VSPerf
[2016.05.11-01.21.30:603][  0]LogOcInput: OculusInput pre-init called
[2016.05.11-01.21.30:645][  0]LogContentStreaming: Texture pool size now 1000 MB
[2016.05.11-01.21.30:801][  0]LogRenderer: Reallocating scene render targets to support 968x408 (Frame:2).
[2016.05.11-01.21.30:929][  1]LogAssetRegistry: Asset discovery search completed in 3.0950 seconds
[2016.05.11-01.21.30:929][  1]LogCollectionManager: Rebuilt the object cache for 0 collections in 0.000001 seconds (found 0 objects)
[2016.05.11-01.21.30:929][  1]LogCollectionManager: Fixed up redirectors for 0 collections in 0.000025 seconds (updated 0 objects)
[2016.05.11-01.21.39:197][971]AnimBlueprint:Warning: Warning SLOTNODE: 'DefaultSlot' in animation instance class PlayerAnimBP_C already exists. Remove duplicates from the animation graph for this class.
[2016.05.11-01.21.39:268][976]AnimBlueprint:Warning: Warning SLOTNODE: 'DefaultSlot' in animation instance class PlayerAnimBP_C already exists. Remove duplicates from the animation graph for this class.
[2016.05.11-01.21.39:324][982]AnimBlueprint:Warning: Warning SLOTNODE: 'DefaultSlot' in animation instance class PlayerAnimBP_C already exists. Remove duplicates from the animation graph for this class.
[2016.05.11-01.21.39:378][988]AnimBlueprint:Warning: Warning SLOTNODE: 'DefaultSlot' in animation instance class PlayerAnimBP_C already exists. Remove duplicates from the animation graph for this class.
[2016.05.11-01.21.39:443][994]AnimBlueprint:Warning: Warning SLOTNODE: 'DefaultSlot' in animation instance class PlayerAnimBP_C already exists. Remove duplicates from the animation graph for this class.
[2016.05.11-01.21.39:500][  0]AnimBlueprint:Warning: Warning SLOTNODE: 'DefaultSlot' in animation instance class PlayerAnimBP_C already exists. Remove duplicates from the animation graph for this class.
[2016.05.11-01.21.39:553][  6]AnimBlueprint:Warning: Warning SLOTNODE: 'DefaultSlot' in animation instance class PlayerAnimBP_C already exists. Remove duplicates from the animation graph for this class.
[2016.05.11-01.21.39:606][ 12]AnimBlueprint:Warning: Warning SLOTNODE: 'DefaultSlot' in animation instance class PlayerAnimBP_C already exists. Remove duplicates from the animation graph for this class.
[2016.05.11-01.21.39:657][ 18]AnimBlueprint:Warning: Warning SLOTNODE: 'DefaultSlot' in animation instance class PlayerAnimBP_C already exists. Remove duplicates from the animation graph for this class.
[2016.05.11-01.21.39:707][ 24]AnimBlueprint:Warning: Warning SLOTNODE: 'DefaultSlot' in animation instance class PlayerAnimBP_C already exists. Remove duplicates from the animation graph for this class.
[2016.05.11-01.21.39:756][ 30]AnimBlueprint:Warning: Warning SLOTNODE: 'DefaultSlot' in animation instance class PlayerAnimBP_C already exists. Remove duplicates from the animation graph for this class.
[2016.05.11-01.21.39:807][ 36]AnimBlueprint:Warning: Warning SLOTNODE: 'DefaultSlot' in animation instance class PlayerAnimBP_C already exists. Remove duplicates from the animation graph for this class.
[2016.05.11-01.21.39:857][ 42]AnimBlueprint:Warning: Warning SLOTNODE: 'DefaultSlot' in animation instance class PlayerAnimBP_C already exists. Remove duplicates from the animation graph for this class.
[2016.05.11-01.21.39:906][ 48]AnimBlueprint:Warning: Warning SLOTNODE: 'DefaultSlot' in animation instance class PlayerAnimBP_C already exists. Remove duplicates from the animation graph for this class.
[2016.05.11-01.21.39:956][ 54]AnimBlueprint:Warning: Warning SLOTNODE: 'DefaultSlot' in animation instance class PlayerAnimBP_C already exists. Remove duplicates from the animation graph for this class.
[2016.05.11-01.21.40:006][ 60]AnimBlueprint:Warning: Warning SLOTNODE: 'DefaultSlot' in animation instance class PlayerAnimBP_C already exists. Remove duplicates from the animation graph for this class.
[2016.05.11-01.21.40:189][ 82]AnimBlueprint:Warning: Warning SLOTNODE: 'DefaultSlot' in animation instance class PlayerAnimBP_C already exists. Remove duplicates from the animation graph for this class.
[2016.05.11-01.21.40:239][ 88]AnimBlueprint:Warning: Warning SLOTNODE: 'DefaultSlot' in animation instance class PlayerAnimBP_C already exists. Remove duplicates from the animation graph for this class.
[2016.05.11-01.21.40:289][ 94]AnimBlueprint:Warning: Warning SLOTNODE: 'DefaultSlot' in animation instance class PlayerAnimBP_C already exists. Remove duplicates from the animation graph for this class.
[2016.05.11-01.21.40:340][100]AnimBlueprint:Warning: Warning SLOTNODE: 'DefaultSlot' in animation instance class PlayerAnimBP_C already exists. Remove duplicates from the animation graph for this class.
[2016.05.11-01.21.40:389][106]AnimBlueprint:Warning: Warning SLOTNODE: 'DefaultSlot' in animation instance class PlayerAnimBP_C already exists. Remove duplicates from the animation graph for this class.
[2016.05.11-01.21.40:441][112]AnimBlueprint:Warning: Warning SLOTNODE: 'DefaultSlot' in animation instance class PlayerAnimBP_C already exists. Remove duplicates from the animation graph for this class.
[2016.05.11-01.21.40:491][118]AnimBlueprint:Warning: Warning SLOTNODE: 'DefaultSlot' in animation instance class PlayerAnimBP_C already exists. Remove duplicates from the animation graph for this class.
[2016.05.11-01.21.40:541][124]AnimBlueprint:Warning: Warning SLOTNODE: 'DefaultSlot' in animation instance class PlayerAnimBP_C already exists. Remove duplicates from the animation graph for this class.
[2016.05.11-01.21.40:591][130]AnimBlueprint:Warning: Warning SLOTNODE: 'DefaultSlot' in animation instance class PlayerAnimBP_C already exists. Remove duplicates from the animation graph for this class.
[2016.05.11-01.21.40:641][136]AnimBlueprint:Warning: Warning SLOTNODE: 'DefaultSlot' in animation instance class PlayerAnimBP_C already exists. Remove duplicates from the animation graph for this class.
[2016.05.11-01.21.40:691][142]AnimBlueprint:Warning: Warning SLOTNODE: 'DefaultSlot' in animation instance class PlayerAnimBP_C already exists. Remove duplicates from the animation graph for this class.
[2016.05.11-01.21.40:741][148]AnimBlueprint:Warning: Warning SLOTNODE: 'DefaultSlot' in animation instance class PlayerAnimBP_C already exists. Remove duplicates from the animation graph for this class.
[2016.05.11-01.21.40:791][154]AnimBlueprint:Warning: Warning SLOTNODE: 'DefaultSlot' in animation instance class PlayerAnimBP_C already exists. Remove duplicates from the animation graph for this class.
[2016.05.11-01.21.40:841][160]AnimBlueprint:Warning: Warning SLOTNODE: 'DefaultSlot' in animation instance class PlayerAnimBP_C already exists. Remove duplicates from the animation graph for this class.
[2016.05.11-01.21.40:891][166]AnimBlueprint:Warning: Warning SLOTNODE: 'DefaultSlot' in animation instance class PlayerAnimBP_C already exists. Remove duplicates from the animation graph for this class.
[2016.05.11-01.21.40:941][172]AnimBlueprint:Warning: Warning SLOTNODE: 'DefaultSlot' in animation instance class PlayerAnimBP_C already exists. Remove duplicates from the animation graph for this class.
[2016.05.11-01.21.40:992][178]AnimBlueprint:Warning: Warning SLOTNODE: 'DefaultSlot' in animation instance class PlayerAnimBP_C already exists. Remove duplicates from the animation graph for this class.
[2016.05.11-01.21.41:041][184]AnimBlueprint:Warning: Warning SLOTNODE: 'DefaultSlot' in animation instance class PlayerAnimBP_C already exists. Remove duplicates from the animation graph for this class.
[2016.05.11-01.21.41:091][190]AnimBlueprint:Warning: Warning SLOTNODE: 'DefaultSlot' in animation instance class PlayerAnimBP_C already exists. Remove duplicates from the animation graph for this class.
[2016.05.11-01.21.41:142][196]AnimBlueprint:Warning: Warning SLOTNODE: 'DefaultSlot' in animation instance class PlayerAnimBP_C already exists. Remove duplicates from the animation graph for this class.
[2016.05.11-01.21.41:191][202]AnimBlueprint:Warning: Warning SLOTNODE: 'DefaultSlot' in animation instance class PlayerAnimBP_C already exists. Remove duplicates from the animation graph for this class.
[2016.05.11-01.21.41:241][208]AnimBlueprint:Warning: Warning SLOTNODE: 'DefaultSlot' in animation instance class PlayerAnimBP_C already exists. Remove duplicates from the animation graph for this class.
[2016.05.11-01.21.41:291][214]AnimBlueprint:Warning: Warning SLOTNODE: 'DefaultSlot' in animation instance class PlayerAnimBP_C already exists. Remove duplicates from the animation graph for this class.
[2016.05.11-01.21.41:341][220]AnimBlueprint:Warning: Warning SLOTNODE: 'DefaultSlot' in animation instance class PlayerAnimBP_C already exists. Remove duplicates from the animation graph for this class.
[2016.05.11-01.21.41:391][226]AnimBlueprint:Warning: Warning SLOTNODE: 'DefaultSlot' in animation instance class PlayerAnimBP_C already exists. Remove duplicates from the animation graph for this class.
[2016.05.11-01.21.41:441][232]AnimBlueprint:Warning: Warning SLOTNODE: 'DefaultSlot' in animation instance class PlayerAnimBP_C already exists. Remove duplicates from the animation graph for this class.
[2016.05.11-01.21.41:492][238]AnimBlueprint:Warning: Warning SLOTNODE: 'DefaultSlot' in animation instance class PlayerAnimBP_C already exists. Remove duplicates from the animation graph for this class.
[2016.05.11-01.21.41:542][244]AnimBlueprint:Warning: Warning SLOTNODE: 'DefaultSlot' in animation instance class PlayerAnimBP_C already exists. Remove duplicates from the animation graph for this class.
[2016.05.11-01.21.41:593][250]AnimBlueprint:Warning: Warning SLOTNODE: 'DefaultSlot' in animation instance class PlayerAnimBP_C already exists. Remove duplicates from the animation graph for this class.
[2016.05.11-01.21.41:643][256]AnimBlueprint:Warning: Warning SLOTNODE: 'DefaultSlot' in animation instance class PlayerAnimBP_C already exists. Remove duplicates from the animation graph for this class.
[2016.05.11-01.21.41:693][262]AnimBlueprint:Warning: Warning SLOTNODE: 'DefaultSlot' in animation instance class PlayerAnimBP_C already exists. Remove duplicates from the animation graph for this class.
[2016.05.11-01.21.41:743][268]AnimBlueprint:Warning: Warning SLOTNODE: 'DefaultSlot' in animation instance class PlayerAnimBP_C already exists. Remove duplicates from the animation graph for this class.
[2016.05.11-01.21.41:793][274]AnimBlueprint:Warning: Warning SLOTNODE: 'DefaultSlot' in animation instance class PlayerAnimBP_C already exists. Remove duplicates from the animation graph for this class.
[2016.05.11-01.21.41:867][280]AnimBlueprint:Warning: Warning SLOTNODE: 'DefaultSlot' in animation instance class PlayerAnimBP_C already exists. Remove duplicates from the animation graph for this class.
[2016.05.11-01.21.41:922][286]AnimBlueprint:Warning: Warning SLOTNODE: 'DefaultSlot' in animation instance class PlayerAnimBP_C already exists. Remove duplicates from the animation graph for this class.
[2016.05.11-01.21.41:972][292]AnimBlueprint:Warning: Warning SLOTNODE: 'DefaultSlot' in animation instance class PlayerAnimBP_C already exists. Remove duplicates from the animation graph for this class.
[2016.05.11-01.21.42:023][298]AnimBlueprint:Warning: Warning SLOTNODE: 'DefaultSlot' in animation instance class PlayerAnimBP_C already exists. Remove duplicates from the animation graph for this class.
[2016.05.11-01.21.42:076][304]AnimBlueprint:Warning: Warning SLOTNODE: 'DefaultSlot' in animation instance class PlayerAnimBP_C already exists. Remove duplicates from the animation graph for this class.
[2016.05.11-01.21.42:125][310]AnimBlueprint:Warning: Warning SLOTNODE: 'DefaultSlot' in animation instance class PlayerAnimBP_C already exists. Remove duplicates from the animation graph for this class.
[2016.05.11-01.21.42:176][316]AnimBlueprint:Warning: Warning SLOTNODE: 'DefaultSlot' in animation instance class PlayerAnimBP_C already exists. Remove duplicates from the animation graph for this class.
[2016.05.11-01.21.42:226][322]AnimBlueprint:Warning: Warning SLOTNODE: 'DefaultSlot' in animation instance class PlayerAnimBP_C already exists. Remove duplicates from the animation graph for this class.
[2016.05.11-01.21.42:276][328]AnimBlueprint:Warning: Warning SLOTNODE: 'DefaultSlot' in animation instance class PlayerAnimBP_C already exists. Remove duplicates from the animation graph for this class.
[2016.05.11-01.21.42:326][334]AnimBlueprint:Warning: Warning SLOTNODE: 'DefaultSlot' in animation instance class PlayerAnimBP_C already exists. Remove duplicates from the animation graph for this class.
[2016.05.11-01.21.42:376][340]AnimBlueprint:Warning: Warning SLOTNODE: 'DefaultSlot' in animation instance class PlayerAnimBP_C already exists. Remove duplicates from the animation graph for this class.
[2016.05.11-01.21.42:426][346]AnimBlueprint:Warning: Warning SLOTNODE: 'DefaultSlot' in animation instance class PlayerAnimBP_C already exists. Remove duplicates from the animation graph for this class.
[2016.05.11-01.21.42:479][352]AnimBlueprint:Warning: Warning SLOTNODE: 'DefaultSlot' in animation instance class PlayerAnimBP_C already exists. Remove duplicates from the animation graph for this class.
[2016.05.11-01.21.42:529][358]AnimBlueprint:Warning: Warning SLOTNODE: 'DefaultSlot' in animation instance class PlayerAnimBP_C already exists. Remove duplicates from the animation graph for this class.
[2016.05.11-01.21.42:581][364]AnimBlueprint:Warning: Warning SLOTNODE: 'DefaultSlot' in animation instance class PlayerAnimBP_C already exists. Remove duplicates from the animation graph for this class.
[2016.05.11-01.21.42:637][370]AnimBlueprint:Warning: Warning SLOTNODE: 'DefaultSlot' in animation instance class PlayerAnimBP_C already exists. Remove duplicates from the animation graph for this class.
[2016.05.11-01.21.42:689][376]AnimBlueprint:Warning: Warning SLOTNODE: 'DefaultSlot' in animation instance class PlayerAnimBP_C already exists. Remove duplicates from the animation graph for this class.
[2016.05.11-01.21.42:739][382]AnimBlueprint:Warning: Warning SLOTNODE: 'DefaultSlot' in animation instance class PlayerAnimBP_C already exists. Remove duplicates from the animation graph for this class.
[2016.05.11-01.21.42:789][388]AnimBlueprint:Warning: Warning SLOTNODE: 'DefaultSlot' in animation instance class PlayerAnimBP_C already exists. Remove duplicates from the animation graph for this class.
[2016.05.11-01.21.42:840][394]AnimBlueprint:Warning: Warning SLOTNODE: 'DefaultSlot' in animation instance class PlayerAnimBP_C already exists. Remove duplicates from the animation graph for this class.
[2016.05.11-01.21.42:890][400]AnimBlueprint:Warning: Warning SLOTNODE: 'DefaultSlot' in animation instance class PlayerAnimBP_C already exists. Remove duplicates from the animation graph for this class.
[2016.05.11-01.21.42:940][406]AnimBlueprint:Warning: Warning SLOTNODE: 'DefaultSlot' in animation instance class PlayerAnimBP_C already exists. Remove duplicates from the animation graph for this class.
[2016.05.11-01.21.42:990][412]AnimBlueprint:Warning: Warning SLOTNODE: 'DefaultSlot' in animation instance class PlayerAnimBP_C already exists. Remove duplicates from the animation graph for this class.
[2016.05.11-01.21.43:040][418]AnimBlueprint:Warning: Warning SLOTNODE: 'DefaultSlot' in animation instance class PlayerAnimBP_C already exists. Remove duplicates from the animation graph for this class.
[2016.05.11-01.21.43:090][424]AnimBlueprint:Warning: Warning SLOTNODE: 'DefaultSlot' in animation instance class PlayerAnimBP_C already exists. Remove duplicates from the animation graph for this class.
[2016.05.11-01.21.43:140][430]AnimBlueprint:Warning: Warning SLOTNODE: 'DefaultSlot' in animation instance class PlayerAnimBP_C already exists. Remove duplicates from the animation graph for this class.
[2016.05.11-01.21.43:190][436]AnimBlueprint:Warning: Warning SLOTNODE: 'DefaultSlot' in animation instance class PlayerAnimBP_C already exists. Remove duplicates from the animation graph for this class.
[2016.05.11-01.21.43:240][442]AnimBlueprint:Warning: Warning SLOTNODE: 'DefaultSlot' in animation instance class PlayerAnimBP_C already exists. Remove duplicates from the animation graph for this class.
[2016.05.11-01.21.43:290][448]AnimBlueprint:Warning: Warning SLOTNODE: 'DefaultSlot' in animation instance class PlayerAnimBP_C already exists. Remove duplicates from the animation graph for this class.
[2016.05.11-01.21.43:340][454]AnimBlueprint:Warning: Warning SLOTNODE: 'DefaultSlot' in animation instance class PlayerAnimBP_C already exists. Remove duplicates from the animation graph for this class.
[2016.05.11-01.21.43:391][460]AnimBlueprint:Warning: Warning SLOTNODE: 'DefaultSlot' in animation instance class PlayerAnimBP_C already exists. Remove duplicates from the animation graph for this class.
[2016.05.11-01.21.43:440][466]AnimBlueprint:Warning: Warning SLOTNODE: 'DefaultSlot' in animation instance class PlayerAnimBP_C already exists. Remove duplicates from the animation graph for this class.
[2016.05.11-01.21.43:497][472]AnimBlueprint:Warning: Warning SLOTNODE: 'DefaultSlot' in animation instance class PlayerAnimBP_C already exists. Remove duplicates from the animation graph for this class.
[2016.05.11-01.21.43:547][478]AnimBlueprint:Warning: Warning SLOTNODE: 'DefaultSlot' in animation instance class PlayerAnimBP_C already exists. Remove duplicates from the animation graph for this class.
[2016.05.11-01.21.43:597][484]AnimBlueprint:Warning: Warning SLOTNODE: 'DefaultSlot' in animation instance class PlayerAnimBP_C already exists. Remove duplicates from the animation graph for this class.
[2016.05.11-01.21.43:649][490]AnimBlueprint:Warning: Warning SLOTNODE: 'DefaultSlot' in animation instance class PlayerAnimBP_C already exists. Remove duplicates from the animation graph for this class.
[2016.05.11-01.21.43:699][496]AnimBlueprint:Warning: Warning SLOTNODE: 'DefaultSlot' in animation instance class PlayerAnimBP_C already exists. Remove duplicates from the animation graph for this class.
[2016.05.11-01.21.43:749][502]AnimBlueprint:Warning: Warning SLOTNODE: 'DefaultSlot' in animation instance class PlayerAnimBP_C already exists. Remove duplicates from the animation graph for this class.
[2016.05.11-01.21.43:799][508]AnimBlueprint:Warning: Warning SLOTNODE: 'DefaultSlot' in animation instance class PlayerAnimBP_C already exists. Remove duplicates from the animation graph for this class.
[2016.05.11-01.21.43:849][514]AnimBlueprint:Warning: Warning SLOTNODE: 'DefaultSlot' in animation instance class PlayerAnimBP_C already exists. Remove duplicates from the animation graph for this class.
[2016.05.11-01.21.43:899][520]AnimBlueprint:Warning: Warning SLOTNODE: 'DefaultSlot' in animation instance class PlayerAnimBP_C already exists. Remove duplicates from the animation graph for this class.
[2016.05.11-01.21.43:949][526]AnimBlueprint:Warning: Warning SLOTNODE: 'DefaultSlot' in animation instance class PlayerAnimBP_C already exists. Remove duplicates from the animation graph for this class.
[2016.05.11-01.21.43:999][532]AnimBlueprint:Warning: Warning SLOTNODE: 'DefaultSlot' in animation instance class PlayerAnimBP_C already exists. Remove duplicates from the animation graph for this class.
[2016.05.11-01.21.44:049][538]AnimBlueprint:Warning: Warning SLOTNODE: 'DefaultSlot' in animation instance class PlayerAnimBP_C already exists. Remove duplicates from the animation graph for this class.
[2016.05.11-01.21.44:099][544]AnimBlueprint:Warning: Warning SLOTNODE: 'DefaultSlot' in animation instance class PlayerAnimBP_C already exists. Remove duplicates from the animation graph for this class.
[2016.05.11-01.21.44:149][550]AnimBlueprint:Warning: Warning SLOTNODE: 'DefaultSlot' in animation instance class PlayerAnimBP_C already exists. Remove duplicates from the animation graph for this class.
[2016.05.11-01.21.44:199][556]AnimBlueprint:Warning: Warning SLOTNODE: 'DefaultSlot' in animation instance class PlayerAnimBP_C already exists. Remove duplicates from the animation graph for this class.
[2016.05.11-01.21.44:250][562]AnimBlueprint:Warning: Warning SLOTNODE: 'DefaultSlot' in animation instance class PlayerAnimBP_C already exists. Remove duplicates from the animation graph for this class.
[2016.05.11-01.21.44:300][568]AnimBlueprint:Warning: Warning SLOTNODE: 'DefaultSlot' in animation instance class PlayerAnimBP_C already exists. Remove duplicates from the animation graph for this class.
[2016.05.11-01.21.44:350][574]AnimBlueprint:Warning: Warning SLOTNODE: 'DefaultSlot' in animation instance class PlayerAnimBP_C already exists. Remove duplicates from the animation graph for this class.
[2016.05.11-01.21.44:400][580]AnimBlueprint:Warning: Warning SLOTNODE: 'DefaultSlot' in animation instance class PlayerAnimBP_C already exists. Remove duplicates from the animation graph for this class.
[2016.05.11-01.21.44:450][586]AnimBlueprint:Warning: Warning SLOTNODE: 'DefaultSlot' in animation instance class PlayerAnimBP_C already exists. Remove duplicates from the animation graph for this class.
[2016.05.11-01.21.44:507][592]AnimBlueprint:Warning: Warning SLOTNODE: 'DefaultSlot' in animation instance class PlayerAnimBP_C already exists. Remove duplicates from the animation graph for this class.
[2016.05.11-01.21.44:562][598]AnimBlueprint:Warning: Warning SLOTNODE: 'DefaultSlot' in animation instance class PlayerAnimBP_C already exists. Remove duplicates from the animation graph for this class.
[2016.05.11-01.21.44:610][604]AnimBlueprint:Warning: Warning SLOTNODE: 'DefaultSlot' in animation instance class PlayerAnimBP_C already exists. Remove duplicates from the animation graph for this class.
[2016.05.11-01.21.44:660][610]AnimBlueprint:Warning: Warning SLOTNODE: 'DefaultSlot' in animation instance class PlayerAnimBP_C already exists. Remove duplicates from the animation graph for this class.
[2016.05.11-01.21.44:711][616]AnimBlueprint:Warning: Warning SLOTNODE: 'DefaultSlot' in animation instance class PlayerAnimBP_C already exists. Remove duplicates from the animation graph for this class.
[2016.05.11-01.21.44:775][622]AnimBlueprint:Warning: Warning SLOTNODE: 'DefaultSlot' in animation instance class PlayerAnimBP_C already exists. Remove duplicates from the animation graph for this class.
[2016.05.11-01.21.44:825][628]AnimBlueprint:Warning: Warning SLOTNODE: 'DefaultSlot' in animation instance class PlayerAnimBP_C already exists. Remove duplicates from the animation graph for this class.
[2016.05.11-01.21.44:875][634]AnimBlueprint:Warning: Warning SLOTNODE: 'DefaultSlot' in animation instance class PlayerAnimBP_C already exists. Remove duplicates from the animation graph for this class.
[2016.05.11-01.21.44:925][640]AnimBlueprint:Warning: Warning SLOTNODE: 'DefaultSlot' in animation instance class PlayerAnimBP_C already exists. Remove duplicates from the animation graph for this class.
[2016.05.11-01.21.44:975][646]AnimBlueprint:Warning: Warning SLOTNODE: 'DefaultSlot' in animation instance class PlayerAnimBP_C already exists. Remove duplicates from the animation graph for this class.
[2016.05.11-01.21.45:025][652]AnimBlueprint:Warning: Warning SLOTNODE: 'DefaultSlot' in animation instance class PlayerAnimBP_C already exists. Remove duplicates from the animation graph for this class.
[2016.05.11-01.21.45:075][658]AnimBlueprint:Warning: Warning SLOTNODE: 'DefaultSlot' in animation instance class PlayerAnimBP_C already exists. Remove duplicates from the animation graph for this class.
[2016.05.11-01.21.45:125][664]AnimBlueprint:Warning: Warning SLOTNODE: 'DefaultSlot' in animation instance class PlayerAnimBP_C already exists. Remove duplicates from the animation graph for this class.
[2016.05.11-01.21.45:175][670]AnimBlueprint:Warning: Warning SLOTNODE: 'DefaultSlot' in animation instance class PlayerAnimBP_C already exists. Remove duplicates from the animation graph for this class.
[2016.05.11-01.21.45:225][676]AnimBlueprint:Warning: Warning SLOTNODE: 'DefaultSlot' in animation instance class PlayerAnimBP_C already exists. Remove duplicates from the animation graph for this class.
[2016.05.11-01.21.45:276][682]AnimBlueprint:Warning: Warning SLOTNODE: 'DefaultSlot' in animation instance class PlayerAnimBP_C already exists. Remove duplicates from the animation graph for this class.
[2016.05.11-01.21.45:325][688]AnimBlueprint:Warning: Warning SLOTNODE: 'DefaultSlot' in animation instance class PlayerAnimBP_C already exists. Remove duplicates from the animation graph for this class.
[2016.05.11-01.21.45:376][694]AnimBlueprint:Warning: Warning SLOTNODE: 'DefaultSlot' in animation instance class PlayerAnimBP_C already exists. Remove duplicates from the animation graph for this class.
[2016.05.11-01.21.45:426][700]AnimBlueprint:Warning: Warning SLOTNODE: 'DefaultSlot' in animation instance class PlayerAnimBP_C already exists. Remove duplicates from the animation graph for this class.
[2016.05.11-01.21.45:476][706]AnimBlueprint:Warning: Warning SLOTNODE: 'DefaultSlot' in animation instance class PlayerAnimBP_C already exists. Remove duplicates from the animation graph for this class.
[2016.05.11-01.21.45:528][712]AnimBlueprint:Warning: Warning SLOTNODE: 'DefaultSlot' in animation instance class PlayerAnimBP_C already exists. Remove duplicates from the animation graph for this class.
[2016.05.11-01.21.45:592][718]AnimBlueprint:Warning: Warning SLOTNODE: 'DefaultSlot' in animation instance class PlayerAnimBP_C already exists. Remove duplicates from the animation graph for this class.
[2016.05.11-01.21.45:645][724]AnimBlueprint:Warning: Warning SLOTNODE: 'DefaultSlot' in animation instance class PlayerAnimBP_C already exists. Remove duplicates from the animation graph for this class.
[2016.05.11-01.21.45:699][730]AnimBlueprint:Warning: Warning SLOTNODE: 'DefaultSlot' in animation instance class PlayerAnimBP_C already exists. Remove duplicates from the animation graph for this class.
[2016.05.11-01.21.45:750][736]AnimBlueprint:Warning: Warning SLOTNODE: 'DefaultSlot' in animation instance class PlayerAnimBP_C already exists. Remove duplicates from the animation graph for this class.
[2016.05.11-01.21.45:802][742]AnimBlueprint:Warning: Warning SLOTNODE: 'DefaultSlot' in animation instance class PlayerAnimBP_C already exists. Remove duplicates from the animation graph for this class.
[2016.05.11-01.21.45:856][748]AnimBlueprint:Warning: Warning SLOTNODE: 'DefaultSlot' in animation instance class PlayerAnimBP_C already exists. Remove duplicates from the animation graph for this class.
[2016.05.11-01.21.45:906][754]AnimBlueprint:Warning: Warning SLOTNODE: 'DefaultSlot' in animation instance class PlayerAnimBP_C already exists. Remove duplicates from the animation graph for this class.
[2016.05.11-01.21.45:957][760]AnimBlueprint:Warning: Warning SLOTNODE: 'DefaultSlot' in animation instance class PlayerAnimBP_C already exists. Remove duplicates from the animation graph for this class.
[2016.05.11-01.21.46:007][766]AnimBlueprint:Warning: Warning SLOTNODE: 'DefaultSlot' in animation instance class PlayerAnimBP_C already exists. Remove duplicates from the animation graph for this class.
[2016.05.11-01.21.46:058][772]AnimBlueprint:Warning: Warning SLOTNODE: 'DefaultSlot' in animation instance class PlayerAnimBP_C already exists. Remove duplicates from the animation graph for this class.
[2016.05.11-01.21.46:108][778]AnimBlueprint:Warning: Warning SLOTNODE: 'DefaultSlot' in animation instance class PlayerAnimBP_C already exists. Remove duplicates from the animation graph for this class.
[2016.05.11-01.21.46:158][784]AnimBlueprint:Warning: Warning SLOTNODE: 'DefaultSlot' in animation instance class PlayerAnimBP_C already exists. Remove duplicates from the animation graph for this class.
[2016.05.11-01.21.46:208][790]AnimBlueprint:Warning: Warning SLOTNODE: 'DefaultSlot' in animation instance class PlayerAnimBP_C already exists. Remove duplicates from the animation graph for this class.
[2016.05.11-01.21.46:258][796]AnimBlueprint:Warning: Warning SLOTNODE: 'DefaultSlot' in animation instance class PlayerAnimBP_C already exists. Remove duplicates from the animation graph for this class.
[2016.05.11-01.21.46:308][802]AnimBlueprint:Warning: Warning SLOTNODE: 'DefaultSlot' in animation instance class PlayerAnimBP_C already exists. Remove duplicates from the animation graph for this class.
[2016.05.11-01.21.46:358][808]AnimBlueprint:Warning: Warning SLOTNODE: 'DefaultSlot' in animation instance class PlayerAnimBP_C already exists. Remove duplicates from the animation graph for this class.
[2016.05.11-01.21.46:408][814]AnimBlueprint:Warning: Warning SLOTNODE: 'DefaultSlot' in animation instance class PlayerAnimBP_C already exists. Remove duplicates from the animation graph for this class.
[2016.05.11-01.21.46:459][820]AnimBlueprint:Warning: Warning SLOTNODE: 'DefaultSlot' in animation instance class PlayerAnimBP_C already exists. Remove duplicates from the animation graph for this class.
[2016.05.11-01.21.46:508][826]AnimBlueprint:Warning: Warning SLOTNODE: 'DefaultSlot' in animation instance class PlayerAnimBP_C already exists. Remove duplicates from the animation graph for this class.
[2016.05.11-01.21.46:575][832]AnimBlueprint:Warning: Warning SLOTNODE: 'DefaultSlot' in animation instance class PlayerAnimBP_C already exists. Remove duplicates from the animation graph for this class.
[2016.05.11-01.21.46:625][838]AnimBlueprint:Warning: Warning SLOTNODE: 'DefaultSlot' in animation instance class PlayerAnimBP_C already exists. Remove duplicates from the animation graph for this class.
[2016.05.11-01.21.46:675][844]AnimBlueprint:Warning: Warning SLOTNODE: 'DefaultSlot' in animation instance class PlayerAnimBP_C already exists. Remove duplicates from the animation graph for this class.
[2016.05.11-01.21.46:726][850]AnimBlueprint:Warning: Warning SLOTNODE: 'DefaultSlot' in animation instance class PlayerAnimBP_C already exists. Remove duplicates from the animation graph for this class.
[2016.05.11-01.21.46:776][856]AnimBlueprint:Warning: Warning SLOTNODE: 'DefaultSlot' in animation instance class PlayerAnimBP_C already exists. Remove duplicates from the animation graph for this class.
[2016.05.11-01.21.46:826][862]AnimBlueprint:Warning: Warning SLOTNODE: 'DefaultSlot' in animation instance class PlayerAnimBP_C already exists. Remove duplicates from the animation graph for this class.
[2016.05.11-01.21.46:876][868]AnimBlueprint:Warning: Warning SLOTNODE: 'DefaultSlot' in animation instance class PlayerAnimBP_C already exists. Remove duplicates from the animation graph for this class.
[2016.05.11-01.21.46:926][874]AnimBlueprint:Warning: Warning SLOTNODE: 'DefaultSlot' in animation instance class PlayerAnimBP_C already exists. Remove duplicates from the animation graph for this class.
[2016.05.11-01.21.46:976][880]AnimBlueprint:Warning: Warning SLOTNODE: 'DefaultSlot' in animation instance class PlayerAnimBP_C already exists. Remove duplicates from the animation graph for this class.
[2016.05.11-01.21.47:026][886]AnimBlueprint:Warning: Warning SLOTNODE: 'DefaultSlot' in animation instance class PlayerAnimBP_C already exists. Remove duplicates from the animation graph for this class.
[2016.05.11-01.21.47:076][892]AnimBlueprint:Warning: Warning SLOTNODE: 'DefaultSlot' in animation instance class PlayerAnimBP_C already exists. Remove duplicates from the animation graph for this class.
[2016.05.11-01.21.47:126][898]AnimBlueprint:Warning: Warning SLOTNODE: 'DefaultSlot' in animation instance class PlayerAnimBP_C already exists. Remove duplicates from the animation graph for this class.
[2016.05.11-01.21.47:176][904]AnimBlueprint:Warning: Warning SLOTNODE: 'DefaultSlot' in animation instance class PlayerAnimBP_C already exists. Remove duplicates from the animation graph for this class.
[2016.05.11-01.21.47:226][910]AnimBlueprint:Warning: Warning SLOTNODE: 'DefaultSlot' in animation instance class PlayerAnimBP_C already exists. Remove duplicates from the animation graph for this class.
[2016.05.11-01.21.47:276][916]AnimBlueprint:Warning: Warning SLOTNODE: 'DefaultSlot' in animation instance class PlayerAnimBP_C already exists. Remove duplicates from the animation graph for this class.
[2016.05.11-01.21.47:326][922]AnimBlueprint:Warning: Warning SLOTNODE: 'DefaultSlot' in animation instance class PlayerAnimBP_C already exists. Remove duplicates from the animation graph for this class.
[2016.05.11-01.21.47:376][928]AnimBlueprint:Warning: Warning SLOTNODE: 'DefaultSlot' in animation instance class PlayerAnimBP_C already exists. Remove duplicates from the animation graph for this class.
[2016.05.11-01.21.47:426][934]AnimBlueprint:Warning: Warning SLOTNODE: 'DefaultSlot' in animation instance class PlayerAnimBP_C already exists. Remove duplicates from the animation graph for this class.
[2016.05.11-01.21.47:476][940]AnimBlueprint:Warning: Warning SLOTNODE: 'DefaultSlot' in animation instance class PlayerAnimBP_C already exists. Remove duplicates from the animation graph for this class.
[2016.05.11-01.21.47:526][946]AnimBlueprint:Warning: Warning SLOTNODE: 'DefaultSlot' in animation instance class PlayerAnimBP_C already exists. Remove duplicates from the animation graph for this class.
[2016.05.11-01.21.47:589][952]AnimBlueprint:Warning: Warning SLOTNODE: 'DefaultSlot' in animation instance class PlayerAnimBP_C already exists. Remove duplicates from the animation graph for this class.
[2016.05.11-01.21.47:639][958]AnimBlueprint:Warning: Warning SLOTNODE: 'DefaultSlot' in animation instance class PlayerAnimBP_C already exists. Remove duplicates from the animation graph for this class.
[2016.05.11-01.21.47:689][964]AnimBlueprint:Warning: Warning SLOTNODE: 'DefaultSlot' in animation instance class PlayerAnimBP_C already exists. Remove duplicates from the animation graph for this class.
[2016.05.11-01.21.47:739][970]AnimBlueprint:Warning: Warning SLOTNODE: 'DefaultSlot' in animation instance class PlayerAnimBP_C already exists. Remove duplicates from the animation graph for this class.
[2016.05.11-01.21.47:789][976]AnimBlueprint:Warning: Warning SLOTNODE: 'DefaultSlot' in animation instance class PlayerAnimBP_C already exists. Remove duplicates from the animation graph for this class.
[2016.05.11-01.21.47:839][982]AnimBlueprint:Warning: Warning SLOTNODE: 'DefaultSlot' in animation instance class PlayerAnimBP_C already exists. Remove duplicates from the animation graph for this class.
[2016.05.11-01.21.47:889][988]AnimBlueprint:Warning: Warning SLOTNODE: 'DefaultSlot' in animation instance class PlayerAnimBP_C already exists. Remove duplicates from the animation graph for this class.
[2016.05.11-01.21.47:939][994]AnimBlueprint:Warning: Warning SLOTNODE: 'DefaultSlot' in animation instance class PlayerAnimBP_C already exists. Remove duplicates from the animation graph for this class.
[2016.05.11-01.21.47:989][  0]AnimBlueprint:Warning: Warning SLOTNODE: 'DefaultSlot' in animation instance class PlayerAnimBP_C already exists. Remove duplicates from the animation graph for this class.
[2016.05.11-01.21.48:040][  6]AnimBlueprint:Warning: Warning SLOTNODE: 'DefaultSlot' in animation instance class PlayerAnimBP_C already exists. Remove duplicates from the animation graph for this class.
[2016.05.11-01.21.48:089][ 12]AnimBlueprint:Warning: Warning SLOTNODE: 'DefaultSlot' in animation instance class PlayerAnimBP_C already exists. Remove duplicates from the animation graph for this class.
[2016.05.11-01.21.48:139][ 18]AnimBlueprint:Warning: Warning SLOTNODE: 'DefaultSlot' in animation instance class PlayerAnimBP_C already exists. Remove duplicates from the animation graph for this class.
[2016.05.11-01.21.48:190][ 24]AnimBlueprint:Warning: Warning SLOTNODE: 'DefaultSlot' in animation instance class PlayerAnimBP_C already exists. Remove duplicates from the animation graph for this class.
[2016.05.11-01.21.48:240][ 30]AnimBlueprint:Warning: Warning SLOTNODE: 'DefaultSlot' in animation instance class PlayerAnimBP_C already exists. Remove duplicates from the animation graph for this class.
[2016.05.11-01.21.48:290][ 36]AnimBlueprint:Warning: Warning SLOTNODE: 'DefaultSlot' in animation instance class PlayerAnimBP_C already exists. Remove duplicates from the animation graph for this class.
[2016.05.11-01.21.48:340][ 42]AnimBlueprint:Warning: Warning SLOTNODE: 'DefaultSlot' in animation instance class PlayerAnimBP_C already exists. Remove duplicates from the animation graph for this class.
[2016.05.11-01.21.48:391][ 48]AnimBlueprint:Warning: Warning SLOTNODE: 'DefaultSlot' in animation instance class PlayerAnimBP_C already exists. Remove duplicates from the animation graph for this class.
[2016.05.11-01.21.48:446][ 54]AnimBlueprint:Warning: Warning SLOTNODE: 'DefaultSlot' in animation instance class PlayerAnimBP_C already exists. Remove duplicates from the animation graph for this class.
[2016.05.11-01.21.48:496][ 60]AnimBlueprint:Warning: Warning SLOTNODE: 'DefaultSlot' in animation instance class PlayerAnimBP_C already exists. Remove duplicates from the animation graph for this class.
[2016.05.11-01.21.48:547][ 66]AnimBlueprint:Warning: Warning SLOTNODE: 'DefaultSlot' in animation instance class PlayerAnimBP_C already exists. Remove duplicates from the animation graph for this class.
[2016.05.11-01.21.48:603][ 72]AnimBlueprint:Warning: Warning SLOTNODE: 'DefaultSlot' in animation instance class PlayerAnimBP_C already exists. Remove duplicates from the animation graph for this class.
[2016.05.11-01.21.48:653][ 78]AnimBlueprint:Warning: Warning SLOTNODE: 'DefaultSlot' in animation instance class PlayerAnimBP_C already exists. Remove duplicates from the animation graph for this class.
[2016.05.11-01.21.48:704][ 84]AnimBlueprint:Warning: Warning SLOTNODE: 'DefaultSlot' in animation instance class PlayerAnimBP_C already exists. Remove duplicates from the animation graph for this class.
[2016.05.11-01.21.48:754][ 90]AnimBlueprint:Warning: Warning SLOTNODE: 'DefaultSlot' in animation instance class PlayerAnimBP_C already exists. Remove duplicates from the animation graph for this class.
[2016.05.11-01.21.48:804][ 96]AnimBlueprint:Warning: Warning SLOTNODE: 'DefaultSlot' in animation instance class PlayerAnimBP_C already exists. Remove duplicates from the animation graph for this class.
[2016.05.11-01.21.48:854][102]AnimBlueprint:Warning: Warning SLOTNODE: 'DefaultSlot' in animation instance class PlayerAnimBP_C already exists. Remove duplicates from the animation graph for this class.
[2016.05.11-01.21.48:904][108]AnimBlueprint:Warning: Warning SLOTNODE: 'DefaultSlot' in animation instance class PlayerAnimBP_C already exists. Remove duplicates from the animation graph for this class.
[2016.05.11-01.21.48:954][114]AnimBlueprint:Warning: Warning SLOTNODE: 'DefaultSlot' in animation instance class PlayerAnimBP_C already exists. Remove duplicates from the animation graph for this class.
[2016.05.11-01.21.49:009][120]AnimBlueprint:Warning: Warning SLOTNODE: 'DefaultSlot' in animation instance class PlayerAnimBP_C already exists. Remove duplicates from the animation graph for this class.
[2016.05.11-01.21.49:059][126]AnimBlueprint:Warning: Warning SLOTNODE: 'DefaultSlot' in animation instance class PlayerAnimBP_C already exists. Remove duplicates from the animation graph for this class.
[2016.05.11-01.21.49:151][137]AnimBlueprint:Warning: Warning SLOTNODE: 'DefaultSlot' in animation instance class PlayerAnimBP_C already exists. Remove duplicates from the animation graph for this class.
[2016.05.11-01.21.49:202][143]AnimBlueprint:Warning: Warning SLOTNODE: 'DefaultSlot' in animation instance class PlayerAnimBP_C already exists. Remove duplicates from the animation graph for this class.
[2016.05.11-01.21.49:251][149]AnimBlueprint:Warning: Warning SLOTNODE: 'DefaultSlot' in animation instance class PlayerAnimBP_C already exists. Remove duplicates from the animation graph for this class.
[2016.05.11-01.21.49:301][155]AnimBlueprint:Warning: Warning SLOTNODE: 'DefaultSlot' in animation instance class PlayerAnimBP_C already exists. Remove duplicates from the animation graph for this class.
[2016.05.11-01.21.54:083][726]AnimBlueprint:Warning: Warning SLOTNODE: 'DefaultSlot' in animation instance class PlayerAnimBP_C already exists. Remove duplicates from the animation graph for this class.
[2016.05.11-01.21.54:133][732]AnimBlueprint:Warning: Warning SLOTNODE: 'DefaultSlot' in animation instance class PlayerAnimBP_C already exists. Remove duplicates from the animation graph for this class.
[2016.05.11-01.21.54:185][738]AnimBlueprint:Warning: Warning SLOTNODE: 'DefaultSlot' in animation instance class PlayerAnimBP_C already exists. Remove duplicates from the animation graph for this class.
[2016.05.11-01.21.54:236][744]AnimBlueprint:Warning: Warning SLOTNODE: 'DefaultSlot' in animation instance class PlayerAnimBP_C already exists. Remove duplicates from the animation graph for this class.
[2016.05.11-01.21.54:295][750]AnimBlueprint:Warning: Warning SLOTNODE: 'DefaultSlot' in animation instance class PlayerAnimBP_C already exists. Remove duplicates from the animation graph for this class.
[2016.05.11-01.21.54:351][756]AnimBlueprint:Warning: Warning SLOTNODE: 'DefaultSlot' in animation instance class PlayerAnimBP_C already exists. Remove duplicates from the animation graph for this class.
[2016.05.11-01.21.54:401][762]AnimBlueprint:Warning: Warning SLOTNODE: 'DefaultSlot' in animation instance class PlayerAnimBP_C already exists. Remove duplicates from the animation graph for this class.
[2016.05.11-01.21.54:451][768]AnimBlueprint:Warning: Warning SLOTNODE: 'DefaultSlot' in animation instance class PlayerAnimBP_C already exists. Remove duplicates from the animation graph for this class.
[2016.05.11-01.21.54:502][774]AnimBlueprint:Warning: Warning SLOTNODE: 'DefaultSlot' in animation instance class PlayerAnimBP_C already exists. Remove duplicates from the animation graph for this class.
[2016.05.11-01.21.54:551][780]AnimBlueprint:Warning: Warning SLOTNODE: 'DefaultSlot' in animation instance class PlayerAnimBP_C already exists. Remove duplicates from the animation graph for this class.
[2016.05.11-01.21.54:601][786]AnimBlueprint:Warning: Warning SLOTNODE: 'DefaultSlot' in animation instance class PlayerAnimBP_C already exists. Remove duplicates from the animation graph for this class.
[2016.05.11-01.21.54:652][792]AnimBlueprint:Warning: Warning SLOTNODE: 'DefaultSlot' in animation instance class PlayerAnimBP_C already exists. Remove duplicates from the animation graph for this class.
[2016.05.11-01.21.54:704][798]AnimBlueprint:Warning: Warning SLOTNODE: 'DefaultSlot' in animation instance class PlayerAnimBP_C already exists. Remove duplicates from the animation graph for this class.
[2016.05.11-01.21.54:754][804]AnimBlueprint:Warning: Warning SLOTNODE: 'DefaultSlot' in animation instance class PlayerAnimBP_C already exists. Remove duplicates from the animation graph for this class.
[2016.05.11-01.21.54:804][810]AnimBlueprint:Warning: Warning SLOTNODE: 'DefaultSlot' in animation instance class PlayerAnimBP_C already exists. Remove duplicates from the animation graph for this class.
[2016.05.11-01.21.54:854][816]AnimBlueprint:Warning: Warning SLOTNODE: 'DefaultSlot' in animation instance class PlayerAnimBP_C already exists. Remove duplicates from the animation graph for this class.
[2016.05.11-01.21.54:904][822]AnimBlueprint:Warning: Warning SLOTNODE: 'DefaultSlot' in animation instance class PlayerAnimBP_C already exists. Remove duplicates from the animation graph for this class.
[2016.05.11-01.21.54:954][828]AnimBlueprint:Warning: Warning SLOTNODE: 'DefaultSlot' in animation instance class PlayerAnimBP_C already exists. Remove duplicates from the animation graph for this class.
[2016.05.11-01.21.55:004][834]AnimBlueprint:Warning: Warning SLOTNODE: 'DefaultSlot' in animation instance class PlayerAnimBP_C already exists. Remove duplicates from the animation graph for this class.
[2016.05.11-01.21.55:054][840]AnimBlueprint:Warning: Warning SLOTNODE: 'DefaultSlot' in animation instance class PlayerAnimBP_C already exists. Remove duplicates from the animation graph for this class.
[2016.05.11-01.21.55:104][846]AnimBlueprint:Warning: Warning SLOTNODE: 'DefaultSlot' in animation instance class PlayerAnimBP_C already exists. Remove duplicates from the animation graph for this class.
[2016.05.11-01.21.55:154][852]AnimBlueprint:Warning: Warning SLOTNODE: 'DefaultSlot' in animation instance class PlayerAnimBP_C already exists. Remove duplicates from the animation graph for this class.
[2016.05.11-01.22.08:179][399]LogBlueprintUserMessages: Early PlayInEditor Detection: Level '/Game/ThirdPersonBP/Maps/ThirdPersonExampleMap.ThirdPersonExampleMap:PersistentLevel' has LevelScriptBlueprint '/Game/ThirdPersonBP/Maps/ThirdPersonExampleMap.ThirdPersonExampleMap:PersistentLevel.ThirdPersonExampleMap' with GeneratedClass '/Game/ThirdPersonBP/Maps/ThirdPersonExampleMap.ThirdPersonExampleMap_C' with ClassGeneratedBy '/Game/ThirdPersonBP/Maps/ThirdPersonExampleMap.ThirdPersonExampleMap:PersistentLevel.ThirdPersonExampleMap'
[2016.05.11-01.22.08:180][399]LogPlayLevel: PlayLevel: No blueprints needed recompiling
[2016.05.11-01.22.08:181][399]PIE: New page: PIE session: ThirdPersonExampleMap (May 10, 2016, 4:22:08 PM)
[2016.05.11-01.22.08:181][399]LogPlayLevel: Creating play world package: /Game/ThirdPersonBP/Maps/UEDPIE_0_ThirdPersonExampleMap
[2016.05.11-01.22.08:223][399]LogPlayLevel: PIE: StaticDuplicateObject took: (0.042077s)
[2016.05.11-01.22.08:224][399]LogAIModule: Creating AISystem for world ThirdPersonExampleMap
[2016.05.11-01.22.08:225][399]LogPlayLevel: PIE: World Init took: (0.001388s)
[2016.05.11-01.22.08:225][399]LogPlayLevel: PIE: Created PIE world by copying editor world from /Game/ThirdPersonBP/Maps/ThirdPersonExampleMap.ThirdPersonExampleMap to /Game/ThirdPersonBP/Maps/UEDPIE_0_ThirdPersonExampleMap.ThirdPersonExampleMap (0.043883s)
[2016.05.11-01.22.08:254][399]LogInit: XAudio2 using 'Speakers (Realtek High Definition Audio)' : 2 channels at 48 kHz using 32 bits per sample (channel mask 0x3)
[2016.05.11-01.22.08:268][399]LogInit: FAudioDevice initialized.
[2016.05.11-01.22.08:317][399]LogWorld: Game class is 'ThirdPersonGameMode_C'
[2016.05.11-01.22.08:321][399]AnimBlueprint:Warning: Warning SLOTNODE: 'DefaultSlot' in animation instance class PlayerAnimBP_C already exists. Remove duplicates from the animation graph for this class.
[2016.05.11-01.22.08:322][399]LogWorld: Bringing World /Game/ThirdPersonBP/Maps/UEDPIE_0_ThirdPersonExampleMap.ThirdPersonExampleMap up for play (max tick rate 0) at 2016.05.10-21.22.08
[2016.05.11-01.22.08:323][399]AnimBlueprint:Warning: Warning SLOTNODE: 'DefaultSlot' in animation instance class PlayerAnimBP_C already exists. Remove duplicates from the animation graph for this class.
[2016.05.11-01.22.08:323][399]LogWorld: Bringing up level for play took: 0.004750
[2016.05.11-01.22.08:328][399]LogContentBrowser: Native class hierarchy updated for 'MovieSceneCapture' in 0.0005 seconds. Added 9 classes and 0 folders.
[2016.05.11-01.22.08:335][399]PIE: Info Play in editor start time for /Game/ThirdPersonBP/Maps/UEDPIE_0_ThirdPersonExampleMap -0.732
[2016.05.11-01.22.08:335][399]LogBlueprintUserMessages: Late PlayInEditor Detection: Level '/Game/ThirdPersonBP/Maps/ThirdPersonExampleMap.ThirdPersonExampleMap:PersistentLevel' has LevelScriptBlueprint '/Game/ThirdPersonBP/Maps/ThirdPersonExampleMap.ThirdPersonExampleMap:PersistentLevel.ThirdPersonExampleMap' with GeneratedClass '/Game/ThirdPersonBP/Maps/ThirdPersonExampleMap.ThirdPersonExampleMap_C' with ClassGeneratedBy '/Game/ThirdPersonBP/Maps/ThirdPersonExampleMap.ThirdPersonExampleMap:PersistentLevel.ThirdPersonExampleMap'
[2016.05.11-01.22.12:960][947]LogBlueprintUserMessages: Early EndPlayMap Detection: Level '/Game/ThirdPersonBP/Maps/ThirdPersonExampleMap.ThirdPersonExampleMap:PersistentLevel' has LevelScriptBlueprint '/Game/ThirdPersonBP/Maps/ThirdPersonExampleMap.ThirdPersonExampleMap:PersistentLevel.ThirdPersonExampleMap' with GeneratedClass '/Game/ThirdPersonBP/Maps/ThirdPersonExampleMap.ThirdPersonExampleMap_C' with ClassGeneratedBy '/Game/ThirdPersonBP/Maps/ThirdPersonExampleMap.ThirdPersonExampleMap:PersistentLevel.ThirdPersonExampleMap'
[2016.05.11-01.22.12:995][947]LogBlueprintUserMessages: Late EndPlayMap Detection: Level '/Game/ThirdPersonBP/Maps/ThirdPersonExampleMap.ThirdPersonExampleMap:PersistentLevel' has LevelScriptBlueprint '/Game/ThirdPersonBP/Maps/ThirdPersonExampleMap.ThirdPersonExampleMap:PersistentLevel.ThirdPersonExampleMap' with GeneratedClass '/Game/ThirdPersonBP/Maps/ThirdPersonExampleMap.ThirdPersonExampleMap_C' with ClassGeneratedBy '/Game/ThirdPersonBP/Maps/ThirdPersonExampleMap.ThirdPersonExampleMap:PersistentLevel.ThirdPersonExampleMap'
[2016.05.11-01.22.14:185][ 72]LogWindowsTextInputMethodSystem:Display: IME system now deactivated.
[2016.05.11-01.22.14:375][ 73]Cmd: QUIT_EDITOR
[2016.05.11-01.22.14:869][ 73]LogExit: Preparing to exit.
[2016.05.11-01.22.15:883][ 73]LogExit: Editor shut down
[2016.05.11-01.22.15:883][ 73]LogExit: Transaction tracking system shut down
[2016.05.11-01.22.16:032][ 73]LogObj: Freed 0b from 0 cluster array pools.
[2016.05.11-01.22.16:032][ 73]LogExit: Object subsystem successfully closed.
[2016.05.11-01.22.16:053][ 73]LogD3D11RHI: Shutdown
[2016.05.11-01.22.16:053][ 73]LogD3D11RHI: CleanupD3DDevice
[2016.05.11-01.22.16:129][ 73]LogD3D11RHI: ~FD3D11DynamicRHI
[2016.05.11-01.22.16:239][ 73]LogDerivedDataCache: Shutdown
[2016.05.11-01.22.16:240][ 73]LogModuleManager: Shutting down and abandoning module MovieSceneCapture (205)
[2016.05.11-01.22.16:240][ 73]LogModuleManager: Shutting down and abandoning module HierarchicalLODOutliner (204)
[2016.05.11-01.22.16:240][ 73]LogModuleManager: Shutting down and abandoning module CrashTracker (203)
[2016.05.11-01.22.16:240][ 73]LogModuleManager: Shutting down and abandoning module SuperSearch (202)
[2016.05.11-01.22.16:240][ 73]LogModuleManager: Shutting down and abandoning module WidgetCarousel (201)
[2016.05.11-01.22.16:240][ 73]LogModuleManager: Shutting down and abandoning module AddContentDialog (200)
[2016.05.11-01.22.16:243][ 73]LogModuleManager: Shutting down and abandoning module GameplayTags (199)
[2016.05.11-01.22.16:244][ 73]LogModuleManager: Shutting down and abandoning module EditorWidgets (198)
[2016.05.11-01.22.16:244][ 73]LogModuleManager: Shutting down and abandoning module CollectionManager (197)
[2016.05.11-01.22.16:244][ 73]LogModuleManager: Shutting down and abandoning module SceneOutliner (196)
[2016.05.11-01.22.16:245][ 73]LogModuleManager: Shutting down and abandoning module StatsViewer (195)
[2016.05.11-01.22.16:245][ 73]LogModuleManager: Shutting down and abandoning module FoliageEdit (194)
[2016.05.11-01.22.16:245][ 73]LogModuleManager: Shutting down and abandoning module LandscapeEditor (193)
[2016.05.11-01.22.16:245][ 73]LogModuleManager: Shutting down and abandoning module ActorPickerMode (192)
[2016.05.11-01.22.16:245][ 73]LogModuleManager: Shutting down and abandoning module GeometryMode (191)
[2016.05.11-01.22.16:245][ 73]LogModuleManager: Shutting down and abandoning module TextureAlignMode (190)
[2016.05.11-01.22.16:245][ 73]LogModuleManager: Shutting down and abandoning module BspMode (189)
[2016.05.11-01.22.16:245][ 73]LogModuleManager: Shutting down and abandoning module PlacementMode (188)
[2016.05.11-01.22.16:245][ 73]LogModuleManager: Shutting down and abandoning module AutomationWorker (187)
[2016.05.11-01.22.16:245][ 73]LogModuleManager: Shutting down and abandoning module CharacterAI (186)
[2016.05.11-01.22.16:245][ 73]LogModuleManager: Shutting down and abandoning module SmartSnapping (185)
[2016.05.11-01.22.16:245][ 73]LogModuleManager: Shutting down and abandoning module ViewportSnapping (184)
[2016.05.11-01.22.16:245][ 73]LogModuleManager: Shutting down and abandoning module LogVisualizer (183)
[2016.05.11-01.22.16:245][ 73]LogModuleManager: Shutting down and abandoning module GameProjectGeneration (182)
[2016.05.11-01.22.16:246][ 73]LogModuleManager: Shutting down and abandoning module IntroTutorials (181)
[2016.05.11-01.22.16:246][ 73]LogModuleManager: Shutting down and abandoning module EditorLiveStreaming (180)
[2016.05.11-01.22.16:246][ 73]LogModuleManager: Shutting down and abandoning module IOSPlatformEditor (179)
[2016.05.11-01.22.16:246][ 73]LogModuleManager: Shutting down and abandoning module HTML5PlatformEditor (178)
[2016.05.11-01.22.16:246][ 73]LogModuleManager: Shutting down and abandoning module AndroidDeviceDetection (177)
[2016.05.11-01.22.16:799][ 73]LogModuleManager: Shutting down and abandoning module AndroidPlatformEditor (176)
[2016.05.11-01.22.16:800][ 73]LogModuleManager: Shutting down and abandoning module IOSRuntimeSettings (175)
[2016.05.11-01.22.16:800][ 73]LogModuleManager: Shutting down and abandoning module AndroidRuntimeSettings (174)
[2016.05.11-01.22.16:800][ 73]LogModuleManager: Shutting down and abandoning module MergeActors (173)
[2016.05.11-01.22.16:800][ 73]LogModuleManager: Shutting down and abandoning module SizeMap (172)
[2016.05.11-01.22.16:800][ 73]LogModuleManager: Shutting down and abandoning module TreeMap (171)
[2016.05.11-01.22.16:800][ 73]LogModuleManager: Shutting down and abandoning module ReferenceViewer (170)
[2016.05.11-01.22.16:800][ 73]LogModuleManager: Shutting down and abandoning module LocalizationService (169)
[2016.05.11-01.22.16:800][ 73]LogModuleManager: Shutting down and abandoning module LocalizationDashboard (168)
[2016.05.11-01.22.16:800][ 73]LogModuleManager: Shutting down and abandoning module HardwareTargeting (167)
[2016.05.11-01.22.16:800][ 73]LogModuleManager: Shutting down and abandoning module DeviceProfileEditor (166)
[2016.05.11-01.22.16:800][ 73]LogModuleManager: Shutting down and abandoning module UndoHistory (165)
[2016.05.11-01.22.16:800][ 73]LogModuleManager: Shutting down and abandoning module UserFeedback (164)
[2016.05.11-01.22.16:800][ 73]LogModuleManager: Shutting down and abandoning module XmlParser (163)
[2016.05.11-01.22.16:800][ 73]LogModuleManager: Shutting down and abandoning module Blutility (162)
[2016.05.11-01.22.16:800][ 73]LogModuleManager: Shutting down and abandoning module ProjectTargetPlatformEditor (161)
[2016.05.11-01.22.16:800][ 73]LogModuleManager: Shutting down and abandoning module ProjectSettingsViewer (160)
[2016.05.11-01.22.16:801][ 73]LogModuleManager: Shutting down and abandoning module InputBindingEditor (159)
[2016.05.11-01.22.16:801][ 73]LogModuleManager: Shutting down and abandoning module EditorSettingsViewer (158)
[2016.05.11-01.22.16:801][ 73]LogModuleManager: Shutting down and abandoning module SettingsEditor (157)
[2016.05.11-01.22.16:801][ 73]LogModuleManager: Shutting down and abandoning module ProjectLauncher (156)
[2016.05.11-01.22.16:801][ 73]LogModuleManager: Shutting down and abandoning module SessionFrontend (155)
[2016.05.11-01.22.16:801][ 73]LogModuleManager: Shutting down and abandoning module ProfilerClient (154)
[2016.05.11-01.22.16:801][ 73]LogModuleManager: Shutting down and abandoning module TargetDeviceServices (153)
[2016.05.11-01.22.16:801][ 73]LogModuleManager: Shutting down and abandoning module DeviceManager (152)
[2016.05.11-01.22.16:834][ 73]LogModuleManager: Shutting down and abandoning module AutomationController (151)
[2016.05.11-01.22.16:834][ 73]LogModuleManager: Shutting down and abandoning module AutomationWindow (150)
[2016.05.11-01.22.16:834][ 73]LogModuleManager: Shutting down and abandoning module Layers (149)
[2016.05.11-01.22.16:834][ 73]LogModuleManager: Shutting down and abandoning module ComponentVisualizers (148)
[2016.05.11-01.22.16:834][ 73]LogModuleManager: Shutting down and abandoning module DetailCustomizations (147)
[2016.05.11-01.22.16:834][ 73]LogModuleManager: Shutting down and abandoning module PackagesDialog (146)
[2016.05.11-01.22.16:834][ 73]LogModuleManager: Shutting down and abandoning module Persona (145)
[2016.05.11-01.22.16:834][ 73]LogModuleManager: Shutting down and abandoning module Kismet (144)
[2016.05.11-01.22.16:834][ 73]LogModuleManager: Shutting down and abandoning module GraphEditor (143)
[2016.05.11-01.22.16:834][ 73]LogModuleManager: Shutting down and abandoning module ClassViewer (142)
[2016.05.11-01.22.16:834][ 73]LogModuleManager: Shutting down and abandoning module Toolbox (141)
[2016.05.11-01.22.16:834][ 73]LogModuleManager: Shutting down and abandoning module ModuleUI (140)
[2016.05.11-01.22.16:834][ 73]LogModuleManager: Shutting down and abandoning module MovieSceneTools (139)
[2016.05.11-01.22.16:835][ 73]LogModuleManager: Shutting down and abandoning module OutputLog (138)
[2016.05.11-01.22.16:835][ 73]LogModuleManager: Shutting down and abandoning module GammaUI (137)
[2016.05.11-01.22.16:835][ 73]LogModuleManager: Shutting down and abandoning module Documentation (136)
[2016.05.11-01.22.16:835][ 73]LogModuleManager: Shutting down and abandoning module StreamingPauseRendering (135)
[2016.05.11-01.22.16:835][ 73]LogModuleManager: Shutting down and abandoning module AnalyticsET (134)
[2016.05.11-01.22.16:835][ 73]LogModuleManager: Shutting down and abandoning module Analytics (133)
[2016.05.11-01.22.16:835][ 73]LogModuleManager: Shutting down and abandoning module PortalServices (132)
[2016.05.11-01.22.16:835][ 73]LogModuleManager: Shutting down and abandoning module PortalRpc (131)
[2016.05.11-01.22.16:835][ 73]LogModuleManager: Shutting down and abandoning module MessagingRpc (130)
[2016.05.11-01.22.16:835][ 73]LogModuleManager: Shutting down and abandoning module AITestSuite (129)
[2016.05.11-01.22.16:835][ 73]LogModuleManager: Shutting down and abandoning module GameplayDebugger (128)
[2016.05.11-01.22.16:835][ 73]LogModuleManager: Shutting down and abandoning module AIModule (127)
[2016.05.11-01.22.16:835][ 73]LogModuleManager: Shutting down and abandoning module ProfilerService (126)
[2016.05.11-01.22.17:052][ 73]LogModuleManager: Shutting down and abandoning module TaskGraph (125)
[2016.05.11-01.22.17:052][ 73]LogModuleManager: Shutting down and abandoning module SlateRemote (124)
[2016.05.11-01.22.17:052][ 73]LogModuleManager: Shutting down and abandoning module SteamVRController (123)
[2016.05.11-01.22.17:052][ 73]LogModuleManager: Shutting down and abandoning module SteamVR (122)
[2016.05.11-01.22.17:052][ 73]LogModuleManager: Shutting down and abandoning module ProceduralMeshComponent (121)
[2016.05.11-01.22.17:052][ 73]LogModuleManager: Shutting down and abandoning module OculusLibrary (120)
[2016.05.11-01.22.17:052][ 73]LogModuleManager: Shutting down and abandoning module OculusInput (119)
[2016.05.11-01.22.17:052][ 73]LogModuleManager: Shutting down and abandoning module CustomMeshComponent (118)
[2016.05.11-01.22.17:052][ 73]LogModuleManager: Shutting down and abandoning module CableComponent (117)
[2016.05.11-01.22.17:052][ 73]LogModuleManager: Shutting down and abandoning module ArchVisCharacter (116)
[2016.05.11-01.22.17:052][ 73]LogModuleManager: Shutting down and abandoning module MediaPlayerEditor (115)
[2016.05.11-01.22.17:052][ 73]LogModuleManager: Shutting down and abandoning module HTML5Networking (114)
[2016.05.11-01.22.17:052][ 73]LogModuleManager: Shutting down and abandoning module SpeedTreeImporter (113)
[2016.05.11-01.22.17:052][ 73]LogModuleManager: Shutting down and abandoning module PluginBrowser (112)
[2016.05.11-01.22.17:052][ 73]LogModuleManager: Shutting down and abandoning module EpicSurvey (111)
[2016.05.11-01.22.17:053][ 73]LogModuleManager: Shutting down and abandoning module DesktopPlatform (110)
[2016.05.11-01.22.17:053][ 73]LogModuleManager: Shutting down and abandoning module VisualStudioSourceCodeAccess (109)
[2016.05.11-01.22.17:053][ 73]LogModuleManager: Shutting down and abandoning module UObjectPlugin (108)
[2016.05.11-01.22.17:053][ 73]LogModuleManager: Shutting down and abandoning module SubversionSourceControl (107)
[2016.05.11-01.22.17:053][ 73]LogModuleManager: Shutting down and abandoning module PerforceSourceControl (106)
[2016.05.11-01.22.17:053][ 73]LogModuleManager: Shutting down and abandoning module SourceControl (105)
[2016.05.11-01.22.17:053][ 73]LogModuleManager: Shutting down and abandoning module GitSourceControl (104)
[2016.05.11-01.22.17:053][ 73]LogModuleManager: Shutting down and abandoning module LightPropagationVolumeEditor (103)
[2016.05.11-01.22.17:053][ 73]LogModuleManager: Shutting down and abandoning module PaperTiledImporter (102)
[2016.05.11-01.22.17:053][ 73]LogModuleManager: Shutting down and abandoning module PaperSpriteSheetImporter (101)
[2016.05.11-01.22.17:053][ 73]LogModuleManager: Shutting down and abandoning module MeshPaint (100)
[2016.05.11-01.22.17:053][ 73]LogModuleManager: Shutting down and abandoning module HotReload (99)
[2016.05.11-01.22.17:053][ 73]LogModuleManager: Shutting down and abandoning module MainFrame (98)
[2016.05.11-01.22.17:053][ 73]LogModuleManager: Shutting down and abandoning module LevelEditor (97)
[2016.05.11-01.22.17:054][ 73]LogModuleManager: Shutting down and abandoning module DirectoryWatcher (96)
[2016.05.11-01.22.17:055][ 73]LogModuleManager: Shutting down and abandoning module AssetRegistry (95)
[2016.05.11-01.22.17:211][ 73]LogModuleManager: Shutting down and abandoning module ContentBrowser (94)
[2016.05.11-01.22.17:211][ 73]LogModuleManager: Shutting down and abandoning module Paper2DEditor (93)
[2016.05.11-01.22.17:211][ 73]LogModuleManager: Shutting down and abandoning module UdpMessaging (92)
[2016.05.11-01.22.17:312][ 73]LogModuleManager: Shutting down and abandoning module LightPropagationVolumeRuntime (91)
[2016.05.11-01.22.17:312][ 73]LogModuleManager: Shutting down and abandoning module Paper2D (90)
[2016.05.11-01.22.17:312][ 73]LogModuleManager: Shutting down and abandoning module WindowsMoviePlayer (89)
[2016.05.11-01.22.17:312][ 73]LogModuleManager: Shutting down and abandoning module Media (88)
[2016.05.11-01.22.17:312][ 73]LogModuleManager: Shutting down and abandoning module WmfMedia (87)
[2016.05.11-01.22.17:312][ 73]LogModuleManager: Shutting down and abandoning module MediaAssets (86)
[2016.05.11-01.22.17:312][ 73]LogModuleManager: Shutting down and abandoning module GameLiveStreaming (85)
[2016.05.11-01.22.17:312][ 73]LogModuleManager: Shutting down and abandoning module GameplayTagsEditor (84)
[2016.05.11-01.22.17:312][ 73]LogModuleManager: Shutting down and abandoning module OnlineBlueprintSupport (83)
[2016.05.11-01.22.17:312][ 73]LogModuleManager: Shutting down and abandoning module GameplayTasksEditor (82)
[2016.05.11-01.22.17:312][ 73]LogModuleManager: Shutting down and abandoning module PropertyEditor (81)
[2016.05.11-01.22.17:312][ 73]LogModuleManager: Shutting down and abandoning module BehaviorTreeEditor (80)
[2016.05.11-01.22.17:312][ 73]LogModuleManager: Shutting down and abandoning module FunctionalTesting (79)
[2016.05.11-01.22.17:312][ 73]LogModuleManager: Shutting down and abandoning module CollisionAnalyzer (78)
[2016.05.11-01.22.17:312][ 73]LogModuleManager: Shutting down and abandoning module WorkspaceMenuStructure (77)
[2016.05.11-01.22.17:312][ 73]LogModuleManager: Shutting down and abandoning module MessageLog (76)
[2016.05.11-01.22.17:312][ 73]LogModuleManager: Shutting down and abandoning module Sequencer (75)
[2016.05.11-01.22.17:312][ 73]LogModuleManager: Shutting down and abandoning module AssetTools (74)
[2016.05.11-01.22.17:312][ 73]LogModuleManager: Shutting down and abandoning module UMGEditor (73)
[2016.05.11-01.22.17:312][ 73]LogModuleManager: Shutting down and abandoning module UMG (72)
[2016.05.11-01.22.17:312][ 73]LogModuleManager: Shutting down and abandoning module SlateReflector (71)
[2016.05.11-01.22.17:312][ 73]LogModuleManager: Shutting down and abandoning module Slate (70)
[2016.05.11-01.22.17:312][ 73]LogModuleManager: Shutting down and abandoning module EditorStyle (69)
[2016.05.11-01.22.17:315][ 73]LogModuleManager: Shutting down and abandoning module SessionServices (68)
[2016.05.11-01.22.17:315][ 73]LogModuleManager: Shutting down and abandoning module SourceCodeAccess (67)
[2016.05.11-01.22.17:315][ 73]LogModuleManager: Shutting down and abandoning module HeadMountedDisplay (66)
[2016.05.11-01.22.17:315][ 73]LogModuleManager: Shutting down and abandoning module XAudio2 (65)
[2016.05.11-01.22.17:315][ 73]LogModuleManager: Shutting down and abandoning module Networking (63)
[2016.05.11-01.22.17:316][ 73]LogModuleManager: Shutting down and abandoning module Core (62)
[2016.05.11-01.22.17:316][ 73]LogModuleManager: Shutting down and abandoning module KismetCompiler (61)
[2016.05.11-01.22.17:316][ 73]LogModuleManager: Shutting down and abandoning module PhysXFormats (60)
[2016.05.11-01.22.17:316][ 73]LogModuleManager: Shutting down and abandoning module MeshUtilities (59)
[2016.05.11-01.22.17:316][ 73]LogModuleManager: Shutting down and abandoning module CookingStats (58)
[2016.05.11-01.22.17:316][ 73]LogModuleManager: Shutting down and abandoning module DerivedDataCache (57)
[2016.05.11-01.22.17:316][ 73]LogDerivedDataCache: Shutdown
[2016.05.11-01.22.17:316][ 73]LogModuleManager: Shutting down and abandoning module ShaderFormatOpenGL (56)
[2016.05.11-01.22.17:316][ 73]LogModuleManager: Shutting down and abandoning module ShaderFormatD3D (55)
[2016.05.11-01.22.17:316][ 73]LogModuleManager: Shutting down and abandoning module MetalShaderFormat (54)
[2016.05.11-01.22.17:316][ 73]LogModuleManager: Shutting down and abandoning module TextureFormatUncompressed (53)
[2016.05.11-01.22.17:316][ 73]LogModuleManager: Shutting down and abandoning module TextureFormatPVR (52)
[2016.05.11-01.22.17:316][ 73]LogModuleManager: Shutting down and abandoning module TextureFormatIntelISPCTexComp (51)
[2016.05.11-01.22.17:316][ 73]LogModuleManager: Shutting down and abandoning module TextureFormatDXT (50)
[2016.05.11-01.22.17:316][ 73]LogModuleManager: Shutting down and abandoning module ImageWrapper (49)
[2016.05.11-01.22.17:316][ 73]LogModuleManager: Shutting down and abandoning module TextureFormatASTC (48)
[2016.05.11-01.22.17:316][ 73]LogModuleManager: Shutting down and abandoning module TextureFormatAndroid (47)
[2016.05.11-01.22.17:316][ 73]LogModuleManager: Shutting down and abandoning module AudioFormatOpus (46)
[2016.05.11-01.22.17:316][ 73]LogModuleManager: Shutting down and abandoning module AudioFormatOgg (45)
[2016.05.11-01.22.17:316][ 73]LogModuleManager: Shutting down and abandoning module AudioFormatADPCM (44)
[2016.05.11-01.22.17:316][ 73]LogModuleManager: Shutting down and abandoning module LinuxTargetPlatform (43)
[2016.05.11-01.22.17:316][ 73]LogModuleManager: Shutting down and abandoning module LinuxServerTargetPlatform (42)
[2016.05.11-01.22.17:316][ 73]LogModuleManager: Shutting down and abandoning module LinuxNoEditorTargetPlatform (41)
[2016.05.11-01.22.17:316][ 73]LogModuleManager: Shutting down and abandoning module TVOSTargetPlatform (40)
[2016.05.11-01.22.17:316][ 73]LogModuleManager: Shutting down and abandoning module Messaging (39)
[2016.05.11-01.22.17:316][ 73]LogModuleManager: Shutting down and abandoning module IOSTargetPlatform (38)
[2016.05.11-01.22.17:316][ 73]LogModuleManager: Shutting down and abandoning module HTML5TargetPlatform (37)
[2016.05.11-01.22.17:316][ 73]LogModuleManager: Shutting down and abandoning module Android_PVRTCTargetPlatform (36)
[2016.05.11-01.22.17:316][ 73]LogModuleManager: Shutting down and abandoning module Android_MultiTargetPlatform (35)
[2016.05.11-01.22.17:316][ 73]LogModuleManager: Shutting down and abandoning module Android_ETC2TargetPlatform (34)
[2016.05.11-01.22.17:316][ 73]LogModuleManager: Shutting down and abandoning module Android_ETC1TargetPlatform (33)
[2016.05.11-01.22.17:316][ 73]LogModuleManager: Shutting down and abandoning module Android_DXTTargetPlatform (32)
[2016.05.11-01.22.17:316][ 73]LogModuleManager: Shutting down and abandoning module Android_ATCTargetPlatform (31)
[2016.05.11-01.22.17:316][ 73]LogModuleManager: Shutting down and abandoning module Android_ASTCTargetPlatform (30)
[2016.05.11-01.22.17:316][ 73]LogModuleManager: Shutting down and abandoning module AndroidTargetPlatform (29)
[2016.05.11-01.22.17:316][ 73]LogModuleManager: Shutting down and abandoning module WindowsTargetPlatform (28)
[2016.05.11-01.22.17:316][ 73]LogModuleManager: Shutting down and abandoning module WindowsServerTargetPlatform (27)
[2016.05.11-01.22.17:316][ 73]LogModuleManager: Shutting down and abandoning module WindowsNoEditorTargetPlatform (26)
[2016.05.11-01.22.17:316][ 73]LogModuleManager: Shutting down and abandoning module WindowsClientTargetPlatform (25)
[2016.05.11-01.22.17:316][ 73]LogModuleManager: Shutting down and abandoning module AllDesktopTargetPlatform (24)
[2016.05.11-01.22.17:316][ 73]LogModuleManager: Shutting down and abandoning module TargetPlatform (23)
[2016.05.11-01.22.17:316][ 73]LogModuleManager: Shutting down and abandoning module InputCore (22)
[2016.05.11-01.22.17:316][ 73]LogModuleManager: Shutting down and abandoning module Settings (21)
[2016.05.11-01.22.17:316][ 73]LogModuleManager: Shutting down and abandoning module OnlineSubsystem (19)
[2016.05.11-01.22.17:316][ 73]LogModuleManager: Shutting down and abandoning module HTTP (18)
[2016.05.11-01.22.19:320][ 73]LogModuleManager: Shutting down and abandoning module XMPP (17)
[2016.05.11-01.22.19:320][ 73]LogModuleManager: Shutting down and abandoning module OculusRift (16)
[2016.05.11-01.22.19:320][ 73]LogModuleManager: Shutting down and abandoning module ExampleDeviceProfileSelector (15)
[2016.05.11-01.22.19:320][ 73]LogModuleManager: Shutting down and abandoning module TextureCompressor (14)
[2016.05.11-01.22.19:320][ 73]LogModuleManager: Shutting down and abandoning module ShaderCore (13)
[2016.05.11-01.22.19:320][ 73]LogModuleManager: Shutting down and abandoning module Landscape (12)
[2016.05.11-01.22.19:320][ 73]LogModuleManager: Shutting down and abandoning module SlateRHIRenderer (11)
[2016.05.11-01.22.19:322][ 73]LogModuleManager: Shutting down and abandoning module OpenGLDrv (10)
[2016.05.11-01.22.19:322][ 73]LogModuleManager: Shutting down and abandoning module D3D11RHI (9)
[2016.05.11-01.22.19:322][ 73]LogModuleManager: Shutting down and abandoning module AnimGraphRuntime (8)
[2016.05.11-01.22.19:322][ 73]LogModuleManager: Shutting down and abandoning module Renderer (7)
[2016.05.11-01.22.19:322][ 73]LogModuleManager: Shutting down and abandoning module Engine (6)
[2016.05.11-01.22.19:322][ 73]LogModuleManager: Shutting down and abandoning module CoreUObject (5)
[2016.05.11-01.22.19:322][ 73]LogModuleManager: Shutting down and abandoning module NetworkFile (4)
[2016.05.11-01.22.19:322][ 73]LogModuleManager: Shutting down and abandoning module StreamingFile (3)
[2016.05.11-01.22.19:322][ 73]LogModuleManager: Shutting down and abandoning module SandboxFile (2)
[2016.05.11-01.22.19:322][ 73]LogModuleManager: Shutting down and abandoning module PakFile (1)
[2016.05.11-01.22.19:324][ 73]LogExit: Exiting.
[2016.05.11-01.22.19:325][ 73]Log file closed, 05/10/16 21:22:19
