Log file open, 05/08/16 15:13:31
LogInit:Display: Running engine for game: Otherworld
LogPlatformFile: Not using cached read wrapper
LogInit:Display: RandInit(-117799985) SRandInit(-117799984).
LogTaskGraph: Started task graph with 4 named threads and 7 total threads.
LogStats: Stats thread started at 0.122515
LogInit: Version: 4.11.2-2946394+++UE4+Release-4.11
LogInit: API Version: 2927265
LogInit: Compiled (64-bit): Apr 18 2016 02:18:46
LogInit: Compiled with Visual C++: 19.00.23026.00
LogInit: Build Configuration: Development
LogInit: Branch Name: ++UE4+Release-4.11
LogInit: Command line:  
LogInit: Base directory: C:/Program Files (x86)/Epic Games/4.11/Engine/Binaries/Win64/
LogInit: Installed Engine Build: 1
LogInit: Using libcurl 7.41.0
LogInit:  - built for x86_64-pc-win32
LogInit:  - supports SSL with WinSSL
LogInit:  - other features:
LogInit:      CURL_VERSION_SSL
LogInit:      CURL_VERSION_IPV6
LogInit:      CURL_VERSION_ASYNCHDNS
LogInit:      CURL_VERSION_LARGEFILE
LogInit:      CURL_VERSION_IDN
LogInit:  CurlRequestOptions (configurable via config and command line):
LogInit:  - bVerifyPeer = true  - Libcurl will verify peer certificate
LogInit:  - bUseHttpProxy = false  - Libcurl will NOT use HTTP proxy
LogInit:  - bDontReuseConnections = false  - Libcurl will reuse connections
LogInit:  - CertBundlePath = nullptr  - Libcurl will use whatever was configured at build time.
LogInit: Presizing for max 16777216 objects, including 0 objects not considered by GC, pre-allocating 0 bytes for permanent pool.
LogInit: Object subsystem initialized
[2016.05.08-19.13.31:317][  0]LogInit: Selected Device Profile: [Windows]
[2016.05.08-19.13.31:317][  0]LogInit: Applying CVar settings loaded from the selected device profile: [Windows]
[2016.05.08-19.13.31:325][  0]LogInit: Computer: MONICA
[2016.05.08-19.13.31:325][  0]LogInit: User: Matt
[2016.05.08-19.13.31:325][  0]LogInit: CPU Page size=65536, Cores=4
[2016.05.08-19.13.31:325][  0]LogInit: High frequency timer resolution =3.906295 MHz
[2016.05.08-19.13.31:325][  0]LogMemory: Memory total: Physical=15.9GB (16GB approx)
[2016.05.08-19.13.31:325][  0]LogMemory: Platform Memory Stats for Windows
[2016.05.08-19.13.31:325][  0]LogMemory: Process Physical Memory: 313.58 MB used, 313.58 MB peak
[2016.05.08-19.13.31:325][  0]LogMemory: Process Virtual Memory: 314.82 MB used, 314.82 MB peak
[2016.05.08-19.13.31:325][  0]LogMemory: Physical Memory: 2394.54 MB used, 16330.44 MB total
[2016.05.08-19.13.31:325][  0]LogMemory: Virtual Memory: 653.25 MB used, 134217728.00 MB total
[2016.05.08-19.13.31:370][  0]LogTextLocalizationManager: No specific translations for ('en-US') exist, so ('en') translations will be used.
[2016.05.08-19.13.31:826][  0]LogD3D11RHI: D3D11 adapters:
[2016.05.08-19.13.31:859][  0]LogD3D11RHI:    0. 'NVIDIA GeForce GTX 970' (Feature Level 11_0)
[2016.05.08-19.13.31:859][  0]LogD3D11RHI:       4007MB of dedicated video memory, 0MB of dedicated system memory, and 8165MB of shared system memory, 2 output[s]
[2016.05.08-19.13.31:869][  0]LogD3D11RHI:    1. 'Microsoft Basic Render Driver' (Feature Level 11_0)
[2016.05.08-19.13.31:869][  0]LogD3D11RHI:       0MB of dedicated video memory, 0MB of dedicated system memory, and 8165MB of shared system memory, 0 output[s]
[2016.05.08-19.13.31:869][  0]LogD3D11RHI: Chosen D3D11 Adapter: 0
[2016.05.08-19.13.31:878][  0]LogD3D11RHI: Creating new Direct3DDevice
[2016.05.08-19.13.31:879][  0]LogD3D11RHI:     Adapter Name: NVIDIA GeForce GTX 970
[2016.05.08-19.13.31:879][  0]LogD3D11RHI:   Driver Version: 10.18.13.6200 (internal 10.18.13.6200)
[2016.05.08-19.13.31:879][  0]LogD3D11RHI:      Driver Date: 2-23-2016
[2016.05.08-19.13.31:879][  0]LogRHI: Texture pool is 1361 MB (70% of 1945 MB)
[2016.05.08-19.13.31:900][  0]LogD3D11RHI: Async texture creation enabled
[2016.05.08-19.13.31:961][  0]LogShaderCompilers: Guid format shader working directory is -20 characters bigger than the processId version (../../../../../../Users/Matt/Documents/Unreal Projects/Otherworld/Intermediate/Shaders/WorkingDirectory/8748/).
[2016.05.08-19.13.31:961][  0]LogShaderCompilers: Cleaned the shader compiler working directory 'C:/Users/Matt/AppData/Local/Temp/UnrealShaderWorkingDir/85F9E026498705C8C693018A1CB75C70/'.
[2016.05.08-19.13.31:962][  0]LogShaderCompilers:Display: Using Local Shader Compiler.
[2016.05.08-19.13.33:350][  0]LogTemp:Display: Loaded TP AllDesktopTargetPlatform
[2016.05.08-19.13.33:357][  0]LogTemp:Display: Loaded TP WindowsClientTargetPlatform
[2016.05.08-19.13.33:364][  0]LogTemp:Display: Loaded TP WindowsNoEditorTargetPlatform
[2016.05.08-19.13.33:370][  0]LogTemp:Display: Loaded TP WindowsServerTargetPlatform
[2016.05.08-19.13.33:379][  0]LogTemp:Display: Loaded TP WindowsTargetPlatform
[2016.05.08-19.13.33:386][  0]LogTemp:Display: Loaded TP AndroidTargetPlatform
[2016.05.08-19.13.33:392][  0]LogTemp:Display: Loaded TP Android_ASTCTargetPlatform
[2016.05.08-19.13.33:398][  0]LogTemp:Display: Loaded TP Android_ATCTargetPlatform
[2016.05.08-19.13.33:404][  0]LogTemp:Display: Loaded TP Android_DXTTargetPlatform
[2016.05.08-19.13.33:410][  0]LogTemp:Display: Loaded TP Android_ETC1TargetPlatform
[2016.05.08-19.13.33:417][  0]LogTemp:Display: Loaded TP Android_ETC2TargetPlatform
[2016.05.08-19.13.33:429][  0]LogTemp:Display: Loaded TP Android_MultiTargetPlatform
[2016.05.08-19.13.33:429][  0]LogTemp:Display: Loaded TP Android_PVRTCTargetPlatform
[2016.05.08-19.13.33:431][  0]LogTemp:Display: Loaded TP HTML5TargetPlatform
[2016.05.08-19.13.33:461][  0]LogTemp:Display: Loaded TP IOSTargetPlatform
[2016.05.08-19.13.33:465][  0]LogTemp:Display: Loaded TP TVOSTargetPlatform
[2016.05.08-19.13.33:470][  0]LogTemp:Display: Loaded TP LinuxNoEditorTargetPlatform
[2016.05.08-19.13.33:476][  0]LogTemp:Display: Loaded TP LinuxServerTargetPlatform
[2016.05.08-19.13.33:483][  0]LogTemp:Display: Loaded TP LinuxTargetPlatform
[2016.05.08-19.13.33:483][  0]LogTargetPlatformManager:Display: Building Assets For Windows
[2016.05.08-19.13.33:656][  0]LogDerivedDataCache:Display: Max Cache Size: 512 MB
[2016.05.08-19.13.33:909][  0]LogDerivedDataCache: Loaded boot cache 0.25s 46MB C:/Users/Matt/AppData/Local/UnrealEngine/4.11/DerivedDataCache/Boot.ddc.
[2016.05.08-19.13.33:909][  0]LogDerivedDataCache:Display: Loaded Boot cache: C:/Users/Matt/AppData/Local/UnrealEngine/4.11/DerivedDataCache/Boot.ddc
[2016.05.08-19.13.33:910][  0]LogDerivedDataCache: FDerivedDataBackendGraph:  Pak pak cache file ../../../../../../Users/Matt/Documents/Unreal Projects/Otherworld/DerivedDataCache/DDC.ddp not found, will not use a pak cache.
[2016.05.08-19.13.33:910][  0]LogDerivedDataCache: Unable to find inner node Pak for hierarchical cache Hierarchy.
[2016.05.08-19.13.33:910][  0]LogDerivedDataCache: FDerivedDataBackendGraph:  CompressedPak pak cache file ../../../../../../Users/Matt/Documents/Unreal Projects/Otherworld/DerivedDataCache/Compressed.ddp not found, will not use a pak cache.
[2016.05.08-19.13.33:910][  0]LogDerivedDataCache: Unable to find inner node CompressedPak for hierarchical cache Hierarchy.
[2016.05.08-19.13.33:930][  0]LogDerivedDataCache:Display: Pak cache opened for reading ../../../Engine/DerivedDataCache/Compressed.ddp.
[2016.05.08-19.13.33:943][  0]LogDerivedDataCache: Using Local data cache path C:/Users/Matt/AppData/Local/UnrealEngine/Common/DerivedDataCache: Writable
[2016.05.08-19.13.34:842][  0]LogInit: Selected Device Profile: [Windows]
[2016.05.08-19.13.34:848][  0]LogContentStreaming: Texture pool size is 0.00 MB
[2016.05.08-19.13.34:996][  0]LogMaterial: Uniform references updated for custom material expression Custom.
[2016.05.08-19.13.35:227][  0]LogMeshUtilities: No automatic mesh reduction module available
[2016.05.08-19.13.35:227][  0]LogMeshUtilities: No automatic mesh merging module available
[2016.05.08-19.13.35:227][  0]LogMeshUtilities: No distributed automatic mesh merging module available
[2016.05.08-19.13.35:889][  0]LogUObjectArray: 27679 objects as part of root set at end of initial load.
[2016.05.08-19.13.35:889][  0]LogUObjectAllocator: 5591592 out of 0 bytes used by permanent object pool.
[2016.05.08-19.13.35:889][  0]LogUObjectArray: CloseDisregardForGC: 0/0 objects in disregard for GC pool
[2016.05.08-19.13.35:900][  0]LogInit: WinSock: version 1.1 (2.2), MaxSocks=32767, MaxUdp=65467
[2016.05.08-19.13.36:260][  0]LogSlate: SlateFontCache - WITH_FREETYPE: 1, WITH_HARFBUZZ: 1
[2016.05.08-19.13.36:260][  0]LogSlate: SlateFontCache - WITH_FREETYPE: 1, WITH_HARFBUZZ: 1
[2016.05.08-19.13.36:527][  0]LogStreaming:Warning: Failed to read file '../../../Engine/Content/Editor/Slate/Common/Selection_16x.png' error.
[2016.05.08-19.13.36:527][  0]LogSlate: Could not find file for Slate resource: ../../../Engine/Content/Editor/Slate/Common/Selection_16x.png
[2016.05.08-19.13.36:528][  0]LogStreaming:Warning: Failed to read file '../../../Engine/Content/Editor/Slate/Common/Selection_16x.png' error.
[2016.05.08-19.13.36:528][  0]LogSlate: Could not find file for Slate resource: ../../../Engine/Content/Editor/Slate/Common/Selection_16x.png
[2016.05.08-19.13.36:528][  0]LogStreaming:Warning: Failed to read file '../../../Engine/Content/Editor/Slate/Common/Selection_16x.png' error.
[2016.05.08-19.13.36:528][  0]LogSlate: Could not find file for Slate resource: ../../../Engine/Content/Editor/Slate/Common/Selection_16x.png
[2016.05.08-19.13.37:786][  0]LogUdpMessaging: Initializing bridge on interface 0.0.0.0:0 to multicast group 230.0.0.1:6666.
[2016.05.08-19.13.37:956][  0]LogAssetRegistry: FAssetRegistry took 0.0256 seconds to start up
[2016.05.08-19.13.38:292][  0]SourceControl: Info Source control is disabled
[2016.05.08-19.13.38:401][  0]SourceControl: Info Source control is disabled
[2016.05.08-19.13.38:424][  0]SourceControl: Info Source control is disabled
[2016.05.08-19.13.38:442][  0]SourceControl: Info Source control is disabled
[2016.05.08-19.13.38:658][  0]LogHMD: Failed to initialize OpenVR with code 110
[2016.05.08-19.13.38:831][  0]LogEngine: Initializing Engine...
[2016.05.08-19.13.39:075][  0]LogAIModule: Creating AISystem for world NewWorld
[2016.05.08-19.13.39:105][  0]LogInit: XAudio2 using 'Speakers (Realtek High Definition Audio)' : 2 channels at 48 kHz using 32 bits per sample (channel mask 0x3)
[2016.05.08-19.13.39:368][  0]LogInit: FAudioDevice initialized.
[2016.05.08-19.13.39:412][  0]LogDerivedDataCache: Saved boot cache 0.04s 46MB C:/Users/Matt/AppData/Local/UnrealEngine/4.11/DerivedDataCache/Boot.ddc.
[2016.05.08-19.13.39:425][  0]LogInit: Texture streaming: Enabled
[2016.05.08-19.13.39:474][  0]LogInit: Transaction tracking system initialized
[2016.05.08-19.13.39:551][  0]BlueprintLog: New page: Editor Load
[2016.05.08-19.13.39:796][  0]LocalizationService: Info Localization service is disabled
[2016.05.08-19.13.40:159][  0]LogConsoleResponse:Display: 
[2016.05.08-19.13.40:362][  0]LogFileCache: Scanning file cache for directory 'C:/Users/Matt/Documents/Unreal Projects/Otherworld/Content/' took 0.01s
[2016.05.08-19.13.40:362][  0]LogCook:Display: Max memory allowance for cook 8192mb
[2016.05.08-19.13.40:362][  0]LogCook:Display: Mobile HDR setting 1
[2016.05.08-19.13.40:363][  0]LogCook:Display: Done creating registry. It took  0.00s.
[2016.05.08-19.13.40:498][  0]SourceControl: Info Source control is disabled
[2016.05.08-19.13.40:500][  0]Cmd: MAP LOAD FILE="../../../../../../Users/Matt/Documents/Unreal Projects/Otherworld/Content/ThirdPersonBP/Maps/ThirdPersonExampleMap.umap" TEMPLATE=0 SHOWPROGRESS=1 FEATURELEVEL=3
[2016.05.08-19.13.40:503][  0]LightingResults: New page: Lighting Build
[2016.05.08-19.13.40:521][  0]MapCheck: New page: Map Check
[2016.05.08-19.13.40:521][  0]LightingResults: New page: Lighting Build
[2016.05.08-19.13.41:284][  0]LogAIModule: Creating AISystem for world ThirdPersonExampleMap
[2016.05.08-19.13.41:332][  0]LogEditorServer: Finished looking for orphan Actors (0.000 secs)
[2016.05.08-19.13.41:334][  0]Cmd: MAP CHECKDEP NOCLEARLOG
[2016.05.08-19.13.41:391][  0]MapCheck: Info Map check complete: 0 Error(s), 0 Warning(s), took 56.541ms to complete.
[2016.05.08-19.13.41:391][  0]LogFileHelpers: Loading map 'ThirdPersonExampleMap' took 0.891
[2016.05.08-19.13.41:668][  0]LogCollectionManager: Loaded 0 collections in 0.002377 seconds
[2016.05.08-19.13.41:741][  0]LogFileCache: Scanning file cache for directory 'C:/Users/Matt/Documents/Unreal Projects/Otherworld/Saved/Collections/' took 0.01s
[2016.05.08-19.13.41:741][  0]LogFileCache: Scanning file cache for directory 'C:/Users/Matt/Documents/Unreal Projects/Otherworld/Content/Developers/Matt/Collections/' took 0.01s
[2016.05.08-19.13.41:741][  0]LogFileCache: Scanning file cache for directory 'C:/Users/Matt/Documents/Unreal Projects/Otherworld/Content/Collections/' took 0.01s
[2016.05.08-19.13.41:741][  0]LogCollectionManager: Rebuilt the GUID cache for 0 collections in 0.000004 seconds
[2016.05.08-19.13.41:753][  0]LogContentBrowser: Native class hierarchy populated in 0.0113 seconds. Added 1980 classes and 345 folders.
[2016.05.08-19.13.41:763][  0]LogStats: UGameplayTagsManager::ConstructGameplayTagTree: Construct from data asset -  0.000 s
[2016.05.08-19.13.41:763][  0]LogStats: UGameplayTagsManager::ConstructGameplayTagTree: GameplayTagTreeChangedEvent.Broadcast -  0.000 s
[2016.05.08-19.13.41:763][  0]LogContentBrowser: Native class hierarchy updated for 'GameplayTags' in 0.0005 seconds. Added 12 classes and 0 folders.
[2016.05.08-19.13.41:770][  0]LogContentBrowser: Native class hierarchy updated for 'WidgetCarousel' in 0.0003 seconds. Added 0 classes and 0 folders.
[2016.05.08-19.13.41:796][  0]LogContentBrowser: Native class hierarchy updated for 'SuperSearch' in 0.0004 seconds. Added 1 classes and 2 folders.
[2016.05.08-19.13.41:963][  0]LogContentBrowser: Native class hierarchy updated for 'AddContentDialog' in 0.0004 seconds. Added 0 classes and 0 folders.
[2016.05.08-19.13.42:185][  0]LogCrashTracker: Crashtracker disabled due to settings.
[2016.05.08-19.13.42:205][  0]LogUObjectGlobals:Warning: Failed to find object 'Class None.'
[2016.05.08-19.13.42:243][  0]LogContentBrowser: Native class hierarchy updated for 'HierarchicalLODOutliner' in 0.0005 seconds. Added 1 classes and 2 folders.
[2016.05.08-19.13.42:244][  0]LogLoad: Full Startup: 11.92 seconds (BP compile: 0.23 seconds)
[2016.05.08-19.13.42:244][  0]LogExternalProfiler: Found external profiler: VSPerf
[2016.05.08-19.13.42:244][  0]LogExternalProfiler: Using external profiler: VSPerf
[2016.05.08-19.13.42:253][  0]LogOcInput: OculusInput pre-init called
[2016.05.08-19.13.42:328][  0]LogContentStreaming: Texture pool size now 1000 MB
[2016.05.08-19.13.42:503][  0]LogRenderer: Reallocating scene render targets to support 968x408 (Frame:2).
[2016.05.08-19.13.42:626][  1]LogAssetRegistry: Asset discovery search completed in 4.6926 seconds
[2016.05.08-19.13.42:626][  1]LogCollectionManager: Rebuilt the object cache for 0 collections in 0.000001 seconds (found 0 objects)
[2016.05.08-19.13.42:626][  1]LogCollectionManager: Fixed up redirectors for 0 collections in 0.000268 seconds (updated 0 objects)
[2016.05.08-19.14.18:179][215]LogBlueprintUserMessages: Early PlayInEditor Detection: Level '/Game/ThirdPersonBP/Maps/ThirdPersonExampleMap.ThirdPersonExampleMap:PersistentLevel' has LevelScriptBlueprint '/Game/ThirdPersonBP/Maps/ThirdPersonExampleMap.ThirdPersonExampleMap:PersistentLevel.ThirdPersonExampleMap' with GeneratedClass '/Game/ThirdPersonBP/Maps/ThirdPersonExampleMap.ThirdPersonExampleMap_C' with ClassGeneratedBy '/Game/ThirdPersonBP/Maps/ThirdPersonExampleMap.ThirdPersonExampleMap:PersistentLevel.ThirdPersonExampleMap'
[2016.05.08-19.14.18:179][215]LogPlayLevel: PlayLevel: No blueprints needed recompiling
[2016.05.08-19.14.18:187][215]PIE: New page: PIE session: ThirdPersonExampleMap (May 8, 2016, 10:14:18 AM)
[2016.05.08-19.14.18:188][215]LogPlayLevel: Creating play world package: /Game/ThirdPersonBP/Maps/UEDPIE_0_ThirdPersonExampleMap
[2016.05.08-19.14.18:232][215]LogPlayLevel: PIE: StaticDuplicateObject took: (0.044215s)
[2016.05.08-19.14.18:233][215]LogAIModule: Creating AISystem for world ThirdPersonExampleMap
[2016.05.08-19.14.18:233][215]LogPlayLevel: PIE: World Init took: (0.001395s)
[2016.05.08-19.14.18:234][215]LogPlayLevel: PIE: Created PIE world by copying editor world from /Game/ThirdPersonBP/Maps/ThirdPersonExampleMap.ThirdPersonExampleMap to /Game/ThirdPersonBP/Maps/UEDPIE_0_ThirdPersonExampleMap.ThirdPersonExampleMap (0.045966s)
[2016.05.08-19.14.18:282][215]LogInit: XAudio2 using 'Speakers (Realtek High Definition Audio)' : 2 channels at 48 kHz using 32 bits per sample (channel mask 0x3)
[2016.05.08-19.14.18:292][215]LogInit: FAudioDevice initialized.
[2016.05.08-19.14.18:345][215]LogWorld: Game class is 'ThirdPersonGameMode_C'
[2016.05.08-19.14.18:352][215]LogWorld: Bringing World /Game/ThirdPersonBP/Maps/UEDPIE_0_ThirdPersonExampleMap.ThirdPersonExampleMap up for play (max tick rate 0) at 2016.05.08-15.14.18
[2016.05.08-19.14.18:354][215]LogWorld: Bringing up level for play took: 0.005671
[2016.05.08-19.14.18:367][215]LogContentBrowser: Native class hierarchy updated for 'MovieSceneCapture' in 0.0005 seconds. Added 9 classes and 0 folders.
[2016.05.08-19.14.18:376][215]PIE: Info Play in editor start time for /Game/ThirdPersonBP/Maps/UEDPIE_0_ThirdPersonExampleMap -0.686
[2016.05.08-19.14.18:377][215]LogBlueprintUserMessages: Late PlayInEditor Detection: Level '/Game/ThirdPersonBP/Maps/ThirdPersonExampleMap.ThirdPersonExampleMap:PersistentLevel' has LevelScriptBlueprint '/Game/ThirdPersonBP/Maps/ThirdPersonExampleMap.ThirdPersonExampleMap:PersistentLevel.ThirdPersonExampleMap' with GeneratedClass '/Game/ThirdPersonBP/Maps/ThirdPersonExampleMap.ThirdPersonExampleMap_C' with ClassGeneratedBy '/Game/ThirdPersonBP/Maps/ThirdPersonExampleMap.ThirdPersonExampleMap:PersistentLevel.ThirdPersonExampleMap'
[2016.05.08-19.14.25:577][ 72]LogBlueprintUserMessages: Early EndPlayMap Detection: Level '/Game/ThirdPersonBP/Maps/ThirdPersonExampleMap.ThirdPersonExampleMap:PersistentLevel' has LevelScriptBlueprint '/Game/ThirdPersonBP/Maps/ThirdPersonExampleMap.ThirdPersonExampleMap:PersistentLevel.ThirdPersonExampleMap' with GeneratedClass '/Game/ThirdPersonBP/Maps/ThirdPersonExampleMap.ThirdPersonExampleMap_C' with ClassGeneratedBy '/Game/ThirdPersonBP/Maps/ThirdPersonExampleMap.ThirdPersonExampleMap:PersistentLevel.ThirdPersonExampleMap'
[2016.05.08-19.14.25:612][ 72]LogBlueprintUserMessages: Late EndPlayMap Detection: Level '/Game/ThirdPersonBP/Maps/ThirdPersonExampleMap.ThirdPersonExampleMap:PersistentLevel' has LevelScriptBlueprint '/Game/ThirdPersonBP/Maps/ThirdPersonExampleMap.ThirdPersonExampleMap:PersistentLevel.ThirdPersonExampleMap' with GeneratedClass '/Game/ThirdPersonBP/Maps/ThirdPersonExampleMap.ThirdPersonExampleMap_C' with ClassGeneratedBy '/Game/ThirdPersonBP/Maps/ThirdPersonExampleMap.ThirdPersonExampleMap:PersistentLevel.ThirdPersonExampleMap'
[2016.05.08-19.14.28:194][317]LogContentBrowser: Native class hierarchy updated for 'BlueprintGraph' in 0.0009 seconds. Added 108 classes and 0 folders.
[2016.05.08-19.15.04:432][681]BlueprintLog: New page: Compile ThirdPersonCharacter
[2016.05.08-19.15.04:859][681]BlueprintEditorCompileResults: Info [0094.53] Compile of ThirdPersonCharacter successful! [in 427 ms]
[2016.05.08-19.15.05:178][684]LogSavePackage: Save=173.49ms
[2016.05.08-19.15.05:178][684]LogSavePackage: Moving '../../../../../../Users/Matt/Documents/Unreal Projects/Otherworld/Saved/ThirdPersonCharacter544239254D244CD83089AC9949DBE483.tmp' to '../../../../../../Users/Matt/Documents/Unreal Projects/Otherworld/Content/ThirdPersonBP/Blueprints/ThirdPersonCharacter.uasset'
[2016.05.08-19.15.05:181][684]LogSavePackage: Total save time: 189.34ms
[2016.05.08-19.15.05:181][684]LogSavePackage:Display: Finished SavePackage ../../../../../../Users/Matt/Documents/Unreal Projects/Otherworld/Content/ThirdPersonBP/Blueprints/ThirdPersonCharacter.uasset
[2016.05.08-19.15.07:628][975]LogActorComponent: UnregisterComponent: (/Engine/Transient.CharMoveComp) Not registered. Aborting.
[2016.05.08-19.16.31:273][726]LogSavePackage: Save=323.84ms
[2016.05.08-19.16.31:273][726]LogSavePackage: Moving '../../../../../../Users/Matt/Documents/Unreal Projects/Otherworld/Saved/ThirdPersonExampleMap6E9C1A784E3C3C4CFD30D489FB69FFA3.tmp' to '../../../../../../Users/Matt/Documents/Unreal Projects/Otherworld/Content/ThirdPersonBP/Maps/ThirdPersonExampleMap.umap'
[2016.05.08-19.16.31:278][726]LogSavePackage: Total save time: 347.35ms
[2016.05.08-19.16.31:278][726]LogSavePackage:Display: Finished SavePackage ../../../../../../Users/Matt/Documents/Unreal Projects/Otherworld/Content/ThirdPersonBP/Maps/ThirdPersonExampleMap.umap
[2016.05.08-19.16.31:309][726]LogFileHelpers: Saving map 'ThirdPersonExampleMap' took 0.474
[2016.05.08-19.16.31:520][726]LogSavePackage: Save=170.08ms
[2016.05.08-19.16.31:520][726]LogSavePackage: Moving '../../../../../../Users/Matt/Documents/Unreal Projects/Otherworld/Saved/ThirdPersonCharacterAB6B4C83431D529B6EB0B6AF94742509.tmp' to '../../../../../../Users/Matt/Documents/Unreal Projects/Otherworld/Content/ThirdPersonBP/Blueprints/ThirdPersonCharacter.uasset'
[2016.05.08-19.16.31:524][726]LogSavePackage: Total save time: 177.69ms
[2016.05.08-19.16.31:524][726]LogSavePackage:Display: Finished SavePackage ../../../../../../Users/Matt/Documents/Unreal Projects/Otherworld/Content/ThirdPersonBP/Blueprints/ThirdPersonCharacter.uasset
[2016.05.08-19.16.31:965][778]BlueprintLog: New page: Compile ThirdPersonCharacter
[2016.05.08-19.16.32:026][778]LogActorComponent: UnregisterComponent: (/Engine/Transient.CharMoveComp) Not registered. Aborting.
[2016.05.08-19.16.32:118][778]BlueprintEditorCompileResults: Info [0181.79] Compile of ThirdPersonCharacter successful! [in 152 ms]
[2016.05.08-19.16.33:125][894]LogBlueprintUserMessages: Early PlayInEditor Detection: Level '/Game/ThirdPersonBP/Maps/ThirdPersonExampleMap.ThirdPersonExampleMap:PersistentLevel' has LevelScriptBlueprint '/Game/ThirdPersonBP/Maps/ThirdPersonExampleMap.ThirdPersonExampleMap:PersistentLevel.ThirdPersonExampleMap' with GeneratedClass '/Game/ThirdPersonBP/Maps/ThirdPersonExampleMap.ThirdPersonExampleMap_C' with ClassGeneratedBy '/Game/ThirdPersonBP/Maps/ThirdPersonExampleMap.ThirdPersonExampleMap:PersistentLevel.ThirdPersonExampleMap'
[2016.05.08-19.16.33:125][894]LogPlayLevel: PlayLevel: No blueprints needed recompiling
[2016.05.08-19.16.33:125][894]PIE: New page: PIE session: ThirdPersonExampleMap (May 8, 2016, 10:16:33 AM)
[2016.05.08-19.16.33:125][894]LogPlayLevel: Creating play world package: /Game/ThirdPersonBP/Maps/UEDPIE_0_ThirdPersonExampleMap
[2016.05.08-19.16.33:157][894]LogPlayLevel: PIE: StaticDuplicateObject took: (0.031614s)
[2016.05.08-19.16.33:158][894]LogAIModule: Creating AISystem for world ThirdPersonExampleMap
[2016.05.08-19.16.33:158][894]LogPlayLevel: PIE: World Init took: (0.001250s)
[2016.05.08-19.16.33:158][894]LogPlayLevel: PIE: Created PIE world by copying editor world from /Game/ThirdPersonBP/Maps/ThirdPersonExampleMap.ThirdPersonExampleMap to /Game/ThirdPersonBP/Maps/UEDPIE_0_ThirdPersonExampleMap.ThirdPersonExampleMap (0.033224s)
[2016.05.08-19.16.33:208][894]LogInit: XAudio2 using 'Speakers (Realtek High Definition Audio)' : 2 channels at 48 kHz using 32 bits per sample (channel mask 0x3)
[2016.05.08-19.16.33:222][894]LogInit: FAudioDevice initialized.
[2016.05.08-19.16.33:277][894]LogWorld: Game class is 'ThirdPersonGameMode_C'
[2016.05.08-19.16.33:283][894]LogWorld: Bringing World /Game/ThirdPersonBP/Maps/UEDPIE_0_ThirdPersonExampleMap.ThirdPersonExampleMap up for play (max tick rate 0) at 2016.05.08-15.16.33
[2016.05.08-19.16.33:283][894]LogWorld: Bringing up level for play took: 0.004350
[2016.05.08-19.16.33:294][894]PIE: Info Play in editor start time for /Game/ThirdPersonBP/Maps/UEDPIE_0_ThirdPersonExampleMap 0.231
[2016.05.08-19.16.33:294][894]LogBlueprintUserMessages: Late PlayInEditor Detection: Level '/Game/ThirdPersonBP/Maps/ThirdPersonExampleMap.ThirdPersonExampleMap:PersistentLevel' has LevelScriptBlueprint '/Game/ThirdPersonBP/Maps/ThirdPersonExampleMap.ThirdPersonExampleMap:PersistentLevel.ThirdPersonExampleMap' with GeneratedClass '/Game/ThirdPersonBP/Maps/ThirdPersonExampleMap.ThirdPersonExampleMap_C' with ClassGeneratedBy '/Game/ThirdPersonBP/Maps/ThirdPersonExampleMap.ThirdPersonExampleMap:PersistentLevel.ThirdPersonExampleMap'
[2016.05.08-19.16.33:344][896]LogRenderer: Reallocating scene render targets to support 1280x720 (Frame:7730).
[2016.05.08-19.16.49:363][753]LogBlueprintUserMessages: Early EndPlayMap Detection: Level '/Game/ThirdPersonBP/Maps/ThirdPersonExampleMap.ThirdPersonExampleMap:PersistentLevel' has LevelScriptBlueprint '/Game/ThirdPersonBP/Maps/ThirdPersonExampleMap.ThirdPersonExampleMap:PersistentLevel.ThirdPersonExampleMap' with GeneratedClass '/Game/ThirdPersonBP/Maps/ThirdPersonExampleMap.ThirdPersonExampleMap_C' with ClassGeneratedBy '/Game/ThirdPersonBP/Maps/ThirdPersonExampleMap.ThirdPersonExampleMap:PersistentLevel.ThirdPersonExampleMap'
[2016.05.08-19.16.49:417][753]LogBlueprintUserMessages: Late EndPlayMap Detection: Level '/Game/ThirdPersonBP/Maps/ThirdPersonExampleMap.ThirdPersonExampleMap:PersistentLevel' has LevelScriptBlueprint '/Game/ThirdPersonBP/Maps/ThirdPersonExampleMap.ThirdPersonExampleMap:PersistentLevel.ThirdPersonExampleMap' with GeneratedClass '/Game/ThirdPersonBP/Maps/ThirdPersonExampleMap.ThirdPersonExampleMap_C' with ClassGeneratedBy '/Game/ThirdPersonBP/Maps/ThirdPersonExampleMap.ThirdPersonExampleMap:PersistentLevel.ThirdPersonExampleMap'
[2016.05.08-19.16.57:726][631]LogSavePackage: Save=319.07ms
[2016.05.08-19.16.57:726][631]LogSavePackage: Moving '../../../../../../Users/Matt/Documents/Unreal Projects/Otherworld/Saved/ThirdPersonExampleMapEF4DEF6A4CDAF0526939FBBF7B390189.tmp' to '../../../../../../Users/Matt/Documents/Unreal Projects/Otherworld/Content/ThirdPersonBP/Maps/ThirdPersonExampleMap.umap'
[2016.05.08-19.16.57:730][631]LogSavePackage: Total save time: 327.22ms
[2016.05.08-19.16.57:730][631]LogSavePackage:Display: Finished SavePackage ../../../../../../Users/Matt/Documents/Unreal Projects/Otherworld/Content/ThirdPersonBP/Maps/ThirdPersonExampleMap.umap
[2016.05.08-19.16.57:750][631]LogFileHelpers: Saving map 'ThirdPersonExampleMap' took 0.447
[2016.05.08-19.16.57:952][631]LogSavePackage: Save=169.66ms
[2016.05.08-19.16.57:952][631]LogSavePackage: Moving '../../../../../../Users/Matt/Documents/Unreal Projects/Otherworld/Saved/ThirdPersonCharacter2DDB2DE7437AAD7902194A8C077A6169.tmp' to '../../../../../../Users/Matt/Documents/Unreal Projects/Otherworld/Content/ThirdPersonBP/Blueprints/ThirdPersonCharacter.uasset'
[2016.05.08-19.16.57:956][631]LogSavePackage: Total save time: 176.95ms
[2016.05.08-19.16.57:956][631]LogSavePackage:Display: Finished SavePackage ../../../../../../Users/Matt/Documents/Unreal Projects/Otherworld/Content/ThirdPersonBP/Blueprints/ThirdPersonCharacter.uasset
[2016.05.08-19.16.59:996][871]LogActorComponent: UnregisterComponent: (/Engine/Transient.CharMoveComp) Not registered. Aborting.
[2016.05.08-19.17.32:889][678]LogProperty:Warning: ObjectProperty /Script/Engine.EdGraphPin:LinkedTo.LinkedTo: unresolved reference to 'EdGraphPin'K2Node_IfThenElse_93.EdGraphPin_33834''
[2016.05.08-19.19.04:898][480]BlueprintLog: New page: Compile ThirdPersonCharacter
[2016.05.08-19.19.05:217][480]BlueprintEditorCompileResults: Info [0334.89] Compile of ThirdPersonCharacter successful! [in 318 ms]
[2016.05.08-19.19.11:997][213]LogSavePackage: Save=322.83ms
[2016.05.08-19.19.11:997][213]LogSavePackage: Moving '../../../../../../Users/Matt/Documents/Unreal Projects/Otherworld/Saved/ThirdPersonExampleMap3574CC9A458DEAF1F18F3DAF982BCACE.tmp' to '../../../../../../Users/Matt/Documents/Unreal Projects/Otherworld/Content/ThirdPersonBP/Maps/ThirdPersonExampleMap.umap'
[2016.05.08-19.19.12:002][213]LogSavePackage: Total save time: 332.87ms
[2016.05.08-19.19.12:002][213]LogSavePackage:Display: Finished SavePackage ../../../../../../Users/Matt/Documents/Unreal Projects/Otherworld/Content/ThirdPersonBP/Maps/ThirdPersonExampleMap.umap
[2016.05.08-19.19.12:031][213]LogFileHelpers: Saving map 'ThirdPersonExampleMap' took 0.460
[2016.05.08-19.19.12:282][213]LogSavePackage: Save=198.62ms
[2016.05.08-19.19.12:282][213]LogSavePackage: Moving '../../../../../../Users/Matt/Documents/Unreal Projects/Otherworld/Saved/ThirdPersonCharacter9FC333174591BCD4D1E358924FF33C53.tmp' to '../../../../../../Users/Matt/Documents/Unreal Projects/Otherworld/Content/ThirdPersonBP/Blueprints/ThirdPersonCharacter.uasset'
[2016.05.08-19.19.12:286][213]LogSavePackage: Total save time: 205.97ms
[2016.05.08-19.19.12:286][213]LogSavePackage:Display: Finished SavePackage ../../../../../../Users/Matt/Documents/Unreal Projects/Otherworld/Content/ThirdPersonBP/Blueprints/ThirdPersonCharacter.uasset
[2016.05.08-19.19.22:287][381]LogActorComponent: UnregisterComponent: (/Engine/Transient.CharMoveComp) Not registered. Aborting.
[2016.05.08-19.20.13:171][184]LogSavePackage: Save=319.04ms
[2016.05.08-19.20.13:171][184]LogSavePackage: Moving '../../../../../../Users/Matt/Documents/Unreal Projects/Otherworld/Saved/ThirdPersonExampleMap1D9E1DAE465232376A36E880338B4A19.tmp' to '../../../../../../Users/Matt/Documents/Unreal Projects/Otherworld/Content/ThirdPersonBP/Maps/ThirdPersonExampleMap.umap'
[2016.05.08-19.20.13:176][184]LogSavePackage: Total save time: 327.71ms
[2016.05.08-19.20.13:176][184]LogSavePackage:Display: Finished SavePackage ../../../../../../Users/Matt/Documents/Unreal Projects/Otherworld/Content/ThirdPersonBP/Maps/ThirdPersonExampleMap.umap
[2016.05.08-19.20.13:194][184]LogFileHelpers: Saving map 'ThirdPersonExampleMap' took 0.439
[2016.05.08-19.20.13:449][184]LogSavePackage: Save=214.28ms
[2016.05.08-19.20.13:449][184]LogSavePackage: Moving '../../../../../../Users/Matt/Documents/Unreal Projects/Otherworld/Saved/ThirdPersonCharacter7677B3914B990D292B2979BDCFFFAF3E.tmp' to '../../../../../../Users/Matt/Documents/Unreal Projects/Otherworld/Content/ThirdPersonBP/Blueprints/ThirdPersonCharacter.uasset'
[2016.05.08-19.20.13:453][184]LogSavePackage: Total save time: 223.84ms
[2016.05.08-19.20.13:454][184]LogSavePackage:Display: Finished SavePackage ../../../../../../Users/Matt/Documents/Unreal Projects/Otherworld/Content/ThirdPersonBP/Blueprints/ThirdPersonCharacter.uasset
[2016.05.08-19.20.24:067][424]LogActorComponent: UnregisterComponent: (/Engine/Transient.CharMoveComp) Not registered. Aborting.
[2016.05.08-19.20.24:376][424]LogSavePackage: Save=216.59ms
[2016.05.08-19.20.24:376][424]LogSavePackage: Moving '../../../../../../Users/Matt/Documents/Unreal Projects/Otherworld/Saved/ThirdPersonCharacter62C0BD8F4868FB7E2CC2C39B424732EC.tmp' to '../../../../../../Users/Matt/Documents/Unreal Projects/Otherworld/Content/ThirdPersonBP/Blueprints/ThirdPersonCharacter.uasset'
[2016.05.08-19.20.24:380][424]LogSavePackage: Total save time: 224.24ms
[2016.05.08-19.20.24:380][424]LogSavePackage:Display: Finished SavePackage ../../../../../../Users/Matt/Documents/Unreal Projects/Otherworld/Content/ThirdPersonBP/Blueprints/ThirdPersonCharacter.uasset
[2016.05.08-19.21.46:460][322]BlueprintLog: New page: Compile ThirdPersonCharacter
[2016.05.08-19.21.46:535][322]LogActorComponent: UnregisterComponent: (/Engine/Transient.CharMoveComp) Not registered. Aborting.
[2016.05.08-19.21.46:622][322]BlueprintEditorCompileResults: Info [0496.29] Compile of ThirdPersonCharacter successful! [in 161 ms]
[2016.05.08-19.21.47:351][372]LogSavePackage: Save=217.97ms
[2016.05.08-19.21.47:351][372]LogSavePackage: Moving '../../../../../../Users/Matt/Documents/Unreal Projects/Otherworld/Saved/ThirdPersonCharacter299004624FFC91857403249067EE5368.tmp' to '../../../../../../Users/Matt/Documents/Unreal Projects/Otherworld/Content/ThirdPersonBP/Blueprints/ThirdPersonCharacter.uasset'
[2016.05.08-19.21.47:355][372]LogSavePackage: Total save time: 226.57ms
[2016.05.08-19.21.47:355][372]LogSavePackage:Display: Finished SavePackage ../../../../../../Users/Matt/Documents/Unreal Projects/Otherworld/Content/ThirdPersonBP/Blueprints/ThirdPersonCharacter.uasset
[2016.05.08-19.21.48:646][514]LogActorComponent: UnregisterComponent: (/Engine/Transient.CharMoveComp) Not registered. Aborting.
[2016.05.08-19.21.49:010][514]LogSavePackage: Save=320.28ms
[2016.05.08-19.21.49:010][514]LogSavePackage: Moving '../../../../../../Users/Matt/Documents/Unreal Projects/Otherworld/Saved/ThirdPersonExampleMapFB2B466141D1169641B40E879A0CC2F5.tmp' to '../../../../../../Users/Matt/Documents/Unreal Projects/Otherworld/Content/ThirdPersonBP/Maps/ThirdPersonExampleMap.umap'
[2016.05.08-19.21.49:015][514]LogSavePackage: Total save time: 343.67ms
[2016.05.08-19.21.49:015][514]LogSavePackage:Display: Finished SavePackage ../../../../../../Users/Matt/Documents/Unreal Projects/Otherworld/Content/ThirdPersonBP/Maps/ThirdPersonExampleMap.umap
[2016.05.08-19.22.11:650][195]Cmd: QUIT_EDITOR
[2016.05.08-19.22.12:394][195]LogWindowsTextInputMethodSystem:Display: IME system now deactivated.
[2016.05.08-19.22.12:491][195]LogExit: Preparing to exit.
[2016.05.08-19.22.13:073][195]LogExit: Editor shut down
[2016.05.08-19.22.13:073][195]LogExit: Transaction tracking system shut down
[2016.05.08-19.22.13:338][195]LogObj: Freed 0b from 0 cluster array pools.
[2016.05.08-19.22.13:339][195]LogExit: Object subsystem successfully closed.
[2016.05.08-19.22.13:374][195]LogD3D11RHI: Shutdown
[2016.05.08-19.22.13:374][195]LogD3D11RHI: CleanupD3DDevice
[2016.05.08-19.22.13:464][195]LogD3D11RHI: ~FD3D11DynamicRHI
[2016.05.08-19.22.13:524][195]LogDerivedDataCache: Shutdown
[2016.05.08-19.22.13:534][195]LogModuleManager: Shutting down and abandoning module BlueprintGraph (206)
[2016.05.08-19.22.13:534][195]LogModuleManager: Shutting down and abandoning module MovieSceneCapture (205)
[2016.05.08-19.22.13:534][195]LogModuleManager: Shutting down and abandoning module HierarchicalLODOutliner (204)
[2016.05.08-19.22.13:535][195]LogModuleManager: Shutting down and abandoning module CrashTracker (203)
[2016.05.08-19.22.13:535][195]LogModuleManager: Shutting down and abandoning module SuperSearch (202)
[2016.05.08-19.22.13:535][195]LogModuleManager: Shutting down and abandoning module WidgetCarousel (201)
[2016.05.08-19.22.13:535][195]LogModuleManager: Shutting down and abandoning module AddContentDialog (200)
[2016.05.08-19.22.13:544][195]LogModuleManager: Shutting down and abandoning module GameplayTags (199)
[2016.05.08-19.22.13:544][195]LogModuleManager: Shutting down and abandoning module EditorWidgets (198)
[2016.05.08-19.22.13:544][195]LogModuleManager: Shutting down and abandoning module CollectionManager (197)
[2016.05.08-19.22.13:544][195]LogModuleManager: Shutting down and abandoning module SceneOutliner (196)
[2016.05.08-19.22.13:544][195]LogModuleManager: Shutting down and abandoning module StatsViewer (195)
[2016.05.08-19.22.13:545][195]LogModuleManager: Shutting down and abandoning module FoliageEdit (194)
[2016.05.08-19.22.13:545][195]LogModuleManager: Shutting down and abandoning module LandscapeEditor (193)
[2016.05.08-19.22.13:546][195]LogModuleManager: Shutting down and abandoning module ActorPickerMode (192)
[2016.05.08-19.22.13:546][195]LogModuleManager: Shutting down and abandoning module GeometryMode (191)
[2016.05.08-19.22.13:546][195]LogModuleManager: Shutting down and abandoning module TextureAlignMode (190)
[2016.05.08-19.22.13:546][195]LogModuleManager: Shutting down and abandoning module BspMode (189)
[2016.05.08-19.22.13:546][195]LogModuleManager: Shutting down and abandoning module PlacementMode (188)
[2016.05.08-19.22.13:546][195]LogModuleManager: Shutting down and abandoning module AutomationWorker (187)
[2016.05.08-19.22.13:546][195]LogModuleManager: Shutting down and abandoning module CharacterAI (186)
[2016.05.08-19.22.13:546][195]LogModuleManager: Shutting down and abandoning module SmartSnapping (185)
[2016.05.08-19.22.13:546][195]LogModuleManager: Shutting down and abandoning module ViewportSnapping (184)
[2016.05.08-19.22.13:546][195]LogModuleManager: Shutting down and abandoning module LogVisualizer (183)
[2016.05.08-19.22.13:548][195]LogModuleManager: Shutting down and abandoning module GameProjectGeneration (182)
[2016.05.08-19.22.13:549][195]LogModuleManager: Shutting down and abandoning module IntroTutorials (181)
[2016.05.08-19.22.13:550][195]LogModuleManager: Shutting down and abandoning module EditorLiveStreaming (180)
[2016.05.08-19.22.13:550][195]LogModuleManager: Shutting down and abandoning module IOSPlatformEditor (179)
[2016.05.08-19.22.13:550][195]LogModuleManager: Shutting down and abandoning module HTML5PlatformEditor (178)
[2016.05.08-19.22.13:550][195]LogModuleManager: Shutting down and abandoning module AndroidDeviceDetection (177)
[2016.05.08-19.22.13:963][195]LogModuleManager: Shutting down and abandoning module AndroidPlatformEditor (176)
[2016.05.08-19.22.13:963][195]LogModuleManager: Shutting down and abandoning module IOSRuntimeSettings (175)
[2016.05.08-19.22.13:963][195]LogModuleManager: Shutting down and abandoning module AndroidRuntimeSettings (174)
[2016.05.08-19.22.13:963][195]LogModuleManager: Shutting down and abandoning module MergeActors (173)
[2016.05.08-19.22.13:964][195]LogModuleManager: Shutting down and abandoning module SizeMap (172)
[2016.05.08-19.22.13:964][195]LogModuleManager: Shutting down and abandoning module TreeMap (171)
[2016.05.08-19.22.13:964][195]LogModuleManager: Shutting down and abandoning module ReferenceViewer (170)
[2016.05.08-19.22.13:964][195]LogModuleManager: Shutting down and abandoning module LocalizationService (169)
[2016.05.08-19.22.13:964][195]LogModuleManager: Shutting down and abandoning module LocalizationDashboard (168)
[2016.05.08-19.22.13:969][195]LogModuleManager: Shutting down and abandoning module HardwareTargeting (167)
[2016.05.08-19.22.13:971][195]LogModuleManager: Shutting down and abandoning module DeviceProfileEditor (166)
[2016.05.08-19.22.13:972][195]LogModuleManager: Shutting down and abandoning module UndoHistory (165)
[2016.05.08-19.22.13:974][195]LogModuleManager: Shutting down and abandoning module UserFeedback (164)
[2016.05.08-19.22.13:974][195]LogModuleManager: Shutting down and abandoning module XmlParser (163)
[2016.05.08-19.22.13:974][195]LogModuleManager: Shutting down and abandoning module Blutility (162)
[2016.05.08-19.22.13:974][195]LogModuleManager: Shutting down and abandoning module ProjectTargetPlatformEditor (161)
[2016.05.08-19.22.13:975][195]LogModuleManager: Shutting down and abandoning module ProjectSettingsViewer (160)
[2016.05.08-19.22.13:975][195]LogModuleManager: Shutting down and abandoning module InputBindingEditor (159)
[2016.05.08-19.22.13:975][195]LogModuleManager: Shutting down and abandoning module EditorSettingsViewer (158)
[2016.05.08-19.22.13:975][195]LogModuleManager: Shutting down and abandoning module SettingsEditor (157)
[2016.05.08-19.22.13:981][195]LogModuleManager: Shutting down and abandoning module ProjectLauncher (156)
[2016.05.08-19.22.13:984][195]LogModuleManager: Shutting down and abandoning module SessionFrontend (155)
[2016.05.08-19.22.13:985][195]LogModuleManager: Shutting down and abandoning module ProfilerClient (154)
[2016.05.08-19.22.13:989][195]LogModuleManager: Shutting down and abandoning module TargetDeviceServices (153)
[2016.05.08-19.22.13:989][195]LogModuleManager: Shutting down and abandoning module DeviceManager (152)
[2016.05.08-19.22.14:022][195]LogModuleManager: Shutting down and abandoning module AutomationController (151)
[2016.05.08-19.22.14:026][195]LogModuleManager: Shutting down and abandoning module AutomationWindow (150)
[2016.05.08-19.22.14:034][195]LogModuleManager: Shutting down and abandoning module Layers (149)
[2016.05.08-19.22.14:036][195]LogModuleManager: Shutting down and abandoning module ComponentVisualizers (148)
[2016.05.08-19.22.14:036][195]LogModuleManager: Shutting down and abandoning module DetailCustomizations (147)
[2016.05.08-19.22.14:037][195]LogModuleManager: Shutting down and abandoning module PackagesDialog (146)
[2016.05.08-19.22.14:039][195]LogModuleManager: Shutting down and abandoning module Persona (145)
[2016.05.08-19.22.14:041][195]LogModuleManager: Shutting down and abandoning module Kismet (144)
[2016.05.08-19.22.14:041][195]LogModuleManager: Shutting down and abandoning module GraphEditor (143)
[2016.05.08-19.22.14:041][195]LogModuleManager: Shutting down and abandoning module ClassViewer (142)
[2016.05.08-19.22.14:042][195]LogModuleManager: Shutting down and abandoning module Toolbox (141)
[2016.05.08-19.22.14:042][195]LogModuleManager: Shutting down and abandoning module ModuleUI (140)
[2016.05.08-19.22.14:045][195]LogModuleManager: Shutting down and abandoning module MovieSceneTools (139)
[2016.05.08-19.22.14:045][195]LogModuleManager: Shutting down and abandoning module OutputLog (138)
[2016.05.08-19.22.14:045][195]LogModuleManager: Shutting down and abandoning module GammaUI (137)
[2016.05.08-19.22.14:046][195]LogModuleManager: Shutting down and abandoning module Documentation (136)
[2016.05.08-19.22.14:046][195]LogModuleManager: Shutting down and abandoning module StreamingPauseRendering (135)
[2016.05.08-19.22.14:046][195]LogModuleManager: Shutting down and abandoning module AnalyticsET (134)
[2016.05.08-19.22.14:046][195]LogModuleManager: Shutting down and abandoning module Analytics (133)
[2016.05.08-19.22.14:046][195]LogModuleManager: Shutting down and abandoning module PortalServices (132)
[2016.05.08-19.22.14:046][195]LogModuleManager: Shutting down and abandoning module PortalRpc (131)
[2016.05.08-19.22.14:046][195]LogModuleManager: Shutting down and abandoning module MessagingRpc (130)
[2016.05.08-19.22.14:046][195]LogModuleManager: Shutting down and abandoning module AITestSuite (129)
[2016.05.08-19.22.14:046][195]LogModuleManager: Shutting down and abandoning module GameplayDebugger (128)
[2016.05.08-19.22.14:046][195]LogModuleManager: Shutting down and abandoning module AIModule (127)
[2016.05.08-19.22.14:046][195]LogModuleManager: Shutting down and abandoning module ProfilerService (126)
[2016.05.08-19.22.14:141][195]LogModuleManager: Shutting down and abandoning module TaskGraph (125)
[2016.05.08-19.22.14:142][195]LogModuleManager: Shutting down and abandoning module SlateRemote (124)
[2016.05.08-19.22.14:143][195]LogModuleManager: Shutting down and abandoning module SteamVRController (123)
[2016.05.08-19.22.14:143][195]LogModuleManager: Shutting down and abandoning module SteamVR (122)
[2016.05.08-19.22.14:143][195]LogModuleManager: Shutting down and abandoning module ProceduralMeshComponent (121)
[2016.05.08-19.22.14:143][195]LogModuleManager: Shutting down and abandoning module OculusLibrary (120)
[2016.05.08-19.22.14:143][195]LogModuleManager: Shutting down and abandoning module OculusInput (119)
[2016.05.08-19.22.14:143][195]LogModuleManager: Shutting down and abandoning module CustomMeshComponent (118)
[2016.05.08-19.22.14:143][195]LogModuleManager: Shutting down and abandoning module CableComponent (117)
[2016.05.08-19.22.14:143][195]LogModuleManager: Shutting down and abandoning module ArchVisCharacter (116)
[2016.05.08-19.22.14:143][195]LogModuleManager: Shutting down and abandoning module MediaPlayerEditor (115)
[2016.05.08-19.22.14:145][195]LogModuleManager: Shutting down and abandoning module HTML5Networking (114)
[2016.05.08-19.22.14:145][195]LogModuleManager: Shutting down and abandoning module SpeedTreeImporter (113)
[2016.05.08-19.22.14:145][195]LogModuleManager: Shutting down and abandoning module PluginBrowser (112)
[2016.05.08-19.22.14:145][195]LogModuleManager: Shutting down and abandoning module EpicSurvey (111)
[2016.05.08-19.22.14:145][195]LogModuleManager: Shutting down and abandoning module DesktopPlatform (110)
[2016.05.08-19.22.14:145][195]LogModuleManager: Shutting down and abandoning module VisualStudioSourceCodeAccess (109)
[2016.05.08-19.22.14:145][195]LogModuleManager: Shutting down and abandoning module UObjectPlugin (108)
[2016.05.08-19.22.14:145][195]LogModuleManager: Shutting down and abandoning module SubversionSourceControl (107)
[2016.05.08-19.22.14:145][195]LogModuleManager: Shutting down and abandoning module PerforceSourceControl (106)
[2016.05.08-19.22.14:145][195]LogModuleManager: Shutting down and abandoning module SourceControl (105)
[2016.05.08-19.22.14:145][195]LogModuleManager: Shutting down and abandoning module GitSourceControl (104)
[2016.05.08-19.22.14:145][195]LogModuleManager: Shutting down and abandoning module LightPropagationVolumeEditor (103)
[2016.05.08-19.22.14:146][195]LogModuleManager: Shutting down and abandoning module PaperTiledImporter (102)
[2016.05.08-19.22.14:146][195]LogModuleManager: Shutting down and abandoning module PaperSpriteSheetImporter (101)
[2016.05.08-19.22.14:146][195]LogModuleManager: Shutting down and abandoning module MeshPaint (100)
[2016.05.08-19.22.14:146][195]LogModuleManager: Shutting down and abandoning module HotReload (99)
[2016.05.08-19.22.14:146][195]LogModuleManager: Shutting down and abandoning module MainFrame (98)
[2016.05.08-19.22.14:146][195]LogModuleManager: Shutting down and abandoning module LevelEditor (97)
[2016.05.08-19.22.14:147][195]LogModuleManager: Shutting down and abandoning module DirectoryWatcher (96)
[2016.05.08-19.22.14:152][195]LogModuleManager: Shutting down and abandoning module AssetRegistry (95)
[2016.05.08-19.22.14:398][195]LogModuleManager: Shutting down and abandoning module ContentBrowser (94)
[2016.05.08-19.22.14:401][195]LogModuleManager: Shutting down and abandoning module Paper2DEditor (93)
[2016.05.08-19.22.14:403][195]LogModuleManager: Shutting down and abandoning module UdpMessaging (92)
[2016.05.08-19.22.14:504][195]LogModuleManager: Shutting down and abandoning module LightPropagationVolumeRuntime (91)
[2016.05.08-19.22.14:504][195]LogModuleManager: Shutting down and abandoning module Paper2D (90)
[2016.05.08-19.22.14:504][195]LogModuleManager: Shutting down and abandoning module WindowsMoviePlayer (89)
[2016.05.08-19.22.14:504][195]LogModuleManager: Shutting down and abandoning module Media (88)
[2016.05.08-19.22.14:504][195]LogModuleManager: Shutting down and abandoning module WmfMedia (87)
[2016.05.08-19.22.14:505][195]LogModuleManager: Shutting down and abandoning module MediaAssets (86)
[2016.05.08-19.22.14:505][195]LogModuleManager: Shutting down and abandoning module GameLiveStreaming (85)
[2016.05.08-19.22.14:505][195]LogModuleManager: Shutting down and abandoning module GameplayTagsEditor (84)
[2016.05.08-19.22.14:505][195]LogModuleManager: Shutting down and abandoning module OnlineBlueprintSupport (83)
[2016.05.08-19.22.14:505][195]LogModuleManager: Shutting down and abandoning module GameplayTasksEditor (82)
[2016.05.08-19.22.14:505][195]LogModuleManager: Shutting down and abandoning module PropertyEditor (81)
[2016.05.08-19.22.14:505][195]LogModuleManager: Shutting down and abandoning module BehaviorTreeEditor (80)
[2016.05.08-19.22.14:506][195]LogModuleManager: Shutting down and abandoning module FunctionalTesting (79)
[2016.05.08-19.22.14:506][195]LogModuleManager: Shutting down and abandoning module CollisionAnalyzer (78)
[2016.05.08-19.22.14:507][195]LogModuleManager: Shutting down and abandoning module WorkspaceMenuStructure (77)
[2016.05.08-19.22.14:507][195]LogModuleManager: Shutting down and abandoning module MessageLog (76)
[2016.05.08-19.22.14:507][195]LogModuleManager: Shutting down and abandoning module Sequencer (75)
[2016.05.08-19.22.14:509][195]LogModuleManager: Shutting down and abandoning module AssetTools (74)
[2016.05.08-19.22.14:513][195]LogModuleManager: Shutting down and abandoning module UMGEditor (73)
[2016.05.08-19.22.14:515][195]LogModuleManager: Shutting down and abandoning module UMG (72)
[2016.05.08-19.22.14:515][195]LogModuleManager: Shutting down and abandoning module SlateReflector (71)
[2016.05.08-19.22.14:517][195]LogModuleManager: Shutting down and abandoning module Slate (70)
[2016.05.08-19.22.14:517][195]LogModuleManager: Shutting down and abandoning module EditorStyle (69)
[2016.05.08-19.22.14:521][195]LogModuleManager: Shutting down and abandoning module SessionServices (68)
[2016.05.08-19.22.14:521][195]LogModuleManager: Shutting down and abandoning module SourceCodeAccess (67)
[2016.05.08-19.22.14:521][195]LogModuleManager: Shutting down and abandoning module HeadMountedDisplay (66)
[2016.05.08-19.22.14:521][195]LogModuleManager: Shutting down and abandoning module XAudio2 (65)
[2016.05.08-19.22.14:521][195]LogModuleManager: Shutting down and abandoning module Networking (63)
[2016.05.08-19.22.14:521][195]LogModuleManager: Shutting down and abandoning module Core (62)
[2016.05.08-19.22.14:521][195]LogModuleManager: Shutting down and abandoning module KismetCompiler (61)
[2016.05.08-19.22.14:521][195]LogModuleManager: Shutting down and abandoning module PhysXFormats (60)
[2016.05.08-19.22.14:521][195]LogModuleManager: Shutting down and abandoning module MeshUtilities (59)
[2016.05.08-19.22.14:522][195]LogModuleManager: Shutting down and abandoning module CookingStats (58)
[2016.05.08-19.22.14:522][195]LogModuleManager: Shutting down and abandoning module DerivedDataCache (57)
[2016.05.08-19.22.14:522][195]LogDerivedDataCache: Shutdown
[2016.05.08-19.22.14:522][195]LogModuleManager: Shutting down and abandoning module ShaderFormatOpenGL (56)
[2016.05.08-19.22.14:523][195]LogModuleManager: Shutting down and abandoning module ShaderFormatD3D (55)
[2016.05.08-19.22.14:523][195]LogModuleManager: Shutting down and abandoning module MetalShaderFormat (54)
[2016.05.08-19.22.14:524][195]LogModuleManager: Shutting down and abandoning module TextureFormatUncompressed (53)
[2016.05.08-19.22.14:524][195]LogModuleManager: Shutting down and abandoning module TextureFormatPVR (52)
[2016.05.08-19.22.14:524][195]LogModuleManager: Shutting down and abandoning module TextureFormatIntelISPCTexComp (51)
[2016.05.08-19.22.14:525][195]LogModuleManager: Shutting down and abandoning module TextureFormatDXT (50)
[2016.05.08-19.22.14:525][195]LogModuleManager: Shutting down and abandoning module ImageWrapper (49)
[2016.05.08-19.22.14:525][195]LogModuleManager: Shutting down and abandoning module TextureFormatASTC (48)
[2016.05.08-19.22.14:525][195]LogModuleManager: Shutting down and abandoning module TextureFormatAndroid (47)
[2016.05.08-19.22.14:525][195]LogModuleManager: Shutting down and abandoning module AudioFormatOpus (46)
[2016.05.08-19.22.14:525][195]LogModuleManager: Shutting down and abandoning module AudioFormatOgg (45)
[2016.05.08-19.22.14:525][195]LogModuleManager: Shutting down and abandoning module AudioFormatADPCM (44)
[2016.05.08-19.22.14:525][195]LogModuleManager: Shutting down and abandoning module LinuxTargetPlatform (43)
[2016.05.08-19.22.14:525][195]LogModuleManager: Shutting down and abandoning module LinuxServerTargetPlatform (42)
[2016.05.08-19.22.14:525][195]LogModuleManager: Shutting down and abandoning module LinuxNoEditorTargetPlatform (41)
[2016.05.08-19.22.14:525][195]LogModuleManager: Shutting down and abandoning module TVOSTargetPlatform (40)
[2016.05.08-19.22.14:525][195]LogModuleManager: Shutting down and abandoning module Messaging (39)
[2016.05.08-19.22.14:525][195]LogModuleManager: Shutting down and abandoning module IOSTargetPlatform (38)
[2016.05.08-19.22.14:525][195]LogModuleManager: Shutting down and abandoning module HTML5TargetPlatform (37)
[2016.05.08-19.22.14:525][195]LogModuleManager: Shutting down and abandoning module Android_PVRTCTargetPlatform (36)
[2016.05.08-19.22.14:525][195]LogModuleManager: Shutting down and abandoning module Android_MultiTargetPlatform (35)
[2016.05.08-19.22.14:525][195]LogModuleManager: Shutting down and abandoning module Android_ETC2TargetPlatform (34)
[2016.05.08-19.22.14:525][195]LogModuleManager: Shutting down and abandoning module Android_ETC1TargetPlatform (33)
[2016.05.08-19.22.14:525][195]LogModuleManager: Shutting down and abandoning module Android_DXTTargetPlatform (32)
[2016.05.08-19.22.14:525][195]LogModuleManager: Shutting down and abandoning module Android_ATCTargetPlatform (31)
[2016.05.08-19.22.14:525][195]LogModuleManager: Shutting down and abandoning module Android_ASTCTargetPlatform (30)
[2016.05.08-19.22.14:525][195]LogModuleManager: Shutting down and abandoning module AndroidTargetPlatform (29)
[2016.05.08-19.22.14:525][195]LogModuleManager: Shutting down and abandoning module WindowsTargetPlatform (28)
[2016.05.08-19.22.14:525][195]LogModuleManager: Shutting down and abandoning module WindowsServerTargetPlatform (27)
[2016.05.08-19.22.14:525][195]LogModuleManager: Shutting down and abandoning module WindowsNoEditorTargetPlatform (26)
[2016.05.08-19.22.14:525][195]LogModuleManager: Shutting down and abandoning module WindowsClientTargetPlatform (25)
[2016.05.08-19.22.14:525][195]LogModuleManager: Shutting down and abandoning module AllDesktopTargetPlatform (24)
[2016.05.08-19.22.14:525][195]LogModuleManager: Shutting down and abandoning module TargetPlatform (23)
[2016.05.08-19.22.14:525][195]LogModuleManager: Shutting down and abandoning module InputCore (22)
[2016.05.08-19.22.14:525][195]LogModuleManager: Shutting down and abandoning module Settings (21)
[2016.05.08-19.22.14:525][195]LogModuleManager: Shutting down and abandoning module OnlineSubsystem (19)
[2016.05.08-19.22.14:525][195]LogModuleManager: Shutting down and abandoning module HTTP (18)
[2016.05.08-19.22.16:536][195]LogModuleManager: Shutting down and abandoning module XMPP (17)
[2016.05.08-19.22.16:538][195]LogModuleManager: Shutting down and abandoning module OculusRift (16)
[2016.05.08-19.22.16:539][195]LogModuleManager: Shutting down and abandoning module ExampleDeviceProfileSelector (15)
[2016.05.08-19.22.16:539][195]LogModuleManager: Shutting down and abandoning module TextureCompressor (14)
[2016.05.08-19.22.16:540][195]LogModuleManager: Shutting down and abandoning module ShaderCore (13)
[2016.05.08-19.22.16:540][195]LogModuleManager: Shutting down and abandoning module Landscape (12)
[2016.05.08-19.22.16:540][195]LogModuleManager: Shutting down and abandoning module SlateRHIRenderer (11)
[2016.05.08-19.22.16:546][195]LogModuleManager: Shutting down and abandoning module OpenGLDrv (10)
[2016.05.08-19.22.16:548][195]LogModuleManager: Shutting down and abandoning module D3D11RHI (9)
[2016.05.08-19.22.16:548][195]LogModuleManager: Shutting down and abandoning module AnimGraphRuntime (8)
[2016.05.08-19.22.16:548][195]LogModuleManager: Shutting down and abandoning module Renderer (7)
[2016.05.08-19.22.16:548][195]LogModuleManager: Shutting down and abandoning module Engine (6)
[2016.05.08-19.22.16:548][195]LogModuleManager: Shutting down and abandoning module CoreUObject (5)
[2016.05.08-19.22.16:548][195]LogModuleManager: Shutting down and abandoning module NetworkFile (4)
[2016.05.08-19.22.16:548][195]LogModuleManager: Shutting down and abandoning module StreamingFile (3)
[2016.05.08-19.22.16:548][195]LogModuleManager: Shutting down and abandoning module SandboxFile (2)
[2016.05.08-19.22.16:549][195]LogModuleManager: Shutting down and abandoning module PakFile (1)
[2016.05.08-19.22.16:551][195]LogExit: Exiting.
[2016.05.08-19.22.16:570][195]Log file closed, 05/08/16 15:22:16
