Log file open, 05/08/16 14:53:40
LogInit:Display: Running engine for game: Otherworld
LogPlatformFile: Not using cached read wrapper
LogInit:Display: RandInit(-1948014213) SRandInit(-1948014212).
LogTaskGraph: Started task graph with 4 named threads and 7 total threads.
LogStats: Stats thread started at 0.083418
LogInit: Version: 4.11.2-2946394+++UE4+Release-4.11
LogInit: API Version: 2927265
LogInit: Compiled (64-bit): Apr 18 2016 02:18:46
LogInit: Compiled with Visual C++: 19.00.23026.00
LogInit: Build Configuration: Development
LogInit: Branch Name: ++UE4+Release-4.11
LogInit: Command line: 
LogInit: Base directory: C:/Program Files (x86)/Epic Games/4.11/Engine/Binaries/Win64/
LogInit: Installed Engine Build: 1
LogInit: Using libcurl 7.41.0
LogInit:  - built for x86_64-pc-win32
LogInit:  - supports SSL with WinSSL
LogInit:  - other features:
LogInit:      CURL_VERSION_SSL
LogInit:      CURL_VERSION_IPV6
LogInit:      CURL_VERSION_ASYNCHDNS
LogInit:      CURL_VERSION_LARGEFILE
LogInit:      CURL_VERSION_IDN
LogInit:  CurlRequestOptions (configurable via config and command line):
LogInit:  - bVerifyPeer = true  - Libcurl will verify peer certificate
LogInit:  - bUseHttpProxy = false  - Libcurl will NOT use HTTP proxy
LogInit:  - bDontReuseConnections = false  - Libcurl will reuse connections
LogInit:  - CertBundlePath = nullptr  - Libcurl will use whatever was configured at build time.
LogInit: Presizing for max 16777216 objects, including 0 objects not considered by GC, pre-allocating 0 bytes for permanent pool.
LogInit: Object subsystem initialized
[2016.05.08-18.53.40:779][  0]LogInit: Selected Device Profile: [Windows]
[2016.05.08-18.53.40:779][  0]LogInit: Applying CVar settings loaded from the selected device profile: [Windows]
[2016.05.08-18.53.40:787][  0]LogInit: Computer: MONICA
[2016.05.08-18.53.40:787][  0]LogInit: User: Matt
[2016.05.08-18.53.40:787][  0]LogInit: CPU Page size=65536, Cores=4
[2016.05.08-18.53.40:787][  0]LogInit: High frequency timer resolution =3.906284 MHz
[2016.05.08-18.53.40:788][  0]LogMemory: Memory total: Physical=15.9GB (16GB approx)
[2016.05.08-18.53.40:788][  0]LogMemory: Platform Memory Stats for Windows
[2016.05.08-18.53.40:788][  0]LogMemory: Process Physical Memory: 313.74 MB used, 313.74 MB peak
[2016.05.08-18.53.40:788][  0]LogMemory: Process Virtual Memory: 314.89 MB used, 314.89 MB peak
[2016.05.08-18.53.40:788][  0]LogMemory: Physical Memory: 5409.16 MB used, 16330.44 MB total
[2016.05.08-18.53.40:788][  0]LogMemory: Virtual Memory: 653.25 MB used, 134217728.00 MB total
[2016.05.08-18.53.40:831][  0]LogTextLocalizationManager: No specific translations for ('en-US') exist, so ('en') translations will be used.
[2016.05.08-18.53.41:328][  0]LogD3D11RHI: D3D11 adapters:
[2016.05.08-18.53.41:361][  0]LogD3D11RHI:    0. 'NVIDIA GeForce GTX 970' (Feature Level 11_0)
[2016.05.08-18.53.41:361][  0]LogD3D11RHI:       4007MB of dedicated video memory, 0MB of dedicated system memory, and 8165MB of shared system memory, 2 output[s]
[2016.05.08-18.53.41:367][  0]LogD3D11RHI:    1. 'Microsoft Basic Render Driver' (Feature Level 11_0)
[2016.05.08-18.53.41:367][  0]LogD3D11RHI:       0MB of dedicated video memory, 0MB of dedicated system memory, and 8165MB of shared system memory, 0 output[s]
[2016.05.08-18.53.41:367][  0]LogD3D11RHI: Chosen D3D11 Adapter: 0
[2016.05.08-18.53.41:372][  0]LogD3D11RHI: Creating new Direct3DDevice
[2016.05.08-18.53.41:372][  0]LogD3D11RHI:     Adapter Name: NVIDIA GeForce GTX 970
[2016.05.08-18.53.41:372][  0]LogD3D11RHI:   Driver Version: 10.18.13.6200 (internal 10.18.13.6200)
[2016.05.08-18.53.41:372][  0]LogD3D11RHI:      Driver Date: 2-23-2016
[2016.05.08-18.53.41:372][  0]LogRHI: Texture pool is 1361 MB (70% of 1945 MB)
[2016.05.08-18.53.41:394][  0]LogD3D11RHI: Async texture creation enabled
[2016.05.08-18.53.41:410][  0]LogShaderCompilers: Guid format shader working directory is -20 characters bigger than the processId version (../../../../../../Users/Matt/Documents/Unreal Projects/Otherworld/Intermediate/Shaders/WorkingDirectory/3880/).
[2016.05.08-18.53.41:411][  0]LogShaderCompilers: Cleaned the shader compiler working directory 'C:/Users/Matt/AppData/Local/Temp/UnrealShaderWorkingDir/7FDABEE742B3034074A93681E937EDAB/'.
[2016.05.08-18.53.41:411][  0]LogShaderCompilers:Display: Using Local Shader Compiler.
[2016.05.08-18.53.42:821][  0]LogTemp:Display: Loaded TP AllDesktopTargetPlatform
[2016.05.08-18.53.42:828][  0]LogTemp:Display: Loaded TP WindowsClientTargetPlatform
[2016.05.08-18.53.42:834][  0]LogTemp:Display: Loaded TP WindowsNoEditorTargetPlatform
[2016.05.08-18.53.42:840][  0]LogTemp:Display: Loaded TP WindowsServerTargetPlatform
[2016.05.08-18.53.42:847][  0]LogTemp:Display: Loaded TP WindowsTargetPlatform
[2016.05.08-18.53.42:852][  0]LogTemp:Display: Loaded TP AndroidTargetPlatform
[2016.05.08-18.53.42:857][  0]LogTemp:Display: Loaded TP Android_ASTCTargetPlatform
[2016.05.08-18.53.42:861][  0]LogTemp:Display: Loaded TP Android_ATCTargetPlatform
[2016.05.08-18.53.42:866][  0]LogTemp:Display: Loaded TP Android_DXTTargetPlatform
[2016.05.08-18.53.42:871][  0]LogTemp:Display: Loaded TP Android_ETC1TargetPlatform
[2016.05.08-18.53.42:876][  0]LogTemp:Display: Loaded TP Android_ETC2TargetPlatform
[2016.05.08-18.53.42:886][  0]LogTemp:Display: Loaded TP Android_MultiTargetPlatform
[2016.05.08-18.53.42:886][  0]LogTemp:Display: Loaded TP Android_PVRTCTargetPlatform
[2016.05.08-18.53.42:888][  0]LogTemp:Display: Loaded TP HTML5TargetPlatform
[2016.05.08-18.53.42:909][  0]LogTemp:Display: Loaded TP IOSTargetPlatform
[2016.05.08-18.53.42:913][  0]LogTemp:Display: Loaded TP TVOSTargetPlatform
[2016.05.08-18.53.42:918][  0]LogTemp:Display: Loaded TP LinuxNoEditorTargetPlatform
[2016.05.08-18.53.42:923][  0]LogTemp:Display: Loaded TP LinuxServerTargetPlatform
[2016.05.08-18.53.42:928][  0]LogTemp:Display: Loaded TP LinuxTargetPlatform
[2016.05.08-18.53.42:928][  0]LogTargetPlatformManager:Display: Building Assets For Windows
[2016.05.08-18.53.43:068][  0]LogDerivedDataCache:Display: Max Cache Size: 512 MB
[2016.05.08-18.53.43:169][  0]LogDerivedDataCache: Loaded boot cache 0.10s 46MB C:/Users/Matt/AppData/Local/UnrealEngine/4.11/DerivedDataCache/Boot.ddc.
[2016.05.08-18.53.43:169][  0]LogDerivedDataCache:Display: Loaded Boot cache: C:/Users/Matt/AppData/Local/UnrealEngine/4.11/DerivedDataCache/Boot.ddc
[2016.05.08-18.53.43:169][  0]LogDerivedDataCache: FDerivedDataBackendGraph:  Pak pak cache file ../../../../../../Users/Matt/Documents/Unreal Projects/Otherworld/DerivedDataCache/DDC.ddp not found, will not use a pak cache.
[2016.05.08-18.53.43:169][  0]LogDerivedDataCache: Unable to find inner node Pak for hierarchical cache Hierarchy.
[2016.05.08-18.53.43:169][  0]LogDerivedDataCache: FDerivedDataBackendGraph:  CompressedPak pak cache file ../../../../../../Users/Matt/Documents/Unreal Projects/Otherworld/DerivedDataCache/Compressed.ddp not found, will not use a pak cache.
[2016.05.08-18.53.43:169][  0]LogDerivedDataCache: Unable to find inner node CompressedPak for hierarchical cache Hierarchy.
[2016.05.08-18.53.43:190][  0]LogDerivedDataCache:Display: Pak cache opened for reading ../../../Engine/DerivedDataCache/Compressed.ddp.
[2016.05.08-18.53.43:202][  0]LogDerivedDataCache: Using Local data cache path C:/Users/Matt/AppData/Local/UnrealEngine/Common/DerivedDataCache: Writable
[2016.05.08-18.53.43:577][  0]LogInit: Selected Device Profile: [Windows]
[2016.05.08-18.53.43:582][  0]LogContentStreaming: Texture pool size is 0.00 MB
[2016.05.08-18.53.43:632][  0]LogMaterial: Uniform references updated for custom material expression Custom.
[2016.05.08-18.53.43:807][  0]LogMeshUtilities: No automatic mesh reduction module available
[2016.05.08-18.53.43:807][  0]LogMeshUtilities: No automatic mesh merging module available
[2016.05.08-18.53.43:807][  0]LogMeshUtilities: No distributed automatic mesh merging module available
[2016.05.08-18.53.44:162][  0]LogUObjectArray: 27679 objects as part of root set at end of initial load.
[2016.05.08-18.53.44:162][  0]LogUObjectAllocator: 5591600 out of 0 bytes used by permanent object pool.
[2016.05.08-18.53.44:162][  0]LogUObjectArray: CloseDisregardForGC: 0/0 objects in disregard for GC pool
[2016.05.08-18.53.44:172][  0]LogInit: WinSock: version 1.1 (2.2), MaxSocks=32767, MaxUdp=65467
[2016.05.08-18.53.44:315][  0]LogSlate: SlateFontCache - WITH_FREETYPE: 1, WITH_HARFBUZZ: 1
[2016.05.08-18.53.44:315][  0]LogSlate: SlateFontCache - WITH_FREETYPE: 1, WITH_HARFBUZZ: 1
[2016.05.08-18.53.44:436][  0]LogStreaming:Warning: Failed to read file '../../../Engine/Content/Editor/Slate/Common/Selection_16x.png' error.
[2016.05.08-18.53.44:436][  0]LogSlate: Could not find file for Slate resource: ../../../Engine/Content/Editor/Slate/Common/Selection_16x.png
[2016.05.08-18.53.44:436][  0]LogStreaming:Warning: Failed to read file '../../../Engine/Content/Editor/Slate/Common/Selection_16x.png' error.
[2016.05.08-18.53.44:436][  0]LogSlate: Could not find file for Slate resource: ../../../Engine/Content/Editor/Slate/Common/Selection_16x.png
[2016.05.08-18.53.44:436][  0]LogStreaming:Warning: Failed to read file '../../../Engine/Content/Editor/Slate/Common/Selection_16x.png' error.
[2016.05.08-18.53.44:436][  0]LogSlate: Could not find file for Slate resource: ../../../Engine/Content/Editor/Slate/Common/Selection_16x.png
[2016.05.08-18.53.45:084][  0]LogUdpMessaging: Initializing bridge on interface 0.0.0.0:0 to multicast group 230.0.0.1:6666.
[2016.05.08-18.53.45:190][  0]LogAssetRegistry: FAssetRegistry took 0.0211 seconds to start up
[2016.05.08-18.53.45:370][  0]SourceControl: Info Source control is disabled
[2016.05.08-18.53.45:455][  0]SourceControl: Info Source control is disabled
[2016.05.08-18.53.45:467][  0]SourceControl: Info Source control is disabled
[2016.05.08-18.53.45:477][  0]SourceControl: Info Source control is disabled
[2016.05.08-18.53.45:641][  0]LogHMD: Failed to initialize OpenVR with code 110
[2016.05.08-18.53.45:727][  0]LogEngine: Initializing Engine...
[2016.05.08-18.53.45:918][  0]LogAIModule: Creating AISystem for world NewWorld
[2016.05.08-18.53.45:935][  0]LogInit: XAudio2 using 'Speakers (Realtek High Definition Audio)' : 2 channels at 48 kHz using 32 bits per sample (channel mask 0x3)
[2016.05.08-18.53.45:957][  0]LogInit: FAudioDevice initialized.
[2016.05.08-18.53.46:005][  0]LogDerivedDataCache: Saved boot cache 0.05s 46MB C:/Users/Matt/AppData/Local/UnrealEngine/4.11/DerivedDataCache/Boot.ddc.
[2016.05.08-18.53.46:019][  0]LogInit: Texture streaming: Enabled
[2016.05.08-18.53.46:049][  0]LogInit: Transaction tracking system initialized
[2016.05.08-18.53.46:080][  0]BlueprintLog: New page: Editor Load
[2016.05.08-18.53.46:197][  0]LocalizationService: Info Localization service is disabled
[2016.05.08-18.53.46:447][  0]LogConsoleResponse:Display: 
[2016.05.08-18.53.46:588][  0]LogCook:Display: Max memory allowance for cook 8192mb
[2016.05.08-18.53.46:588][  0]LogCook:Display: Mobile HDR setting 1
[2016.05.08-18.53.46:588][  0]LogCook:Display: Done creating registry. It took  0.00s.
[2016.05.08-18.53.46:665][  0]LogFileCache: Scanning file cache for directory 'C:/Users/Matt/Documents/Unreal Projects/Otherworld/Content/' took 0.01s
[2016.05.08-18.53.46:665][  0]SourceControl: Info Source control is disabled
[2016.05.08-18.53.46:665][  0]Cmd: MAP LOAD FILE="../../../../../../Users/Matt/Documents/Unreal Projects/Otherworld/Content/ThirdPersonBP/Maps/ThirdPersonExampleMap.umap" TEMPLATE=0 SHOWPROGRESS=1 FEATURELEVEL=3
[2016.05.08-18.53.46:666][  0]LightingResults: New page: Lighting Build
[2016.05.08-18.53.46:670][  0]MapCheck: New page: Map Check
[2016.05.08-18.53.46:670][  0]LightingResults: New page: Lighting Build
[2016.05.08-18.53.47:251][  0]LogAIModule: Creating AISystem for world ThirdPersonExampleMap
[2016.05.08-18.53.47:261][  0]LogEditorServer: Finished looking for orphan Actors (0.000 secs)
[2016.05.08-18.53.47:261][  0]Cmd: MAP CHECKDEP NOCLEARLOG
[2016.05.08-18.53.47:322][  0]MapCheck: Info Map check complete: 0 Error(s), 0 Warning(s), took 60.715ms to complete.
[2016.05.08-18.53.