Log file open, 05/08/16 14:11:10
LogInit:Display: Running engine for game: Otherworld
LogPlatformFile: Not using cached read wrapper
LogInit:Display: RandInit(975483929) SRandInit(975483931).
LogTaskGraph: Started task graph with 4 named threads and 7 total threads.
LogStats: Stats thread started at 0.085724
LogInit: Version: 4.11.2-2946394+++UE4+Release-4.11
LogInit: API Version: 2927265
LogInit: Compiled (64-bit): Apr 18 2016 02:18:46
LogInit: Compiled with Visual C++: 19.00.23026.00
LogInit: Build Configuration: Development
LogInit: Branch Name: ++UE4+Release-4.11
LogInit: Command line: 
LogInit: Base directory: C:/Program Files (x86)/Epic Games/4.11/Engine/Binaries/Win64/
LogInit: Installed Engine Build: 1
LogInit: Using libcurl 7.41.0
LogInit:  - built for x86_64-pc-win32
LogInit:  - supports SSL with WinSSL
LogInit:  - other features:
LogInit:      CURL_VERSION_SSL
LogInit:      CURL_VERSION_IPV6
LogInit:      CURL_VERSION_ASYNCHDNS
LogInit:      CURL_VERSION_LARGEFILE
LogInit:      CURL_VERSION_IDN
LogInit:  CurlRequestOptions (configurable via config and command line):
LogInit:  - bVerifyPeer = true  - Libcurl will verify peer certificate
LogInit:  - bUseHttpProxy = false  - Libcurl will NOT use HTTP proxy
LogInit:  - bDontReuseConnections = false  - Libcurl will reuse connections
LogInit:  - CertBundlePath = nullptr  - Libcurl will use whatever was configured at build time.
LogInit: Presizing for max 16777216 objects, including 0 objects not considered by GC, pre-allocating 0 bytes for permanent pool.
LogInit: Object subsystem initialized
[2016.05.08-18.11.10:715][  0]LogInit: Selected Device Profile: [Windows]
[2016.05.08-18.11.10:715][  0]LogInit: Applying CVar settings loaded from the selected device profile: [Windows]
[2016.05.08-18.11.10:727][  0]LogInit: Computer: MONICA
[2016.05.08-18.11.10:727][  0]LogInit: User: Matt
[2016.05.08-18.11.10:727][  0]LogInit: CPU Page size=65536, Cores=4
[2016.05.08-18.11.10:727][  0]LogInit: High frequency timer resolution =3.906284 MHz
[2016.05.08-18.11.10:728][  0]LogMemory: Memory total: Physical=15.9GB (16GB approx)
[2016.05.08-18.11.10:728][  0]LogMemory: Platform Memory Stats for Windows
[2016.05.08-18.11.10:728][  0]LogMemory: Process Physical Memory: 313.32 MB used, 313.32 MB peak
[2016.05.08-18.11.10:728][  0]LogMemory: Process Virtual Memory: 314.84 MB used, 314.84 MB peak
[2016.05.08-18.11.10:728][  0]LogMemory: Physical Memory: 4665.14 MB used, 16330.44 MB total
[2016.05.08-18.11.10:728][  0]LogMemory: Virtual Memory: 653.25 MB used, 134217728.00 MB total
[2016.05.08-18.11.10:776][  0]LogTextLocalizationManager: No specific translations for ('en-US') exist, so ('en') translations will be used.
[2016.05.08-18.11.11:241][  0]LogD3D11RHI: D3D11 adapters:
[2016.05.08-18.11.11:274][  0]LogD3D11RHI:    0. 'NVIDIA GeForce GTX 970' (Feature Level 11_0)
[2016.05.08-18.11.11:274][  0]LogD3D11RHI:       4007MB of dedicated video memory, 0MB of dedicated system memory, and 8165MB of shared system memory, 2 output[s]
[2016.05.08-18.11.11:277][  0]LogD3D11RHI:    1. 'Microsoft Basic Render Driver' (Feature Level 11_0)
[2016.05.08-18.11.11:277][  0]LogD3D11RHI:       0MB of dedicated video memory, 0MB of dedicated system memory, and 8165MB of shared system memory, 0 output[s]
[2016.05.08-18.11.11:277][  0]LogD3D11RHI: Chosen D3D11 Adapter: 0
[2016.05.08-18.11.11:282][  0]LogD3D11RHI: Creating new Direct3DDevice
[2016.05.08-18.11.11:283][  0]LogD3D11RHI:     Adapter Name: NVIDIA GeForce GTX 970
[2016.05.08-18.11.11:283][  0]LogD3D11RHI:   Driver Version: 10.18.13.6200 (internal 10.18.13.6200)
[2016.05.08-18.11.11:283][  0]LogD3D11RHI:      Driver Date: 2-23-2016
[2016.05.08-18.11.11:283][  0]LogRHI: Texture pool is 1361 MB (70% of 1945 MB)
[2016.05.08-18.11.11:303][  0]LogD3D11RHI: Async texture creation enabled
[2016.05.08-18.11.11:321][  0]LogShaderCompilers: Guid format shader working directory is -21 characters bigger than the processId version (../../../../../../Users/Matt/Documents/Unreal Projects/Otherworld/Intermediate/Shaders/WorkingDirectory/10636/).
[2016.05.08-18.11.11:321][  0]LogShaderCompilers: Cleaned the shader compiler working directory 'C:/Users/Matt/AppData/Local/Temp/UnrealShaderWorkingDir/E44AECD34775AE859A8CDAB223FD1CA1/'.
[2016.05.08-18.11.11:321][  0]LogShaderCompilers:Display: Using Local Shader Compiler.
[2016.05.08-18.11.12:962][  0]LogTemp:Display: Loaded TP AllDesktopTargetPlatform
[2016.05.08-18.11.12:971][  0]LogTemp:Display: Loaded TP WindowsClientTargetPlatform
[2016.05.08-18.11.12:979][  0]LogTemp:Display: Loaded TP WindowsNoEditorTargetPlatform
[2016.05.08-18.11.12:987][  0]LogTemp:Display: Loaded TP WindowsServerTargetPlatform
[2016.05.08-18.11.12:994][  0]LogTemp:Display: Loaded TP WindowsTargetPlatform
[2016.05.08-18.11.12:999][  0]LogTemp:Display: Loaded TP AndroidTargetPlatform
[2016.05.08-18.11.13:004][  0]LogTemp:Display: Loaded TP Android_ASTCTargetPlatform
[2016.05.08-18.11.13:008][  0]LogTemp:Display: Loaded TP Android_ATCTargetPlatform
[2016.05.08-18.11.13:013][  0]LogTemp:Display: Loaded TP Android_DXTTargetPlatform
[2016.05.08-18.11.13:019][  0]LogTemp:Display: Loaded TP Android_ETC1TargetPlatform
[2016.05.08-18.11.13:025][  0]LogTemp:Display: Loaded TP Android_ETC2TargetPlatform
[2016.05.08-18.11.13:035][  0]LogTemp:Display: Loaded TP Android_MultiTargetPlatform
[2016.05.08-18.11.13:035][  0]LogTemp:Display: Loaded TP Android_PVRTCTargetPlatform
[2016.05.08-18.11.13:036][  0]LogTemp:Display: Loaded TP HTML5TargetPlatform
[2016.05.08-18.11.13:055][  0]LogTemp:Display: Loaded TP IOSTargetPlatform
[2016.05.08-18.11.13:060][  0]LogTemp:Display: Loaded TP TVOSTargetPlatform
[2016.05.08-18.11.13:064][  0]LogTemp:Display: Loaded TP LinuxNoEditorTargetPlatform
[2016.05.08-18.11.13:068][  0]LogTemp:Display: Loaded TP LinuxServerTargetPlatform
[2016.05.08-18.11.13:072][  0]LogTemp:Display: Loaded TP LinuxTargetPlatform
[2016.05.08-18.11.13:072][  0]LogTargetPlatformManager:Display: Building Assets For Windows
[2016.05.08-18.11.13:163][  0]LogDerivedDataCache:Display: Max Cache Size: 512 MB
[2016.05.08-18.11.13:251][  0]LogDerivedDataCache: Loaded boot cache 0.09s 46MB C:/Users/Matt/AppData/Local/UnrealEngine/4.11/DerivedDataCache/Boot.ddc.
[2016.05.08-18.11.13:251][  0]LogDerivedDataCache:Display: Loaded Boot cache: C:/Users/Matt/AppData/Local/UnrealEngine/4.11/DerivedDataCache/Boot.ddc
[2016.05.08-18.11.13:251][  0]LogDerivedDataCache: FDerivedDataBackendGraph:  Pak pak cache file ../../../../../../Users/Matt/Documents/Unreal Projects/Otherworld/DerivedDataCache/DDC.ddp not found, will not use a pak cache.
[2016.05.08-18.11.13:251][  0]LogDerivedDataCache: Unable to find inner node Pak for hierarchical cache Hierarchy.
[2016.05.08-18.11.13:251][  0]LogDerivedDataCache: FDerivedDataBackendGraph:  CompressedPak pak cache file ../../../../../../Users/Matt/Documents/Unreal Projects/Otherworld/DerivedDataCache/Compressed.ddp not found, will not use a pak cache.
[2016.05.08-18.11.13:251][  0]LogDerivedDataCache: Unable to find inner node CompressedPak for hierarchical cache Hierarchy.
[2016.05.08-18.11.13:273][  0]LogDerivedDataCache:Display: Pak cache opened for reading ../../../Engine/DerivedDataCache/Compressed.ddp.
[2016.05.08-18.11.13:285][  0]LogDerivedDataCache: Using Local data cache path C:/Users/Matt/AppData/Local/UnrealEngine/Common/DerivedDataCache: Writable
[2016.05.08-18.11.13:511][  0]LogInit: Selected Device Profile: [Windows]
[2016.05.08-18.11.13:512][  0]LogContentStreaming: Texture pool size is 0.00 MB
[2016.05.08-18.11.13:561][  0]LogMaterial: Uniform references updated for custom material expression Custom.
[2016.05.08-18.11.13:718][  0]LogMeshUtilities: No automatic mesh reduction module available
[2016.05.08-18.11.13:718][  0]LogMeshUtilities: No automatic mesh merging module available
[2016.05.08-18.11.13:718][  0]LogMeshUtilities: No distributed automatic mesh merging module available
[2016.05.08-18.11.14:041][  0]LogUObjectArray: 27679 objects as part of root set at end of initial load.
[2016.05.08-18.11.14:041][  0]LogUObjectAllocator: 5591600 out of 0 bytes used by permanent object pool.
[2016.05.08-18.11.14:041][  0]LogUObjectArray: CloseDisregardForGC: 0/0 objects in disregard for GC pool
[2016.05.08-18.11.14:051][  0]LogInit: WinSock: version 1.1 (2.2), MaxSocks=32767, MaxUdp=65467
[2016.05.08-18.11.14:174][  0]LogSlate: SlateFontCache - WITH_FREETYPE: 1, WITH_HARFBUZZ: 1
[2016.05.08-18.11.14:174][  0]LogSlate: SlateFontCache - WITH_FREETYPE: 1, WITH_HARFBUZZ: 1
[2016.05.08-18.11.14:288][  0]LogStreaming:Warning: Failed to read file '../../../Engine/Content/Editor/Slate/Common/Selection_16x.png' error.
[2016.05.08-18.11.14:288][  0]LogSlate: Could not find file for Slate resource: ../../../Engine/Content/Editor/Slate/Common/Selection_16x.png
[2016.05.08-18.11.14:288][  0]LogStreaming:Warning: Failed to read file '../../../Engine/Content/Editor/Slate/Common/Selection_16x.png' error.
[2016.05.08-18.11.14:288][  0]LogSlate: Could not find file for Slate resource: ../../../Engine/Content/Editor/Slate/Common/Selection_16x.png
[2016.05.08-18.11.14:288][  0]LogStreaming:Warning: Failed to read file '../../../Engine/Content/Editor/Slate/Common/Selection_16x.png' error.
[2016.05.08-18.11.14:288][  0]LogSlate: Could not find file for Slate resource: ../../../Engine/Content/Editor/Slate/Common/Selection_16x.png
[2016.05.08-18.11.14:950][  0]LogUdpMessaging: Initializing bridge on interface 0.0.0.0:0 to multicast group 230.0.0.1:6666.
[2016.05.08-18.11.15:059][  0]LogAssetRegistry: FAssetRegistry took 0.0213 seconds to start up
[2016.05.08-18.11.15:244][  0]SourceControl: Info Source control is disabled
[2016.05.08-18.11.15:316][  0]SourceControl: Info Source control is disabled
[2016.05.08-18.11.15:327][  0]SourceControl: Info Source control is disabled
[2016.05.08-18.11.15:339][  0]SourceControl: Info Source control is disabled
[2016.05.08-18.11.15:490][  0]LogHMD: Failed to initialize OpenVR with code 110
[2016.05.08-18.11.15:581][  0]LogEngine: Initializing Engine...
[2016.05.08-18.11.15:741][  0]LogAIModule: Creating AISystem for world NewWorld
[2016.05.08-18.11.15:759][  0]LogInit: XAudio2 using 'Speakers (Realtek High Definition Audio)' : 2 channels at 48 kHz using 32 bits per sample (channel mask 0x3)
[2016.05.08-18.11.15:780][  0]LogInit: FAudioDevice initialized.
[2016.05.08-18.11.15:826][  0]LogDerivedDataCache: Saved boot cache 0.05s 46MB C:/Users/Matt/AppData/Local/UnrealEngine/4.11/DerivedDataCache/Boot.ddc.
[2016.05.08-18.11.15:840][  0]LogInit: Texture streaming: Enabled
[2016.05.08-18.11.15:868][  0]LogInit: Transaction tracking system initialized
[2016.05.08-18.11.15:897][  0]BlueprintLog: New page: Editor Load
[2016.05.08-18.11.16:005][  0]LocalizationService: Info Localization service is disabled
[2016.05.08-18.11.16:248][  0]LogConsoleResponse:Display: 
[2016.05.08-18.11.16:365][  0]LogCook:Display: Max memory allowance for cook 8192mb
[2016.05.08-18.11.16:365][  0]LogCook:Display: Mobile HDR setting 1
[2016.05.08-18.11.16:365][  0]LogCook:Display: Done creating registry. It took  0.00s.
[2016.05.08-18.11.16:429][  0]LogFileCache: Scanning file cache for directory 'C:/Users/Matt/Documents/Unreal Projects/Otherworld/Content/' took 0.01s
[2016.05.08-18.11.16:429][  0]SourceControl: Info Source control is disabled
[2016.05.08-18.11.16:429][  0]Cmd: MAP LOAD FILE="../../../../../../Users/Matt/Documents/Unreal Projects/Otherworld/Content/ThirdPersonBP/Maps/ThirdPersonExampleMap.umap" TEMPLATE=0 SHOWPROGRESS=1 FEATURELEVEL=3
[2016.05.08-18.11.16:429][  0]LightingResults: New page: Lighting Build
[2016.05.08-18.11.16:433][  0]MapCheck: New page: Map Check
[2016.05.08-18.11.16:433][  0]LightingResults: New page: Lighting Build
[2016.05.08-18.11.16:878][  0]LogAIModule: Creating AISystem for world ThirdPersonExampleMap
[2016.05.08-18.11.16:887][  0]LogEditorServer: Finished looking for orphan Actors (0.000 secs)
[2016.05.08-18.11.16:888][  0]Cmd: MAP CHECKDEP NOCLEARLOG
[2016.05.08-18.11.16:953][  0]MapCheck: Info Map check complete: 0 Error(s), 0 Warning(s), took 65.055ms to complete.
[2016.05.08-18.11.16:953][  0]LogFileHelpers: Loading map 'ThirdPersonExampleMap' took 0.524
[2016.05.08-18.11.17:112][  0]LogCollectionManager: Loaded 0 collections in 0.002026 seconds
[2016.05.08-18.11.17:158][  0]LogFileCache: Scanning file cache for directory 'C:/Users/Matt/Documents/Unreal Projects/Otherworld/Saved/Collections/' took 0.01s
[2016.05.08-18.11.17:158][  0]LogFileCache: Scanning file cache for directory 'C:/Users/Matt/Documents/Unreal Projects/Otherworld/Content/Developers/Matt/Collections/' took 0.01s
[2016.05.08-18.11.17:158][  0]LogFileCache: Scanning file cache for directory 'C:/Users/Matt/Documents/Unreal Projects/Otherworld/Content/Collections/' took 0.01s
[2016.05.08-18.11.17:158][  0]LogCollectionManager: Rebuilt the GUID cache for 0 collections in 0.000003 seconds
[2016.05.08-18.11.17:169][  0]LogContentBrowser: Native class hierarchy populated in 0.0104 seconds. Added 1980 classes and 345 folders.
[2016.05.08-18.11.17:173][  0]LogStats: UGameplayTagsManager::ConstructGameplayTagTree: Construct from data asset -  0.000 s
[2016.05.08-18.11.17:173][  0]LogStats: UGameplayTagsManager::ConstructGameplayTagTree: GameplayTagTreeChangedEvent.Broadcast -  0.000 s
[2016.05.08-18.11.17:174][  0]LogContentBrowser: Native class hierarchy updated for 'GameplayTags' in 0.0005 seconds. Added 12 classes and 0 folders.
[2016.05.08-18.11.17:179][  0]LogContentBrowser: Native class hierarchy updated for 'WidgetCarousel' in 0.0004 seconds. Added 0 classes and 0 folders.
[2016.05.08-18.11.17:188][  0]LogContentBrowser: Native class hierarchy updated for 'SuperSearch' in 0.0007 seconds. Added 1 classes and 2 folders.
[2016.05.08-18.11.17:241][  0]LogContentBrowser: Native class hierarchy updated for 'AddContentDialog' in 0.0005 seconds. Added 0 classes and 0 folders.
[2016.05.08-18.11.17:315][  0]LogCrashTracker: Crashtracker disabled due to settings.
[2016.05.08-18.11.17:322][  0]LogUObjectGlobals:Warning: Failed to find object 'Class None.'
[2016.05.08-18.11.17:349][  0]LogContentBrowser: Native class hierarchy updated for 'HierarchicalLODOutliner' in 0.0004 seconds. Added 1 classes and 2 folders.
[2016.05.08-18.11.17:349][  0]LogLoad: Full Startup: 7.61 seconds (BP compile: 0.13 seconds)
[2016.05.08-18.11.17:349][  0]LogExternalProfiler: Found external profiler: VSPerf
[2016.05.08-18.11.17:349][  0]LogExternalProfiler: Using external profiler: VSPerf
[2016.05.08-18.11.17:359][  0]LogOcInput: OculusInput pre-init called
[2016.05.08-18.11.17:404][  0]LogContentStreaming: Texture pool size now 1000 MB
[2016.05.08-18.11.17:570][  0]LogRenderer: Reallocating scene render targets to support 968x408 (Frame:2).
[2016.05.08-18.11.17:664][  1]LogAssetRegistry: Asset discovery search completed in 2.6268 seconds
[2016.05.08-18.11.17:664][  1]LogCollectionManager: Rebuilt the object cache for 0 collections in 0.000001 seconds (found 0 objects)
[2016.05.08-18.11.17:664][  1]LogCollectionManager: Fixed up redirectors for 0 collections in 0.000025 seconds (updated 0 objects)
[2016.05.08-18.11.21:073][327]LogContentBrowser: Native class hierarchy updated for 'BlueprintGraph' in 0.0010 seconds. Added 108 classes and 0 folders.
[2016.05.08-18.11.21:773][327]LogMaterial: Missing cached shader map for material RadialProgressBar, compiling. 
[2016.05.08-18.11.21:853][327]LogMaterial: Missing cached shader map for material RadialProgressBar, compiling. 
[2016.05.08-18.11.21:860][327]LogMaterial: 0.00 seconds spent updating 1 materials, 1 interfaces, 0 instances, 0 with static permutations.
[2016.05.08-18.11.21:885][327]LogMaterial: Missing cached shader map for material FMatExpressionPreview MaterialExpressionConstant_2, compiling. 
[2016.05.08-18.11.21:890][327]LogMaterial: Missing cached shader map for material FMatExpressionPreview MaterialExpressionMultiply_1, compiling. 
[2016.05.08-18.11.21:895][327]LogMaterial: Missing cached shader map for material FMatExpressionPreview MaterialExpressionScalarParameter_0, compiling. 
[2016.05.08-18.11.21:899][327]LogMaterial: Missing cached shader map for material FMatExpressionPreview MaterialExpressionTextureSample_2, compiling. 
[2016.05.08-18.11.21:904][327]LogMaterial: Missing cached shader map for material FMatExpressionPreview MaterialExpressionConstant_0, compiling. 
[2016.05.08-18.11.21:909][327]LogMaterial: Missing cached shader map for material FMatExpressionPreview MaterialExpressionConstant_1, compiling. 
[2016.05.08-18.11.21:914][327]LogMaterial: Missing cached shader map for material FMatExpressionPreview MaterialExpressionOneMinus_0, compiling. 
[2016.05.08-18.11.21:919][327]LogMaterial: Missing cached shader map for material FMatExpressionPreview MaterialExpressionPower_0, compiling. 
[2016.05.08-18.11.21:924][327]LogMaterial: Missing cached shader map for material FMatExpressionPreview MaterialExpressionMultiply_2, compiling. 
[2016.05.08-18.11.21:930][327]LogMaterial: Missing cached shader map for material FMatExpressionPreview MaterialExpressionClamp_0, compiling. 
[2016.05.08-18.11.21:935][327]LogMaterial: Missing cached shader map for material FMatExpressionPreview MaterialExpressionAdd_0, compiling. 
[2016.05.08-18.11.21:939][327]LogMaterial: Missing cached shader map for material FMatExpressionPreview MaterialExpressionOneMinus_1, compiling. 
[2016.05.08-18.11.21:944][327]LogMaterial: Missing cached shader map for material FMatExpressionPreview MaterialExpressionPower_1, compiling. 
[2016.05.08-18.11.23:271][416]MaterialEditorStats: Info Default UI Pixel Shader: 57 instructions
[2016.05.08-18.11.23:271][416]MaterialEditorStats: Info Default UI Vertex Shader: 18 instructions
[2016.05.08-18.11.23:271][416]MaterialEditorStats: Info Instanced UI Vertex Shader: 18 instructions
[2016.05.08-18.11.23:271][416]MaterialEditorStats: Info Texture samplers: 2/16
[2016.05.08-18.12.38:444][121]LogSavePackage: Save=9.19ms
[2016.05.08-18.12.38:444][121]LogSavePackage: Moving '../../../../../../Users/Matt/Documents/Unreal Projects/Otherworld/Saved/QuickSlotFrameD77DE56D4A4F63DF56A526B9B9592039.tmp' to '../../../../../../Users/Matt/Documents/Unreal Projects/Otherworld/Content/UserInterface/Widgets/QuickSlotFrame.uasset'
[2016.05.08-18.12.38:448][121]LogSavePackage: Total save time: 14.78ms
[2016.05.08-18.12.38:448][121]LogSavePackage:Display: Finished SavePackage ../../../../../../Users/Matt/Documents/Unreal Projects/Otherworld/Content/UserInterface/Widgets/QuickSlotFrame.uasset
[2016.05.08-18.13.38:810][830]LogCrashTracker: 


[2016.05.08-18.13.38:822][830]LogCrashTracker: 


[2016.05.08-18.13.38:822][830]LogWindows:Error: === Critical error: ===
Fatal error!



[2016.05.08-18.13.38:875][830]LogExit: Executing StaticShutdownAfterError
[2016.05.08-18.13.38:879][830]LogPhysics:Warning: PHYSX: ..\..\PhysX\src\NpScene.cpp (2946) 8 : PxScene::unlockWrite() called without matching call to PxScene::lockWrite(), behaviour will be undefined.
[2016.05.08-18.13.38:879][830]LogPhysics:Warning: PHYSX: ..\..\PhysX\src\NpScene.cpp (2946) 8 : PxScene::unlockWrite() called without matching call to PxScene::lockWrite(), behaviour will be undefined.
[2016.05.08-18.13.38:879][830]LogPhysics:Warning: PHYSX: ..\..\PhysX\src\NpScene.cpp (2946) 8 : PxScene::unlockWrite() called without matching call to PxScene::lockWrite(), behaviour will be undefined.
[2016.05.08-18.13.38:880][830]LogPhysics:Warning: PHYSX: ..\..\PhysX\src\NpScene.cpp (2946) 8 : PxScene::unlockWrite() called without matching call to PxScene::lockWrite(), behaviour will be undefined.
[2016.05.08-18.13.38:880][830]LogPhysics:Warning: PHYSX: ..\..\PhysX\src\NpScene.cpp (2946) 8 : PxScene::unlockWrite() called without matching call to PxScene::lockWrite(), behaviour will be undefined.
[2016.05.08-18.13.38:880][830]LogPhysics:Warning: PHYSX: ..\..\PhysX\src\NpScene.cpp (2946) 8 : PxScene::unlockWrite() called without matching call to PxScene::lockWrite(), behaviour will be undefined.
[2016.05.08-18.13.38:880][830]LogPhysics:Warning: PHYSX: ..\..\PhysX\src\NpScene.cpp (2946) 8 : PxScene::unlockWrite() called without matching call to PxScene::lockWrite(), behaviour will be undefined.
[2016.05.08-18.13.38:880][830]LogPhysics:Warning: PHYSX: ..\..\PhysX\src\NpScene.cpp (2946) 8 : PxScene::unlockWrite() called without matching call to PxScene::lockWrite(), behaviour will be undefined.
[2016.05.08-18.13.38:881][830]LogPhysics:Warning: PHYSX: ..\..\PhysX\src\NpScene.cpp (2946) 8 : PxScene::unlockWrite() called without matching call to PxScene::lockWrite(), behaviour will be undefined.
[2016.05.08-18.13.38:881][830]LogPhysics:Warning: PHYSX: ..\..\PhysX\src\NpScene.cpp (2946) 8 : PxScene::unlockWrite() called without matching call to PxScene::lockWrite(), behaviour will be undefined.
[2016.05.08-18.13.38:881][830]LogWindows: FPlatformMisc::RequestExit(1)
[2016.05.08-18.13.38:881][830]Log file closed, 05/08/16 14:13:38
