Log file open, 05/09/16 17:12:01
LogInit:Display: Running engine for game: Otherworld
LogPlatformFile: Not using cached read wrapper
LogInit:Display: RandInit(-754586969) SRandInit(-754586967).
LogTaskGraph: Started task graph with 4 named threads and 7 total threads.
LogStats: Stats thread started at 0.084837
LogInit: Version: 4.11.2-2946394+++UE4+Release-4.11
LogInit: API Version: 2927265
LogInit: Compiled (64-bit): Apr 18 2016 02:18:46
LogInit: Compiled with Visual C++: 19.00.23026.00
LogInit: Build Configuration: Development
LogInit: Branch Name: ++UE4+Release-4.11
LogInit: Command line: 
LogInit: Base directory: C:/Program Files (x86)/Epic Games/4.11/Engine/Binaries/Win64/
LogInit: Installed Engine Build: 1
LogInit: Using libcurl 7.41.0
LogInit:  - built for x86_64-pc-win32
LogInit:  - supports SSL with WinSSL
LogInit:  - other features:
LogInit:      CURL_VERSION_SSL
LogInit:      CURL_VERSION_IPV6
LogInit:      CURL_VERSION_ASYNCHDNS
LogInit:      CURL_VERSION_LARGEFILE
LogInit:      CURL_VERSION_IDN
LogInit:  CurlRequestOptions (configurable via config and command line):
LogInit:  - bVerifyPeer = true  - Libcurl will verify peer certificate
LogInit:  - bUseHttpProxy = false  - Libcurl will NOT use HTTP proxy
LogInit:  - bDontReuseConnections = false  - Libcurl will reuse connections
LogInit:  - CertBundlePath = nullptr  - Libcurl will use whatever was configured at build time.
LogInit: Presizing for max 16777216 objects, including 0 objects not considered by GC, pre-allocating 0 bytes for permanent pool.
LogInit: Object subsystem initialized
[2016.05.09-21.12.01:307][  0]LogInit: Selected Device Profile: [Windows]
[2016.05.09-21.12.01:307][  0]LogInit: Applying CVar settings loaded from the selected device profile: [Windows]
[2016.05.09-21.12.01:316][  0]LogInit: Computer: MONICA
[2016.05.09-21.12.01:316][  0]LogInit: User: Matt
[2016.05.09-21.12.01:316][  0]LogInit: CPU Page size=65536, Cores=4
[2016.05.09-21.12.01:316][  0]LogInit: High frequency timer resolution =3.906272 MHz
[2016.05.09-21.12.01:316][  0]LogMemory: Memory total: Physical=15.9GB (16GB approx)
[2016.05.09-21.12.01:316][  0]LogMemory: Platform Memory Stats for Windows
[2016.05.09-21.12.01:316][  0]LogMemory: Process Physical Memory: 314.31 MB used, 314.31 MB peak
[2016.05.09-21.12.01:316][  0]LogMemory: Process Virtual Memory: 314.84 MB used, 314.84 MB peak
[2016.05.09-21.12.01:316][  0]LogMemory: Physical Memory: 3975.83 MB used, 16330.44 MB total
[2016.05.09-21.12.01:316][  0]LogMemory: Virtual Memory: 653.25 MB used, 134217728.00 MB total
[2016.05.09-21.12.01:356][  0]LogTextLocalizationManager: No specific translations for ('en-US') exist, so ('en') translations will be used.
[2016.05.09-21.12.01:816][  0]LogD3D11RHI: D3D11 adapters:
[2016.05.09-21.12.01:852][  0]LogD3D11RHI:    0. 'NVIDIA GeForce GTX 970' (Feature Level 11_0)
[2016.05.09-21.12.01:852][  0]LogD3D11RHI:       4007MB of dedicated video memory, 0MB of dedicated system memory, and 8165MB of shared system memory, 2 output[s]
[2016.05.09-21.12.01:854][  0]LogD3D11RHI:    1. 'Microsoft Basic Render Driver' (Feature Level 11_0)
[2016.05.09-21.12.01:854][  0]LogD3D11RHI:       0MB of dedicated video memory, 0MB of dedicated system memory, and 8165MB of shared system memory, 0 output[s]
[2016.05.09-21.12.01:854][  0]LogD3D11RHI: Chosen D3D11 Adapter: 0
[2016.05.09-21.12.01:860][  0]LogD3D11RHI: Creating new Direct3DDevice
[2016.05.09-21.12.01:860][  0]LogD3D11RHI:     Adapter Name: NVIDIA GeForce GTX 970
[2016.05.09-21.12.01:860][  0]LogD3D11RHI:   Driver Version: 10.18.13.6200 (internal 10.18.13.6200)
[2016.05.09-21.12.01:860][  0]LogD3D11RHI:      Driver Date: 2-23-2016
[2016.05.09-21.12.01:860][  0]LogRHI: Texture pool is 1361 MB (70% of 1945 MB)
[2016.05.09-21.12.01:880][  0]LogD3D11RHI: Async texture creation enabled
[2016.05.09-21.12.01:899][  0]LogShaderCompilers: Guid format shader working directory is -20 characters bigger than the processId version (../../../../../../Users/Matt/Documents/Unreal Projects/Otherworld/Intermediate/Shaders/WorkingDirectory/3632/).
[2016.05.09-21.12.01:899][  0]LogShaderCompilers: Cleaned the shader compiler working directory 'C:/Users/Matt/AppData/Local/Temp/UnrealShaderWorkingDir/C004675B4AC9B5DDD005DF8F66090D7C/'.
[2016.05.09-21.12.01:899][  0]LogShaderCompilers:Display: Using Local Shader Compiler.
[2016.05.09-21.12.03:055][  0]LogTemp:Display: Loaded TP AllDesktopTargetPlatform
[2016.05.09-21.12.03:060][  0]LogTemp:Display: Loaded TP WindowsClientTargetPlatform
[2016.05.09-21.12.03:066][  0]LogTemp:Display: Loaded TP WindowsNoEditorTargetPlatform
[2016.05.09-21.12.03:071][  0]LogTemp:Display: Loaded TP WindowsServerTargetPlatform
[2016.05.09-21.12.03:077][  0]LogTemp:Display: Loaded TP WindowsTargetPlatform
[2016.05.09-21.12.03:081][  0]LogTemp:Display: Loaded TP AndroidTargetPlatform
[2016.05.09-21.12.03:085][  0]LogTemp:Display: Loaded TP Android_ASTCTargetPlatform
[2016.05.09-21.12.03:090][  0]LogTemp:Display: Loaded TP Android_ATCTargetPlatform
[2016.05.09-21.12.03:094][  0]LogTemp:Display: Loaded TP Android_DXTTargetPlatform
[2016.05.09-21.12.03:098][  0]LogTemp:Display: Loaded TP Android_ETC1TargetPlatform
[2016.05.09-21.12.03:102][  0]LogTemp:Display: Loaded TP Android_ETC2TargetPlatform
[2016.05.09-21.12.03:110][  0]LogTemp:Display: Loaded TP Android_MultiTargetPlatform
[2016.05.09-21.12.03:110][  0]LogTemp:Display: Loaded TP Android_PVRTCTargetPlatform
[2016.05.09-21.12.03:112][  0]LogTemp:Display: Loaded TP HTML5TargetPlatform
[2016.05.09-21.12.03:130][  0]LogTemp:Display: Loaded TP IOSTargetPlatform
[2016.05.09-21.12.03:134][  0]LogTemp:Display: Loaded TP TVOSTargetPlatform
[2016.05.09-21.12.03:138][  0]LogTemp:Display: Loaded TP LinuxNoEditorTargetPlatform
[2016.05.09-21.12.03:141][  0]LogTemp:Display: Loaded TP LinuxServerTargetPlatform
[2016.05.09-21.12.03:146][  0]LogTemp:Display: Loaded TP LinuxTargetPlatform
[2016.05.09-21.12.03:146][  0]LogTargetPlatformManager:Display: Building Assets For Windows
[2016.05.09-21.12.03:230][  0]LogDerivedDataCache:Display: Max Cache Size: 512 MB
[2016.05.09-21.12.03:310][  0]LogDerivedDataCache: Loaded boot cache 0.08s 46MB C:/Users/Matt/AppData/Local/UnrealEngine/4.11/DerivedDataCache/Boot.ddc.
[2016.05.09-21.12.03:310][  0]LogDerivedDataCache:Display: Loaded Boot cache: C:/Users/Matt/AppData/Local/UnrealEngine/4.11/DerivedDataCache/Boot.ddc
[2016.05.09-21.12.03:310][  0]LogDerivedDataCache: FDerivedDataBackendGraph:  Pak pak cache file ../../../../../../Users/Matt/Documents/Unreal Projects/Otherworld/DerivedDataCache/DDC.ddp not found, will not use a pak cache.
[2016.05.09-21.12.03:310][  0]LogDerivedDataCache: Unable to find inner node Pak for hierarchical cache Hierarchy.
[2016.05.09-21.12.03:310][  0]LogDerivedDataCache: FDerivedDataBackendGraph:  CompressedPak pak cache file ../../../../../../Users/Matt/Documents/Unreal Projects/Otherworld/DerivedDataCache/Compressed.ddp not found, will not use a pak cache.
[2016.05.09-21.12.03:310][  0]LogDerivedDataCache: Unable to find inner node CompressedPak for hierarchical cache Hierarchy.
[2016.05.09-21.12.03:326][  0]LogDerivedDataCache:Display: Pak cache opened for reading ../../../Engine/DerivedDataCache/Compressed.ddp.
[2016.05.09-21.12.03:338][  0]LogDerivedDataCache: Using Local data cache path C:/Users/Matt/AppData/Local/UnrealEngine/Common/DerivedDataCache: Writable
[2016.05.09-21.12.03:537][  0]LogInit: Selected Device Profile: [Windows]
[2016.05.09-21.12.03:538][  0]LogContentStreaming: Texture pool size is 0.00 MB
[2016.05.09-21.12.03:581][  0]LogMaterial: Uniform references updated for custom material expression Custom.
[2016.05.09-21.12.03:714][  0]LogMeshUtilities: No automatic mesh reduction module available
[2016.05.09-21.12.03:714][  0]LogMeshUtilities: No automatic mesh merging module available
[2016.05.09-21.12.03:714][  0]LogMeshUtilities: No distributed automatic mesh merging module available
[2016.05.09-21.12.04:018][  0]LogUObjectArray: 27679 objects as part of root set at end of initial load.
[2016.05.09-21.12.04:018][  0]LogUObjectAllocator: 5591600 out of 0 bytes used by permanent object pool.
[2016.05.09-21.12.04:018][  0]LogUObjectArray: CloseDisregardForGC: 0/0 objects in disregard for GC pool
[2016.05.09-21.12.04:026][  0]LogInit: WinSock: version 1.1 (2.2), MaxSocks=32767, MaxUdp=65467
[2016.05.09-21.12.04:139][  0]LogSlate: SlateFontCache - WITH_FREETYPE: 1, WITH_HARFBUZZ: 1
[2016.05.09-21.12.04:139][  0]LogSlate: SlateFontCache - WITH_FREETYPE: 1, WITH_HARFBUZZ: 1
[2016.05.09-21.12.04:240][  0]LogStreaming:Warning: Failed to read file '../../../Engine/Content/Editor/Slate/Common/Selection_16x.png' error.
[2016.05.09-21.12.04:240][  0]LogSlate: Could not find file for Slate resource: ../../../Engine/Content/Editor/Slate/Common/Selection_16x.png
[2016.05.09-21.12.04:240][  0]LogStreaming:Warning: Failed to read file '../../../Engine/Content/Editor/Slate/Common/Selection_16x.png' error.
[2016.05.09-21.12.04:240][  0]LogSlate: Could not find file for Slate resource: ../../../Engine/Content/Editor/Slate/Common/Selection_16x.png
[2016.05.09-21.12.04:240][  0]LogStreaming:Warning: Failed to read file '../../../Engine/Content/Editor/Slate/Common/Selection_16x.png' error.
[2016.05.09-21.12.04:240][  0]LogSlate: Could not find file for Slate resource: ../../../Engine/Content/Editor/Slate/Common/Selection_16x.png
[2016.05.09-21.12.04:839][  0]LogUdpMessaging: Initializing bridge on interface 0.0.0.0:0 to multicast group 230.0.0.1:6666.
[2016.05.09-21.12.04:948][  0]LogAssetRegistry: FAssetRegistry took 0.0212 seconds to start up
[2016.05.09-21.12.05:118][  0]SourceControl: Info Source control is disabled
[2016.05.09-21.12.05:188][  0]SourceControl: Info Source control is disabled
[2016.05.09-21.12.05:198][  0]SourceControl: Info Source control is disabled
[2016.05.09-21.12.05:207][  0]SourceControl: Info Source control is disabled
[2016.05.09-21.12.05:339][  0]LogHMD: Failed to initialize OpenVR with code 110
[2016.05.09-21.12.05:418][  0]LogEngine: Initializing Engine...
[2016.05.09-21.12.05:584][  0]LogAIModule: Creating AISystem for world NewWorld
[2016.05.09-21.12.05:599][  0]LogInit: XAudio2 using 'Speakers (Realtek High Definition Audio)' : 2 channels at 48 kHz using 32 bits per sample (channel mask 0x3)
[2016.05.09-21.12.05:617][  0]LogInit: FAudioDevice initialized.
[2016.05.09-21.12.05:663][  0]LogDerivedDataCache: Saved boot cache 0.05s 46MB C:/Users/Matt/AppData/Local/UnrealEngine/4.11/DerivedDataCache/Boot.ddc.
[2016.05.09-21.12.05:675][  0]LogInit: Texture streaming: Enabled
[2016.05.09-21.12.05:702][  0]LogInit: Transaction tracking system initialized
[2016.05.09-21.12.05:727][  0]BlueprintLog: New page: Editor Load
[2016.05.09-21.12.05:814][  0]LocalizationService: Info Localization service is disabled
[2016.05.09-21.12.06:032][  0]LogConsoleResponse:Display: 
[2016.05.09-21.12.06:145][  0]LogCook:Display: Max memory allowance for cook 8192mb
[2016.05.09-21.12.06:145][  0]LogCook:Display: Mobile HDR setting 1
[2016.05.09-21.12.06:145][  0]LogCook:Display: Done creating registry. It took  0.00s.
[2016.05.09-21.12.06:210][  0]LogFileCache: Scanning file cache for directory 'C:/Users/Matt/Documents/Unreal Projects/Otherworld/Content/' took 0.01s
[2016.05.09-21.12.06:210][  0]SourceControl: Info Source control is disabled
[2016.05.09-21.12.06:210][  0]Cmd: MAP LOAD FILE="../../../../../../Users/Matt/Documents/Unreal Projects/Otherworld/Content/ThirdPersonBP/Maps/ThirdPersonExampleMap.umap" TEMPLATE=0 SHOWPROGRESS=1 FEATURELEVEL=3
[2016.05.09-21.12.06:211][  0]LightingResults: New page: Lighting Build
[2016.05.09-21.12.06:214][  0]MapCheck: New page: Map Check
[2016.05.09-21.12.06:214][  0]LightingResults: New page: Lighting Build
[2016.05.09-21.12.06:301][  0]LogProperty:Error: UStructProperty::Serialize Loading: Property 'StructProperty /Game/Actors/Pickup.Pickup_C:ItemData'. Unknown structure.
[2016.05.09-21.12.06:302][  0]LogClass:Warning: Property ItemData of Pickup_C has a struct type mismatch (tag STRUCT_REINST_ItemData_20 != prop FallbackStruct) in package:  ../../../../../../Users/Matt/Documents/Unreal Projects/Otherworld/Content/Actors/Pickup.uasset. If that struct got renamed, add an entry to ActiveStructRedirects.
[2016.05.09-21.12.06:307][  0]LogClass:Warning: Property ItemData of Pickup_C has a struct type mismatch (tag FallbackStruct != prop ItemData) in package:  FObjectReader. If that struct got renamed, add an entry to ActiveStructRedirects.
[2016.05.09-21.12.06:962][  0]LogAIModule: Creating AISystem for world ThirdPersonExampleMap
[2016.05.09-21.12.06:972][  0]LogEditorServer: Finished looking for orphan Actors (0.000 secs)
[2016.05.09-21.12.06:973][  0]Cmd: MAP CHECKDEP NOCLEARLOG
[2016.05.09-21.12.07:034][  0]MapCheck: Info Map check complete: 0 Error(s), 0 Warning(s), took 60.935ms to complete.
[2016.05.09-21.12.07:034][  0]LogFileHelpers: Loading map 'ThirdPersonExampleMap' took 0.823
[2016.05.09-21.12.07:195][  0]LogCollectionManager: Loaded 0 collections in 0.001969 seconds
[2016.05.09-21.12.07:240][  0]LogFileCache: Scanning file cache for directory 'C:/Users/Matt/Documents/Unreal Projects/Otherworld/Saved/Collections/' took 0.01s
[2016.05.09-21.12.07:240][  0]LogFileCache: Scanning file cache for directory 'C:/Users/Matt/Documents/Unreal Projects/Otherworld/Content/Developers/Matt/Collections/' took 0.01s
[2016.05.09-21.12.07:240][  0]LogFileCache: Scanning file cache for directory 'C:/Users/Matt/Documents/Unreal Projects/Otherworld/Content/Collections/' took 0.01s
[2016.05.09-21.12.07:240][  0]LogCollectionManager: Rebuilt the GUID cache for 0 collections in 0.000004 seconds
[2016.05.09-21.12.07:251][  0]LogContentBrowser: Native class hierarchy populated in 0.0108 seconds. Added 1980 classes and 345 folders.
[2016.05.09-21.12.07:255][  0]LogStats: UGameplayTagsManager::ConstructGameplayTagTree: Construct from data asset -  0.000 s
[2016.05.09-21.12.07:255][  0]LogStats: UGameplayTagsManager::ConstructGameplayTagTree: GameplayTagTreeChangedEvent.Broadcast -  0.000 s
[2016.05.09-21.12.07:256][  0]LogContentBrowser: Native class hierarchy updated for 'GameplayTags' in 0.0005 seconds. Added 12 classes and 0 folders.
[2016.05.09-21.12.07:261][  0]LogContentBrowser: Native class hierarchy updated for 'WidgetCarousel' in 0.0004 seconds. Added 0 classes and 0 folders.
[2016.05.09-21.12.07:268][  0]LogContentBrowser: Native class hierarchy updated for 'SuperSearch' in 0.0004 seconds. Added 1 classes and 2 folders.
[2016.05.09-21.12.07:313][  0]LogContentBrowser: Native class hierarchy updated for 'AddContentDialog' in 0.0004 seconds. Added 0 classes and 0 folders.
[2016.05.09-21.12.07:379][  0]LogCrashTracker: Crashtracker disabled due to settings.
[2016.05.09-21.12.07:384][  0]LogUObjectGlobals:Warning: Failed to find object 'Class None.'
[2016.05.09-21.12.07:411][  0]LogContentBrowser: Native class hierarchy updated for 'HierarchicalLODOutliner' in 0.0004 seconds. Added 1 classes and 2 folders.
[2016.05.09-21.12.07:411][  0]LogLoad: Full Startup: 7.05 seconds (BP compile: 0.21 seconds)
[2016.05.09-21.12.07:411][  0]LogExternalProfiler: Found external profiler: VSPerf
[2016.05.09-21.12.07:411][  0]LogExternalProfiler: Using external profiler: VSPerf
[2016.05.09-21.12.07:421][  0]LogOcInput: OculusInput pre-init called
[2016.05.09-21.12.07:463][  0]LogContentStreaming: Texture pool size now 1000 MB
[2016.05.09-21.12.07:619][  0]LogRenderer: Reallocating scene render targets to support 968x408 (Frame:2).
[2016.05.09-21.12.07:720][  1]LogAssetRegistry: Asset discovery search completed in 2.7939 seconds
[2016.05.09-21.12.07:720][  1]LogCollectionManager: Rebuilt the object cache for 0 collections in 0.000001 seconds (found 0 objects)
[2016.05.09-21.12.07:720][  1]LogCollectionManager: Fixed up redirectors for 0 collections in 0.000021 seconds (updated 0 objects)
[2016.05.09-21.12.10:426][235]LogContentBrowser: Native class hierarchy updated for 'BlueprintGraph' in 0.0011 seconds. Added 108 classes and 0 folders.
[2016.05.09-21.12.23:651][257]LogSavePackage: Save=16.08ms
[2016.05.09-21.12.23:651][257]LogSavePackage: Moving '../../../../../../Users/Matt/Documents/Unreal Projects/Otherworld/Saved/InventorySlot39A9034F43DADF8D00F46C8C1408415F.tmp' to '../../../../../../Users/Matt/Documents/Unreal Projects/Otherworld/Content/UserInterface/Widgets/InventorySlot.uasset'
[2016.05.09-21.12.23:655][257]LogSavePackage: Total save time: 34.93ms
[2016.05.09-21.12.23:655][257]LogSavePackage:Display: Finished SavePackage ../../../../../../Users/Matt/Documents/Unreal Projects/Otherworld/Content/UserInterface/Widgets/InventorySlot.uasset
[2016.05.09-21.12.23:976][283]BlueprintLog: New page: Compile InventorySlot
[2016.05.09-21.12.24:151][283]BlueprintEditorCompileResults: Info [0023.79] Compile of InventorySlot successful! [in 174 ms]
[2016.05.09-21.13.15:893][784]LogSavePackage: Save=32.29ms
[2016.05.09-21.13.15:894][784]LogSavePackage: Moving '../../../../../../Users/Matt/Documents/Unreal Projects/Otherworld/Saved/InventorySlot701BD0F044D0C1469951F7933721874F.tmp' to '../../../../../../Users/Matt/Documents/Unreal Projects/Otherworld/Content/UserInterface/Widgets/InventorySlot.uasset'
[2016.05.09-21.13.15:897][784]LogSavePackage: Total save time: 46.43ms
[2016.05.09-21.13.15:897][784]LogSavePackage:Display: Finished SavePackage ../../../../../../Users/Matt/Documents/Unreal Projects/Otherworld/Content/UserInterface/Widgets/InventorySlot.uasset
[2016.05.09-21.13.16:673][863]BlueprintLog: New page: Compile InventorySlot
[2016.05.09-21.13.16:903][863]BlueprintEditorCompileResults: Info [0076.54] Compile of InventorySlot successful! [in 229 ms]
[2016.05.09-21.13.17:376][904]LogSavePackage: Save=31.49ms
[2016.05.09-21.13.17:376][904]LogSavePackage: Moving '../../../../../../Users/Matt/Documents/Unreal Projects/Otherworld/Saved/InventorySlot7E7852D448F515F2D0465DA5159E6F55.tmp' to '../../../../../../Users/Matt/Documents/Unreal Projects/Otherworld/Content/UserInterface/Widgets/InventorySlot.uasset'
[2016.05.09-21.13.17:378][904]LogSavePackage: Total save time: 44.22ms
[2016.05.09-21.13.17:378][904]LogSavePackage:Display: Finished SavePackage ../../../../../../Users/Matt/Documents/Unreal Projects/Otherworld/Content/UserInterface/Widgets/InventorySlot.uasset
[2016.05.09-21.13.18:330][  3]LogBlueprintUserMessages: Early PlayInEditor Detection: Level '/Game/ThirdPersonBP/Maps/ThirdPersonExampleMap.ThirdPersonExampleMap:PersistentLevel' has LevelScriptBlueprint '/Game/ThirdPersonBP/Maps/ThirdPersonExampleMap.ThirdPersonExampleMap:PersistentLevel.ThirdPersonExampleMap' with GeneratedClass '/Game/ThirdPersonBP/Maps/ThirdPersonExampleMap.ThirdPersonExampleMap_C' with ClassGeneratedBy '/Game/ThirdPersonBP/Maps/ThirdPersonExampleMap.ThirdPersonExampleMap:PersistentLevel.ThirdPersonExampleMap'
[2016.05.09-21.13.18:330][  3]LogPlayLevel: PlayLevel: No blueprints needed recompiling
[2016.05.09-21.13.18:331][  3]PIE: New page: PIE session: ThirdPersonExampleMap (May 9, 2016, 12:13:18 PM)
[2016.05.09-21.13.18:331][  3]LogPlayLevel: Creating play world package: /Game/ThirdPersonBP/Maps/UEDPIE_0_ThirdPersonExampleMap
[2016.05.09-21.13.18:376][  3]LogPlayLevel: PIE: StaticDuplicateObject took: (0.044610s)
[2016.05.09-21.13.18:377][  3]LogAIModule: Creating AISystem for world ThirdPersonExampleMap
[2016.05.09-21.13.18:378][  3]LogPlayLevel: PIE: World Init took: (0.001567s)
[2016.05.09-21.13.18:378][  3]LogPlayLevel: PIE: Created PIE world by copying editor world from /Game/ThirdPersonBP/Maps/ThirdPersonExampleMap.ThirdPersonExampleMap to /Game/ThirdPersonBP/Maps/UEDPIE_0_ThirdPersonExampleMap.ThirdPersonExampleMap (0.046492s)
[2016.05.09-21.13.18:426][  3]LogInit: XAudio2 using 'Speakers (Realtek High Definition Audio)' : 2 channels at 48 kHz using 32 bits per sample (channel mask 0x3)
[2016.05.09-21.13.18:440][  3]LogInit: FAudioDevice initialized.
[2016.05.09-21.13.18:534][  3]LogWorld: Game class is 'ThirdPersonGameMode_C'
[2016.05.09-21.13.18:539][  3]LogWorld: Bringing World /Game/ThirdPersonBP/Maps/UEDPIE_0_ThirdPersonExampleMap.ThirdPersonExampleMap up for play (max tick rate 0) at 2016.05.09-17.13.18
[2016.05.09-21.13.18:540][  3]LogWorld: Bringing up level for play took: 0.004810
[2016.05.09-21.13.18:546][  3]LogContentBrowser: Native class hierarchy updated for 'MovieSceneCapture' in 0.0005 seconds. Added 9 classes and 0 folders.
[2016.05.09-21.13.18:561][  3]PIE: Info Play in editor start time for /Game/ThirdPersonBP/Maps/UEDPIE_0_ThirdPersonExampleMap -0.499
[2016.05.09-21.13.18:561][  3]LogBlueprintUserMessages: Late PlayInEditor Detection: Level '/Game/ThirdPersonBP/Maps/ThirdPersonExampleMap.ThirdPersonExampleMap:PersistentLevel' has LevelScriptBlueprint '/Game/ThirdPersonBP/Maps/ThirdPersonExampleMap.ThirdPersonExampleMap:PersistentLevel.ThirdPersonExampleMap' with GeneratedClass '/Game/ThirdPersonBP/Maps/ThirdPersonExampleMap.ThirdPersonExampleMap_C' with ClassGeneratedBy '/Game/ThirdPersonBP/Maps/ThirdPersonExampleMap.ThirdPersonExampleMap:PersistentLevel.ThirdPersonExampleMap'
[2016.05.09-21.13.18:615][  5]LogRenderer: Reallocating scene render targets to support 1280x720 (Frame:225).
[2016.05.09-21.13.33:641][297]LogBlueprintUserMessages: Early EndPlayMap Detection: Level '/Game/ThirdPersonBP/Maps/ThirdPersonExampleMap.ThirdPersonExampleMap:PersistentLevel' has LevelScriptBlueprint '/Game/ThirdPersonBP/Maps/ThirdPersonExampleMap.ThirdPersonExampleMap:PersistentLevel.ThirdPersonExampleMap' with GeneratedClass '/Game/ThirdPersonBP/Maps/ThirdPersonExampleMap.ThirdPersonExampleMap_C' with ClassGeneratedBy '/Game/ThirdPersonBP/Maps/ThirdPersonExampleMap.ThirdPersonExampleMap:PersistentLevel.ThirdPersonExampleMap'
[2016.05.09-21.13.33:695][297]LogBlueprintUserMessages: Late EndPlayMap Detection: Level '/Game/ThirdPersonBP/Maps/ThirdPersonExampleMap.ThirdPersonExampleMap:PersistentLevel' has LevelScriptBlueprint '/Game/ThirdPersonBP/Maps/ThirdPersonExampleMap.ThirdPersonExampleMap:PersistentLevel.ThirdPersonExampleMap' with GeneratedClass '/Game/ThirdPersonBP/Maps/ThirdPersonExampleMap.ThirdPersonExampleMap_C' with ClassGeneratedBy '/Game/ThirdPersonBP/Maps/ThirdPersonExampleMap.ThirdPersonExampleMap:PersistentLevel.ThirdPersonExampleMap'
[2016.05.09-21.13.50:488][232]LogUObjectHash:Warning: Ambiguous search, could be K2Node_CallFunction /Game/UserInterface/Widgets/HeadsUpDisplay.HeadsUpDisplay:ToggleCharacterFrame.K2Node_CallFunction_2984 or K2Node_CallFunction /Game/UserInterface/Widgets/HeadsUpDisplay.HeadsUpDisplay:ToggleInventoryFrame.K2Node_CallFunction_2984
[2016.05.09-21.13.50:488][232]LogUObjectHash:Warning: Ambiguous search, could be K2Node_CallFunction /Game/UserInterface/Widgets/HeadsUpDisplay.HeadsUpDisplay:ToggleCharacterFrame.K2Node_CallFunction_2984 or K2Node_CallFunction /Game/UserInterface/Widgets/HeadsUpDisplay.HeadsUpDisplay:EdGraph_196.K2Node_CallFunction_2984
[2016.05.09-21.13.50:488][232]LogUObjectHash:Warning: Ambiguous search, could be K2Node_IfThenElse /Game/ThirdPersonBP/Blueprints/ThirdPersonCharacter.ThirdPersonCharacter:EventGraph.K2Node_IfThenElse_93 or K2Node_IfThenElse /Game/UserInterface/Widgets/HeadsUpDisplay.HeadsUpDisplay:ToggleCharacterFrame.K2Node_IfThenElse_93
[2016.05.09-21.13.50:488][232]LogUObjectHash:Warning: Ambiguous search, could be K2Node_IfThenElse /Game/ThirdPersonBP/Blueprints/ThirdPersonCharacter.ThirdPersonCharacter:EventGraph.K2Node_IfThenElse_93 or K2Node_IfThenElse /Game/UserInterface/Widgets/HeadsUpDisplay.HeadsUpDisplay:ToggleInventoryFrame.K2Node_IfThenElse_93
[2016.05.09-21.13.50:488][232]LogUObjectHash:Warning: Ambiguous search, could be K2Node_IfThenElse /Game/ThirdPersonBP/Blueprints/ThirdPersonCharacter.ThirdPersonCharacter:EventGraph.K2Node_IfThenElse_93 or K2Node_IfThenElse /Game/UserInterface/Widgets/HeadsUpDisplay.HeadsUpDisplay:EdGraph_196.K2Node_IfThenElse_93
[2016.05.09-21.13.50:489][232]LogUObjectHash:Warning: Ambiguous search, could be EdGraphPin /Game/UserInterface/Widgets/HeadsUpDisplay.HeadsUpDisplay:ToggleCharacterFrame.K2Node_IfThenElse_93.EdGraphPin_3811 or EdGraphPin /Game/UserInterface/Widgets/HeadsUpDisplay.HeadsUpDisplay:EdGraph_196.K2Node_IfThenElse_93.EdGraphPin_3811
[2016.05.09-21.13.50:489][232]LogUObjectHash:Warning: Ambiguous search, could be K2Node_FunctionEntry /Game/UserInterface/Widgets/HeadsUpDisplay.HeadsUpDisplay:ToggleCharacterFrame.K2Node_FunctionEntry_250 or K2Node_FunctionEntry /Game/UserInterface/Widgets/HeadsUpDisplay.HeadsUpDisplay:EdGraph_196.K2Node_FunctionEntry_250
[2016.05.09-21.13.50:489][232]LogUObjectHash:Warning: Ambiguous search, could be K2Node_CallFunction /Game/UserInterface/Widgets/HeadsUpDisplay.HeadsUpDisplay:ToggleCharacterFrame.K2Node_CallFunction_2985 or K2Node_CallFunction /Game/UserInterface/Widgets/HeadsUpDisplay.HeadsUpDisplay:ToggleInventoryFrame.K2Node_CallFunction_2985
[2016.05.09-21.13.50:489][232]LogUObjectHash:Warning: Ambiguous search, could be K2Node_CallFunction /Game/UserInterface/Widgets/HeadsUpDisplay.HeadsUpDisplay:ToggleCharacterFrame.K2Node_CallFunction_2985 or K2Node_CallFunction /Game/UserInterface/Widgets/HeadsUpDisplay.HeadsUpDisplay:EdGraph_196.K2Node_CallFunction_2985
[2016.05.09-21.13.50:489][232]LogUObjectHash:Warning: Ambiguous search, could be K2Node_CallFunction /Game/UserInterface/Widgets/HeadsUpDisplay.HeadsUpDisplay:ToggleCharacterFrame.K2Node_CallFunction_2986 or K2Node_CallFunction /Game/UserInterface/Widgets/HeadsUpDisplay.HeadsUpDisplay:ToggleInventoryFrame.K2Node_CallFunction_2986
[2016.05.09-21.13.50:489][232]LogUObjectHash:Warning: Ambiguous search, could be K2Node_CallFunction /Game/UserInterface/Widgets/HeadsUpDisplay.HeadsUpDisplay:ToggleCharacterFrame.K2Node_CallFunction_2986 or K2Node_CallFunction /Game/UserInterface/Widgets/HeadsUpDisplay.HeadsUpDisplay:EdGraph_196.K2Node_CallFunction_2986
[2016.05.09-21.13.50:489][232]LogUObjectHash:Warning: Ambiguous search, could be K2Node_CallFunction /Game/UserInterface/Widgets/HeadsUpDisplay.HeadsUpDisplay:ToggleCharacterFrame.K2Node_CallFunction_2985 or K2Node_CallFunction /Game/UserInterface/Widgets/HeadsUpDisplay.HeadsUpDisplay:ToggleInventoryFrame.K2Node_CallFunction_2985
[2016.05.09-21.13.50:489][232]LogUObjectHash:Warning: Ambiguous search, could be K2Node_CallFunction /Game/UserInterface/Widgets/HeadsUpDisplay.HeadsUpDisplay:ToggleCharacterFrame.K2Node_CallFunction_2985 or K2Node_CallFunction /Game/UserInterface/Widgets/HeadsUpDisplay.HeadsUpDisplay:EdGraph_196.K2Node_CallFunction_2985
[2016.05.09-21.13.50:490][232]LogUObjectHash:Warning: Ambiguous search, could be K2Node_CallFunction /Game/UserInterface/Widgets/HeadsUpDisplay.HeadsUpDisplay:ToggleCharacterFrame.K2Node_CallFunction_2986 or K2Node_CallFunction /Game/UserInterface/Widgets/HeadsUpDisplay.HeadsUpDisplay:ToggleInventoryFrame.K2Node_CallFunction_2986
[2016.05.09-21.13.50:490][232]LogUObjectHash:Warning: Ambiguous search, could be K2Node_CallFunction /Game/UserInterface/Widgets/HeadsUpDisplay.HeadsUpDisplay:ToggleCharacterFrame.K2Node_CallFunction_2986 or K2Node_CallFunction /Game/UserInterface/Widgets/HeadsUpDisplay.HeadsUpDisplay:EdGraph_196.K2Node_CallFunction_2986
[2016.05.09-21.14.09:305][417]LogSavePackage: Save=122.76ms
[2016.05.09-21.14.09:305][417]LogSavePackage: Moving '../../../../../../Users/Matt/Documents/Unreal Projects/Otherworld/Saved/HeadsUpDisplay4A52BF114CA0C55758972E87C27DBABF.tmp' to '../../../../../../Users/Matt/Documents/Unreal Projects/Otherworld/Content/UserInterface/Widgets/HeadsUpDisplay.uasset'
[2016.05.09-21.14.09:309][417]LogSavePackage: Total save time: 138.82ms
[2016.05.09-21.14.09:309][417]LogSavePackage:Display: Finished SavePackage ../../../../../../Users/Matt/Documents/Unreal Projects/Otherworld/Content/UserInterface/Widgets/HeadsUpDisplay.uasset
[2016.05.09-21.14.10:316][536]BlueprintLog: New page: Compile HeadsUpDisplay
[2016.05.09-21.14.10:491][536]BlueprintEditorCompileResults: Info [0130.13] Compile of HeadsUpDisplay successful! [in 175 ms]
