Log file open, 05/08/16 15:24:51
LogInit:Display: Running engine for game: Otherworld
LogPlatformFile: Not using cached read wrapper
LogInit:Display: RandInit(-1754428429) SRandInit(-1754428428).
LogTaskGraph: Started task graph with 4 named threads and 7 total threads.
LogStats: Stats thread started at 0.081273
LogInit: Version: 4.11.2-2946394+++UE4+Release-4.11
LogInit: API Version: 2927265
LogInit: Compiled (64-bit): Apr 18 2016 02:18:46
LogInit: Compiled with Visual C++: 19.00.23026.00
LogInit: Build Configuration: Development
LogInit: Branch Name: ++UE4+Release-4.11
LogInit: Command line:  
LogInit: Base directory: C:/Program Files (x86)/Epic Games/4.11/Engine/Binaries/Win64/
LogInit: Installed Engine Build: 1
LogInit: Using libcurl 7.41.0
LogInit:  - built for x86_64-pc-win32
LogInit:  - supports SSL with WinSSL
LogInit:  - other features:
LogInit:      CURL_VERSION_SSL
LogInit:      CURL_VERSION_IPV6
LogInit:      CURL_VERSION_ASYNCHDNS
LogInit:      CURL_VERSION_LARGEFILE
LogInit:      CURL_VERSION_IDN
LogInit:  CurlRequestOptions (configurable via config and command line):
LogInit:  - bVerifyPeer = true  - Libcurl will verify peer certificate
LogInit:  - bUseHttpProxy = false  - Libcurl will NOT use HTTP proxy
LogInit:  - bDontReuseConnections = false  - Libcurl will reuse connections
LogInit:  - CertBundlePath = nullptr  - Libcurl will use whatever was configured at build time.
LogInit: Presizing for max 16777216 objects, including 0 objects not considered by GC, pre-allocating 0 bytes for permanent pool.
LogInit: Object subsystem initialized
[2016.05.08-19.24.51:924][  0]LogInit: Selected Device Profile: [Windows]
[2016.05.08-19.24.51:924][  0]LogInit: Applying CVar settings loaded from the selected device profile: [Windows]
[2016.05.08-19.24.51:934][  0]LogInit: Computer: MONICA
[2016.05.08-19.24.51:934][  0]LogInit: User: Matt
[2016.05.08-19.24.51:934][  0]LogInit: CPU Page size=65536, Cores=4
[2016.05.08-19.24.51:934][  0]LogInit: High frequency timer resolution =3.906295 MHz
[2016.05.08-19.24.51:934][  0]LogMemory: Memory total: Physical=15.9GB (16GB approx)
[2016.05.08-19.24.51:934][  0]LogMemory: Platform Memory Stats for Windows
[2016.05.08-19.24.51:934][  0]LogMemory: Process Physical Memory: 314.13 MB used, 314.13 MB peak
[2016.05.08-19.24.51:934][  0]LogMemory: Process Virtual Memory: 314.78 MB used, 314.78 MB peak
[2016.05.08-19.24.51:934][  0]LogMemory: Physical Memory: 5085.10 MB used, 16330.44 MB total
[2016.05.08-19.24.51:934][  0]LogMemory: Virtual Memory: 653.25 MB used, 134217728.00 MB total
[2016.05.08-19.24.52:015][  0]LogTextLocalizationManager: No specific translations for ('en-US') exist, so ('en') translations will be used.
[2016.05.08-19.24.52:526][  0]LogD3D11RHI: D3D11 adapters:
[2016.05.08-19.24.52:572][  0]LogD3D11RHI:    0. 'NVIDIA GeForce GTX 970' (Feature Level 11_0)
[2016.05.08-19.24.52:572][  0]LogD3D11RHI:       4007MB of dedicated video memory, 0MB of dedicated system memory, and 8165MB of shared system memory, 2 output[s]
[2016.05.08-19.24.52:575][  0]LogD3D11RHI:    1. 'Microsoft Basic Render Driver' (Feature Level 11_0)
[2016.05.08-19.24.52:575][  0]LogD3D11RHI:       0MB of dedicated video memory, 0MB of dedicated system memory, and 8165MB of shared system memory, 0 output[s]
[2016.05.08-19.24.52:575][  0]LogD3D11RHI: Chosen D3D11 Adapter: 0
[2016.05.08-19.24.52:584][  0]LogD3D11RHI: Creating new Direct3DDevice
[2016.05.08-19.24.52:584][  0]LogD3D11RHI:     Adapter Name: NVIDIA GeForce GTX 970
[2016.05.08-19.24.52:584][  0]LogD3D11RHI:   Driver Version: 10.18.13.6200 (internal 10.18.13.6200)
[2016.05.08-19.24.52:584][  0]LogD3D11RHI:      Driver Date: 2-23-2016
[2016.05.08-19.24.52:584][  0]LogRHI: Texture pool is 1361 MB (70% of 1945 MB)
[2016.05.08-19.24.52:608][  0]LogD3D11RHI: Async texture creation enabled
[2016.05.08-19.24.52:628][  0]LogShaderCompilers: Guid format shader working directory is -20 characters bigger than the processId version (../../../../../../Users/Matt/Documents/Unreal Projects/Otherworld/Intermediate/Shaders/WorkingDirectory/4204/).
[2016.05.08-19.24.52:629][  0]LogShaderCompilers: Cleaned the shader compiler working directory 'C:/Users/Matt/AppData/Local/Temp/UnrealShaderWorkingDir/D7ACFC7343E79E5B82084993B312D0BC/'.
[2016.05.08-19.24.52:629][  0]LogShaderCompilers:Display: Using Local Shader Compiler.
[2016.05.08-19.24.53:892][  0]LogTemp:Display: Loaded TP AllDesktopTargetPlatform
[2016.05.08-19.24.53:898][  0]LogTemp:Display: Loaded TP WindowsClientTargetPlatform
[2016.05.08-19.24.53:904][  0]LogTemp:Display: Loaded TP WindowsNoEditorTargetPlatform
[2016.05.08-19.24.53:910][  0]LogTemp:Display: Loaded TP WindowsServerTargetPlatform
[2016.05.08-19.24.53:916][  0]LogTemp:Display: Loaded TP WindowsTargetPlatform
[2016.05.08-19.24.53:920][  0]LogTemp:Display: Loaded TP AndroidTargetPlatform
[2016.05.08-19.24.53:925][  0]LogTemp:Display: Loaded TP Android_ASTCTargetPlatform
[2016.05.08-19.24.53:929][  0]LogTemp:Display: Loaded TP Android_ATCTargetPlatform
[2016.05.08-19.24.53:933][  0]LogTemp:Display: Loaded TP Android_DXTTargetPlatform
[2016.05.08-19.24.53:937][  0]LogTemp:Display: Loaded TP Android_ETC1TargetPlatform
[2016.05.08-19.24.53:941][  0]LogTemp:Display: Loaded TP Android_ETC2TargetPlatform
[2016.05.08-19.24.53:950][  0]LogTemp:Display: Loaded TP Android_MultiTargetPlatform
[2016.05.08-19.24.53:950][  0]LogTemp:Display: Loaded TP Android_PVRTCTargetPlatform
[2016.05.08-19.24.53:952][  0]LogTemp:Display: Loaded TP HTML5TargetPlatform
[2016.05.08-19.24.53:972][  0]LogTemp:Display: Loaded TP IOSTargetPlatform
[2016.05.08-19.24.53:990][  0]LogTemp:Display: Loaded TP TVOSTargetPlatform
[2016.05.08-19.24.53:996][  0]LogTemp:Display: Loaded TP LinuxNoEditorTargetPlatform
[2016.05.08-19.24.54:000][  0]LogTemp:Display: Loaded TP LinuxServerTargetPlatform
[2016.05.08-19.24.54:005][  0]LogTemp:Display: Loaded TP LinuxTargetPlatform
[2016.05.08-19.24.54:005][  0]LogTargetPlatformManager:Display: Building Assets For Windows
[2016.05.08-19.24.54:096][  0]LogDerivedDataCache:Display: Max Cache Size: 512 MB
[2016.05.08-19.24.54:188][  0]LogDerivedDataCache: Loaded boot cache 0.09s 46MB C:/Users/Matt/AppData/Local/UnrealEngine/4.11/DerivedDataCache/Boot.ddc.
[2016.05.08-19.24.54:188][  0]LogDerivedDataCache:Display: Loaded Boot cache: C:/Users/Matt/AppData/Local/UnrealEngine/4.11/DerivedDataCache/Boot.ddc
[2016.05.08-19.24.54:188][  0]LogDerivedDataCache: FDerivedDataBackendGraph:  Pak pak cache file ../../../../../../Users/Matt/Documents/Unreal Projects/Otherworld/DerivedDataCache/DDC.ddp not found, will not use a pak cache.
[2016.05.08-19.24.54:188][  0]LogDerivedDataCache: Unable to find inner node Pak for hierarchical cache Hierarchy.
[2016.05.08-19.24.54:188][  0]LogDerivedDataCache: FDerivedDataBackendGraph:  CompressedPak pak cache file ../../../../../../Users/Matt/Documents/Unreal Projects/Otherworld/DerivedDataCache/Compressed.ddp not found, will not use a pak cache.
[2016.05.08-19.24.54:188][  0]LogDerivedDataCache: Unable to find inner node CompressedPak for hierarchical cache Hierarchy.
[2016.05.08-19.24.54:205][  0]LogDerivedDataCache:Display: Pak cache opened for reading ../../../Engine/DerivedDataCache/Compressed.ddp.
[2016.05.08-19.24.54:218][  0]LogDerivedDataCache: Using Local data cache path C:/Users/Matt/AppData/Local/UnrealEngine/Common/DerivedDataCache: Writable
[2016.05.08-19.24.54:446][  0]LogInit: Selected Device Profile: [Windows]
[2016.05.08-19.24.54:447][  0]LogContentStreaming: Texture pool size is 0.00 MB
[2016.05.08-19.24.54:491][  0]LogMaterial: Uniform references updated for custom material expression Custom.
[2016.05.08-19.24.54:634][  0]LogMeshUtilities: No automatic mesh reduction module available
[2016.05.08-19.24.54:634][  0]LogMeshUtilities: No automatic mesh merging module available
[2016.05.08-19.24.54:634][  0]LogMeshUtilities: No distributed automatic mesh merging module available
[2016.05.08-19.24.54:964][  0]LogUObjectArray: 27679 objects as part of root set at end of initial load.
[2016.05.08-19.24.54:964][  0]LogUObjectAllocator: 5591592 out of 0 bytes used by permanent object pool.
[2016.05.08-19.24.54:964][  0]LogUObjectArray: CloseDisregardForGC: 0/0 objects in disregard for GC pool
[2016.05.08-19.24.54:974][  0]LogInit: WinSock: version 1.1 (2.2), MaxSocks=32767, MaxUdp=65467
[2016.05.08-19.24.55:102][  0]LogSlate: SlateFontCache - WITH_FREETYPE: 1, WITH_HARFBUZZ: 1
[2016.05.08-19.24.55:102][  0]LogSlate: SlateFontCache - WITH_FREETYPE: 1, WITH_HARFBUZZ: 1
[2016.05.08-19.24.55:208][  0]LogStreaming:Warning: Failed to read file '../../../Engine/Content/Editor/Slate/Common/Selection_16x.png' error.
[2016.05.08-19.24.55:208][  0]LogSlate: Could not find file for Slate resource: ../../../Engine/Content/Editor/Slate/Common/Selection_16x.png
[2016.05.08-19.24.55:208][  0]LogStreaming:Warning: Failed to read file '../../../Engine/Content/Editor/Slate/Common/Selection_16x.png' error.
[2016.05.08-19.24.55:208][  0]LogSlate: Could not find file for Slate resource: ../../../Engine/Content/Editor/Slate/Common/Selection_16x.png
[2016.05.08-19.24.55:208][  0]LogStreaming:Warning: Failed to read file '../../../Engine/Content/Editor/Slate/Common/Selection_16x.png' error.
[2016.05.08-19.24.55:208][  0]LogSlate: Could not find file for Slate resource: ../../../Engine/Content/Editor/Slate/Common/Selection_16x.png
[2016.05.08-19.24.55:820][  0]LogUdpMessaging: Initializing bridge on interface 0.0.0.0:0 to multicast group 230.0.0.1:6666.
[2016.05.08-19.24.55:930][  0]LogAssetRegistry: FAssetRegistry took 0.0217 seconds to start up
[2016.05.08-19.24.56:105][  0]SourceControl: Info Source control is disabled
[2016.05.08-19.24.56:186][  0]SourceControl: Info Source control is disabled
[2016.05.08-19.24.56:197][  0]SourceControl: Info Source control is disabled
[2016.05.08-19.24.56:207][  0]SourceControl: Info Source control is disabled
[2016.05.08-19.24.56:344][  0]LogHMD: Failed to initialize OpenVR with code 110
[2016.05.08-19.24.56:423][  0]LogEngine: Initializing Engine...
[2016.05.08-19.24.56:587][  0]LogAIModule: Creating AISystem for world NewWorld
[2016.05.08-19.24.56:608][  0]LogInit: XAudio2 using 'Speakers (Realtek High Definition Audio)' : 2 channels at 48 kHz using 32 bits per sample (channel mask 0x3)
[2016.05.08-19.24.56:652][  0]LogInit: FAudioDevice initialized.
[2016.05.08-19.24.56:697][  0]LogDerivedDataCache: Saved boot cache 0.05s 46MB C:/Users/Matt/AppData/Local/UnrealEngine/4.11/DerivedDataCache/Boot.ddc.
[2016.05.08-19.24.56:712][  0]LogInit: Texture streaming: Enabled
[2016.05.08-19.24.56:748][  0]LogInit: Transaction tracking system initialized
[2016.05.08-19.24.56:779][  0]BlueprintLog: New page: Editor Load
[2016.05.08-19.24.56:869][  0]LocalizationService: Info Localization service is disabled
[2016.05.08-19.24.57:096][  0]LogConsoleResponse:Display: 
[2016.05.08-19.24.57:214][  0]LogCook:Display: Max memory allowance for cook 8192mb
[2016.05.08-19.24.57:214][  0]LogCook:Display: Mobile HDR setting 1
[2016.05.08-19.24.57:214][  0]LogCook:Display: Done creating registry. It took  0.00s.
[2016.05.08-19.24.57:278][  0]LogFileCache: Scanning file cache for directory 'C:/Users/Matt/Documents/Unreal Projects/Otherworld/Content/' took 0.01s
[2016.05.08-19.24.57:278][  0]SourceControl: Info Source control is disabled
[2016.05.08-19.24.57:278][  0]Cmd: MAP LOAD FILE="../../../../../../Users/Matt/Documents/Unreal Projects/Otherworld/Content/ThirdPersonBP/Maps/ThirdPersonExampleMap.umap" TEMPLATE=0 SHOWPROGRESS=1 FEATURELEVEL=3
[2016.05.08-19.24.57:278][  0]LightingResults: New page: Lighting Build
[2016.05.08-19.24.57:282][  0]MapCheck: New page: Map Check
[2016.05.08-19.24.57:282][  0]LightingResults: New page: Lighting Build
[2016.05.08-19.24.57:841][  0]LogAIModule: Creating AISystem for world ThirdPersonExampleMap
[2016.05.08-19.24.57:855][  0]LogEditorServer: Finished looking for orphan Actors (0.000 secs)
[2016.05.08-19.24.57:856][  0]Cmd: MAP CHECKDEP NOCLEARLOG
[2016.05.08-19.24.57:917][  0]MapCheck: Info Map check complete: 0 Error(s), 0 Warning(s), took 60.915ms to complete.
[2016.05.08-19.24.57:917][  0]LogFileHelpers: Loading map 'ThirdPersonExampleMap' took 0.639
[2016.05.08-19.24.58:048][  0]LogCollectionManager: Loaded 0 collections in 0.001950 seconds
[2016.05.08-19.24.58:093][  0]LogFileCache: Scanning file cache for directory 'C:/Users/Matt/Documents/Unreal Projects/Otherworld/Saved/Collections/' took 0.01s
[2016.05.08-19.24.58:093][  0]LogFileCache: Scanning file cache for directory 'C:/Users/Matt/Documents/Unreal Projects/Otherworld/Content/Developers/Matt/Collections/' took 0.01s
[2016.05.08-19.24.58:093][  0]LogFileCache: Scanning file cache for directory 'C:/Users/Matt/Documents/Unreal Projects/Otherworld/Content/Collections/' took 0.01s
[2016.05.08-19.24.58:093][  0]LogCollectionManager: Rebuilt the GUID cache for 0 collections in 0.000003 seconds
[2016.05.08-19.24.58:102][  0]LogContentBrowser: Native class hierarchy populated in 0.0096 seconds. Added 1980 classes and 345 folders.
[2016.05.08-19.24.58:106][  0]LogStats: UGameplayTagsManager::ConstructGameplayTagTree: Construct from data asset -  0.000 s
[2016.05.08-19.24.58:106][  0]LogStats: UGameplayTagsManager::ConstructGameplayTagTree: GameplayTagTreeChangedEvent.Broadcast -  0.000 s
[2016.05.08-19.24.58:107][  0]LogContentBrowser: Native class hierarchy updated for 'GameplayTags' in 0.0005 seconds. Added 12 classes and 0 folders.
[2016.05.08-19.24.58:112][  0]LogContentBrowser: Native class hierarchy updated for 'WidgetCarousel' in 0.0003 seconds. Added 0 classes and 0 folders.
[2016.05.08-19.24.58:119][  0]LogContentBrowser: Native class hierarchy updated for 'SuperSearch' in 0.0004 seconds. Added 1 classes and 2 folders.
[2016.05.08-19.24.58:166][  0]LogContentBrowser: Native class hierarchy updated for 'AddContentDialog' in 0.0004 seconds. Added 0 classes and 0 folders.
[2016.05.08-19.24.58:234][  0]LogCrashTracker: Crashtracker disabled due to settings.
[2016.05.08-19.24.58:242][  0]LogUObjectGlobals:Warning: Failed to find object 'Class None.'
[2016.05.08-19.24.58:268][  0]LogContentBrowser: Native class hierarchy updated for 'HierarchicalLODOutliner' in 0.0004 seconds. Added 1 classes and 2 folders.
[2016.05.08-19.24.58:269][  0]LogLoad: Full Startup: 7.37 seconds (BP compile: 0.15 seconds)
[2016.05.08-19.24.58:269][  0]LogExternalProfiler: Found external profiler: VSPerf
[2016.05.08-19.24.58:269][  0]LogExternalProfiler: Using external profiler: VSPerf
[2016.05.08-19.24.58:278][  0]LogOcInput: OculusInput pre-init called
[2016.05.08-19.24.58:324][  0]LogContentStreaming: Texture pool size now 1000 MB
[2016.05.08-19.24.58:477][  0]LogRenderer: Reallocating scene render targets to support 968x408 (Frame:2).
[2016.05.08-19.24.58:579][  1]LogAssetRegistry: Asset discovery search completed in 2.6713 seconds
[2016.05.08-19.24.58:579][  1]LogCollectionManager: Rebuilt the object cache for 0 collections in 0.000001 seconds (found 0 objects)
[2016.05.08-19.24.58:579][  1]LogCollectionManager: Fixed up redirectors for 0 collections in 0.000025 seconds (updated 0 objects)
[2016.05.08-19.25.08:175][ 46]LogContentBrowser: Native class hierarchy updated for 'BlueprintGraph' in 0.0011 seconds. Added 108 classes and 0 folders.
[2016.05.08-19.25.22:736][631]LogFactory: FactoryCreateBinary: Texture with ReimportTextureFactory (0 0 C:\Users\Matt\Documents\RpgCrosshair.png)
[2016.05.08-19.25.22:740][631]LogTexture:Display: Building textures: RpgCrosshair (AutoDXT)
[2016.05.08-19.25.42:422][816]LogSavePackage: Save=47.46ms
[2016.05.08-19.25.42:422][816]LogSavePackage: Moving '../../../../../../Users/Matt/Documents/Unreal Projects/Otherworld/Saved/HeadsUpDisplay9E88DB004AFDC14E0E7271AB25A67537.tmp' to '../../../../../../Users/Matt/Documents/Unreal Projects/Otherworld/Content/UserInterface/Widgets/HeadsUpDisplay.uasset'
[2016.05.08-19.25.42:426][816]LogSavePackage: Total save time: 57.47ms
[2016.05.08-19.25.42:426][816]LogSavePackage:Display: Finished SavePackage ../../../../../../Users/Matt/Documents/Unreal Projects/Otherworld/Content/UserInterface/Widgets/HeadsUpDisplay.uasset
[2016.05.08-19.25.42:434][816]Cmd: OBJ SAVEPACKAGE PACKAGE="/Game/UserInterface/Images/RpgCrosshair" FILE="../../../../../../Users/Matt/Documents/Unreal Projects/Otherworld/Content/UserInterface/Images/RpgCrosshair.uasset" SILENT=true
[2016.05.08-19.25.42:437][816]LogSavePackage: Save=2.31ms
[2016.05.08-19.25.42:437][816]LogSavePackage: Moving '../../../../../../Users/Matt/Documents/Unreal Projects/Otherworld/Saved/RpgCrosshairE37B65B34614FE05D66F8B8D93AA9FB9.tmp' to '../../../../../../Users/Matt/Documents/Unreal Projects/Otherworld/Content/UserInterface/Images/RpgCrosshair.uasset'
[2016.05.08-19.25.42:441][816]LogSavePackage: Total save time: 6.09ms
[2016.05.08-19.25.42:441][816]LogSavePackage:Display: Finished SavePackage ../../../../../../Users/Matt/Documents/Unreal Projects/Otherworld/Content/UserInterface/Images/RpgCrosshair.uasset
[2016.05.08-19.25.48:752][559]BlueprintLog: New page: Compile HeadsUpDisplay
[2016.05.08-19.25.48:900][559]BlueprintEditorCompileResults: Info [0058.00] Compile of HeadsUpDisplay successful! [in 147 ms]
[2016.05.08-19.25.49:737][654]LogBlueprintUserMessages: Early PlayInEditor Detection: Level '/Game/ThirdPersonBP/Maps/ThirdPersonExampleMap.ThirdPersonExampleMap:PersistentLevel' has LevelScriptBlueprint '/Game/ThirdPersonBP/Maps/ThirdPersonExampleMap.ThirdPersonExampleMap:PersistentLevel.ThirdPersonExampleMap' with GeneratedClass '/Game/ThirdPersonBP/Maps/ThirdPersonExampleMap.ThirdPersonExampleMap_C' with ClassGeneratedBy '/Game/ThirdPersonBP/Maps/ThirdPersonExampleMap.ThirdPersonExampleMap:PersistentLevel.ThirdPersonExampleMap'
[2016.05.08-19.25.49:737][654]LogPlayLevel: PlayLevel: No blueprints needed recompiling
[2016.05.08-19.25.49:738][654]PIE: New page: PIE session: ThirdPersonExampleMap (May 8, 2016, 10:25:49 AM)
[2016.05.08-19.25.49:739][654]LogPlayLevel: Creating play world package: /Game/ThirdPersonBP/Maps/UEDPIE_0_ThirdPersonExampleMap
[2016.05.08-19.25.49:783][654]LogPlayLevel: PIE: StaticDuplicateObject took: (0.044870s)
[2016.05.08-19.25.49:785][654]LogAIModule: Creating AISystem for world ThirdPersonExampleMap
[2016.05.08-19.25.49:785][654]LogPlayLevel: PIE: World Init took: (0.001452s)
[2016.05.08-19.25.49:785][654]LogPlayLevel: PIE: Created PIE world by copying editor world from /Game/ThirdPersonBP/Maps/ThirdPersonExampleMap.ThirdPersonExampleMap to /Game/ThirdPersonBP/Maps/UEDPIE_0_ThirdPersonExampleMap.ThirdPersonExampleMap (0.046654s)
[2016.05.08-19.25.49:834][654]LogInit: XAudio2 using 'Speakers (Realtek High Definition Audio)' : 2 channels at 48 kHz using 32 bits per sample (channel mask 0x3)
[2016.05.08-19.25.49:848][654]LogInit: FAudioDevice initialized.
[2016.05.08-19.25.49:930][654]LogWorld: Game class is 'ThirdPersonGameMode_C'
[2016.05.08-19.25.49:935][654]LogWorld: Bringing World /Game/ThirdPersonBP/Maps/UEDPIE_0_ThirdPersonExampleMap.ThirdPersonExampleMap up for play (max tick rate 0) at 2016.05.08-15.25.49
[2016.05.08-19.25.49:936][654]LogWorld: Bringing up level for play took: 0.004225
[2016.05.08-19.25.49:940][654]LogContentBrowser: Native class hierarchy updated for 'MovieSceneCapture' in 0.0005 seconds. Added 9 classes and 0 folders.
[2016.05.08-19.25.49:947][654]PIE: Info Play in editor start time for /Game/ThirdPersonBP/Maps/UEDPIE_0_ThirdPersonExampleMap 0.884
[2016.05.08-19.25.49:947][654]LogBlueprintUserMessages: Late PlayInEditor Detection: Level '/Game/ThirdPersonBP/Maps/ThirdPersonExampleMap.ThirdPersonExampleMap:PersistentLevel' has LevelScriptBlueprint '/Game/ThirdPersonBP/Maps/ThirdPersonExampleMap.ThirdPersonExampleMap:PersistentLevel.ThirdPersonExampleMap' with GeneratedClass '/Game/ThirdPersonBP/Maps/ThirdPersonExampleMap.ThirdPersonExampleMap_C' with ClassGeneratedBy '/Game/ThirdPersonBP/Maps/ThirdPersonExampleMap.ThirdPersonExampleMap:PersistentLevel.ThirdPersonExampleMap'
[2016.05.08-19.25.50:000][656]LogRenderer: Reallocating scene render targets to support 1280x720 (Frame:1603).
[2016.05.08-19.25.51:753][812]LogBlueprintUserMessages: Early EndPlayMap Detection: Level '/Game/ThirdPersonBP/Maps/ThirdPersonExampleMap.ThirdPersonExampleMap:PersistentLevel' has LevelScriptBlueprint '/Game/ThirdPersonBP/Maps/ThirdPersonExampleMap.ThirdPersonExampleMap:PersistentLevel.ThirdPersonExampleMap' with GeneratedClass '/Game/ThirdPersonBP/Maps/ThirdPersonExampleMap.ThirdPersonExampleMap_C' with ClassGeneratedBy '/Game/ThirdPersonBP/Maps/ThirdPersonExampleMap.ThirdPersonExampleMap:PersistentLevel.ThirdPersonExampleMap'
[2016.05.08-19.25.51:808][812]LogBlueprintUserMessages: Late EndPlayMap Detection: Level '/Game/ThirdPersonBP/Maps/ThirdPersonExampleMap.ThirdPersonExampleMap:PersistentLevel' has LevelScriptBlueprint '/Game/ThirdPersonBP/Maps/ThirdPersonExampleMap.ThirdPersonExampleMap:PersistentLevel.ThirdPersonExampleMap' with GeneratedClass '/Game/ThirdPersonBP/Maps/ThirdPersonExampleMap.ThirdPersonExampleMap_C' with ClassGeneratedBy '/Game/ThirdPersonBP/Maps/ThirdPersonExampleMap.ThirdPersonExampleMap:PersistentLevel.ThirdPersonExampleMap'
[2016.05.08-19.25.59:847][690]LogSavePackage: Save=59.00ms
[2016.05.08-19.25.59:847][690]LogSavePackage: Moving '../../../../../../Users/Matt/Documents/Unreal Projects/Otherworld/Saved/HeadsUpDisplayC3F335044079E8C3B381CB989CE29307.tmp' to '../../../../../../Users/Matt/Documents/Unreal Projects/Otherworld/Content/UserInterface/Widgets/HeadsUpDisplay.uasset'
[2016.05.08-19.25.59:850][690]LogSavePackage: Total save time: 68.91ms
[2016.05.08-19.25.59:850][690]LogSavePackage:Display: Finished SavePackage ../../../../../../Users/Matt/Documents/Unreal Projects/Otherworld/Content/UserInterface/Widgets/HeadsUpDisplay.uasset
[2016.05.08-19.26.00:460][759]BlueprintLog: New page: Compile HeadsUpDisplay
[2016.05.08-19.26.00:583][759]BlueprintEditorCompileResults: Info [0069.69] Compile of HeadsUpDisplay successful! [in 122 ms]
[2016.05.08-19.26.01:006][803]LogBlueprintUserMessages: Early PlayInEditor Detection: Level '/Game/ThirdPersonBP/Maps/ThirdPersonExampleMap.ThirdPersonExampleMap:PersistentLevel' has LevelScriptBlueprint '/Game/ThirdPersonBP/Maps/ThirdPersonExampleMap.ThirdPersonExampleMap:PersistentLevel.ThirdPersonExampleMap' with GeneratedClass '/Game/ThirdPersonBP/Maps/ThirdPersonExampleMap.ThirdPersonExampleMap_C' with ClassGeneratedBy '/Game/ThirdPersonBP/Maps/ThirdPersonExampleMap.ThirdPersonExampleMap:PersistentLevel.ThirdPersonExampleMap'
[2016.05.08-19.26.01:006][803]LogPlayLevel: PlayLevel: No blueprints needed recompiling
[2016.05.08-19.26.01:007][803]PIE: New page: PIE session: ThirdPersonExampleMap (May 8, 2016, 10:26:01 AM)
[2016.05.08-19.26.01:007][803]LogPlayLevel: Creating play world package: /Game/ThirdPersonBP/Maps/UEDPIE_0_ThirdPersonExampleMap
[2016.05.08-19.26.01:043][803]LogPlayLevel: PIE: StaticDuplicateObject took: (0.035859s)
[2016.05.08-19.26.01:044][803]LogAIModule: Creating AISystem for world ThirdPersonExampleMap
[2016.05.08-19.26.01:044][803]LogPlayLevel: PIE: World Init took: (0.001418s)
[2016.05.08-19.26.01:044][803]LogPlayLevel: PIE: Created PIE world by copying editor world from /Game/ThirdPersonBP/Maps/ThirdPersonExampleMap.ThirdPersonExampleMap to /Game/ThirdPersonBP/Maps/UEDPIE_0_ThirdPersonExampleMap.ThirdPersonExampleMap (0.037602s)
[2016.05.08-19.26.01:092][803]LogInit: XAudio2 using 'Speakers (Realtek High Definition Audio)' : 2 channels at 48 kHz using 32 bits per sample (channel mask 0x3)
[2016.05.08-19.26.01:108][803]LogInit: FAudioDevice initialized.
[2016.05.08-19.26.01:161][803]LogWorld: Game class is 'ThirdPersonGameMode_C'
[2016.05.08-19.26.01:166][803]LogWorld: Bringing World /Game/ThirdPersonBP/Maps/UEDPIE_0_ThirdPersonExampleMap.ThirdPersonExampleMap up for play (max tick rate 0) at 2016.05.08-15.26.01
[2016.05.08-19.26.01:167][803]LogWorld: Bringing up level for play took: 0.004502
[2016.05.08-19.26.01:175][803]PIE: Info Play in editor start time for /Game/ThirdPersonBP/Maps/UEDPIE_0_ThirdPersonExampleMap 0.112
[2016.05.08-19.26.01:175][803]LogBlueprintUserMessages: Late PlayInEditor Detection: Level '/Game/ThirdPersonBP/Maps/ThirdPersonExampleMap.ThirdPersonExampleMap:PersistentLevel' has LevelScriptBlueprint '/Game/ThirdPersonBP/Maps/ThirdPersonExampleMap.ThirdPersonExampleMap:PersistentLevel.ThirdPersonExampleMap' with GeneratedClass '/Game/ThirdPersonBP/Maps/ThirdPersonExampleMap.ThirdPersonExampleMap_C' with ClassGeneratedBy '/Game/ThirdPersonBP/Maps/ThirdPersonExampleMap.ThirdPersonExampleMap:PersistentLevel.ThirdPersonExampleMap'
[2016.05.08-19.26.04:620][141]LogBlueprintUserMessages: Early EndPlayMap Detection: Level '/Game/ThirdPersonBP/Maps/ThirdPersonExampleMap.ThirdPersonExampleMap:PersistentLevel' has LevelScriptBlueprint '/Game/ThirdPersonBP/Maps/ThirdPersonExampleMap.ThirdPersonExampleMap:PersistentLevel.ThirdPersonExampleMap' with GeneratedClass '/Game/ThirdPersonBP/Maps/ThirdPersonExampleMap.ThirdPersonExampleMap_C' with ClassGeneratedBy '/Game/ThirdPersonBP/Maps/ThirdPersonExampleMap.ThirdPersonExampleMap:PersistentLevel.ThirdPersonExampleMap'
[2016.05.08-19.26.04:673][141]LogBlueprintUserMessages: Late EndPlayMap Detection: Level '/Game/ThirdPersonBP/Maps/ThirdPersonExampleMap.ThirdPersonExampleMap:PersistentLevel' has LevelScriptBlueprint '/Game/ThirdPersonBP/Maps/ThirdPersonExampleMap.ThirdPersonExampleMap:PersistentLevel.ThirdPersonExampleMap' with GeneratedClass '/Game/ThirdPersonBP/Maps/ThirdPersonExampleMap.ThirdPersonExampleMap_C' with ClassGeneratedBy '/Game/ThirdPersonBP/Maps/ThirdPersonExampleMap.ThirdPersonExampleMap:PersistentLevel.ThirdPersonExampleMap'
[2016.05.08-19.28.31:331][349]LogEditorFactories: Performing atomic reimport of [C:/Users/Matt/Documents/RpgCrosshair.png]
[2016.05.08-19.28.31:332][349]LogFactory: FactoryCreateBinary: Texture2D with ReimportTextureFactory (0 0 C:/Users/Matt/Documents/RpgCrosshair.png)
[2016.05.08-19.28.31:333][349]LogTexture:Display: Building textures: RpgCrosshair (AutoDXT)
[2016.05.08-19.28.31:334][349]LogEditorFactories: -- imported successfully
[2016.05.08-19.28.35:050][758]Cmd: OBJ SAVEPACKAGE PACKAGE="/Game/UserInterface/Images/RpgCrosshair" FILE="../../../../../../Users/Matt/Documents/Unreal Projects/Otherworld/Content/UserInterface/Images/RpgCrosshair.uasset" SILENT=true
[2016.05.08-19.28.35:060][758]LogSavePackage: Save=2.22ms
[2016.05.08-19.28.35:060][758]LogSavePackage: Moving '../../../../../../Users/Matt/Documents/Unreal Projects/Otherworld/Saved/RpgCrosshair2CFC96C84D4AC82AFBFB31B1F3AD6E82.tmp' to '../../../../../../Users/Matt/Documents/Unreal Projects/Otherworld/Content/UserInterface/Images/RpgCrosshair.uasset'
[2016.05.08-19.28.35:062][758]LogSavePackage: Total save time: 11.25ms
[2016.05.08-19.28.35:062][758]LogSavePackage:Display: Finished SavePackage ../../../../../../Users/Matt/Documents/Unreal Projects/Otherworld/Content/UserInterface/Images/RpgCrosshair.uasset
[2016.05.08-19.28.45:572][981]LogSavePackage: Save=52.22ms
[2016.05.08-19.28.45:572][981]LogSavePackage: Moving '../../../../../../Users/Matt/Documents/Unreal Projects/Otherworld/Saved/HeadsUpDisplayC94876A447F386C2889E80A918713F56.tmp' to '../../../../../../Users/Matt/Documents/Unreal Projects/Otherworld/Content/UserInterface/Widgets/HeadsUpDisplay.uasset'
[2016.05.08-19.28.45:576][981]LogSavePackage: Total save time: 59.66ms
[2016.05.08-19.28.45:576][981]LogSavePackage:Display: Finished SavePackage ../../../../../../Users/Matt/Documents/Unreal Projects/Otherworld/Content/UserInterface/Widgets/HeadsUpDisplay.uasset
[2016.05.08-19.28.46:259][ 61]BlueprintLog: New page: Compile HeadsUpDisplay
[2016.05.08-19.28.46:370][ 61]BlueprintEditorCompileResults: Info [0235.47] Compile of HeadsUpDisplay successful! [in 111 ms]
[2016.05.08-19.28.47:028][136]LogBlueprintUserMessages: Early PlayInEditor Detection: Level '/Game/ThirdPersonBP/Maps/ThirdPersonExampleMap.ThirdPersonExampleMap:PersistentLevel' has LevelScriptBlueprint '/Game/ThirdPersonBP/Maps/ThirdPersonExampleMap.ThirdPersonExampleMap:PersistentLevel.ThirdPersonExampleMap' with GeneratedClass '/Game/ThirdPersonBP/Maps/ThirdPersonExampleMap.ThirdPersonExampleMap_C' with ClassGeneratedBy '/Game/ThirdPersonBP/Maps/ThirdPersonExampleMap.ThirdPersonExampleMap:PersistentLevel.ThirdPersonExampleMap'
[2016.05.08-19.28.47:028][136]LogPlayLevel: PlayLevel: No blueprints needed recompiling
[2016.05.08-19.28.47:028][136]PIE: New page: PIE session: ThirdPersonExampleMap (May 8, 2016, 10:28:47 AM)
[2016.05.08-19.28.47:028][136]LogPlayLevel: Creating play world package: /Game/ThirdPersonBP/Maps/UEDPIE_0_ThirdPersonExampleMap
[2016.05.08-19.28.47:062][136]LogPlayLevel: PIE: StaticDuplicateObject took: (0.034050s)
[2016.05.08-19.28.47:064][136]LogAIModule: Creating AISystem for world ThirdPersonExampleMap
[2016.05.08-19.28.47:064][136]LogPlayLevel: PIE: World Init took: (0.001297s)
[2016.05.08-19.28.47:064][136]LogPlayLevel: PIE: Created PIE world by copying editor world from /Game/ThirdPersonBP/Maps/ThirdPersonExampleMap.ThirdPersonExampleMap to /Game/ThirdPersonBP/Maps/UEDPIE_0_ThirdPersonExampleMap.ThirdPersonExampleMap (0.035689s)
[2016.05.08-19.28.47:106][136]LogInit: XAudio2 using 'Speakers (Realtek High Definition Audio)' : 2 channels at 48 kHz using 32 bits per sample (channel mask 0x3)
[2016.05.08-19.28.47:119][136]LogInit: FAudioDevice initialized.
[2016.05.08-19.28.47:170][136]LogWorld: Game class is 'ThirdPersonGameMode_C'
[2016.05.08-19.28.47:175][136]LogWorld: Bringing World /Game/ThirdPersonBP/Maps/UEDPIE_0_ThirdPersonExampleMap.ThirdPersonExampleMap up for play (max tick rate 0) at 2016.05.08-15.28.47
[2016.05.08-19.28.47:176][136]LogWorld: Bringing up level for play took: 0.004751
[2016.05.08-19.28.47:188][136]PIE: Info Play in editor start time for /Game/ThirdPersonBP/Maps/UEDPIE_0_ThirdPersonExampleMap 0.125
[2016.05.08-19.28.47:188][136]LogBlueprintUserMessages: Late PlayInEditor Detection: Level '/Game/ThirdPersonBP/Maps/ThirdPersonExampleMap.ThirdPersonExampleMap:PersistentLevel' has LevelScriptBlueprint '/Game/ThirdPersonBP/Maps/ThirdPersonExampleMap.ThirdPersonExampleMap:PersistentLevel.ThirdPersonExampleMap' with GeneratedClass '/Game/ThirdPersonBP/Maps/ThirdPersonExampleMap.ThirdPersonExampleMap_C' with ClassGeneratedBy '/Game/ThirdPersonBP/Maps/ThirdPersonExampleMap.ThirdPersonExampleMap:PersistentLevel.ThirdPersonExampleMap'
[2016.05.08-19.28.49:505][408]LogBlueprintUserMessages: Early EndPlayMap Detection: Level '/Game/ThirdPersonBP/Maps/ThirdPersonExampleMap.ThirdPersonExampleMap:PersistentLevel' has LevelScriptBlueprint '/Game/ThirdPersonBP/Maps/ThirdPersonExampleMap.ThirdPersonExampleMap:PersistentLevel.ThirdPersonExampleMap' with GeneratedClass '/Game/ThirdPersonBP/Maps/ThirdPersonExampleMap.ThirdPersonExampleMap_C' with ClassGeneratedBy '/Game/ThirdPersonBP/Maps/ThirdPersonExampleMap.ThirdPersonExampleMap:PersistentLevel.ThirdPersonExampleMap'
[2016.05.08-19.28.49:555][408]LogBlueprintUserMessages: Late EndPlayMap Detection: Level '/Game/ThirdPersonBP/Maps/ThirdPersonExampleMap.ThirdPersonExampleMap:PersistentLevel' has LevelScriptBlueprint '/Game/ThirdPersonBP/Maps/ThirdPersonExampleMap.ThirdPersonExampleMap:PersistentLevel.ThirdPersonExampleMap' with GeneratedClass '/Game/ThirdPersonBP/Maps/ThirdPersonExampleMap.ThirdPersonExampleMap_C' with ClassGeneratedBy '/Game/ThirdPersonBP/Maps/ThirdPersonExampleMap.ThirdPersonExampleMap:PersistentLevel.ThirdPersonExampleMap'
[2016.05.08-19.28.56:387][202]LogSavePackage: Save=49.78ms
[2016.05.08-19.28.56:387][202]LogSavePackage: Moving '../../../../../../Users/Matt/Documents/Unreal Projects/Otherworld/Saved/HeadsUpDisplay05B87E2147EA13A7F7444D83827F0553.tmp' to '../../../../../../Users/Matt/Documents/Unreal Projects/Otherworld/Content/UserInterface/Widgets/HeadsUpDisplay.uasset'
[2016.05.08-19.28.56:391][202]LogSavePackage: Total save time: 57.66ms
[2016.05.08-19.28.56:391][202]LogSavePackage:Display: Finished SavePackage ../../../../../../Users/Matt/Documents/Unreal Projects/Otherworld/Content/UserInterface/Widgets/HeadsUpDisplay.uasset
[2016.05.08-19.28.57:404][322]BlueprintLog: New page: Compile HeadsUpDisplay
[2016.05.08-19.28.57:522][322]BlueprintEditorCompileResults: Info [0246.63] Compile of HeadsUpDisplay successful! [in 117 ms]
[2016.05.08-19.28.58:119][387]LogBlueprintUserMessages: Early PlayInEditor Detection: Level '/Game/ThirdPersonBP/Maps/ThirdPersonExampleMap.ThirdPersonExampleMap:PersistentLevel' has LevelScriptBlueprint '/Game/ThirdPersonBP/Maps/ThirdPersonExampleMap.ThirdPersonExampleMap:PersistentLevel.ThirdPersonExampleMap' with GeneratedClass '/Game/ThirdPersonBP/Maps/ThirdPersonExampleMap.ThirdPersonExampleMap_C' with ClassGeneratedBy '/Game/ThirdPersonBP/Maps/ThirdPersonExampleMap.ThirdPersonExampleMap:PersistentLevel.ThirdPersonExampleMap'
[2016.05.08-19.28.58:119][387]LogPlayLevel: PlayLevel: No blueprints needed recompiling
[2016.05.08-19.28.58:119][387]PIE: New page: PIE session: ThirdPersonExampleMap (May 8, 2016, 10:28:58 AM)
[2016.05.08-19.28.58:119][387]LogPlayLevel: Creating play world package: /Game/ThirdPersonBP/Maps/UEDPIE_0_ThirdPersonExampleMap
[2016.05.08-19.28.58:151][387]LogPlayLevel: PIE: StaticDuplicateObject took: (0.031886s)
[2016.05.08-19.28.58:152][387]LogAIModule: Creating AISystem for world ThirdPersonExampleMap
[2016.05.08-19.28.58:153][387]LogPlayLevel: PIE: World Init took: (0.001609s)
[2016.05.08-19.28.58:153][387]LogPlayLevel: PIE: Created PIE world by copying editor world from /Game/ThirdPersonBP/Maps/ThirdPersonExampleMap.ThirdPersonExampleMap to /Game/ThirdPersonBP/Maps/UEDPIE_0_ThirdPersonExampleMap.ThirdPersonExampleMap (0.033849s)
[2016.05.08-19.28.58:198][387]LogInit: XAudio2 using 'Speakers (Realtek High Definition Audio)' : 2 channels at 48 kHz using 32 bits per sample (channel mask 0x3)
[2016.05.08-19.28.58:211][387]LogInit: FAudioDevice initialized.
[2016.05.08-19.28.58:261][387]LogWorld: Game class is 'ThirdPersonGameMode_C'
[2016.05.08-19.28.58:267][387]LogWorld: Bringing World /Game/ThirdPersonBP/Maps/UEDPIE_0_ThirdPersonExampleMap.ThirdPersonExampleMap up for play (max tick rate 0) at 2016.05.08-15.28.58
[2016.05.08-19.28.58:268][387]LogWorld: Bringing up level for play took: 0.004535
[2016.05.08-19.28.58:277][387]PIE: Info Play in editor start time for /Game/ThirdPersonBP/Maps/UEDPIE_0_ThirdPersonExampleMap -0.786
[2016.05.08-19.28.58:277][387]LogBlueprintUserMessages: Late PlayInEditor Detection: Level '/Game/ThirdPersonBP/Maps/ThirdPersonExampleMap.ThirdPersonExampleMap:PersistentLevel' has LevelScriptBlueprint '/Game/ThirdPersonBP/Maps/ThirdPersonExampleMap.ThirdPersonExampleMap:PersistentLevel.ThirdPersonExampleMap' with GeneratedClass '/Game/ThirdPersonBP/Maps/ThirdPersonExampleMap.ThirdPersonExampleMap_C' with ClassGeneratedBy '/Game/ThirdPersonBP/Maps/ThirdPersonExampleMap.ThirdPersonExampleMap:PersistentLevel.ThirdPersonExampleMap'
[2016.05.08-19.29.16:107][353]LogBlueprintUserMessages: Early EndPlayMap Detection: Level '/Game/ThirdPersonBP/Maps/ThirdPersonExampleMap.ThirdPersonExampleMap:PersistentLevel' has LevelScriptBlueprint '/Game/ThirdPersonBP/Maps/ThirdPersonExampleMap.ThirdPersonExampleMap:PersistentLevel.ThirdPersonExampleMap' with GeneratedClass '/Game/ThirdPersonBP/Maps/ThirdPersonExampleMap.ThirdPersonExampleMap_C' with ClassGeneratedBy '/Game/ThirdPersonBP/Maps/ThirdPersonExampleMap.ThirdPersonExampleMap:PersistentLevel.ThirdPersonExampleMap'
[2016.05.08-19.29.16:154][353]LogBlueprintUserMessages: Late EndPlayMap Detection: Level '/Game/ThirdPersonBP/Maps/ThirdPersonExampleMap.ThirdPersonExampleMap:PersistentLevel' has LevelScriptBlueprint '/Game/ThirdPersonBP/Maps/ThirdPersonExampleMap.ThirdPersonExampleMap:PersistentLevel.ThirdPersonExampleMap' with GeneratedClass '/Game/ThirdPersonBP/Maps/ThirdPersonExampleMap.ThirdPersonExampleMap_C' with ClassGeneratedBy '/Game/ThirdPersonBP/Maps/ThirdPersonExampleMap.ThirdPersonExampleMap:PersistentLevel.ThirdPersonExampleMap'
[2016.05.08-19.32.57:805][491]LogEditorFactories: Performing atomic reimport of [C:/Users/Matt/Documents/RpgCrosshair.png]
[2016.05.08-19.32.57:805][491]LogFactory: FactoryCreateBinary: Texture2D with ReimportTextureFactory (0 0 C:/Users/Matt/Documents/RpgCrosshair.png)
[2016.05.08-19.32.57:807][491]LogTexture:Display: Building textures: RpgCrosshair (AutoDXT)
[2016.05.08-19.32.57:807][491]LogEditorFactories: -- imported successfully
[2016.05.08-19.33.04:953][307]Cmd: OBJ SAVEPACKAGE PACKAGE="/Game/UserInterface/Images/RpgCrosshair" FILE="../../../../../../Users/Matt/Documents/Unreal Projects/Otherworld/Content/UserInterface/Images/RpgCrosshair.uasset" SILENT=true
[2016.05.08-19.33.04:961][307]LogSavePackage: Save=1.86ms
[2016.05.08-19.33.04:961][307]LogSavePackage: Moving '../../../../../../Users/Matt/Documents/Unreal Projects/Otherworld/Saved/RpgCrosshair4FD2510A4716AF41659810B1102CF106.tmp' to '../../../../../../Users/Matt/Documents/Unreal Projects/Otherworld/Content/UserInterface/Images/RpgCrosshair.uasset'
[2016.05.08-19.33.04:966][307]LogSavePackage: Total save time: 11.87ms
[2016.05.08-19.33.04:966][307]LogSavePackage:Display: Finished SavePackage ../../../../../../Users/Matt/Documents/Unreal Projects/Otherworld/Content/UserInterface/Images/RpgCrosshair.uasset
[2016.05.08-19.33.05:915][420]BlueprintLog: New page: Compile HeadsUpDisplay
[2016.05.08-19.33.06:033][420]BlueprintEditorCompileResults: Info [0495.14] Compile of HeadsUpDisplay successful! [in 118 ms]
[2016.05.08-19.33.06:412][461]LogBlueprintUserMessages: Early PlayInEditor Detection: Level '/Game/ThirdPersonBP/Maps/ThirdPersonExampleMap.ThirdPersonExampleMap:PersistentLevel' has LevelScriptBlueprint '/Game/ThirdPersonBP/Maps/ThirdPersonExampleMap.ThirdPersonExampleMap:PersistentLevel.ThirdPersonExampleMap' with GeneratedClass '/Game/ThirdPersonBP/Maps/ThirdPersonExampleMap.ThirdPersonExampleMap_C' with ClassGeneratedBy '/Game/ThirdPersonBP/Maps/ThirdPersonExampleMap.ThirdPersonExampleMap:PersistentLevel.ThirdPersonExampleMap'
[2016.05.08-19.33.06:412][461]LogPlayLevel: PlayLevel: No blueprints needed recompiling
[2016.05.08-19.33.06:412][461]PIE: New page: PIE session: ThirdPersonExampleMap (May 8, 2016, 10:33:06 AM)
[2016.05.08-19.33.06:412][461]LogPlayLevel: Creating play world package: /Game/ThirdPersonBP/Maps/UEDPIE_0_ThirdPersonExampleMap
[2016.05.08-19.33.06:448][461]LogPlayLevel: PIE: StaticDuplicateObject took: (0.036462s)
[2016.05.08-19.33.06:450][461]LogAIModule: Creating AISystem for world ThirdPersonExampleMap
[2016.05.08-19.33.06:450][461]LogPlayLevel: PIE: World Init took: (0.001187s)
[2016.05.08-19.33.06:450][461]LogPlayLevel: PIE: Created PIE world by copying editor world from /Game/ThirdPersonBP/Maps/ThirdPersonExampleMap.ThirdPersonExampleMap to /Game/ThirdPersonBP/Maps/UEDPIE_0_ThirdPersonExampleMap.ThirdPersonExampleMap (0.037972s)
[2016.05.08-19.33.06:493][461]LogInit: XAudio2 using 'Speakers (Realtek High Definition Audio)' : 2 channels at 48 kHz using 32 bits per sample (channel mask 0x3)
[2016.05.08-19.33.06:506][461]LogInit: FAudioDevice initialized.
[2016.05.08-19.33.06:557][461]LogWorld: Game class is 'ThirdPersonGameMode_C'
[2016.05.08-19.33.06:562][461]LogWorld: Bringing World /Game/ThirdPersonBP/Maps/UEDPIE_0_ThirdPersonExampleMap.ThirdPersonExampleMap up for play (max tick rate 0) at 2016.05.08-15.33.06
[2016.05.08-19.33.06:563][461]LogWorld: Bringing up level for play took: 0.004464
[2016.05.08-19.33.06:570][461]PIE: Info Play in editor start time for /Game/ThirdPersonBP/Maps/UEDPIE_0_ThirdPersonExampleMap -0.493
[2016.05.08-19.33.06:570][461]LogBlueprintUserMessages: Late PlayInEditor Detection: Level '/Game/ThirdPersonBP/Maps/ThirdPersonExampleMap.ThirdPersonExampleMap:PersistentLevel' has LevelScriptBlueprint '/Game/ThirdPersonBP/Maps/ThirdPersonExampleMap.ThirdPersonExampleMap:PersistentLevel.ThirdPersonExampleMap' with GeneratedClass '/Game/ThirdPersonBP/Maps/ThirdPersonExampleMap.ThirdPersonExampleMap_C' with ClassGeneratedBy '/Game/ThirdPersonBP/Maps/ThirdPersonExampleMap.ThirdPersonExampleMap:PersistentLevel.ThirdPersonExampleMap'
[2016.05.08-19.33.19:941][ 39]LogBlueprintUserMessages: Early EndPlayMap Detection: Level '/Game/ThirdPersonBP/Maps/ThirdPersonExampleMap.ThirdPersonExampleMap:PersistentLevel' has LevelScriptBlueprint '/Game/ThirdPersonBP/Maps/ThirdPersonExampleMap.ThirdPersonExampleMap:PersistentLevel.ThirdPersonExampleMap' with GeneratedClass '/Game/ThirdPersonBP/Maps/ThirdPersonExampleMap.ThirdPersonExampleMap_C' with ClassGeneratedBy '/Game/ThirdPersonBP/Maps/ThirdPersonExampleMap.ThirdPersonExampleMap:PersistentLevel.ThirdPersonExampleMap'
[2016.05.08-19.33.19:992][ 39]LogBlueprintUserMessages: Late EndPlayMap Detection: Level '/Game/ThirdPersonBP/Maps/ThirdPersonExampleMap.ThirdPersonExampleMap:PersistentLevel' has LevelScriptBlueprint '/Game/ThirdPersonBP/Maps/ThirdPersonExampleMap.ThirdPersonExampleMap:PersistentLevel.ThirdPersonExampleMap' with GeneratedClass '/Game/ThirdPersonBP/Maps/ThirdPersonExampleMap.ThirdPersonExampleMap_C' with ClassGeneratedBy '/Game/ThirdPersonBP/Maps/ThirdPersonExampleMap.ThirdPersonExampleMap:PersistentLevel.ThirdPersonExampleMap'
[2016.05.08-19.33.41:054][207]LogSavePackage: Save=416.29ms
[2016.05.08-19.33.41:054][207]LogSavePackage: Moving '../../../../../../Users/Matt/Documents/Unreal Projects/Otherworld/Saved/ThirdPersonExampleMap934FD1C147E88A88B76057A91DF8EC14.tmp' to '../../../../../../Users/Matt/Documents/Unreal Projects/Otherworld/Content/ThirdPersonBP/Maps/ThirdPersonExampleMap.umap'
[2016.05.08-19.33.41:059][207]LogSavePackage: Total save time: 440.40ms
[2016.05.08-19.33.41:059][207]LogSavePackage:Display: Finished SavePackage ../../../../../../Users/Matt/Documents/Unreal Projects/Otherworld/Content/ThirdPersonBP/Maps/ThirdPersonExampleMap.umap
[2016.05.08-19.33.41:088][207]LogFileHelpers: Saving map 'ThirdPersonExampleMap' took 0.571
[2016.05.08-19.33.41:340][207]LogSavePackage: Save=215.04ms
[2016.05.08-19.33.41:340][207]LogSavePackage: Moving '../../../../../../Users/Matt/Documents/Unreal Projects/Otherworld/Saved/ThirdPersonCharacter0CDB460C404A08AA92424E8FE323E346.tmp' to '../../../../../../Users/Matt/Documents/Unreal Projects/Otherworld/Content/ThirdPersonBP/Blueprints/ThirdPersonCharacter.uasset'
[2016.05.08-19.33.41:344][207]LogSavePackage: Total save time: 225.09ms
[2016.05.08-19.33.41:344][207]LogSavePackage:Display: Finished SavePackage ../../../../../../Users/Matt/Documents/Unreal Projects/Otherworld/Content/ThirdPersonBP/Blueprints/ThirdPersonCharacter.uasset
[2016.05.08-19.33.41:656][243]BlueprintLog: New page: Compile ThirdPersonCharacter
[2016.05.08-19.33.41:764][243]LogActorComponent: UnregisterComponent: (/Engine/Transient.CharMoveComp) Not registered. Aborting.
[2016.05.08-19.33.41:873][243]BlueprintEditorCompileResults: Info [0530.98] Compile of ThirdPersonCharacter successful! [in 217 ms]
[2016.05.08-19.33.42:559][282]LogSavePackage: Save=216.43ms
[2016.05.08-19.33.42:559][282]LogSavePackage: Moving '../../../../../../Users/Matt/Documents/Unreal Projects/Otherworld/Saved/ThirdPersonCharacter149939704B101126DF39D2BA36503D12.tmp' to '../../../../../../Users/Matt/Documents/Unreal Projects/Otherworld/Content/ThirdPersonBP/Blueprints/ThirdPersonCharacter.uasset'
[2016.05.08-19.33.42:561][282]LogSavePackage: Total save time: 222.83ms
[2016.05.08-19.33.42:561][282]LogSavePackage:Display: Finished SavePackage ../../../../../../Users/Matt/Documents/Unreal Projects/Otherworld/Content/ThirdPersonBP/Blueprints/ThirdPersonCharacter.uasset
[2016.05.08-19.33.43:077][340]LogBlueprintUserMessages: Early PlayInEditor Detection: Level '/Game/ThirdPersonBP/Maps/ThirdPersonExampleMap.ThirdPersonExampleMap:PersistentLevel' has LevelScriptBlueprint '/Game/ThirdPersonBP/Maps/ThirdPersonExampleMap.ThirdPersonExampleMap:PersistentLevel.ThirdPersonExampleMap' with GeneratedClass '/Game/ThirdPersonBP/Maps/ThirdPersonExampleMap.ThirdPersonExampleMap_C' with ClassGeneratedBy '/Game/ThirdPersonBP/Maps/ThirdPersonExampleMap.ThirdPersonExampleMap:PersistentLevel.ThirdPersonExampleMap'
[2016.05.08-19.33.43:077][340]LogPlayLevel: PlayLevel: No blueprints needed recompiling
[2016.05.08-19.33.43:077][340]PIE: New page: PIE session: ThirdPersonExampleMap (May 8, 2016, 10:33:43 AM)
[2016.05.08-19.33.43:077][340]LogPlayLevel: Creating play world package: /Game/ThirdPersonBP/Maps/UEDPIE_0_ThirdPersonExampleMap
[2016.05.08-19.33.43:109][340]LogPlayLevel: PIE: StaticDuplicateObject took: (0.031680s)
[2016.05.08-19.33.43:110][340]LogAIModule: Creating AISystem for world ThirdPersonExampleMap
[2016.05.08-19.33.43:111][340]LogPlayLevel: PIE: World Init took: (0.001768s)
[2016.05.08-19.33.43:111][340]LogPlayLevel: PIE: Created PIE world by copying editor world from /Game/ThirdPersonBP/Maps/ThirdPersonExampleMap.ThirdPersonExampleMap to /Game/ThirdPersonBP/Maps/UEDPIE_0_ThirdPersonExampleMap.ThirdPersonExampleMap (0.034057s)
[2016.05.08-19.33.43:111][340]LogActorComponent: UnregisterComponent: (/Engine/Transient.CharMoveComp) Not registered. Aborting.
[2016.05.08-19.33.43:180][340]LogInit: XAudio2 using 'Speakers (Realtek High Definition Audio)' : 2 channels at 48 kHz using 32 bits per sample (channel mask 0x3)
[2016.05.08-19.33.43:194][340]LogInit: FAudioDevice initialized.
[2016.05.08-19.33.43:244][340]LogWorld: Game class is 'ThirdPersonGameMode_C'
[2016.05.08-19.33.43:250][340]LogWorld: Bringing World /Game/ThirdPersonBP/Maps/UEDPIE_0_ThirdPersonExampleMap.ThirdPersonExampleMap up for play (max tick rate 0) at 2016.05.08-15.33.43
[2016.05.08-19.33.43:250][340]LogWorld: Bringing up level for play took: 0.004865
[2016.05.08-19.33.43:259][340]PIE: Info Play in editor start time for /Game/ThirdPersonBP/Maps/UEDPIE_0_ThirdPersonExampleMap 0.196
[2016.05.08-19.33.43:259][340]LogBlueprintUserMessages: Late PlayInEditor Detection: Level '/Game/ThirdPersonBP/Maps/ThirdPersonExampleMap.ThirdPersonExampleMap:PersistentLevel' has LevelScriptBlueprint '/Game/ThirdPersonBP/Maps/ThirdPersonExampleMap.ThirdPersonExampleMap:PersistentLevel.ThirdPersonExampleMap' with GeneratedClass '/Game/ThirdPersonBP/Maps/ThirdPersonExampleMap.ThirdPersonExampleMap_C' with ClassGeneratedBy '/Game/ThirdPersonBP/Maps/ThirdPersonExampleMap.ThirdPersonExampleMap:PersistentLevel.ThirdPersonExampleMap'
[2016.05.08-19.33.45:930][639]LogBlueprintUserMessages: Early EndPlayMap Detection: Level '/Game/ThirdPersonBP/Maps/ThirdPersonExampleMap.ThirdPersonExampleMap:PersistentLevel' has LevelScriptBlueprint '/Game/ThirdPersonBP/Maps/ThirdPersonExampleMap.ThirdPersonExampleMap:PersistentLevel.ThirdPersonExampleMap' with GeneratedClass '/Game/ThirdPersonBP/Maps/ThirdPersonExampleMap.ThirdPersonExampleMap_C' with ClassGeneratedBy '/Game/ThirdPersonBP/Maps/ThirdPersonExampleMap.ThirdPersonExampleMap:PersistentLevel.ThirdPersonExampleMap'
[2016.05.08-19.33.46:026][639]LogBlueprintUserMessages: Late EndPlayMap Detection: Level '/Game/ThirdPersonBP/Maps/ThirdPersonExampleMap.ThirdPersonExampleMap:PersistentLevel' has LevelScriptBlueprint '/Game/ThirdPersonBP/Maps/ThirdPersonExampleMap.ThirdPersonExampleMap:PersistentLevel.ThirdPersonExampleMap' with GeneratedClass '/Game/ThirdPersonBP/Maps/ThirdPersonExampleMap.ThirdPersonExampleMap_C' with ClassGeneratedBy '/Game/ThirdPersonBP/Maps/ThirdPersonExampleMap.ThirdPersonExampleMap:PersistentLevel.ThirdPersonExampleMap'
[2016.05.08-19.33.48:791][953]BlueprintLog: New page: Compile ThirdPersonCharacter
[2016.05.08-19.33.49:005][953]BlueprintEditorCompileResults: Info [0538.11] Compile of ThirdPersonCharacter successful! [in 214 ms]
[2016.05.08-19.33.49:426][994]LogBlueprintUserMessages: Early PlayInEditor Detection: Level '/Game/ThirdPersonBP/Maps/ThirdPersonExampleMap.ThirdPersonExampleMap:PersistentLevel' has LevelScriptBlueprint '/Game/ThirdPersonBP/Maps/ThirdPersonExampleMap.ThirdPersonExampleMap:PersistentLevel.ThirdPersonExampleMap' with GeneratedClass '/Game/ThirdPersonBP/Maps/ThirdPersonExampleMap.ThirdPersonExampleMap_C' with ClassGeneratedBy '/Game/ThirdPersonBP/Maps/ThirdPersonExampleMap.ThirdPersonExampleMap:PersistentLevel.ThirdPersonExampleMap'
[2016.05.08-19.33.49:426][994]LogPlayLevel: PlayLevel: No blueprints needed recompiling
[2016.05.08-19.33.49:426][994]PIE: New page: PIE session: ThirdPersonExampleMap (May 8, 2016, 10:33:49 AM)
[2016.05.08-19.33.49:426][994]LogPlayLevel: Creating play world package: /Game/ThirdPersonBP/Maps/UEDPIE_0_ThirdPersonExampleMap
[2016.05.08-19.33.49:457][994]LogPlayLevel: PIE: StaticDuplicateObject took: (0.031044s)
[2016.05.08-19.33.49:458][994]LogAIModule: Creating AISystem for world ThirdPersonExampleMap
[2016.05.08-19.33.49:458][994]LogPlayLevel: PIE: World Init took: (0.001251s)
[2016.05.08-19.33.49:458][994]LogPlayLevel: PIE: Created PIE world by copying ed