Log file open, 05/08/16 12:49:33
LogInit:Display: Running engine for game: Otherworld
LogPlatformFile: Not using cached read wrapper
LogInit:Display: RandInit(1074774634) SRandInit(1074774636).
LogTaskGraph: Started task graph with 4 named threads and 7 total threads.
LogStats: Stats thread started at 0.079206
LogInit: Version: 4.11.2-2946394+++UE4+Release-4.11
LogInit: API Version: 2927265
LogInit: Compiled (64-bit): Apr 18 2016 02:18:46
LogInit: Compiled with Visual C++: 19.00.23026.00
LogInit: Build Configuration: Development
LogInit: Branch Name: ++UE4+Release-4.11
LogInit: Command line: -EpicPortal 
LogInit: Base directory: C:/Program Files (x86)/Epic Games/4.11/Engine/Binaries/Win64/
LogInit: Installed Engine Build: 1
LogInit: Using libcurl 7.41.0
LogInit:  - built for x86_64-pc-win32
LogInit:  - supports SSL with WinSSL
LogInit:  - other features:
LogInit:      CURL_VERSION_SSL
LogInit:      CURL_VERSION_IPV6
LogInit:      CURL_VERSION_ASYNCHDNS
LogInit:      CURL_VERSION_LARGEFILE
LogInit:      CURL_VERSION_IDN
LogInit:  CurlRequestOptions (configurable via config and command line):
LogInit:  - bVerifyPeer = true  - Libcurl will verify peer certificate
LogInit:  - bUseHttpProxy = false  - Libcurl will NOT use HTTP proxy
LogInit:  - bDontReuseConnections = false  - Libcurl will reuse connections
LogInit:  - CertBundlePath = nullptr  - Libcurl will use whatever was configured at build time.
LogInit: Presizing for max 16777216 objects, including 0 objects not considered by GC, pre-allocating 0 bytes for permanent pool.
LogInit: Object subsystem initialized
[2016.05.08-16.49.33:765][  0]LogInit: Selected Device Profile: [Windows]
[2016.05.08-16.49.33:765][  0]LogInit: Applying CVar settings loaded from the selected device profile: [Windows]
[2016.05.08-16.49.33:774][  0]LogInit: Computer: MONICA
[2016.05.08-16.49.33:774][  0]LogInit: User: Matt
[2016.05.08-16.49.33:774][  0]LogInit: CPU Page size=65536, Cores=4
[2016.05.08-16.49.33:774][  0]LogInit: High frequency timer resolution =3.906244 MHz
[2016.05.08-16.49.33:775][  0]LogMemory: Memory total: Physical=15.9GB (16GB approx)
[2016.05.08-16.49.33:775][  0]LogMemory: Platform Memory Stats for Windows
[2016.05.08-16.49.33:775][  0]LogMemory: Process Physical Memory: 312.87 MB used, 312.87 MB peak
[2016.05.08-16.49.33:775][  0]LogMemory: Process Virtual Memory: 316.05 MB used, 316.05 MB peak
[2016.05.08-16.49.33:775][  0]LogMemory: Physical Memory: 3393.75 MB used, 16330.44 MB total
[2016.05.08-16.49.33:775][  0]LogMemory: Virtual Memory: 654.78 MB used, 134217728.00 MB total
[2016.05.08-16.49.33:818][  0]LogTextLocalizationManager: No specific translations for ('en-US') exist, so ('en') translations will be used.
[2016.05.08-16.49.34:302][  0]LogD3D11RHI: D3D11 adapters:
[2016.05.08-16.49.34:333][  0]LogD3D11RHI:    0. 'NVIDIA GeForce GTX 970' (Feature Level 11_0)
[2016.05.08-16.49.34:333][  0]LogD3D11RHI:       4007MB of dedicated video memory, 0MB of dedicated system memory, and 8165MB of shared system memory, 2 output[s]
[2016.05.08-16.49.34:335][  0]LogD3D11RHI:    1. 'Microsoft Basic Render Driver' (Feature Level 11_0)
[2016.05.08-16.49.34:335][  0]LogD3D11RHI:       0MB of dedicated video memory, 0MB of dedicated system memory, and 8165MB of shared system memory, 0 output[s]
[2016.05.08-16.49.34:335][  0]LogD3D11RHI: Chosen D3D11 Adapter: 0
[2016.05.08-16.49.34:340][  0]LogD3D11RHI: Creating new Direct3DDevice
[2016.05.08-16.49.34:340][  0]LogD3D11RHI:     Adapter Name: NVIDIA GeForce GTX 970
[2016.05.08-16.49.34:340][  0]LogD3D11RHI:   Driver Version: 10.18.13.6200 (internal 10.18.13.6200)
[2016.05.08-16.49.34:340][  0]LogD3D11RHI:      Driver Date: 2-23-2016
[2016.05.08-16.49.34:340][  0]LogRHI: Texture pool is 1361 MB (70% of 1945 MB)
[2016.05.08-16.49.34:359][  0]LogD3D11RHI: Async texture creation enabled
[2016.05.08-16.49.34:376][  0]LogShaderCompilers: Guid format shader working directory is -20 characters bigger than the processId version (../../../../../../Users/Matt/Documents/Unreal Projects/Otherworld/Intermediate/Shaders/WorkingDirectory/9060/).
[2016.05.08-16.49.34:376][  0]LogShaderCompilers: Cleaned the shader compiler working directory 'C:/Users/Matt/AppData/Local/Temp/UnrealShaderWorkingDir/D1B526B344DF0FEF05CD61A749E9C5CC/'.
[2016.05.08-16.49.34:376][  0]LogShaderCompilers:Display: Using Local Shader Compiler.
[2016.05.08-16.49.35:513][  0]LogTemp:Display: Loaded TP AllDesktopTargetPlatform
[2016.05.08-16.49.35:519][  0]LogTemp:Display: Loaded TP WindowsClientTargetPlatform
[2016.05.08-16.49.35:524][  0]LogTemp:Display: Loaded TP WindowsNoEditorTargetPlatform
[2016.05.08-16.49.35:530][  0]LogTemp:Display: Loaded TP WindowsServerTargetPlatform
[2016.05.08-16.49.35:535][  0]LogTemp:Display: Loaded TP WindowsTargetPlatform
[2016.05.08-16.49.35:540][  0]LogTemp:Display: Loaded TP AndroidTargetPlatform
[2016.05.08-16.49.35:544][  0]LogTemp:Display: Loaded TP Android_ASTCTargetPlatform
[2016.05.08-16.49.35:548][  0]LogTemp:Display: Loaded TP Android_ATCTargetPlatform
[2016.05.08-16.49.35:552][  0]LogTemp:Display: Loaded TP Android_DXTTargetPlatform
[2016.05.08-16.49.35:555][  0]LogTemp:Display: Loaded TP Android_ETC1TargetPlatform
[2016.05.08-16.49.35:559][  0]LogTemp:Display: Loaded TP Android_ETC2TargetPlatform
[2016.05.08-16.49.35:568][  0]LogTemp:Display: Loaded TP Android_MultiTargetPlatform
[2016.05.08-16.49.35:568][  0]LogTemp:Display: Loaded TP Android_PVRTCTargetPlatform
[2016.05.08-16.49.35:569][  0]LogTemp:Display: Loaded TP HTML5TargetPlatform
[2016.05.08-16.49.35:589][  0]LogTemp:Display: Loaded TP IOSTargetPlatform
[2016.05.08-16.49.35:593][  0]LogTemp:Display: Loaded TP TVOSTargetPlatform
[2016.05.08-16.49.35:597][  0]LogTemp:Display: Loaded TP LinuxNoEditorTargetPlatform
[2016.05.08-16.49.35:601][  0]LogTemp:Display: Loaded TP LinuxServerTargetPlatform
[2016.05.08-16.49.35:605][  0]LogTemp:Display: Loaded TP LinuxTargetPlatform
[2016.05.08-16.49.35:605][  0]LogTargetPlatformManager:Display: Building Assets For Windows
[2016.05.08-16.49.35:694][  0]LogDerivedDataCache:Display: Max Cache Size: 512 MB
[2016.05.08-16.49.35:778][  0]LogDerivedDataCache: Loaded boot cache 0.08s 46MB C:/Users/Matt/AppData/Local/UnrealEngine/4.11/DerivedDataCache/Boot.ddc.
[2016.05.08-16.49.35:778][  0]LogDerivedDataCache:Display: Loaded Boot cache: C:/Users/Matt/AppData/Local/UnrealEngine/4.11/DerivedDataCache/Boot.ddc
[2016.05.08-16.49.35:778][  0]LogDerivedDataCache: FDerivedDataBackendGraph:  Pak pak cache file ../../../../../../Users/Matt/Documents/Unreal Projects/Otherworld/DerivedDataCache/DDC.ddp not found, will not use a pak cache.
[2016.05.08-16.49.35:778][  0]LogDerivedDataCache: Unable to find inner node Pak for hierarchical cache Hierarchy.
[2016.05.08-16.49.35:778][  0]LogDerivedDataCache: FDerivedDataBackendGraph:  CompressedPak pak cache file ../../../../../../Users/Matt/Documents/Unreal Projects/Otherworld/DerivedDataCache/Compressed.ddp not found, will not use a pak cache.
[2016.05.08-16.49.35:778][  0]LogDerivedDataCache: Unable to find inner node CompressedPak for hierarchical cache Hierarchy.
[2016.05.08-16.49.35:795][  0]LogDerivedDataCache:Display: Pak cache opened for reading ../../../Engine/DerivedDataCache/Compressed.ddp.
[2016.05.08-16.49.35:808][  0]LogDerivedDataCache: Using Local data cache path C:/Users/Matt/AppData/Local/UnrealEngine/Common/DerivedDataCache: Writable
[2016.05.08-16.49.36:007][  0]LogInit: Selected Device Profile: [Windows]
[2016.05.08-16.49.36:008][  0]LogContentStreaming: Texture pool size is 0.00 MB
[2016.05.08-16.49.36:054][  0]LogMaterial: Uniform references updated for custom material expression Custom.
[2016.05.08-16.49.36:199][  0]LogMeshUtilities: No automatic mesh reduction module available
[2016.05.08-16.49.36:199][  0]LogMeshUtilities: No automatic mesh merging module available
[2016.05.08-16.49.36:199][  0]LogMeshUtilities: No distributed automatic mesh merging module available
[2016.05.08-16.49.36:559][  0]LogUObjectArray: 27679 objects as part of root set at end of initial load.
[2016.05.08-16.49.36:559][  0]LogUObjectAllocator: 5591592 out of 0 bytes used by permanent object pool.
[2016.05.08-16.49.36:559][  0]LogUObjectArray: CloseDisregardForGC: 0/0 objects in disregard for GC pool
[2016.05.08-16.49.36:567][  0]LogInit: WinSock: version 1.1 (2.2), MaxSocks=32767, MaxUdp=65467
[2016.05.08-16.49.36:675][  0]LogSlate: SlateFontCache - WITH_FREETYPE: 1, WITH_HARFBUZZ: 1
[2016.05.08-16.49.36:675][  0]LogSlate: SlateFontCache - WITH_FREETYPE: 1, WITH_HARFBUZZ: 1
[2016.05.08-16.49.36:775][  0]LogStreaming:Warning: Failed to read file '../../../Engine/Content/Editor/Slate/Common/Selection_16x.png' error.
[2016.05.08-16.49.36:775][  0]LogSlate: Could not find file for Slate resource: ../../../Engine/Content/Editor/Slate/Common/Selection_16x.png
[2016.05.08-16.49.36:775][  0]LogStreaming:Warning: Failed to read file '../../../Engine/Content/Editor/Slate/Common/Selection_16x.png' error.
[2016.05.08-16.49.36:775][  0]LogSlate: Could not find file for Slate resource: ../../../Engine/Content/Editor/Slate/Common/Selection_16x.png
[2016.05.08-16.49.36:775][  0]LogStreaming:Warning: Failed to read file '../../../Engine/Content/Editor/Slate/Common/Selection_16x.png' error.
[2016.05.08-16.49.36:775][  0]LogSlate: Could not find file for Slate resource: ../../../Engine/Content/Editor/Slate/Common/Selection_16x.png
[2016.05.08-16.49.37:458][  0]LogUdpMessaging: Initializing bridge on interface 0.0.0.0:0 to multicast group 230.0.0.1:6666.
[2016.05.08-16.49.37:589][  0]LogAssetRegistry: FAssetRegistry took 0.0227 seconds to start up
[2016.05.08-16.49.37:924][  0]SourceControl: Info Source control is disabled
[2016.05.08-16.49.38:207][  0]SourceControl: Info Source control is disabled
[2016.05.08-16.49.38:231][  0]SourceControl: Info Source control is disabled
[2016.05.08-16.49.38:248][  0]SourceControl: Info Source control is disabled
[2016.05.08-16.49.38:443][  0]LogHMD: Failed to initialize OpenVR with code 110
[2016.05.08-16.49.38:555][  0]LogEngine: Initializing Engine...
[2016.05.08-16.49.38:837][  0]LogAIModule: Creating AISystem for world NewWorld
[2016.05.08-16.49.38:867][  0]LogInit: XAudio2 using 'Speakers (Realtek High Definition Audio)' : 2 channels at 48 kHz using 32 bits per sample (channel mask 0x3)
[2016.05.08-16.49.38:923][  0]LogInit: FAudioDevice initialized.
[2016.05.08-16.49.38:976][  0]LogDerivedDataCache: Saved boot cache 0.05s 46MB C:/Users/Matt/AppData/Local/UnrealEngine/4.11/DerivedDataCache/Boot.ddc.
[2016.05.08-16.49.38:994][  0]LogInit: Texture streaming: Enabled
[2016.05.08-16.49.39:035][  0]LogInit: Transaction tracking system initialized
[2016.05.08-16.49.39:076][  0]BlueprintLog: New page: Editor Load
[2016.05.08-16.49.39:432][  0]LocalizationService: Info Localization service is disabled
[2016.05.08-16.49.39:900][  0]LogConsoleResponse:Display: 
[2016.05.08-16.49.40:077][  0]LogCook:Display: Max memory allowance for cook 8192mb
[2016.05.08-16.49.40:077][  0]LogCook:Display: Mobile HDR setting 1
[2016.05.08-16.49.40:077][  0]LogCook:Display: Done creating registry. It took  0.00s.
[2016.05.08-16.49.40:154][  0]LogFileCache: Scanning file cache for directory 'C:/Users/Matt/Documents/Unreal Projects/Otherworld/Content/' took 0.01s
[2016.05.08-16.49.40:154][  0]SourceControl: Info Source control is disabled
[2016.05.08-16.49.40:154][  0]Cmd: MAP LOAD FILE="../../../../../../Users/Matt/Documents/Unreal Projects/Otherworld/Content/ThirdPersonBP/Maps/ThirdPersonExampleMap.umap" TEMPLATE=0 SHOWPROGRESS=1 FEATURELEVEL=3
[2016.05.08-16.49.40:155][  0]LightingResults: New page: Lighting Build
[2016.05.08-16.49.40:159][  0]MapCheck: New page: Map Check
[2016.05.08-16.49.40:159][  0]LightingResults: New page: Lighting Build
[2016.05.08-16.49.40:767][  0]LogAIModule: Creating AISystem for world ThirdPersonExampleMap
[2016.05.08-16.49.40:791][  0]LogEditorServer: Finished looking for orphan Actors (0.000 secs)
[2016.05.08-16.49.40:793][  0]Cmd: MAP CHECKDEP NOCLEARLOG
[2016.05.08-16.49.40:858][  0]MapCheck: Info Map check complete: 0 Error(s), 0 Warning(s), took 64.406ms to complete.
[2016.05.08-16.49.40:858][  0]LogFileHelpers: Loading map 'ThirdPersonExampleMap' took 0.704
[2016.05.08-16.49.41:047][  0]LogCollectionManager: Loaded 0 collections in 0.001751 seconds
[2016.05.08-16.49.41:131][  0]LogFileCache: Scanning file cache for directory 'C:/Users/Matt/Documents/Unreal Projects/Otherworld/Saved/Collections/' took 0.01s
[2016.05.08-16.49.41:131][  0]LogFileCache: Scanning file cache for directory 'C:/Users/Matt/Documents/Unreal Projects/Otherworld/Content/Developers/Matt/Collections/' took 0.01s
[2016.05.08-16.49.41:131][  0]LogFileCache: Scanning file cache for directory 'C:/Users/Matt/Documents/Unreal Projects/Otherworld/Content/Collections/' took 0.01s
[2016.05.08-16.49.41:131][  0]LogCollectionManager: Rebuilt the GUID cache for 0 collections in 0.000003 seconds
[2016.05.08-16.49.41:145][  0]LogContentBrowser: Native class hierarchy populated in 0.0131 seconds. Added 1980 classes and 345 folders.
[2016.05.08-16.49.41:156][  0]LogStats: UGameplayTagsManager::ConstructGameplayTagTree: Construct from data asset -  0.000 s
[2016.05.08-16.49.41:157][  0]LogStats: UGameplayTagsManager::ConstructGameplayTagTree: GameplayTagTreeChangedEvent.Broadcast -  0.000 s
[2016.05.08-16.49.41:157][  0]LogContentBrowser: Native class hierarchy updated for 'GameplayTags' in 0.0005 seconds. Added 12 classes and 0 folders.
[2016.05.08-16.49.41:165][  0]LogContentBrowser: Native class hierarchy updated for 'WidgetCarousel' in 0.0006 seconds. Added 0 classes and 0 folders.
[2016.05.08-16.49.41:174][  0]LogContentBrowser: Native class hierarchy updated for 'SuperSearch' in 0.0006 seconds. Added 1 classes and 2 folders.
[2016.05.08-16.49.41:224][  0]LogContentBrowser: Native class hierarchy updated for 'AddContentDialog' in 0.0004 seconds. Added 0 classes and 0 folders.
[2016.05.08-16.49.41:475][  0]LogCrashTracker: Crashtracker disabled due to settings.
[2016.05.08-16.49.41:491][  0]LogUObjectGlobals:Warning: Failed to find object 'Class None.'
[2016.05.08-16.49.41:520][  0]LogContentBrowser: Native class hierarchy updated for 'HierarchicalLODOutliner' in 0.0005 seconds. Added 1 classes and 2 folders.
[2016.05.08-16.49.41:520][  0]LogLoad: Full Startup: 8.68 seconds (BP compile: 0.15 seconds)
[2016.05.08-16.49.41:520][  0]LogExternalProfiler: Found external profiler: VSPerf
[2016.05.08-16.49.41:520][  0]LogExternalProfiler: Using external profiler: VSPerf
[2016.05.08-16.49.41:529][  0]LogOcInput: OculusInput pre-init called
[2016.05.08-16.49.41:610][  0]LogContentStreaming: Texture pool size now 1000 MB
[2016.05.08-16.49.41:788][  0]LogRenderer: Reallocating scene render targets to support 968x408 (Frame:2).
[2016.05.08-16.49.41:934][  1]LogAssetRegistry: Asset discovery search completed in 4.3676 seconds
[2016.05.08-16.49.41:934][  1]LogCollectionManager: Rebuilt the object cache for 0 collections in 0.000002 seconds (found 0 objects)
[2016.05.08-16.49.41:934][  1]LogCollectionManager: Fixed up redirectors for 0 collections in 0.000030 seconds (updated 0 objects)
[2016.05.08-16.50.00:497][761]LogBlueprintUserMessages: Early PlayInEditor Detection: Level '/Game/ThirdPersonBP/Maps/ThirdPersonExampleMap.ThirdPersonExampleMap:PersistentLevel' has LevelScriptBlueprint '/Game/ThirdPersonBP/Maps/ThirdPersonExampleMap.ThirdPersonExampleMap:PersistentLevel.ThirdPersonExampleMap' with GeneratedClass '/Game/ThirdPersonBP/Maps/ThirdPersonExampleMap.ThirdPersonExampleMap_C' with ClassGeneratedBy '/Game/ThirdPersonBP/Maps/ThirdPersonExampleMap.ThirdPersonExampleMap:PersistentLevel.ThirdPersonExampleMap'
[2016.05.08-16.50.00:497][761]LogPlayLevel: PlayLevel: No blueprints needed recompiling
[2016.05.08-16.50.00:506][761]PIE: New page: PIE session: ThirdPersonExampleMap (May 8, 2016, 7:50:00 AM)
[2016.05.08-16.50.00:506][761]LogPlayLevel: Creating play world package: /Game/ThirdPersonBP/Maps/UEDPIE_0_ThirdPersonExampleMap
[2016.05.08-16.50.00:551][761]LogPlayLevel: PIE: StaticDuplicateObject took: (0.045377s)
[2016.05.08-16.50.00:553][761]LogAIModule: Creating AISystem for world ThirdPersonExampleMap
[2016.05.08-16.50.00:553][761]LogPlayLevel: PIE: World Init took: (0.001557s)
[2016.05.08-16.50.00:553][761]LogPlayLevel: PIE: Created PIE world by copying editor world from /Game/ThirdPersonBP/Maps/ThirdPersonExampleMap.ThirdPersonExampleMap to /Game/ThirdPersonBP/Maps/UEDPIE_0_ThirdPersonExampleMap.ThirdPersonExampleMap (0.047425s)
[2016.05.08-16.50.00:596][761]LogInit: XAudio2 using 'Speakers (Realtek High Definition Audio)' : 2 channels at 48 kHz using 32 bits per sample (channel mask 0x3)
[2016.05.08-16.50.00:611][761]LogInit: FAudioDevice initialized.
[2016.05.08-16.50.00:659][761]LogWorld: Game class is 'ThirdPersonGameMode_C'
[2016.05.08-16.50.00:666][761]LogWorld: Bringing World /Game/ThirdPersonBP/Maps/UEDPIE_0_ThirdPersonExampleMap.ThirdPersonExampleMap up for play (max tick rate 0) at 2016.05.08-12.50.00
[2016.05.08-16.50.00:667][761]LogWorld: Bringing up level for play took: 0.004775
[2016.05.08-16.50.00:678][761]LogContentBrowser: Native class hierarchy updated for 'MovieSceneCapture' in 0.0004 seconds. Added 9 classes and 0 folders.
[2016.05.08-16.50.00:680][761]PIE: Info Play in editor start time for /Game/ThirdPersonBP/Maps/UEDPIE_0_ThirdPersonExampleMap 0.621
[2016.05.08-16.50.00:680][761]LogBlueprintUserMessages: Late PlayInEditor Detection: Level '/Game/ThirdPersonBP/Maps/ThirdPersonExampleMap.ThirdPersonExampleMap:PersistentLevel' has LevelScriptBlueprint '/Game/ThirdPersonBP/Maps/ThirdPersonExampleMap.ThirdPersonExampleMap:PersistentLevel.ThirdPersonExampleMap' with GeneratedClass '/Game/ThirdPersonBP/Maps/ThirdPersonExampleMap.ThirdPersonExampleMap_C' with ClassGeneratedBy '/Game/ThirdPersonBP/Maps/ThirdPersonExampleMap.ThirdPersonExampleMap:PersistentLevel.ThirdPersonExampleMap'
[2016.05.08-16.50.30:272][303]LogBlueprintUserMessages: Early EndPlayMap Detection: Level '/Game/ThirdPersonBP/Maps/ThirdPersonExampleMap.ThirdPersonExampleMap:PersistentLevel' has LevelScriptBlueprint '/Game/ThirdPersonBP/Maps/ThirdPersonExampleMap.ThirdPersonExampleMap:PersistentLevel.ThirdPersonExampleMap' with GeneratedClass '/Game/ThirdPersonBP/Maps/ThirdPersonExampleMap.ThirdPersonExampleMap_C' with ClassGeneratedBy '/Game/ThirdPersonBP/Maps/ThirdPersonExampleMap.ThirdPersonExampleMap:PersistentLevel.ThirdPersonExampleMap'
[2016.05.08-16.50.30:308][303]LogBlueprintUserMessages: Late EndPlayMap Detection: Level '/Game/ThirdPersonBP/Maps/ThirdPersonExampleMap.ThirdPersonExampleMap:PersistentLevel' has LevelScriptBlueprint '/Game/ThirdPersonBP/Maps/ThirdPersonExampleMap.ThirdPersonExampleMap:PersistentLevel.ThirdPersonExampleMap' with GeneratedClass '/Game/ThirdPersonBP/Maps/ThirdPersonExampleMap.ThirdPersonExampleMap_C' with ClassGeneratedBy '/Game/ThirdPersonBP/Maps/ThirdPersonExampleMap.ThirdPersonExampleMap:PersistentLevel.ThirdPersonExampleMap'
[2016.05.08-16.54.29:025][859]LogEditorActor: Deleted Actor: TextRenderActor
[2016.05.08-16.54.29:037][859]LogEditorActor: Deleted 1 Actors (0.014 secs)
[2016.05.08-16.54.33:739][418]LogEditorActor: Deleted Actor: DocumentationActor
[2016.05.08-16.54.33:751][418]LogEditorActor: Deleted 1 Actors (0.012 secs)
[2016.05.08-16.55.46:853][691]LogEditorViewport: Clicking on Actor (LMB): StaticMeshActor (Floor)
[2016.05.08-16.55.47:917][745]LogSavePackage: Save=398.72ms
[2016.05.08-16.55.47:917][745]LogSavePackage: Moving '../../../../../../Users/Matt/Documents/Unreal Projects/Otherworld/Saved/ThirdPersonExampleMapD83586084C0B4A49C37320B5C333F5DE.tmp' to '../../../../../../Users/Matt/Documents/Unreal Projects/Otherworld/Content/ThirdPersonBP/Maps/ThirdPersonExampleMap.umap'
[2016.05.08-16.55.47:922][745]LogSavePackage: Total save time: 422.56ms
[2016.05.08-16.55.47:922][745]LogSavePackage:Display: Finished SavePackage ../../../../../../Users/Matt/Documents/Unreal Projects/Otherworld/Content/ThirdPersonBP/Maps/ThirdPersonExampleMap.umap
[2016.05.08-16.55.47:956][745]LogFileHelpers: Saving map 'ThirdPersonExampleMap' took 0.532
[2016.05.08-16.58.03:363][207]LogBlueprintUserMessages: Early PlayInEditor Detection: Level '/Game/ThirdPersonBP/Maps/ThirdPersonExampleMap.ThirdPersonExampleMap:PersistentLevel' has LevelScriptBlueprint '/Game/ThirdPersonBP/Maps/ThirdPersonExampleMap.ThirdPersonExampleMap:PersistentLevel.ThirdPersonExampleMap' with GeneratedClass '/Game/ThirdPersonBP/Maps/ThirdPersonExampleMap.ThirdPersonExampleMap_C' with ClassGeneratedBy '/Game/ThirdPersonBP/Maps/ThirdPersonExampleMap.ThirdPersonExampleMap:PersistentLevel.ThirdPersonExampleMap'
[2016.05.08-16.58.03:363][207]LogPlayLevel: PlayLevel: No blueprints needed recompiling
[2016.05.08-16.58.03:363][207]PIE: New page: PIE session: ThirdPersonExampleMap (May 8, 2016, 7:58:03 AM)
[2016.05.08-16.58.03:363][207]LogPlayLevel: Creating play world package: /Game/ThirdPersonBP/Maps/UEDPIE_0_ThirdPersonExampleMap
[2016.05.08-16.58.03:396][207]LogPlayLevel: PIE: StaticDuplicateObject took: (0.033175s)
[2016.05.08-16.58.03:398][207]LogAIModule: Creating AISystem for world ThirdPersonExampleMap
[2016.05.08-16.58.03:398][207]LogPlayLevel: PIE: World Init took: (0.001561s)
[2016.05.08-16.58.03:398][207]LogPlayLevel: PIE: Created PIE world by copying editor world from /Game/ThirdPersonBP/Maps/ThirdPersonExampleMap.ThirdPersonExampleMap to /Game/ThirdPersonBP/Maps/UEDPIE_0_ThirdPersonExampleMap.ThirdPersonExampleMap (0.035059s)
[2016.05.08-16.58.03:437][207]LogInit: XAudio2 using 'Speakers (Realtek High Definition Audio)' : 2 channels at 48 kHz using 32 bits per sample (channel mask 0x3)
[2016.05.08-16.58.03:452][207]LogInit: FAudioDevice initialized.
[2016.05.08-16.58.03:479][207]LogWorld: Game class is 'ThirdPersonGameMode_C'
[2016.05.08-16.58.03:485][207]LogWorld: Bringing World /Game/ThirdPersonBP/Maps/UEDPIE_0_ThirdPersonExampleMap.ThirdPersonExampleMap up for play (max tick rate 0) at 2016.05.08-12.58.03
[2016.05.08-16.58.03:485][207]LogWorld: Bringing up level for play took: 0.004284
[2016.05.08-16.58.03:486][207]PIE: Info Play in editor start time for /Game/ThirdPersonBP/Maps/UEDPIE_0_ThirdPersonExampleMap -0.572
[2016.05.08-16.58.03:486][207]LogBlueprintUserMessages: Late PlayInEditor Detection: Level '/Game/ThirdPersonBP/Maps/ThirdPersonExampleMap.ThirdPersonExampleMap:PersistentLevel' has LevelScriptBlueprint '/Game/ThirdPersonBP/Maps/ThirdPersonExampleMap.ThirdPersonExampleMap:PersistentLevel.ThirdPersonExampleMap' with GeneratedClass '/Game/ThirdPersonBP/Maps/ThirdPersonExampleMap.ThirdPersonExampleMap_C' with ClassGeneratedBy '/Game/ThirdPersonBP/Maps/ThirdPersonExampleMap.ThirdPersonExampleMap:PersistentLevel.ThirdPersonExampleMap'
[2016.05.08-16.58.16:668][781]LogBlueprintUserMessages: Early EndPlayMap Detection: Level '/Game/ThirdPersonBP/Maps/ThirdPersonExampleMap.ThirdPersonExampleMap:PersistentLevel' has LevelScriptBlueprint '/Game/ThirdPersonBP/Maps/ThirdPersonExampleMap.ThirdPersonExampleMap:PersistentLevel.ThirdPersonExampleMap' with GeneratedClass '/Game/ThirdPersonBP/Maps/ThirdPersonExampleMap.ThirdPersonExampleMap_C' with ClassGeneratedBy '/Game/ThirdPersonBP/Maps/ThirdPersonExampleMap.ThirdPersonExampleMap:PersistentLevel.ThirdPersonExampleMap'
[2016.05.08-16.58.16:717][781]LogBlueprintUserMessages: Late EndPlayMap Detection: Level '/Game/ThirdPersonBP/Maps/ThirdPersonExampleMap.ThirdPersonExampleMap:PersistentLevel' has LevelScriptBlueprint '/Game/ThirdPersonBP/Maps/ThirdPersonExampleMap.ThirdPersonExampleMap:PersistentLevel.ThirdPersonExampleMap' with GeneratedClass '/Game/ThirdPersonBP/Maps/ThirdPersonExampleMap.ThirdPersonExampleMap_C' with ClassGeneratedBy '/Game/ThirdPersonBP/Maps/ThirdPersonExampleMap.ThirdPersonExampleMap:PersistentLevel.ThirdPersonExampleMap'
[2016.05.08-17.06.30:914][ 91]LogFileHelpers: Editor autosave (incl. sublevels) for '/Game/ThirdPersonBP/Maps/ThirdPersonExampleMap' took 0.012
[2016.05.08-17.14.35:299][985]LogBlueprintUserMessages: Early PlayInEditor Detection: Level '/Game/ThirdPersonBP/Maps/ThirdPersonExampleMap.ThirdPersonExampleMap:PersistentLevel' has LevelScriptBlueprint '/Game/ThirdPersonBP/Maps/ThirdPersonExampleMap.ThirdPersonExampleMap:PersistentLevel.ThirdPersonExampleMap' with GeneratedClass '/Game/ThirdPersonBP/Maps/ThirdPersonExampleMap.ThirdPersonExampleMap_C' with ClassGeneratedBy '/Game/ThirdPersonBP/Maps/ThirdPersonExampleMap.ThirdPersonExampleMap:PersistentLevel.ThirdPersonExampleMap'
[2016.05.08-17.14.35:299][985]LogPlayLevel: PlayLevel: No blueprints needed recompiling
[2016.05.08-17.14.35:299][985]PIE: New page: PIE session: ThirdPersonExampleMap (May 8, 2016, 8:14:35 AM)
[2016.05.08-17.14.35:299][985]LogPlayLevel: Creating play world package: /Game/ThirdPersonBP/Maps/UEDPIE_0_ThirdPersonExampleMap
[2016.05.08-17.14.35:334][985]LogPlayLevel: PIE: StaticDuplicateObject took: (0.034702s)
[2016.05.08-17.14.35:336][985]LogAIModule: Creating AISystem for world ThirdPersonExampleMap
[2016.05.08-17.14.35:336][985]LogPlayLevel: PIE: World Init took: (0.001857s)
[2016.05.08-17.14.35:336][985]LogPlayLevel: PIE: Created PIE world by copying editor world from /Game/ThirdPersonBP/Maps/ThirdPersonExampleMap.ThirdPersonExampleMap to /Game/ThirdPersonBP/Maps/UEDPIE_0_ThirdPersonExampleMap.ThirdPersonExampleMap (0.036832s)
[2016.05.08-17.14.35:372][985]LogInit: XAudio2 using 'Speakers (Realtek High Definition Audio)' : 2 channels at 48 kHz using 32 bits per sample (channel mask 0x3)
[2016.05.08-17.14.35:388][985]LogInit: FAudioDevice initialized.
[2016.05.08-17.14.35:416][985]LogWorld: Game class is 'ThirdPersonGameMode_C'
[2016.05.08-17.14.35:421][985]LogWorld: Bringing World /Game/ThirdPersonBP/Maps/UEDPIE_0_ThirdPersonExampleMap.ThirdPersonExampleMap up for play (max tick rate 0) at 2016.05.08-13.14.35
[2016.05.08-17.14.35:422][985]LogWorld: Bringing up level for play took: 0.004428
[2016.05.08-17.14.35:423][985]PIE: Info Play in editor start time for /Game/ThirdPersonBP/Maps/UEDPIE_0_ThirdPersonExampleMap -0.636
[2016.05.08-17.14.35:423][985]LogBlueprintUserMessages: Late PlayInEditor Detection: Level '/Game/ThirdPersonBP/Maps/ThirdPersonExampleMap.ThirdPersonExampleMap:PersistentLevel' has LevelScriptBlueprint '/Game/ThirdPersonBP/Maps/ThirdPersonExampleMap.ThirdPersonExampleMap:PersistentLevel.ThirdPersonExampleMap' with GeneratedClass '/Game/ThirdPersonBP/Maps/ThirdPersonExampleMap.ThirdPersonExampleMap_C' with ClassGeneratedBy '/Game/ThirdPersonBP/Maps/ThirdPersonExampleMap.ThirdPersonExampleMap:PersistentLevel.ThirdPersonExampleMap'
[2016.05.08-17.15.00:895][ 20]LogBlueprintUserMessages: Early EndPlayMap Detection: Level '/Game/ThirdPersonBP/Maps/ThirdPersonExampleMap.ThirdPersonExampleMap:PersistentLevel' has LevelScriptBlueprint '/Game/ThirdPersonBP/Maps/ThirdPersonExampleMap.ThirdPersonExampleMap:PersistentLevel.ThirdPersonExampleMap' with GeneratedClass '/Game/ThirdPersonBP/Maps/ThirdPersonExampleMap.ThirdPersonExampleMap_C' with ClassGeneratedBy '/Game/ThirdPersonBP/Maps/ThirdPersonExampleMap.ThirdPersonExampleMap:PersistentLevel.ThirdPersonExampleMap'
[2016.05.08-17.15.00:939][ 20]LogBlueprintUserMessages: Late EndPlayMap Detection: Level '/Game/ThirdPersonBP/Maps/ThirdPersonExampleMap.ThirdPersonExampleMap:PersistentLevel' has LevelScriptBlueprint '/Game/ThirdPersonBP/Maps/ThirdPersonExampleMap.ThirdPersonExampleMap:PersistentLevel.ThirdPersonExampleMap' with GeneratedClass '/Game/ThirdPersonBP/Maps/ThirdPersonExampleMap.ThirdPersonExampleMap_C' with ClassGeneratedBy '/Game/ThirdPersonBP/Maps/ThirdPersonExampleMap.ThirdPersonExampleMap:PersistentLevel.ThirdPersonExampleMap'
[2016.05.08-17.15.11:969][201]LogBlueprintUserMessages: Early PlayInEditor Detection: Level '/Game/ThirdPersonBP/Maps/ThirdPersonExampleMap.ThirdPersonExampleMap:PersistentLevel' has LevelScriptBlueprint '/Game/ThirdPersonBP/Maps/ThirdPersonExampleMap.ThirdPersonExampleMap:PersistentLevel.ThirdPersonExampleMap' with GeneratedClass '/Game/ThirdPersonBP/Maps/ThirdPersonExampleMap.ThirdPersonExampleMap_C' with ClassGeneratedBy '/Game/ThirdPersonBP/Maps/ThirdPersonExampleMap.ThirdPersonExampleMap:PersistentLevel.ThirdPersonExampleMap'
[2016.05.08-17.15.11:969][201]LogPlayLevel: PlayLevel: No blueprints needed recompiling
[2016.05.08-17.15.11:969][201]PIE: New page: PIE session: ThirdPersonExampleMap (May 8, 2016, 8:15:11 AM)
[2016.05.08-17.15.11:969][201]LogPlayLevel: Creating play world package: /Game/ThirdPersonBP/Maps/UEDPIE_0_ThirdPersonExampleMap
[2016.05.08-17.15.12:005][201]LogPlayLevel: PIE: StaticDuplicateObject took: (0.035451s)
[2016.05.08-17.15.12:006][201]LogAIModule: Creating AISystem for world ThirdPersonExampleMap
[2016.05.08-17.15.12:006][201]LogPlayLevel: PIE: World Init took: (0.001409s)
[2016.05.08-17.15.12:007][201]LogPlayLevel: PIE: Created PIE world by copying editor world from /Game/ThirdPersonBP/Maps/ThirdPersonExampleMap.ThirdPersonExampleMap to /Game/ThirdPersonBP/Maps/UEDPIE_0_ThirdPersonExampleMap.ThirdPersonExampleMap (0.037226s)
[2016.05.08-17.15.12:042][201]LogInit: XAudio2 using 'Speakers (Realtek High Definition Audio)' : 2 channels at 48 kHz using 32 bits per sample (channel mask 0x3)
[2016.05.08-17.15.12:057][201]LogInit: FAudioDevice initialized.
[2016.05.08-17.15.12:085][201]LogWorld: Game class is 'ThirdPersonGameMode_C'
[2016.05.08-17.15.12:090][201]LogWorld: Bringing World /Game/ThirdPersonBP/Maps/UEDPIE_0_ThirdPersonExampleMap.ThirdPersonExampleMap up for play (max tick rate 0) at 2016.05.08-13.15.12
[2016.05.08-17.15.12:091][201]LogWorld: Bringing up level for play took: 0.004618
[2016.05.08-17.15.12:092][201]PIE: Info Play in editor start time for /Game/ThirdPersonBP/Maps/UEDPIE_0_ThirdPersonExampleMap 0.033
[2016.05.08-17.15.12:092][201]LogBlueprintUserMessages: Late PlayInEditor Detection: Level '/Game/ThirdPersonBP/Maps/ThirdPersonExampleMap.ThirdPersonExampleMap:PersistentLevel' has LevelScriptBlueprint '/Game/ThirdPersonBP/Maps/ThirdPersonExampleMap.ThirdPersonExampleMap:PersistentLevel.ThirdPersonExampleMap' with GeneratedClass '/Game/ThirdPersonBP/Maps/ThirdPersonExampleMap.ThirdPersonExampleMap_C' with ClassGeneratedBy '/Game/ThirdPersonBP/Maps/ThirdPersonExampleMap.ThirdPersonExampleMap:PersistentLevel.ThirdPersonExampleMap'
[2016.05.08-17.16.06:123][666]LogBlueprintUserMessages: Early EndPlayMap Detection: Level '/Game/ThirdPersonBP/Maps/ThirdPersonExampleMap.ThirdPersonExampleMap:PersistentLevel' has LevelScriptBlueprint '/Game/ThirdPersonBP/Maps/ThirdPersonExampleMap.ThirdPersonExampleMap:PersistentLevel.ThirdPersonExampleMap' with GeneratedClass '/Game/ThirdPersonBP/Maps/ThirdPersonExampleMap.ThirdPersonExampleMap_C' with ClassGeneratedBy '/Game/ThirdPersonBP/Maps/ThirdPersonExampleMap.ThirdPersonExampleMap:PersistentLevel.ThirdPersonExampleMap'
[2016.05.08-17.16.06:169][666]LogBlueprintUserMessages: Late EndPlayMap Detection: Level '/Game/ThirdPersonBP/Maps/ThirdPersonExampleMap.ThirdPersonExampleMap:PersistentLevel' has LevelScriptBlueprint '/Game/ThirdPersonBP/Maps/ThirdPersonExampleMap.ThirdPersonExampleMap:PersistentLevel.ThirdPersonExampleMap' with GeneratedClass '/Game/ThirdPersonBP/Maps/ThirdPersonExampleMap.ThirdPersonExampleMap_C' with ClassGeneratedBy '/Game/ThirdPersonBP/Maps/ThirdPersonExampleMap.ThirdPersonExampleMap:PersistentLevel.ThirdPersonExampleMap'
[2016.05.08-17.18.03:101][753]LogContentBrowser: Native class hierarchy updated for 'BlueprintGraph' in 0.0010 seconds. Added 108 classes and 0 folders.
[2016.05.08-17.20.24:404][304]Cmd: OBJ SAVEPACKAGE PACKAGE="/Game/UserInterface/Widgets/PlayerFrame" FILE="../../../../../../Users/Matt/Documents/Unreal Projects/Otherworld/Content/UserInterface/Widgets/PlayerFrame.uasset" SILENT=true
[2016.05.08-17.20.24:424][304]LogSavePackage: Save=19.08ms
[2016.05.08-17.20.24:424][304]LogSavePackage: Moving '../../../../../../Users/Matt/Documents/Unreal Projects/Otherworld/Saved/PlayerFrame454C4ACB44D8C95CDA95D195EA463682.tmp' to '../../../../../../Users/Matt/Documents/Unreal Projects/Otherworld/Content/UserInterface/Widgets/PlayerFrame.uasset'
[2016.05.08-17.20.24:428][304]LogSavePackage: Total save time: 23.19ms
[2016.05.08-17.20.24:428][304]LogSavePackage:Display: Finished SavePackage ../../../../../../Users/Matt/Documents/Unreal Projects/Otherworld/Content/UserInterface/Widgets/PlayerFrame.uasset
[2016.05.08-17.21.04:343][986]LogFileHelpers: Editor autosave (incl. sublevels) for '/Game/ThirdPersonBP/Maps/ThirdPersonExampleMap' took 0.055
[2016.05.08-17.21.04:351][986]OBJ SavePackage: Generating thumbnails for [0] asset(s) in package [/Game/UserInterface/Widgets/HeadsUpDisplay] ([1] browsable assets)...
[2016.05.08-17.21.04:351][986]OBJ SavePackage: Finished generating thumbnails for package [/Game/UserInterface/Widgets/HeadsUpDisplay]
[2016.05.08-17.21.04:361][986]LogSavePackage: Save=8.13ms
[2016.05.08-17.21.04:361][986]LogSavePackage: Moving '../../../../../../Users/Matt/Documents/Unreal Projects/Otherworld/Saved/HeadsUpDisplay_Auto1FE10AF6B4A464BE7307A3EABFBEAC227.tmp' to '../../../../../../Users/Matt/Documents/Unreal Projects/Otherworld/Saved/Autosaves/Game/UserInterface/Widgets/HeadsUpDisplay_Auto1.uasset'
[2016.05.08-17.21.04:363][986]LogSavePackage: Total save time: 10.45ms
[2016.05.08-17.21.04:363][986]LogSavePackage:Display: Finished SavePackage ../../../../../../Users/Matt/Documents/Unreal Projects/Otherworld/Saved/Autosaves/Game/UserInterface/Widgets/HeadsUpDisplay_Auto1.uasset
[2016.05.08-17.21.04:369][986]OBJ SavePackage: Generating thumbnails for [0] asset(s) in package [/Game/UserInterface/Widgets/PartyMemberFrame] ([1] browsable assets)...
[2016.05.08-17.21.04:369][986]OBJ SavePackage: Finished generating thumbnails for package [/Game/UserInterface/Widgets/PartyMemberFrame]
[2016.05.08-17.21.04:378][986]LogSavePackage: Save=7.71ms
[2016.05.08-17.21.04:378][986]LogSavePackage: Moving '../../../../../../Users/Matt/Documents/Unreal Projects/Otherworld/Saved/PartyMemberFrame_Auto136D2ACF84254245F01ADD5BF2558948D.tmp' to '../../../../../../Users/Matt/Documents/Unreal Projects/Otherworld/Saved/Autosaves/Game/UserInterface/Widgets/PartyMemberFrame_Auto1.uasset'
[2016.05.08-17.21.04:380][986]LogSavePackage: Total save time: 9.99ms
[2016.05.08-17.21.04:380][986]LogSavePackage:Display: Finished SavePackage ../../../../../../Users/Matt/Documents/Unreal Projects/Otherworld/Saved/Autosaves/Game/UserInterface/Widgets/PartyMemberFrame_Auto1.uasset
[2016.05.08-17.21.04:386][986]OBJ SavePackage: Generating thumbnails for [0] asset(s) in package [/Game/UserInterface/Widgets/QuickSlotFrame] ([1] browsable assets)...
[2016.05.08-17.21.04:386][986]OBJ SavePackage: Finished generating thumbnails for package [/Game/UserInterface/Widgets/QuickSlotFrame]
[2016.05.08-17.21.04:395][986]LogSavePackage: Save=7.45ms
[2016.05.08-17.21.04:395][986]LogSavePackage: Moving '../../../../../../Users/Matt/Documents/Unreal Projects/Otherworld/Saved/QuickSlotFrame_Auto18D7B78AD4438412645473AAA1B61E205.tmp' to '../../../../../../Users/Matt/Documents/Unreal Projects/Otherworld/Saved/Autosaves/Game/UserInterface/Widgets/QuickSlotFrame_Auto1.uasset'
[2016.05.08-17.21.04:401][986]LogSavePackage: Total save time: 13.98ms
[2016.05.08-17.21.04:401][986]LogSavePackage:Display: Finished SavePackage ../../../../../../Users/Matt/Documents/Unreal Projects/Otherworld/Saved/Autosaves/Game/UserInterface/Widgets/QuickSlotFrame_Auto1.uasset
[2016.05.08-17.21.04:405][986]OBJ SavePackage: Generating thumbnails for [0] asset(s) in package [/Game/UserInterface/Widgets/MenuFrame] ([1] browsable assets)...
[2016.05.08-17.21.04:405][986]OBJ SavePackage: Finished generating thumbnails for package [/Game/UserInterface/Widgets/MenuFrame]
[2016.05.08-17.21.04:415][986]LogSavePackage: Save=8.07ms
[2016.05.08-17.21.04:415][986]LogSavePackage: Moving '../../../../../../Users/Matt/Documents/Unreal Projects/Otherworld/Saved/MenuFrame_Auto14F667E4D4872FCE4D4A8EBBAEDBAF2DF.tmp' to '../../../../../../Users/Matt/Documents/Unreal Projects/Otherworld/Saved/Autosaves/Game/UserInterface/Widgets/MenuFrame_Auto1.uasset'
[2016.05.08-17.21.04:417][986]LogSavePackage: Total save time: 10.87ms
[2016.05.08-17.21.04:417][986]LogSavePackage:Display: Finished SavePackage ../../../../../../Users/Matt/Documents/Unreal Projects/Otherworld/Saved/Autosaves/Game/UserInterface/Widgets/MenuFrame_Auto1.uasset
[2016.05.08-17.21.04:417][986]LogFileHelpers: Auto-saving content packages took 0.073
[2016.05.08-17.21.20:587][ 35]LogFactory: FactoryCreateBinary: Texture with ReimportTextureFactory (0 0 C:\Users\Matt\Downloads\white.png)
[2016.05.08-17.21.20:643][ 35]LogTexture:Display: Building textures: white (AutoDXT)
[2016.05.08-17.25.33:210][379]Cmd: OBJ SAVEPACKAGE PACKAGE="/Game/UserInterface/Widgets/PlayerFrame" FILE="../../../../../../Users/Matt/Documents/Unreal Projects/Otherworld/Content/UserInterface/Widgets/PlayerFrame.uasset" SILENT=true
[2016.05.08-17.25.33:241][379]LogSavePackage: Save=27.44ms
[2016.05.08-17.25.33:241][379]LogSavePackage: Moving '../../../../../../Users/Matt/Documents/Unreal Projects/Otherworld/Saved/PlayerFrame5912282E4EA2087C7CF1B489B97C1606.tmp' to '../../../../../../Users/Matt/Documents/Unreal Projects/Otherworld/Content/UserInterface/Widgets/PlayerFrame.uasset'
[2016.05.08-17.25.33:244][379]LogSavePackage: Total save time: 33.08ms
[2016.05.08-17.25.33:244][379]LogSavePackage:Display: Finished SavePackage ../../../../../../Users/Matt/Documents/Unreal Projects/Otherworld/Content/UserInterface/Widgets/PlayerFrame.uasset
[2016.05.08-17.26.32:678][796]LogFactory: FactoryCreateBinary: Font with FontFileImportFactory (0 0 C:\Users\Matt\Downloads\CinzelDecorative-Black.ttf)
[2016.05.08-17.26.32:689][796]LogFactory: FactoryCreateBinary: Font with FontFileImportFactory (0 0 C:\Users\Matt\Downloads\CinzelDecorative-Bold.ttf)
[2016.05.08-17.26.32:695][796]LogFactory: FactoryCreateBinary: Font with FontFileImportFactory (0 0 C:\Users\Matt\Downloads\CinzelDecorative-Regular.ttf)
[2016.05.08-17.26.34:305][801]LogEditorViewport: Clicking on Actor (LMB): StaticMeshActor (LeftArm_StaticMesh)
[2016.05.08-17.26.57:212][504]Cmd: OBJ SAVEPACKAGE PACKAGE="/Game/UserInterface/Widgets/PlayerFrame" FILE="../../../../../../Users/Matt/Documents/Unreal Projects/Otherworld/Content/UserInterface/Widgets/PlayerFrame.uasset" SILENT=true
[2016.05.08-17.26.57:238][504]LogSavePackage: Save=24.23ms
[2016.05.08-17.26.57:238][504]LogSavePackage: Moving '../../../../../../Users/Matt/Documents/Unreal Projects/Otherworld/Saved/PlayerFrame4B9D9D1B4EFF89341E9C7B9B4E25C550.tmp' to '../../../../../../Users/Matt/Documents/Unreal Projects/Otherworld/Content/UserInterface/Widgets/PlayerFrame.uasset'
[2016.05.08-17.26.57:242][504]LogSavePackage: Total save time: 28.53ms
[2016.05.08-17.26.57:242][504]LogSavePackage:Display: Finished SavePackage ../../../../../../Users/Matt/Documents/Unreal Projects/Otherworld/Content/UserInterface/Widgets/PlayerFrame.uasset
[2016.05.08-17.27.47:192][401]BlueprintLog: New page: Compile PlayerFrame
[2016.05.08-17.27.48:296][401]BlueprintEditorCompileResults: Info [2295.45] Compile of PlayerFrame successful! [in 1,099 ms]
[2016.05.08-17.28.19:998][157]Cmd: OBJ SAVEPACKAGE PACKAGE="/Game/UserInterface/Widgets/PlayerFrame" FILE="../../../../../../Users/Matt/Documents/Unreal Projects/Otherworld/Content/UserInterface/Widgets/PlayerFrame.uasset" SILENT=true
[2016.05.08-17.28.20:016][157]LogSavePackage: Save=16.08ms
[2016.05.08-17.28.20:016][157]LogSavePackage: Moving '../../../../../../Users/Matt/Documents/Unreal Projects/Otherworld/Saved/PlayerFrameF12C3AF04FF0FAE04A7F68A0E9178C63.tmp' to '../../../../../../Users/Matt/Documents/Unreal Projects/Otherworld/Content/UserInterface/Widgets/PlayerFrame.uasset'
[2016.05.08-17.28.20:020][157]LogSavePackage: Total save time: 20.28ms
[2016.05.08-17.28.20:020][157]LogSavePackage:Display: Finished SavePackage ../../../../../../Users/Matt/Documents/Unreal Projects/Otherworld/Content/UserInterface/Widgets/PlayerFrame.uasset
[2016.05.08-17.28.27:676][ 68]BlueprintLog: New page: Compile PlayerFrame
[2016.05.08-17.28.27:781][ 68]BlueprintEditorCompileResults: Info [2334.94] Compile of PlayerFrame successful! [in 105 ms]
[2016.05.08-17.28.28:632][165]Cmd: OBJ SAVEPACKAGE PACKAGE="/Game/UserInterface/Widgets/PlayerFrame" FILE="../../../../../../Users/Matt/Documents/Unreal Projects/Otherworld/Content/UserInterface/Widgets/PlayerFrame.uasset" SILENT=true
[2016.05.08-17.28.28:650][165]LogSavePackage: Save=15.77ms
[2016.05.08-17.28.28:650][165]LogSavePackage: Moving '../../../../../../Users/Matt/Documents/Unreal Projects/Otherworld/Saved/PlayerFrameE13801EE4C183365B5E8A68081EF4B15.tmp' to '../../../../../../Users/Matt/Documents/Unreal Projects/Otherworld/Content/UserInterface/Widgets/PlayerFrame.uasset'
[2016.05.08-17.28.28:653][165]LogSavePackage: Total save time: 20.42ms
[2016.05.08-17.28.28:653][165]LogSavePackage:Display: Finished SavePackage ../../../../../../Users/Matt/Documents/Unreal Projects/Otherworld/Content/UserInterface/Widgets/PlayerFrame.uasset
[2016.05.08-17.28.54:911][285]LogSavePackage: Save=11.52ms
[2016.05.08-17.28.54:911][285]LogSavePackage: Moving '../../../../../../Users/Matt/Documents/Unreal Projects/Otherworld/Saved/HeadsUpDisplayEAF1C98B451DDFB021DFFF9BB8533084.tmp' to '../../../../../../Users/Matt/Documents/Unreal Projects/Otherworld/Content/UserInterface/Widgets/HeadsUpDisplay.uasset'
[2016.05.08-17.28.54:915][285]LogSavePackage: Total save time: 14.86ms
[2016.05.08-17.28.54:915][285]LogSavePackage:Display: Finished SavePackage ../../../../../../Users/Matt/Documents/Unreal Projects/Otherworld/Content/UserInterface/Widgets/HeadsUpDisplay.uasset
[2016.05.08-17.28.54:921][285]Cmd: OBJ SAVEPACKAGE PACKAGE="/Game/UserInterface/Widgets/PlayerFrame" FILE="../../../../../../Users/Matt/Documents/Unreal Projects/Otherworld/Content/UserInterface/Widgets/PlayerFrame.uasset" SILENT=true
[2016.05.08-17.28.54:943][285]LogSavePackage: Save=16.38ms
[2016.05.08-17.28.54:943][285]LogSavePackage: Moving '../../../../../../Users/Matt/Documents/Unreal Projects/Otherworld/Saved/PlayerFrameE7A226A94C1A1E1F9DC991864613C296.tmp' to '../../../../../../Users/Matt/Documents/Unreal Projects/Otherworld/Content/UserInterface/Widgets/PlayerFrame.uasset'
[2016.05.08-17.28.54:947][285]LogSavePackage: Total save time: 20.77ms
[2016.05.08-17.28.54:947][285]LogSavePackage:Display: Finished SavePackage ../../../../../../Users/Matt/Documents/Unreal Projects/Otherworld/Content/UserInterface/Widgets/PlayerFrame.uasset
[2016.05.08-17.28.54:965][285]LogSavePackage: Save=7.54ms
[2016.05.08-17.28.54:965][285]LogSavePackage: Moving '../../../../../../Users/Matt/Documents/Unreal Projects/Otherworld/Saved/PartyMemberFrame41E576564BD510EB1217CC8EF47BD021.tmp' to '../../../../../../Users/Matt/Documents/Unreal Projects/Otherworld/Content/UserInterface/Widgets/PartyMemberFrame.uasset'
[2016.05.08-17.28.54:969][285]LogSavePackage: Total save time: 11.97ms
[2016.05.08-17.28.54:969][285]LogSavePackage:Display: Finished SavePackage ../../../../../../Users/Matt/Documents/Unreal Projects/Otherworld/Content/UserInterface/Widgets/PartyMemberFrame.uasset
[2016.05.08-17.28.54:992][285]LogSavePackage: Save=7.76ms
[2016.05.08-17.28.54:992][285]LogSavePackage: Moving '../../../../../../Users/Matt/Documents/Unreal Projects/Otherworld/Saved/QuickSlotFrame613DE4744A02141BB7C789B28C8DB046.tmp' to '../../../../../../Users/Matt/Documents/Unreal Projects/Otherworld/Content/UserInterface/Widgets/QuickSlotFrame.uasset'
[2016.05.08-17.28.54:995][285]LogSavePackage: Total save time: 10.98ms
[2016.05.08-17.28.54:995][285]LogSavePackage:Display: Finished SavePackage ../../../../../../Users/Matt/Documents/Unreal Projects/Otherworld/Content/UserInterface/Widgets/QuickSlotFrame.uasset
[2016.05.08-17.28.55:011][285]Cmd: OBJ SAVEPACKAGE PACKAGE="/Game/UserInterface/Widgets/MenuFrame" FILE="../../../../../../Users/Matt/Documents/Unreal Projects/Otherworld/Content/UserInterface/Widgets/MenuFrame.uasset" SILENT=true
[2016.05.08-17.28.55:020][285]LogSavePackage: Save=7.44ms
[2016.05.08-17.28.55:020][285]LogSavePackage: Moving '../../../../../../Users/Matt/Documents/Unreal Projects/Otherworld/Saved/MenuFrameD3155F574BD0F6F7D28A539FEB05AF99.tmp' to '../../../../../../Users/Matt/Documents/Unreal Projects/Otherworld/Content/UserInterface/Widgets/MenuFrame.uasset'
[2016.05.08-17.28.55:023][285]LogSavePackage: Total save time: 10.56ms
[2016.05.08-17.28.55:023][285]LogSavePackage:Display: Finished SavePackage ../../../../../../Users/Matt/Documents/Unreal Projects/Otherworld/Content/UserInterface/Widgets/MenuFrame.uasset
[2016.05.08-17.28.55:044][285]Cmd: OBJ SAVEPACKAGE PACKAGE="/Game/UserInterface/Images/white" FILE="../../../../../../Users/Matt/Documents/Unreal Projects/Otherworld/Content/UserInterface/Images/white.uasset" SILENT=true
[2016.05.08-17.28.55:100][285]LogSavePackage: Save=55.20ms
[2016.05.08-17.28.55:100][285]LogSavePackage: Moving '../../../../../../Users/Matt/Documents/Unreal Projects/Otherworld/Saved/white10BD5D08487674706EDB5A83B49ED384.tmp' to '../../../../../../Users/Matt/Documents/Unreal Projects/Otherworld/Content/UserInterface/Images/white.uasset'
[2016.05.08-17.28.55:103][285]LogSavePackage: Total save time: 58.45ms
[2016.05.08-17.28.55:103][285]LogSavePackage:Display: Finished SavePackage ../../../../../../Users/Matt/Documents/Unreal Projects/Otherworld/Content/UserInterface/Images/white.uasset
[2016.05.08-17.28.55:127][285]LogSavePackage: Save=7.23ms
[2016.05.08-17.28.55:127][285]LogSavePackage: Moving '../../../../../../Users/Matt/Documents/Unreal Projects/Otherworld/Saved/CinzelDecorative-BlackE90D22C245C823263D0779B854F89B1D.tmp' to '../../../../../../Users/Matt/Documents/Unreal Projects/Otherworld/Content/UserInterface/Fonts/CinzelDecorative-Black.uasset'
[2016.05.08-17.28.55:130][285]LogSavePackage: Total save time: 10.33ms
[2016.05.08-17.28.55:130][285]LogSavePackage:Display: Finished SavePackage ../../../../../../Users/Matt/Documents/Unreal Projects/Otherworld/Content/UserInterface/Fonts/CinzelDecorative-Black.uasset
[2016.05.08-17.28.55:153][285]LogSavePackage: Save=7.49ms
[2016.05.08-17.28.55:153][285]LogSavePackage: Moving '../../../../../../Users/Matt/Documents/Unreal Projects/Otherworld/Saved/CinzelDecorative-BoldDB7023B74AD8F73526C4C7A8B9991996.tmp' to '../../../../../../Users/Matt/Documents/Unreal Projects/Otherworld/Content/UserInterface/Fonts/CinzelDecorative-Bold.uasset'
[2016.05.08-17.28.55:156][285]LogSavePackage: Total save time: 10.29ms
[2016.05.08-17.28.55:156][285]LogSavePackage:Display: Finished SavePackage ../../../../../../Users/Matt/Documents/Unreal Projects/Otherworld/Content/UserInterface/Fonts/CinzelDecorative-Bold.uasset
[2016.05.08-17.28.55:184][285]LogSavePackage: Save=7.33ms
[2016.05.08-17.28.55:184][285]LogSavePackage: Moving '../../../../../../Users/Matt/Documents/Unreal Projects/Otherworld/Saved/CinzelDecorative-RegularF98B2A014C09E740372E7E9DD9BE48E3.tmp' to '../../../../../../Users/Matt/Documents/Unreal Projects/Otherworld/Content/UserInterface/Fonts/CinzelDecorative-Regular.uasset'
[2016.05.08-17.28.55:186][285]LogSavePackage: Total save time: 10.03ms
[2016.05.08-17.28.55:186][285]LogSavePackage:Display: Finished SavePackage ../../../../../../Users/Matt/Documents/Unreal Projects/Otherworld/Content/UserInterface/Fonts/CinzelDecorative-Regular.uasset
[2016.05.08-17.29.01:313][960]LogWindows:Error: Windows GetLastError: The operation completed successfully. (0)
[2016.05.08-17.29.01:741][960]LogCrashTracker: 


[2016.05.08-17.29.01:751][960]LogCrashTracker: 


[2016.05.08-17.29.01:751][960]LogWindows:Error: === Critical error: ===
Assertion failed: SharedThis.Get() == this [File:D:\BuildFarm\buildmachine_++UE4+Release-4.11\Engine\Source\Runtime\Core\Public\Templates\SharedPointer.h] [Line: 1093] 





[2016.05.08-17.29.01:813][960]LogExit: Executing StaticShutdownAfterError
[2016.05.08-17.29.01:817][960]LogPhysics:Warning: PHYSX: ..\..\PhysX\src\NpScene.cpp (2946) 8 : PxScene::unlockWrite() called without matching call to PxScene::lockWrite(), behaviour will be undefined.
[2016.05.08-17.29.01:818][960]LogPhysics:Warning: PHYSX: ..\..\PhysX\src\NpScene.cpp (2946) 8 : PxScene::unlockWrite() called without matching call to PxScene::lockWrite(), behaviour will be undefined.
[2016.05.08-17.29.01:819][960]LogPhysics:Warning: PHYSX: ..\..\PhysX\src\NpScene.cpp (2946) 8 : PxScene::unlockWrite() called without matching call to PxScene::lockWrite(), behaviour will be undefined.
[2016.05.08-17.29.01:819][960]LogPhysics:Warning: PHYSX: ..\..\PhysX\src\NpScene.cpp (2946) 8 : PxScene::unlockWrite() called without matching call to PxScene::lockWrite(), behaviour will be undefined.
[2016.05.08-17.29.01:819][960]LogPhysics:Warning: PHYSX: ..\..\PhysX\src\NpScene.cpp (2946) 8 : PxScene::unlockWrite() called without matching call to PxScene::lockWrite(), behaviour will be undefined.
[2016.05.08-17.29.01:820][960]LogPhysics:Warning: PHYSX: ..\..\PhysX\src\NpScene.cpp (2946) 8 : PxScene::unlockWrite() called without matching call to PxScene::lockWrite(), behaviour will be undefined.
[2016.05.08-17.29.01:820][960]LogPhysics:Warning: PHYSX: ..\..\PhysX\src\NpScene.cpp (2946) 8 : PxScene::unlockWrite() called without matching call to PxScene::lockWrite(), behaviour will be undefined.
[2016.05.08-17.29.01:820][960]LogPhysics:Warning: PHYSX: ..\..\PhysX\src\NpScene.cpp (2946) 8 : PxScene::unlockWrite() called without matching call to PxScene::lockWrite(), behaviour will be undefined.
[2016.05.08-17.29.01:820][960]LogPhysics:Warning: PHYSX: ..\..\PhysX\src\NpScene.cpp (2946) 8 : PxScene::unlockWrite() called without matching call to PxScene::lockWrite(), behaviour will be undefined.
[2016.05.08-17.29.01:821][960]LogPhysics:Warning: PHYSX: ..\..\PhysX\src\NpScene.cpp (2946) 8 : PxScene::unlockWrite() called without matching call to PxScene::lockWrite(), behaviour will be undefined.
[2016.05.08-17.29.01:821][960]LogPhysics:Warning: PHYSX: ..\..\PhysX\src\NpScene.cpp (2946) 8 : PxScene::unlockWrite() called without matching call to PxScene::lockWrite(), behaviour will be undefined.
[2016.05.08-17.29.01:821][960]LogPhysics:Warning: PHYSX: ..\..\PhysX\src\NpScene.cpp (2946) 8 : PxScene::unlockWrite() called without matching call to PxScene::lockWrite(), behaviour will be undefined.
[2016.05.08-17.29.01:821][960]LogPhysics:Warning: PHYSX: ..\..\PhysX\src\NpScene.cpp (2946) 8 : PxScene::unlockWrite() called without matching call to PxScene::lockWrite(), behaviour will be undefined.
[2016.05.08-17.29.01:822][960]LogPhysics:Warning: PHYSX: ..\..\PhysX\src\NpScene.cpp (2946) 8 : PxScene::unlockWrite() called without matching call to PxScene::lockWrite(), behaviour will be undefined.
[2016.05.08-17.29.01:822][960]LogWindows: FPlatformMisc::RequestExit(1)
[2016.05.08-17.29.01:822][960]Log file closed, 05/08/16 13:29:01
