Log file open, 05/09/16 14:42:17
LogInit:Display: Running engine for game: Otherworld
LogPlatformFile: Not using cached read wrapper
LogInit:Display: RandInit(2070831384) SRandInit(2070831386).
LogTaskGraph: Started task graph with 4 named threads and 7 total threads.
LogStats: Stats thread started at 0.083558
LogInit: Version: 4.11.2-2946394+++UE4+Release-4.11
LogInit: API Version: 2927265
LogInit: Compiled (64-bit): Apr 18 2016 02:18:46
LogInit: Compiled with Visual C++: 19.00.23026.00
LogInit: Build Configuration: Development
LogInit: Branch Name: ++UE4+Release-4.11
LogInit: Command line:  
LogInit: Base directory: C:/Program Files (x86)/Epic Games/4.11/Engine/Binaries/Win64/
LogInit: Installed Engine Build: 1
LogInit: Using libcurl 7.41.0
LogInit:  - built for x86_64-pc-win32
LogInit:  - supports SSL with WinSSL
LogInit:  - other features:
LogInit:      CURL_VERSION_SSL
LogInit:      CURL_VERSION_IPV6
LogInit:      CURL_VERSION_ASYNCHDNS
LogInit:      CURL_VERSION_LARGEFILE
LogInit:      CURL_VERSION_IDN
LogInit:  CurlRequestOptions (configurable via config and command line):
LogInit:  - bVerifyPeer = true  - Libcurl will verify peer certificate
LogInit:  - bUseHttpProxy = false  - Libcurl will NOT use HTTP proxy
LogInit:  - bDontReuseConnections = false  - Libcurl will reuse connections
LogInit:  - CertBundlePath = nullptr  - Libcurl will use whatever was configured at build time.
LogInit: Presizing for max 16777216 objects, including 0 objects not considered by GC, pre-allocating 0 bytes for permanent pool.
LogInit: Object subsystem initialized
[2016.05.09-18.42.17:643][  0]LogInit: Selected Device Profile: [Windows]
[2016.05.09-18.42.17:643][  0]LogInit: Applying CVar settings loaded from the selected device profile: [Windows]
[2016.05.09-18.42.17:655][  0]LogInit: Computer: MONICA
[2016.05.09-18.42.17:655][  0]LogInit: User: Matt
[2016.05.09-18.42.17:655][  0]LogInit: CPU Page size=65536, Cores=4
[2016.05.09-18.42.17:655][  0]LogInit: High frequency timer resolution =3.906290 MHz
[2016.05.09-18.42.17:655][  0]LogMemory: Memory total: Physical=15.9GB (16GB approx)
[2016.05.09-18.42.17:655][  0]LogMemory: Platform Memory Stats for Windows
[2016.05.09-18.42.17:655][  0]LogMemory: Process Physical Memory: 314.24 MB used, 314.24 MB peak
[2016.05.09-18.42.17:655][  0]LogMemory: Process Virtual Memory: 314.83 MB used, 314.83 MB peak
[2016.05.09-18.42.17:655][  0]LogMemory: Physical Memory: 5448.21 MB used, 16330.44 MB total
[2016.05.09-18.42.17:655][  0]LogMemory: Virtual Memory: 653.25 MB used, 134217728.00 MB total
[2016.05.09-18.42.17:701][  0]LogTextLocalizationManager: No specific translations for ('en-US') exist, so ('en') translations will be used.
[2016.05.09-18.42.18:196][  0]LogD3D11RHI: D3D11 adapters:
[2016.05.09-18.42.18:242][  0]LogD3D11RHI:    0. 'NVIDIA GeForce GTX 970' (Feature Level 11_0)
[2016.05.09-18.42.18:242][  0]LogD3D11RHI:       4007MB of dedicated video memory, 0MB of dedicated system memory, and 8165MB of shared system memory, 2 output[s]
[2016.05.09-18.42.18:244][  0]LogD3D11RHI:    1. 'Microsoft Basic Render Driver' (Feature Level 11_0)
[2016.05.09-18.42.18:244][  0]LogD3D11RHI:       0MB of dedicated video memory, 0MB of dedicated system memory, and 8165MB of shared system memory, 0 output[s]
[2016.05.09-18.42.18:244][  0]LogD3D11RHI: Chosen D3D11 Adapter: 0
[2016.05.09-18.42.18:251][  0]LogD3D11RHI: Creating new Direct3DDevice
[2016.05.09-18.42.18:251][  0]LogD3D11RHI:     Adapter Name: NVIDIA GeForce GTX 970
[2016.05.09-18.42.18:251][  0]LogD3D11RHI:   Driver Version: 10.18.13.6200 (internal 10.18.13.6200)
[2016.05.09-18.42.18:251][  0]LogD3D11RHI:      Driver Date: 2-23-2016
[2016.05.09-18.42.18:251][  0]LogRHI: Texture pool is 1361 MB (70% of 1945 MB)
[2016.05.09-18.42.18:278][  0]LogD3D11RHI: Async texture creation enabled
[2016.05.09-18.42.18:296][  0]LogShaderCompilers: Guid format shader working directory is -20 characters bigger than the processId version (../../../../../../Users/Matt/Documents/Unreal Projects/Otherworld/Intermediate/Shaders/WorkingDirectory/1592/).
[2016.05.09-18.42.18:296][  0]LogShaderCompilers: Cleaned the shader compiler working directory 'C:/Users/Matt/AppData/Local/Temp/UnrealShaderWorkingDir/5EEC1CD24F24F603B0FEB68FADBED869/'.
[2016.05.09-18.42.18:296][  0]LogShaderCompilers:Display: Using Local Shader Compiler.
[2016.05.09-18.42.19:551][  0]LogTemp:Display: Loaded TP AllDesktopTargetPlatform
[2016.05.09-18.42.19:558][  0]LogTemp:Display: Loaded TP WindowsClientTargetPlatform
[2016.05.09-18.42.19:565][  0]LogTemp:Display: Loaded TP WindowsNoEditorTargetPlatform
[2016.05.09-18.42.19:571][  0]LogTemp:Display: Loaded TP WindowsServerTargetPlatform
[2016.05.09-18.42.19:578][  0]LogTemp:Display: Loaded TP WindowsTargetPlatform
[2016.05.09-18.42.19:583][  0]LogTemp:Display: Loaded TP AndroidTargetPlatform
[2016.05.09-18.42.19:587][  0]LogTemp:Display: Loaded TP Android_ASTCTargetPlatform
[2016.05.09-18.42.19:592][  0]LogTemp:Display: Loaded TP Android_ATCTargetPlatform
[2016.05.09-18.42.19:598][  0]LogTemp:Display: Loaded TP Android_DXTTargetPlatform
[2016.05.09-18.42.19:603][  0]LogTemp:Display: Loaded TP Android_ETC1TargetPlatform
[2016.05.09-18.42.19:608][  0]LogTemp:Display: Loaded TP Android_ETC2TargetPlatform
[2016.05.09-18.42.19:619][  0]LogTemp:Display: Loaded TP Android_MultiTargetPlatform
[2016.05.09-18.42.19:619][  0]LogTemp:Display: Loaded TP Android_PVRTCTargetPlatform
[2016.05.09-18.42.19:621][  0]LogTemp:Display: Loaded TP HTML5TargetPlatform
[2016.05.09-18.42.19:640][  0]LogTemp:Display: Loaded TP IOSTargetPlatform
[2016.05.09-18.42.19:644][  0]LogTemp:Display: Loaded TP TVOSTargetPlatform
[2016.05.09-18.42.19:649][  0]LogTemp:Display: Loaded TP LinuxNoEditorTargetPlatform
[2016.05.09-18.42.19:655][  0]LogTemp:Display: Loaded TP LinuxServerTargetPlatform
[2016.05.09-18.42.19:660][  0]LogTemp:Display: Loaded TP LinuxTargetPlatform
[2016.05.09-18.42.19:660][  0]LogTargetPlatformManager:Display: Building Assets For Windows
[2016.05.09-18.42.19:774][  0]LogDerivedDataCache:Display: Max Cache Size: 512 MB
[2016.05.09-18.42.19:879][  0]LogDerivedDataCache: Loaded boot cache 0.11s 46MB C:/Users/Matt/AppData/Local/UnrealEngine/4.11/DerivedDataCache/Boot.ddc.
[2016.05.09-18.42.19:879][  0]LogDerivedDataCache:Display: Loaded Boot cache: C:/Users/Matt/AppData/Local/UnrealEngine/4.11/DerivedDataCache/Boot.ddc
[2016.05.09-18.42.19:879][  0]LogDerivedDataCache: FDerivedDataBackendGraph:  Pak pak cache file ../../../../../../Users/Matt/Documents/Unreal Projects/Otherworld/DerivedDataCache/DDC.ddp not found, will not use a pak cache.
[2016.05.09-18.42.19:879][  0]LogDerivedDataCache: Unable to find inner node Pak for hierarchical cache Hierarchy.
[2016.05.09-18.42.19:879][  0]LogDerivedDataCache: FDerivedDataBackendGraph:  CompressedPak pak cache file ../../../../../../Users/Matt/Documents/Unreal Projects/Otherworld/DerivedDataCache/Compressed.ddp not found, will not use a pak cache.
[2016.05.09-18.42.19:879][  0]LogDerivedDataCache: Unable to find inner node CompressedPak for hierarchical cache Hierarchy.
[2016.05.09-18.42.19:910][  0]LogDerivedDataCache:Display: Pak cache opened for reading ../../../Engine/DerivedDataCache/Compressed.ddp.
[2016.05.09-18.42.19:922][  0]LogDerivedDataCache: Using Local data cache path C:/Users/Matt/AppData/Local/UnrealEngine/Common/DerivedDataCache: Writable
[2016.05.09-18.42.20:188][  0]LogInit: Selected Device Profile: [Windows]
[2016.05.09-18.42.20:189][  0]LogContentStreaming: Texture pool size is 0.00 MB
[2016.05.09-18.42.20:242][  0]LogMaterial: Uniform references updated for custom material expression Custom.
[2016.05.09-18.42.20:415][  0]LogMeshUtilities: No automatic mesh reduction module available
[2016.05.09-18.42.20:415][  0]LogMeshUtilities: No automatic mesh merging module available
[2016.05.09-18.42.20:415][  0]LogMeshUtilities: No distributed automatic mesh merging module available
[2016.05.09-18.42.20:784][  0]LogUObjectArray: 27679 objects as part of root set at end of initial load.
[2016.05.09-18.42.20:784][  0]LogUObjectAllocator: 5591592 out of 0 bytes used by permanent object pool.
[2016.05.09-18.42.20:784][  0]LogUObjectArray: CloseDisregardForGC: 0/0 objects in disregard for GC pool
[2016.05.09-18.42.20:792][  0]LogInit: WinSock: version 1.1 (2.2), MaxSocks=32767, MaxUdp=65467
[2016.05.09-18.42.20:922][  0]LogSlate: SlateFontCache - WITH_FREETYPE: 1, WITH_HARFBUZZ: 1
[2016.05.09-18.42.20:922][  0]LogSlate: SlateFontCache - WITH_FREETYPE: 1, WITH_HARFBUZZ: 1
[2016.05.09-18.42.21:036][  0]LogStreaming:Warning: Failed to read file '../../../Engine/Content/Editor/Slate/Common/Selection_16x.png' error.
[2016.05.09-18.42.21:036][  0]LogSlate: Could not find file for Slate resource: ../../../Engine/Content/Editor/Slate/Common/Selection_16x.png
[2016.05.09-18.42.21:036][  0]LogStreaming:Warning: Failed to read file '../../../Engine/Content/Editor/Slate/Common/Selection_16x.png' error.
[2016.05.09-18.42.21:036][  0]LogSlate: Could not find file for Slate resource: ../../../Engine/Content/Editor/Slate/Common/Selection_16x.png
[2016.05.09-18.42.21:036][  0]LogStreaming:Warning: Failed to read file '../../../Engine/Content/Editor/Slate/Common/Selection_16x.png' error.
[2016.05.09-18.42.21:036][  0]LogSlate: Could not find file for Slate resource: ../../../Engine/Content/Editor/Slate/Common/Selection_16x.png
[2016.05.09-18.42.21:691][  0]LogUdpMessaging: Initializing bridge on interface 0.0.0.0:0 to multicast group 230.0.0.1:6666.
[2016.05.09-18.42.21:800][  0]LogAssetRegistry: FAssetRegistry took 0.0215 seconds to start up
[2016.05.09-18.42.21:996][  0]SourceControl: Info Source control is disabled
[2016.05.09-18.42.22:086][  0]SourceControl: Info Source control is disabled
[2016.05.09-18.42.22:096][  0]SourceControl: Info Source control is disabled
[2016.05.09-18.42.22:107][  0]SourceControl: Info Source control is disabled
[2016.05.09-18.42.22:304][  0]LogHMD: Failed to initialize OpenVR with code 110
[2016.05.09-18.42.22:413][  0]LogEngine: Initializing Engine...
[2016.05.09-18.42.22:626][  0]LogAIModule: Creating AISystem for world NewWorld
[2016.05.09-18.42.22:649][  0]LogInit: XAudio2 using 'Speakers (Realtek High Definition Audio)' : 2 channels at 48 kHz using 32 bits per sample (channel mask 0x3)
[2016.05.09-18.42.22:678][  0]LogInit: FAudioDevice initialized.
[2016.05.09-18.42.22:742][  0]LogDerivedDataCache: Saved boot cache 0.06s 46MB C:/Users/Matt/AppData/Local/UnrealEngine/4.11/DerivedDataCache/Boot.ddc.
[2016.05.09-18.42.22:762][  0]LogInit: Texture streaming: Enabled
[2016.05.09-18.42.22:805][  0]LogInit: Transaction tracking system initialized
[2016.05.09-18.42.22:846][  0]BlueprintLog: New page: Editor Load
[2016.05.09-18.42.22:953][  0]LocalizationService: Info Localization service is disabled
[2016.05.09-18.42.23:216][  0]LogConsoleResponse:Display: 
[2016.05.09-18.42.23:340][  0]LogCook:Display: Max memory allowance for cook 8192mb
[2016.05.09-18.42.23:340][  0]LogCook:Display: Mobile HDR setting 1
[2016.05.09-18.42.23:340][  0]LogCook:Display: Done creating registry. It took  0.00s.
[2016.05.09-18.42.23:409][  0]LogFileCache: Scanning file cache for directory 'C:/Users/Matt/Documents/Unreal Projects/Otherworld/Content/' took 0.01s
[2016.05.09-18.42.23:409][  0]SourceControl: Info Source control is disabled
[2016.05.09-18.42.23:409][  0]Cmd: MAP LOAD FILE="../../../../../../Users/Matt/Documents/Unreal Projects/Otherworld/Content/ThirdPersonBP/Maps/ThirdPersonExampleMap.umap" TEMPLATE=0 SHOWPROGRESS=1 FEATURELEVEL=3
[2016.05.09-18.42.23:409][  0]LightingResults: New page: Lighting Build
[2016.05.09-18.42.23:413][  0]MapCheck: New page: Map Check
[2016.05.09-18.42.23:413][  0]LightingResults: New page: Lighting Build
[2016.05.09-18.42.23:511][  0]LogProperty:Error: UStructProperty::Serialize Loading: Property 'StructProperty /Game/Actors/Pickup.Pickup_C:ItemData'. Unknown structure.
[2016.05.09-18.42.23:512][  0]LogClass:Warning: Property ItemData of Pickup_C has a struct type mismatch (tag STRUCT_REINST_ItemData_20 != prop FallbackStruct) in package:  ../../../../../../Users/Matt/Documents/Unreal Projects/Otherworld/Content/Actors/Pickup.uasset. If that struct got renamed, add an entry to ActiveStructRedirects.
[2016.05.09-18.42.23:517][  0]LogClass:Warning: Property ItemData of Pickup_C has a struct type mismatch (tag FallbackStruct != prop ItemData) in package:  FObjectReader. If that struct got renamed, add an entry to ActiveStructRedirects.
[2016.05.09-18.42.23:547][  0]LogProperty:Error: UStructProperty::Serialize Loading: Property 'StructProperty /Game/ThirdPersonBP/Blueprints/ThirdPersonCharacter.ThirdPersonCharacter_C:AddToInventory.ItemData'. Unknown structure.
[2016.05.09-18.42.23:551][  0]LogProperty:Error: UStructProperty::Serialize Loading: Property 'StructProperty /Game/ThirdPersonBP/Blueprints/ThirdPersonCharacter.ThirdPersonCharacter_C:Inventory.Inventory'. Unknown structure.
[2016.05.09-18.42.23:595][  0]LogProperty:Error: UStructProperty::Serialize Loading: Property 'StructProperty /Game/UserInterface/Widgets/InventoryItem.InventoryItem_C:ItemData'. Unknown structure.
[2016.05.09-18.42.23:605][  0]LogClass:Warning: Property ItemData of InventoryItem_C has a struct type mismatch (tag STRUCT_REINST_ItemData_20 != prop FallbackStruct) in package:  ../../../../../../Users/Matt/Documents/Unreal Projects/Otherworld/Content/UserInterface/Widgets/InventoryItem.uasset. If that struct got renamed, add an entry to ActiveStructRedirects.
[2016.05.09-18.42.23:617][  0]LogClass:Warning: Property ItemData of InventoryItem_C has a struct type mismatch (tag FallbackStruct != prop ItemData) in package:  FObjectReader. If that struct got renamed, add an entry to ActiveStructRedirects.
[2016.05.09-18.42.23:685][  0]LogLinker:Error: ItemData has an inappropriate outermost, it was probably saved with a deprecated outer (file: ../../../../../../Users/Matt/Documents/Unreal Projects/Otherworld/Content/UserInterface/Widgets/Inventory.uasset)
[2016.05.09-18.42.23:691][  0]LogBlueprint:Warning: [Inventory] CreatePinForVariable: 'ItemInformationPane' variable not found. Base class was probably changed.
[2016.05.09-18.42.23:691][  0]LogBlueprint:Warning: [Inventory] CreatePinForVariable: 'ItemData' variable not found. Base class was probably changed.
[2016.05.09-18.42.23:691][  0]LogBlueprint:Warning: [Inventory] CreatePinForVariable: 'ItemData' variable not found. Base class was probably changed.
[2016.05.09-18.42.23:695][  0]LogBlueprint:Warning: [compiler Inventory] Warning Could not find a variable named "ItemData" in 'Inventory'.
Make sure 'Inventory' has been compiled for  Set ItemData 
[2016.05.09-18.42.23:695][  0]LogBlueprint:Warning: [compiler Inventory] Warning Could not find a variable named "ItemInformationPane" in 'Inventory_C'.
Make sure 'Inventory_C' has been compiled for  Get ItemInformationPane 
[2016.05.09-18.42.23:700][  0]LogBlueprint:Error: [compiler Inventory] Error The property associated with  Item Information Pane  could not be found
[2016.05.09-18.42.23:700][  0]LogBlueprint:Error: [compiler Inventory] Error The property associated with  Item Data  could not be found
[2016.05.09-18.42.23:708][  0]LogBlueprint:Warning: [compiler Inventory] Warning [0007.06] Compile of Inventory failed. 2 Fatal Issue(s) 2 Warning(s) [in 14 ms]
[2016.05.09-18.42.23:708][  0]LogBlueprint:Warning: [compiler Inventory] Warning [0007.06] Compile of Inventory failed. 2 Fatal Issue(s) 3 Warning(s) [in 0 ms]
[2016.05.09-18.42.23:708][  0]LogBlueprint:Warning: [compiler Inventory] Warning [0007.06] Compile of Inventory failed. 2 Fatal Issue(s) 4 Warning(s) [in 0 ms]
[2016.05.09-18.42.23:716][  0]LogLinker:Error: ItemData has an inappropriate outermost, it was probably saved with a deprecated outer (file: ../../../../../../Users/Matt/Documents/Unreal Projects/Otherworld/Content/UserInterface/Widgets/Inventory.uasset)
[2016.05.09-18.42.23:851][  0]LogBlueprint:Warning: [compiler Inventory] Warning Could not find a variable named "ItemData" in 'Inventory'.
Make sure 'Inventory' has been compiled for  Set ItemData 
[2016.05.09-18.42.23:851][  0]LogBlueprint:Warning: [compiler Inventory] Warning Could not find a variable named "ItemInformationPane" in 'Inventory_C'.
Make sure 'Inventory_C' has been compiled for  Get ItemInformationPane 
[2016.05.09-18.42.23:856][  0]LogBlueprint:Error: [compiler Inventory] Error The property associated with  Item Information Pane  could not be found
[2016.05.09-18.42.23:856][  0]LogBlueprint:Error: [compiler Inventory] Error The property associated with  Item Data  could not be found
[2016.05.09-18.42.23:865][  0]LogBlueprint:Warning: [compiler Inventory] Warning [0007.22] Compile of Inventory failed. 2 Fatal Issue(s) 2 Warning(s) [in 14 ms]
[2016.05.09-18.42.23:865][  0]LogBlueprint:Warning: [compiler Inventory] Warning [0007.22] Compile of Inventory failed. 2 Fatal Issue(s) 3 Warning(s) [in 0 ms]
[2016.05.09-18.42.23:866][  0]LogBlueprint:Warning: [compiler Inventory] Warning [0007.22] Compile of Inventory failed. 2 Fatal Issue(s) 4 Warning(s) [in 0 ms]
[2016.05.09-18.42.24:344][  0]LogAIModule: Creating AISystem for world ThirdPersonExampleMap
[2016.05.09-18.42.24:359][  0]LogEditorServer: Finished looking for orphan Actors (0.000 secs)
[2016.05.09-18.42.24:360][  0]Cmd: MAP CHECKDEP NOCLEARLOG
[2016.05.09-18.42.24:428][  0]MapCheck: Info Map check complete: 0 Error(s), 0 Warning(s), took 67.686ms to complete.
[2016.05.09-18.42.24:428][  0]LogFileHelpers: Loading map 'ThirdPersonExampleMap' took 1.020
[2016.05.09-18.42.24:571][  0]LogCollectionManager: Loaded 0 collections in 0.002357 seconds
[2016.05.09-18.42.24:617][  0]LogFileCache: Scanning file cache for directory 'C:/Users/Matt/Documents/Unreal Projects/Otherworld/Saved/Collections/' took 0.01s
[2016.05.09-18.42.24:617][  0]LogFileCache: Scanning file cache for directory 'C:/Users/Matt/Documents/Unreal Projects/Otherworld/Content/Developers/Matt/Collections/' took 0.01s
[2016.05.09-18.42.24:617][  0]LogFileCache: Scanning file cache for directory 'C:/Users/Matt/Documents/Unreal Projects/Otherworld/Content/Collections/' took 0.01s
[2016.05.09-18.42.24:617][  0]LogCollectionManager: Rebuilt the GUID cache for 0 collections in 0.000003 seconds
[2016.05.09-18.42.24:629][  0]LogContentBrowser: Native class hierarchy populated in 0.0116 seconds. Added 1980 classes and 345 folders.
[2016.05.09-18.42.24:634][  0]LogStats: UGameplayTagsManager::ConstructGameplayTagTree: Construct from data asset -  0.000 s
[2016.05.09-18.42.24:634][  0]LogStats: UGameplayTagsManager::ConstructGameplayTagTree: GameplayTagTreeChangedEvent.Broadcast -  0.000 s
[2016.05.09-18.42.24:636][  0]LogContentBrowser: Native class hierarchy updated for 'GameplayTags' in 0.0009 seconds. Added 12 classes and 0 folders.
[2016.05.09-18.42.24:641][  0]LogContentBrowser: Native class hierarchy updated for 'WidgetCarousel' in 0.0004 seconds. Added 0 classes and 0 folders.
[2016.05.09-18.42.24:648][  0]LogContentBrowser: Native class hierarchy updated for 'SuperSearch' in 0.0005 seconds. Added 1 classes and 2 folders.
[2016.05.09-18.42.24:698][  0]LogContentBrowser: Native class hierarchy updated for 'AddContentDialog' in 0.0004 seconds. Added 0 classes and 0 folders.
[2016.05.09-18.42.24:782][  0]LogCrashTracker: Crashtracker disabled due to settings.
[2016.05.09-18.42.24:789][  0]LogUObjectGlobals:Warning: Failed to find object 'Class None.'
[2016.05.09-18.42.24:817][  0]LogContentBrowser: Native class hierarchy updated for 'HierarchicalLODOutliner' in 0.0004 seconds. Added 1 classes and 2 folders.
[2016.05.09-18.42.24:817][  0]LogLoad: Full Startup: 8.17 seconds (BP compile: 0.28 seconds)
[2016.05.09-18.42.24:817][  0]LogExternalProfiler: Found external profiler: VSPerf
[2016.05.09-18.42.24:817][  0]LogExternalProfiler: Using external profiler: VSPerf
[2016.05.09-18.42.24:826][  0]LogOcInput: OculusInput pre-init called
[2016.05.09-18.42.24:869][  0]LogContentStreaming: Texture pool size now 1000 MB
[2016.05.09-18.42.25:034][  0]LogRenderer: Reallocating scene render targets to support 968x408 (Frame:2).
[2016.05.09-18.42.25:148][  1]LogAssetRegistry: Asset discovery search completed in 3.3690 seconds
[2016.05.09-18.42.25:148][  1]LogCollection