Log file open, 05/08/16 13:55:47
LogInit:Display: Running engine for game: Otherworld
LogPlatformFile: Not using cached read wrapper
LogInit:Display: RandInit(1665224460) SRandInit(1665224462).
LogTaskGraph: Started task graph with 4 named threads and 7 total threads.
LogStats: Stats thread started at 0.080157
LogInit: Version: 4.11.2-2946394+++UE4+Release-4.11
LogInit: API Version: 2927265
LogInit: Compiled (64-bit): Apr 18 2016 02:18:46
LogInit: Compiled with Visual C++: 19.00.23026.00
LogInit: Build Configuration: Development
LogInit: Branch Name: ++UE4+Release-4.11
LogInit: Command line: 
LogInit: Base directory: C:/Program Files (x86)/Epic Games/4.11/Engine/Binaries/Win64/
LogInit: Installed Engine Build: 1
LogInit: Using libcurl 7.41.0
LogInit:  - built for x86_64-pc-win32
LogInit:  - supports SSL with WinSSL
LogInit:  - other features:
LogInit:      CURL_VERSION_SSL
LogInit:      CURL_VERSION_IPV6
LogInit:      CURL_VERSION_ASYNCHDNS
LogInit:      CURL_VERSION_LARGEFILE
LogInit:      CURL_VERSION_IDN
LogInit:  CurlRequestOptions (configurable via config and command line):
LogInit:  - bVerifyPeer = true  - Libcurl will verify peer certificate
LogInit:  - bUseHttpProxy = false  - Libcurl will NOT use HTTP proxy
LogInit:  - bDontReuseConnections = false  - Libcurl will reuse connections
LogInit:  - CertBundlePath = nullptr  - Libcurl will use whatever was configured at build time.
LogInit: Presizing for max 16777216 objects, including 0 objects not considered by GC, pre-allocating 0 bytes for permanent pool.
LogInit: Object subsystem initialized
[2016.05.08-17.55.47:785][  0]LogInit: Selected Device Profile: [Windows]
[2016.05.08-17.55.47:785][  0]LogInit: Applying CVar settings loaded from the selected device profile: [Windows]
[2016.05.08-17.55.47:795][  0]LogInit: Computer: MONICA
[2016.05.08-17.55.47:795][  0]LogInit: User: Matt
[2016.05.08-17.55.47:795][  0]LogInit: CPU Page size=65536, Cores=4
[2016.05.08-17.55.47:795][  0]LogInit: High frequency timer resolution =3.906284 MHz
[2016.05.08-17.55.47:795][  0]LogMemory: Memory total: Physical=15.9GB (16GB approx)
[2016.05.08-17.55.47:795][  0]LogMemory: Platform Memory Stats for Windows
[2016.05.08-17.55.47:795][  0]LogMemory: Process Physical Memory: 313.71 MB used, 313.71 MB peak
[2016.05.08-17.55.47:795][  0]LogMemory: Process Virtual Memory: 315.11 MB used, 315.11 MB peak
[2016.05.08-17.55.47:795][  0]LogMemory: Physical Memory: 4211.40 MB used, 16330.44 MB total
[2016.05.08-17.55.47:795][  0]LogMemory: Virtual Memory: 653.85 MB used, 134217728.00 MB total
[2016.05.08-17.55.47:839][  0]LogTextLocalizationManager: No specific translations for ('en-US') exist, so ('en') translations will be used.
[2016.05.08-17.55.48:319][  0]LogD3D11RHI: D3D11 adapters:
[2016.05.08-17.55.48:353][  0]LogD3D11RHI:    0. 'NVIDIA GeForce GTX 970' (Feature Level 11_0)
[2016.05.08-17.55.48:353][  0]LogD3D11RHI:       4007MB of dedicated video memory, 0MB of dedicated system memory, and 8165MB of shared system memory, 2 output[s]
[2016.05.08-17.55.48:356][  0]LogD3D11RHI:    1. 'Microsoft Basic Render Driver' (Feature Level 11_0)
[2016.05.08-17.55.48:356][  0]LogD3D11RHI:       0MB of dedicated video memory, 0MB of dedicated system memory, and 8165MB of shared system memory, 0 output[s]
[2016.05.08-17.55.48:356][  0]LogD3D11RHI: Chosen D3D11 Adapter: 0
[2016.05.08-17.55.48:361][  0]LogD3D11RHI: Creating new Direct3DDevice
[2016.05.08-17.55.48:362][  0]LogD3D11RHI:     Adapter Name: NVIDIA GeForce GTX 970
[2016.05.08-17.55.48:362][  0]LogD3D11RHI:   Driver Version: 10.18.13.6200 (internal 10.18.13.6200)
[2016.05.08-17.55.48:362][  0]LogD3D11RHI:      Driver Date: 2-23-2016
[2016.05.08-17.55.48:362][  0]LogRHI: Texture pool is 1361 MB (70% of 1945 MB)
[2016.05.08-17.55.48:381][  0]LogD3D11RHI: Async texture creation enabled
[2016.05.08-17.55.48:399][  0]LogShaderCompilers: Guid format shader working directory is -21 characters bigger than the processId version (../../../../../../Users/Matt/Documents/Unreal Projects/Otherworld/Intermediate/Shaders/WorkingDirectory/13672/).
[2016.05.08-17.55.48:399][  0]LogShaderCompilers: Cleaned the shader compiler working directory 'C:/Users/Matt/AppData/Local/Temp/UnrealShaderWorkingDir/8E13D0A14E90857F0F4064858B8CF5C7/'.
[2016.05.08-17.55.48:399][  0]LogShaderCompilers:Display: Using Local Shader Compiler.
[2016.05.08-17.55.50:020][  0]LogTemp:Display: Loaded TP AllDesktopTargetPlatform
[2016.05.08-17.55.50:025][  0]LogTemp:Display: Loaded TP WindowsClientTargetPlatform
[2016.05.08-17.55.50:031][  0]LogTemp:Display: Loaded TP WindowsNoEditorTargetPlatform
[2016.05.08-17.55.50:036][  0]LogTemp:Display: Loaded TP WindowsServerTargetPlatform
[2016.05.08-17.55.50:042][  0]LogTemp:Display: Loaded TP WindowsTargetPlatform
[2016.05.08-17.55.50:046][  0]LogTemp:Display: Loaded TP AndroidTargetPlatform
[2016.05.08-17.55.50:051][  0]LogTemp:Display: Loaded TP Android_ASTCTargetPlatform
[2016.05.08-17.55.50:055][  0]LogTemp:Display: Loaded TP Android_ATCTargetPlatform
[2016.05.08-17.55.50:060][  0]LogTemp:Display: Loaded TP Android_DXTTargetPlatform
[2016.05.08-17.55.50:066][  0]LogTemp:Display: Loaded TP Android_ETC1TargetPlatform
[2016.05.08-17.55.50:072][  0]LogTemp:Display: Loaded TP Android_ETC2TargetPlatform
[2016.05.08-17.55.50:082][  0]LogTemp:Display: Loaded TP Android_MultiTargetPlatform
[2016.05.08-17.55.50:082][  0]LogTemp:Display: Loaded TP Android_PVRTCTargetPlatform
[2016.05.08-17.55.50:083][  0]LogTemp:Display: Loaded TP HTML5TargetPlatform
[2016.05.08-17.55.50:102][  0]LogTemp:Display: Loaded TP IOSTargetPlatform
[2016.05.08-17.55.50:106][  0]LogTemp:Display: Loaded TP TVOSTargetPlatform
[2016.05.08-17.55.50:110][  0]LogTemp:Display: Loaded TP LinuxNoEditorTargetPlatform
[2016.05.08-17.55.50:115][  0]LogTemp:Display: Loaded TP LinuxServerTargetPlatform
[2016.05.08-17.55.50:119][  0]LogTemp:Display: Loaded TP LinuxTargetPlatform
[2016.05.08-17.55.50:119][  0]LogTargetPlatformManager:Display: Building Assets For Windows
[2016.05.08-17.55.50:211][  0]LogDerivedDataCache:Display: Max Cache Size: 512 MB
[2016.05.08-17.55.50:295][  0]LogDerivedDataCache: Loaded boot cache 0.08s 46MB C:/Users/Matt/AppData/Local/UnrealEngine/4.11/DerivedDataCache/Boot.ddc.
[2016.05.08-17.55.50:295][  0]LogDerivedDataCache:Display: Loaded Boot cache: C:/Users/Matt/AppData/Local/UnrealEngine/4.11/DerivedDataCache/Boot.ddc
[2016.05.08-17.55.50:296][  0]LogDerivedDataCache: FDerivedDataBackendGraph:  Pak pak cache file ../../../../../../Users/Matt/Documents/Unreal Projects/Otherworld/DerivedDataCache/DDC.ddp not found, will not use a pak cache.
[2016.05.08-17.55.50:296][  0]LogDerivedDataCache: Unable to find inner node Pak for hierarchical cache Hierarchy.
[2016.05.08-17.55.50:296][  0]LogDerivedDataCache: FDerivedDataBackendGraph:  CompressedPak pak cache file ../../../../../../Users/Matt/Documents/Unreal Projects/Otherworld/DerivedDataCache/Compressed.ddp not found, will not use a pak cache.
[2016.05.08-17.55.50:296][  0]LogDerivedDataCache: Unable to find inner node CompressedPak for hierarchical cache Hierarchy.
[2016.05.08-17.55.50:313][  0]LogDerivedDataCache:Display: Pak cache opened for reading ../../../Engine/DerivedDataCache/Compressed.ddp.
[2016.05.08-17.55.50:325][  0]LogDerivedDataCache: Using Local data cache path C:/Users/Matt/AppData/Local/UnrealEngine/Common/DerivedDataCache: Writable
[2016.05.08-17.55.50:540][  0]LogInit: Selected Device Profile: [Windows]
[2016.05.08-17.55.50:541][  0]LogContentStreaming: Texture pool size is 0.00 MB
[2016.05.08-17.55.50:583][  0]LogMaterial: Uniform references updated for custom material expression Custom.
[2016.05.08-17.55.50:724][  0]LogMeshUtilities: No automatic mesh reduction module available
[2016.05.08-17.55.50:724][  0]LogMeshUtilities: No automatic mesh merging module available
[2016.05.08-17.55.50:724][  0]LogMeshUtilities: No distributed automatic mesh merging module available
[2016.05.08-17.55.51:036][  0]LogUObjectArray: 27679 objects as part of root set at end of initial load.
[2016.05.08-17.55.51:036][  0]LogUObjectAllocator: 5591600 out of 0 bytes used by permanent object pool.
[2016.05.08-17.55.51:036][  0]LogUObjectArray: CloseDisregardForGC: 0/0 objects in disregard for GC pool
[2016.05.08-17.55.51:045][  0]LogInit: WinSock: version 1.1 (2.2), MaxSocks=32767, MaxUdp=65467
[2016.05.08-17.55.51:197][  0]LogSlate: SlateFontCache - WITH_FREETYPE: 1, WITH_HARFBUZZ: 1
[2016.05.08-17.55.51:197][  0]LogSlate: SlateFontCache - WITH_FREETYPE: 1, WITH_HARFBUZZ: 1
[2016.05.08-17.55.51:315][  0]LogStreaming:Warning: Failed to read file '../../../Engine/Content/Editor/Slate/Common/Selection_16x.png' error.
[2016.05.08-17.55.51:315][  0]LogSlate: Could not find file for Slate resource: ../../../Engine/Content/Editor/Slate/Common/Selection_16x.png
[2016.05.08-17.55.51:315][  0]LogStreaming:Warning: Failed to read file '../../../Engine/Content/Editor/Slate/Common/Selection_16x.png' error.
[2016.05.08-17.55.51:315][  0]LogSlate: Could not find file for Slate resource: ../../../Engine/Content/Editor/Slate/Common/Selection_16x.png
[2016.05.08-17.55.51:315][  0]LogStreaming:Warning: Failed to read file '../../../Engine/Content/Editor/Slate/Common/Selection_16x.png' error.
[2016.05.08-17.55.51:315][  0]LogSlate: Could not find file for Slate resource: ../../../Engine/Content/Editor/Slate/Common/Selection_16x.png
[2016.05.08-17.55.51:970][  0]LogUdpMessaging: Initializing bridge on interface 0.0.0.0:0 to multicast group 230.0.0.1:6666.
[2016.05.08-17.55.52:084][  0]LogAssetRegistry: FAssetRegistry took 0.0219 seconds to start up
[2016.05.08-17.55.52:255][  0]SourceControl: Info Source control is disabled
[2016.05.08-17.55.52:317][  0]SourceControl: Info Source control is disabled
[2016.05.08-17.55.52:329][  0]SourceControl: Info Source control is disabled
[2016.05.08-17.55.52:340][  0]SourceControl: Info Source control is disabled
[2016.05.08-17.55.52:475][  0]LogHMD: Failed to initialize OpenVR with code 110
[2016.05.08-17.55.52:556][  0]LogEngine: Initializing Engine...
[2016.05.08-17.55.52:764][  0]LogAIModule: Creating AISystem for world NewWorld
[2016.05.08-17.55.52:789][  0]LogInit: XAudio2 using 'Speakers (Realtek High Definition Audio)' : 2 channels at 48 kHz using 32 bits per sample (channel mask 0x3)
[2016.05.08-17.55.52:813][  0]LogInit: FAudioDevice initialized.
[2016.05.08-17.55.52:879][  0]LogDerivedDataCache: Saved boot cache 0.07s 46MB C:/Users/Matt/AppData/Local/UnrealEngine/4.11/DerivedDataCache/Boot.ddc.
[2016.05.08-17.55.52:900][  0]LogInit: Texture streaming: Enabled
[2016.05.08-17.55.52:950][  0]LogInit: Transaction tracking system initialized
[2016.05.08-17.55.52:985][  0]BlueprintLog: New page: Editor Load
[2016.05.08-17.55.53:095][  0]LocalizationService: Info Localization service is disabled
[2016.05.08-17.55.53:318][  0]LogConsoleResponse:Display: 
[2016.05.08-17.55.53:432][  0]LogCook:Display: Max memory allowance for cook 8192mb
[2016.05.08-17.55.53:432][  0]LogCook:Display: Mobile HDR setting 1
[2016.05.08-17.55.53:432][  0]LogCook:Display: Done creating registry. It took  0.00s.
[2016.05.08-17.55.53:509][  0]LogFileCache: Scanning file cache for directory 'C:/Users/Matt/Documents/Unreal Projects/Otherworld/Content/' took 0.01s
[2016.05.08-17.55.53:509][  0]SourceControl: Info Source control is disabled
[2016.05.08-17.56.13:686][  0]LogWindowsTextInputMethodSystem:Display: IME system now deactivated.
[2016.05.08-17.56.13:697][  0]Cmd: MAP LOAD FILE="../../../../../../Users/Matt/Documents/Unreal Projects/Otherworld/Content/ThirdPersonBP/Maps/ThirdPersonExampleMap.umap" TEMPLATE=0 SHOWPROGRESS=1 FEATURELEVEL=3
[2016.05.08-17.56.13:698][  0]LightingResults: New page: Lighting Build
[2016.05.08-17.56.13:711][  0]MapCheck: New page: Map Check
[2016.05.08-17.56.13:712][  0]LightingResults: New page: Lighting Build
[2016.05.08-17.56.14:148][  0]LogAIModule: Creating AISystem for world ThirdPersonExampleMap
[2016.05.08-17.56.14:162][  0]LogEditorServer: Finished looking for orphan Actors (0.000 secs)
[2016.05.08-17.56.14:163][  0]Cmd: MAP CHECKDEP NOCLEARLOG
[2016.05.08-17.56.14:225][  0]MapCheck: Info Map check complete: 0 Error(s), 0 Warning(s), took 62.215ms to complete.
[2016.05.08-17.56.14:225][  0]LogFileHelpers: Loading map 'ThirdPersonExampleMap' took 0.528
[2016.05.08-17.56.14:314][  0]LogStats:Warning: MetaData mismatch. Did you assign a stat to two groups? New //STATGROUP_Threads//SplashScreenThread///Thread_2efc_0///####STATCAT_Advanced#### old //STATGROUP_Threads//SplashScreenThread///Thread_1aac_0///####STATCAT_Advanced####
[2016.05.08-17.56.14:314][  0]LogCollectionManager: Loaded 0 collections in 0.002004 seconds
[2016.05.08-17.56.14:359][  0]LogFileCache: Scanning file cache for directory 'C:/Users/Matt/Documents/Unreal Projects/Otherworld/Saved/Collections/' took 0.01s
[2016.05.08-17.56.14:359][  0]LogFileCache: Scanning file cache for directory 'C:/Users/Matt/Documents/Unreal Projects/Otherworld/Content/Developers/Matt/Collections/' took 0.01s
[2016.05.08-17.56.14:359][  0]LogFileCache: Scanning file cache for directory 'C:/Users/Matt/Documents/Unreal Projects/Otherworld/Content/Collections/' took 0.01s
[2016.05.08-17.56.14:359][  0]LogCollectionManager: Rebuilt the GUID cache for 0 collections in 0.000006 seconds
[2016.05.08-17.56.14:369][  0]LogContentBrowser: Native class hierarchy populated in 0.0101 seconds. Added 1980 classes and 345 folders.
[2016.05.08-17.56.14:373][  0]LogStats: UGameplayTagsManager::ConstructGameplayTagTree: Construct from data asset -  0.000 s
[2016.05.08-17.56.14:373][  0]LogStats: UGameplayTagsManager::ConstructGameplayTagTree: GameplayTagTreeChangedEvent.Broadcast -  0.000 s
[2016.05.08-17.56.14:374][  0]LogContentBrowser: Native class hierarchy updated for 'GameplayTags' in 0.0005 seconds. Added 12 classes and 0 folders.
[2016.05.08-17.56.14:378][  0]LogContentBrowser: Native class hierarchy updated for 'WidgetCarousel' in 0.0003 seconds. Added 0 classes and 0 folders.
[2016.05.08-17.56.14:387][  0]LogContentBrowser: Native class hierarchy updated for 'SuperSearch' in 0.0004 seconds. Added 1 classes and 2 folders.
[2016.05.08-17.56.14:434][  0]LogContentBrowser: Native class hierarchy updated for 'AddContentDialog' in 0.0004 seconds. Added 0 classes and 0 folders.
[2016.05.08-17.56.14:511][  0]LogCrashTracker: Crashtracker disabled due to settings.
[2016.05.08-17.56.14:517][  0]LogUObjectGlobals:Warning: Failed to find object 'Class None.'
[2016.05.08-17.56.14:544][  0]LogContentBrowser: Native class hierarchy updated for 'HierarchicalLODOutliner' in 0.0005 seconds. Added 1 classes and 2 folders.
[2016.05.08-17.56.14:544][  0]LogLoad: Full Startup: 27.72 seconds (BP compile: 0.11 seconds)
[2016.05.08-17.56.14:544][  0]LogExternalProfiler: Found external profiler: VSPerf
[2016.05.08-17.56.14:544][  0]LogExternalProfiler: Using external profiler: VSPerf
[2016.05.08-17.56.14:553][  0]LogWindowsTextInputMethodSystem:Display: IME system now deactivated.
[2016.05.08-17.56.14:553][  0]LogOcInput: OculusInput pre-init called
[2016.05.08-17.56.14:596][  0]LogContentStreaming: Texture pool size now 1000 MB
[2016.05.08-17.56.14:752][  0]LogRenderer: Reallocating scene render targets to support 968x408 (Frame:2).
[2016.05.08-17.56.14:847][  1]LogAssetRegistry: Asset discovery search completed in 22.7844 seconds
[2016.05.08-17.56.14:847][  1]LogCollectionManager: Rebuilt the object cache for 0 collections in 0.000002 seconds (found 0 objects)
[2016.05.08-17.56.14:847][  1]LogCollectionManager: Fixed up redirectors for 0 collections in 0.000027 seconds (updated 0 objects)
[2016.05.08-17.56.18:869][389]LogContentBrowser: Native class hierarchy updated for 'BlueprintGraph' in 0.0009 seconds. Added 108 classes and 0 folders.
[2016.05.08-17.56.19:840][389]LogLinker:Warning: Can't find file '/Game/UserInterface/Images/RadialMask'
[2016.05.08-17.56.19:840][389]LogLinker:Warning: Can't find file for asset '/Game/UserInterface/Images/RadialMask' while loading ../../../../../../Users/Matt/Documents/Unreal Projects/Otherworld/Content/UserInterface/Materials/RadialProgressBar.uasset.
[2016.05.08-17.56.19:840][389]LoadErrors:Error: Error /Game/UserInterface/Materials/RadialProgressBar : Can't find file for asset. /Game/UserInterface/Images/RadialMask
[2016.05.08-17.56.19:841][389]LogLinker:Warning: Can't find file '/Game/UserInterface/Images/RadialMask'
[2016.05.08-17.56.19:841][389]LogLinker:Warning: Can't find file for asset '/Game/UserInterface/Images/RadialMask' while loading ../../../../../../Users/Matt/Documents/Unreal Projects/Otherworld/Content/UserInterface/Materials/RadialProgressBar.uasset.
[2016.05.08-17.56.19:846][389]LogLinker:Warning: Can't find file '/Game/UserInterface/Images/RadialMask'
[2016.05.08-17.56.19:846][389]LoadErrors: Info Failed to load /Game/UserInterface/Images/RadialMask.RadialMask Referenced by MaterialExpressionTextureSample_1
[2016.05.08-17.56.19:846][389]LogLinker:Warning: Can't find file for asset '/Game/UserInterface/Images/RadialMask' while loading NULL.
[2016.05.08-17.56.19:848][389]LogMaterial: Missing cached shader map for material RadialProgressBar, compiling. 
[2016.05.08-17.56.19:848][389]LogMaterial:Warning: Failed to compile Material /Game/UserInterface/Materials/RadialProgressBar.RadialProgressBar for platform PCD3D_SM5, Default Material will be used in game.
[2016.05.08-17.56.19:848][389]LogMaterial:Warning: 	(Node TextureSample) TextureSample> Missing input texture
[2016.05.08-17.56.20:156][389]LogMaterial: Missing cached shader map for material RadialProgressBar, compiling. 
[2016.05.08-17.56.20:157][389]LogMaterial:Warning: Failed to compile Material /Engine/Transient.RadialProgressBar for platform PCD3D_SM5, Default Material will be used in game.
[2016.05.08-17.56.20:157][389]LogMaterial:Warning: 	(Node TextureSample) TextureSample> Missing input texture
[2016.05.08-17.56.20:214][389]LogMaterial: Missing cached shader map for material RadialProgressBar, compiling. 
[2016.05.08-17.56.20:214][389]LogMaterial:Warning: Failed to compile Material /Engine/Transient.RadialProgressBar for platform PCD3D_SM5, Default Material will be used in game.
[2016.05.08-17.56.20:214][389]LogMaterial:Warning: 	(Node TextureSample) TextureSample> Missing input texture
[2016.05.08-17.56.20:215][389]LogMaterial: 0.00 seconds spent updating 1 materials, 1 interfaces, 0 instances, 0 with static permutations.
[2016.05.08-17.56.20:238][389]LogMaterial: Missing cached shader map for material FMatExpressionPreview MaterialExpressionTextureSample_0, compiling. 
[2016.05.08-17.56.20:244][389]LogMaterial: Missing cached shader map for material FMatExpressionPreview MaterialExpressionFloor_0, compiling. 
[2016.05.08-17.56.20:246][389]LogMaterial: Missing cached shader map for material FMatExpressionPreview MaterialExpressionTextureSample_1, compiling. 
[2016.05.08-17.56.20:247][389]LogMaterial: Missing cached shader map for material FMatExpressionPreview MaterialExpressionMultiply_0, compiling. 
[2016.05.08-17.56.20:249][389]MaterialEditorStats:Error: Error [SM5] (Node TextureSample) TextureSample> Missing input texture
[2016.05.08-17.56.25:992][928]LogMaterial: Missing cached shader map for material RadialProgressBar, compiling. 
[2016.05.08-17.56.26:001][928]LogMaterial: 0.00 seconds spent updating 1 materials, 1 interfaces, 0 instances, 0 with static permutations.
[2016.05.08-17.56.26:709][984]MaterialEditorStats: Info Default UI Pixel Shader: 31 instructions
[2016.05.08-17.56.26:709][984]MaterialEditorStats: Info Default UI Vertex Shader: 18 instructions
[2016.05.08-17.56.26:709][984]MaterialEditorStats: Info Instanced UI Vertex Shader: 18 instructions
[2016.05.08-17.56.26:709][984]MaterialEditorStats: Info Texture samplers: 2/16
[2016.05.08-17.56.56:411][773]LogMaterial: Missing cached shader map for material RadialProgressBar, compiling. 
[2016.05.08-17.56.56:415][773]LogMaterial: 0.00 seconds spent updating 1 materials, 1 interfaces, 0 instances, 0 with static permutations.
[2016.05.08-17.56.57:378][882]MaterialEditorStats: Info Default UI Pixel Shader: 31 instructions
[2016.05.08-17.56.57:378][882]MaterialEditorStats: Info Default UI Vertex Shader: 18 instructions
[2016.05.08-17.56.57:378][882]MaterialEditorStats: Info Instanced UI Vertex Shader: 18 instructions
[2016.05.08-17.56.57:378][882]MaterialEditorStats: Info Texture samplers: 2/16
[2016.05.08-17.57.01:698][393]LogMaterial: Missing cached shader map for material RadialProgressBar, compiling. 
[2016.05.08-17.57.01:702][393]LogMaterial: 0.00 seconds spent updating 1 materials, 1 interfaces, 0 instances, 0 with static permutations.
[2016.05.08-17.57.02:279][462]MaterialEditorStats: Info Default UI Pixel Shader: 31 instructions
[2016.05.08-17.57.02:279][462]MaterialEditorStats: Info Default UI Vertex Shader: 18 instructions
[2016.05.08-17.57.02:279][462]MaterialEditorStats: Info Instanced UI Vertex Shader: 18 instructions
[2016.05.08-17.57.02:279][462]MaterialEditorStats: Info Texture samplers: 2/16
[2016.05.08-17.57.05:218][813]LogMaterial: Missing cached shader map for material RadialProgressBar, compiling. 
[2016.05.08-17.57.05:223][813]LogMaterial: 0.00 seconds spent updating 1 materials, 1 interfaces, 0 instances, 0 with static permutations.
[2016.05.08-17.57.05:819][884]MaterialEditorStats: Info Default UI Pixel Shader: 31 instructions
[2016.05.08-17.57.05:819][884]MaterialEditorStats: Info Default UI Vertex Shader: 18 instructions
[2016.05.08-17.57.05:819][884]MaterialEditorStats: Info Instanced UI Vertex Shader: 18 instructions
[2016.05.08-17.57.05:819][884]MaterialEditorStats: Info Texture samplers: 2/16
[2016.05.08-17.57.08:272][177]LogMaterial: Missing cached shader map for material RadialProgressBar, compiling. 
[2016.05.08-17.57.08:276][177]LogMaterial: 0.00 seconds spent updating 1 materials, 1 interfaces, 0 instances, 0 with static permutations.
[2016.05.08-17.57.08:866][247]MaterialEditorStats: Info Default UI Pixel Shader: 31 instructions
[2016.05.08-17.57.08:866][247]MaterialEditorStats: Info Default UI Vertex Shader: 18 instructions
[2016.05.08-17.57.08:866][247]MaterialEditorStats: Info Instanced UI Vertex Shader: 18 instructions
[2016.05.08-17.57.08:866][247]MaterialEditorStats: Info Texture samplers: 2/16
[2016.05.08-17.57.17:404][757]LogMaterial: Missing cached shader map for material RadialProgressBar, compiling. 
[2016.05.08-17.57.17:409][757]LogMaterial: 0.00 seconds spent updating 1 materials, 1 interfaces, 0 instances, 0 with static permutations.
[2016.05.08-17.57.18:011][824]MaterialEditorStats: Info Default UI Pixel Shader: 31 instructions
[2016.05.08-17.57.18:011][824]MaterialEditorStats: Info Default UI Vertex Shader: 18 instructions
[2016.05.08-17.57.18:011][824]MaterialEditorStats: Info Instanced UI Vertex Shader: 18 instructions
[2016.05.08-17.57.18:011][824]MaterialEditorStats: Info Texture samplers: 2/16
[2016.05.08-17.57.22:183][319]LogMaterial: Missing cached shader map for material RadialProgressBar, compiling. 
[2016.05.08-17.57.22:188][319]LogMaterial: 0.00 seconds spent updating 1 materials, 1 interfaces, 0 instances, 0 with static permutations.
[2016.05.08-17.57.22:822][393]MaterialEditorStats: Info Default UI Pixel Shader: 31 instructions
[2016.05.08-17.57.22:822][393]MaterialEditorStats: Info Default UI Vertex Shader: 18 instructions
[2016.05.08-17.57.22:822][393]MaterialEditorStats: Info Instanced UI Vertex Shader: 18 instructions
[2016.05.08-17.57.22:822][393]MaterialEditorStats: Info Texture samplers: 2/16
[2016.05.08-17.58.34:693][281]LogAssetTools:Warning: Failed to import 'C:\Users\Matt\Downloads\UI\HUD\ProgressCircle\MI_ProgressCircle.uasset'. Unknown extension 'uasset'.
[2016.05.08-17.58.34:705][281]LogAssetTools:Warning: Failed to import 'C:\Users\Matt\Downloads\UI\HUD\ProgressCircle\T_CircularMask.uasset'. Unknown extension 'uasset'.
[2016.05.08-17.58.34:718][281]LogAssetTools:Warning: Failed to import 'C:\Users\Matt\Downloads\UI\HUD\ProgressCircle\M_ProgressCircle.uasset'. Unknown extension 'uasset'.
[2016.05.08-17.59.06:870][984]Cmd: OBJ SAVEPACKAGE PACKAGE="/Game/Imported/asdf" FILE="../../../../../../Users/Matt/Documents/Unreal Projects/Otherworld/Content/Imported/asdf.uasset" SILENT=true
[2016.05.08-17.59.06:885][984]LogSavePackage: Save=13.09ms
[2016.05.08-17.59.06:885][984]LogSavePackage: Moving '../../../../../../Users/Matt/Documents/Unreal Projects/Otherworld/Saved/asdfBB8F775547A35B9EA29556A983DB7C8C.tmp' to '../../../../../../Users/Matt/Documents/Unreal Projects/Otherworld/Content/Imported/asdf.uasset'
[2016.05.08-17.59.06:888][984]LogSavePackage: Total save time: 16.81ms
[2016.05.08-17.59.06:888][984]LogSavePackage:Display: Finished SavePackage ../../../../../../Users/Matt/Documents/Unreal Projects/Otherworld/Content/Imported/asdf.uasset
[2016.05.08-17.59.29:146][364]LogTexture:Display: Building textures: T_CircularMask (G8)
[2016.05.08-17.59.32:626][757]LogSavePackage: Save=12.15ms
[2016.05.08-17.59.32:626][757]LogSavePackage: Moving '../../../../../../Users/Matt/Documents/Unreal Projects/Otherworld/Saved/T_CircularMask64635AC64B9F95696C57BEAD0B021A58.tmp' to '../../../../../../Users/Matt/Documents/Unreal Projects/Otherworld/Content/UserInterface/Images/T_CircularMask.uasset'
[2016.05.08-17.59.32:629][757]LogSavePackage: Total save time: 15.48ms
[2016.05.08-17.59.32:629][757]LogSavePackage:Display: Finished SavePackage ../../../../../../Users/Matt/Documents/Unreal Projects/Otherworld/Content/UserInterface/Images/T_CircularMask.uasset
[2016.05.08-17.59.37:088][267]LogMaterial: Missing cached shader map for material RadialProgressBar, compiling. 
[2016.05.08-17.59.37:093][267]LogMaterial: 0.00 seconds spent updating 1 materials, 1 interfaces, 0 instances, 0 with static permutations.
[2016.05.08-17.59.38:300][330]MaterialEditorStats: Info Default UI Pixel Shader: 28 instructions
[2016.05.08-17.59.38:300][330]MaterialEditorStats: Info Default UI Vertex Shader: 18 instructions
[2016.05.08-17.59.38:300][330]MaterialEditorStats: Info Instanced UI Vertex Shader: 18 instructions
[2016.05.08-17.59.38:300][330]MaterialEditorStats: Info Texture samplers: 1/16
[2016.05.08-17.59.47:685][825]LogMaterial: Missing cached shader map for material RadialProgressBar, compiling. 
[2016.05.08-17.59.47:689][825]LogMaterial: 0.00 seconds spent updating 1 materials, 1 interfaces, 0 instances, 0 with static permutations.
[2016.05.08-17.59.47:690][825]LogMaterial: Missing cached shader map for material FMatExpressionPreview MaterialExpressionTextureSample_2, compiling. 
[2016.05.08-17.59.48:258][889]MaterialEditorStats: Info Default UI Pixel Shader: 28 instructions
[2016.05.08-17.59.48:259][889]MaterialEditorStats: Info Default UI Vertex Shader: 18 instructions
[2016.05.08-17.59.48:259][889]MaterialEditorStats: Info Instanced UI Vertex Shader: 18 instructions
[2016.05.08-17.59.48:259][889]MaterialEditorStats: Info Texture samplers: 1/16
[2016.05.08-17.59.51:911][309]LogMaterial: Missing cached shader map for material RadialProgressBar, compiling. 
[2016.05.08-17.59.51:915][309]LogMaterial: 0.00 seconds spent updating 1 materials, 1 interfaces, 0 instances, 0 with static permutations.
[2016.05.08-17.59.51:939][309]LogMaterial: Missing cached shader map for material FMatExpressionPreview MaterialExpressionTextureSample_2, compiling. 
[2016.05.08-17.59.52:516][375]MaterialEditorStats: Info Default UI Pixel Shader: 28 instructions
[2016.05.08-17.59.52:516][375]MaterialEditorStats: Info Default UI Vertex Shader: 18 instructions
[2016.05.08-17.59.52:516][375]MaterialEditorStats: Info Instanced UI Vertex Shader: 18 instructions
[2016.05.08-17.59.52:516][375]MaterialEditorStats: Info Texture samplers: 1/16
[2016.05.08-17.59.56:505][850]LogMaterial: Missing cached shader map for material RadialProgressBar, compiling. 
[2016.05.08-17.59.56:509][850]LogMaterial: 0.00 seconds spent updating 1 materials, 1 interfaces, 0 instances, 0 with static permutations.
[2016.05.08-17.59.56:534][850]LogMaterial: Missing cached shader map for material FMatExpressionPreview MaterialExpressionTextureSample_2, compiling. 
[2016.05.08-17.59.57:075][912]MaterialEditorStats: Info Default UI Pixel Shader: 28 instructions
[2016.05.08-17.59.57:075][912]MaterialEditorStats: Info Default UI Vertex Shader: 18 instructions
[2016.05.08-17.59.57:075][912]MaterialEditorStats: Info Instanced UI Vertex Shader: 18 instructions
[2016.05.08-17.59.57:075][912]MaterialEditorStats: Info Texture samplers: 1/16
[2016.05.08-18.00.18:781][499]LogMaterial: Missing cached shader map for material RadialProgressBar, compiling. 
[2016.05.08-18.00.18:785][499]LogMaterial: 0.00 seconds spent updating 1 materials, 1 interfaces, 0 instances, 0 with static permutations.
[2016.05.08-18.00.19:620][592]MaterialEditorStats: Info Default UI Pixel Shader: 28 instructions
[2016.05.08-18.00.19:620][592]MaterialEditorStats: Info Default UI Vertex Shader: 18 instructions
[2016.05.08-18.00.19:620][592]MaterialEditorStats: Info Instanced UI Vertex Shader: 18 instructions
[2016.05.08-18.00.19:620][592]MaterialEditorStats: Info Texture samplers: 1/16
[2016.05.08-18.00.20:434][688]LogMaterial: Missing cached shader map for material RadialProgressBar, compiling. 
[2016.05.08-18.00.20:438][688]LogMaterial: 0.00 seconds spent updating 1 materials, 1 interfaces, 0 instances, 0 with static permutations.
[2016.05.08-18.00.20:972][749]MaterialEditorStats: Info Default UI Pixel Shader: 28 instructions
[2016.05.08-18.00.20:972][749]MaterialEditorStats: Info Default UI Vertex Shader: 18 instructions
[2016.05.08-18.00.20:972][749]MaterialEditorStats: Info Instanced UI Vertex Shader: 18 instructions
[2016.05.08-18.00.20:972][749]MaterialEditorStats: Info Texture samplers: 1/16
[2016.05.08-18.00.32:040][ 64]LogMaterial: Missing cached shader map for material RadialProgressBar, compiling. 
[2016.05.08-18.00.32:044][ 64]LogMaterial: 0.00 seconds spent updating 1 materials, 1 interfaces, 0 instances, 0 with static permutations.
[2016.05.08-18.00.32:614][128]MaterialEditorStats: Info Default UI Pixel Shader: 28 instructions
[2016.05.08-18.00.32:614][128]MaterialEditorStats: Info Default UI Vertex Shader: 18 instructions
[2016.05.08-18.00.32:614][128]MaterialEditorStats: Info Instanced UI Vertex Shader: 18 instructions
[2016.05.08-18.00.32:614][128]MaterialEditorStats: Info Texture samplers: 1/16
[2016.05.08-18.00.37:512][713]LogMaterial: Missing cached shader map for material RadialProgressBar, compiling. 
[2016.05.08-18.00.37:516][713]LogMaterial: 0.00 seconds spent updating 1 materials, 1 interfaces, 0 instances, 0 with static permutations.
[2016.05.08-18.00.38:104][782]MaterialEditorStats: Info Default UI Pixel Shader: 28 instructions
[2016.05.08-18.00.38:104][782]MaterialEditorStats: Info Default UI Vertex Shader: 18 instructions
[2016.05.08-18.00.38:104][782]MaterialEditorStats: Info Instanced UI Vertex Shader: 18 instructions
[2016.05.08-18.00.38:104][782]MaterialEditorStats: Info Texture samplers: 1/16
[2016.05.08-18.00.40:067][ 16]LogMaterial: Missing cached shader map for material RadialProgressBar, compiling. 
[2016.05.08-18.00.40:072][ 16]LogMaterial: 0.00 seconds spent updating 1 materials, 1 interfaces, 0 instances, 0 with static permutations.
[2016.05.08-18.00.40:587][ 78]MaterialEditorStats: Info Default UI Pixel Shader: 28 instructions
[2016.05.08-18.00.40:587][ 78]MaterialEditorStats: Info Default UI Vertex Shader: 18 instructions
[2016.05.08-18.00.40:587][ 78]MaterialEditorStats: Info Instanced UI Vertex Shader: 18 instructions
[2016.05.08-18.00.40:587][ 78]MaterialEditorStats: Info Texture samplers: 1/16
[2016.05.08-18.00.45:096][610]LogMaterial: Missing cached shader map for material RadialProgressBar, compiling. 
[2016.05.08-18.00.45:100][610]LogMaterial: 0.00 seconds spent updating 1 materials, 1 interfaces, 0 instances, 0 with static permutations.
[2016.05.08-18.00.45:681][673]MaterialEditorStats: Info Default UI Pixel Shader: 28 instructions
[2016.05.08-18.00.45:681][673]MaterialEditorStats: Info Default UI Vertex Shader: 18 instructions
[2016.05.08-18.00.45:681][673]MaterialEditorStats: Info Instanced UI Vertex Shader: 18 instructions
[2016.05.08-18.00.45:681][673]MaterialEditorStats: Info Texture samplers: 1/16
[2016.05.08-18.00.50:658][262]LogMaterial: Missing cached shader map for material RadialProgressBar, compiling. 
[2016.05.08-18.00.50:662][262]LogMaterial: 0.00 seconds spent updating 1 materials, 1 interfaces, 0 instances, 0 with static permutations.
[2016.05.08-18.00.51:205][327]MaterialEditorStats: Info Default UI Pixel Shader: 28 instructions
[2016.05.08-18.00.51:205][327]MaterialEditorStats: Info Default UI Vertex Shader: 18 instructions
[2016.05.08-18.00.51:205][327]MaterialEditorStats: Info Instanced UI Vertex Shader: 18 instructions
[2016.05.08-18.00.51:205][327]MaterialEditorStats: Info Texture samplers: 1/16
[2016.05.08-18.00.53:423][590]LogMaterial: Missing cached shader map for material RadialProgressBar, compiling. 
[2016.05.08-18.00.53:428][590]LogMaterial: 0.00 seconds spent updating 1 materials, 1 interfaces, 0 instances, 0 with static permutations.
[2016.05.08-18.00.53:997][655]MaterialEditorStats: Info Default UI Pixel Shader: 28 instructions
[2016.05.08-18.00.53:997][655]MaterialEditorStats: Info Default UI Vertex Shader: 18 instructions
[2016.05.08-18.00.53:997][655]MaterialEditorStats: Info Instanced UI Vertex Shader: 18 instructions
[2016.05.08-18.00.53:997][655]MaterialEditorStats: Info Texture samplers: 1/16
[2016.05.08-18.00.56:973][  5]LogMaterial: Missing cached shader map for material RadialProgressBar, compiling. 
[2016.05.08-18.00.56:977][  5]LogMaterial: 0.00 seconds spent updating 1 materials, 1 interfaces, 0 instances, 0 with static permutations.
[2016.05.08-18.00.57:523][ 67]MaterialEditorStats: Info Default UI Pixel Shader: 28 instructions
[2016.05.08-18.00.57:523][ 67]MaterialEditorStats: Info Default UI Vertex Shader: 18 instructions
[2016.05.08-18.00.57:523][ 67]MaterialEditorStats: Info Instanced UI Vertex Shader: 18 instructions
[2016.05.08-18.00.57:523][ 67]MaterialEditorStats: Info Texture samplers: 1/16
[2016.05.08-18.01.01:389][525]LogMaterial: Missing cached shader map for material RadialProgressBar, compiling. 
[2016.05.08-18.01.01:394][525]LogMaterial: 0.00 seconds spent updating 1 materials, 1 interfaces, 0 instances, 0 with static permutations.
[2016.05.08-18.01.01:969][591]MaterialEditorStats: Info Default UI Pixel Shader: 28 instructions
[2016.05.08-18.01.01:969][591]MaterialEditorStats: Info Default UI Vertex Shader: 18 instructions
[2016.05.08-18.01.01:969][591]MaterialEditorStats: Info Instanced UI Vertex Shader: 18 instructions
[2016.05.08-18.01.01:969][591]MaterialEditorStats: Info Texture samplers: 1/16
[2016.05.08-18.01.10:107][556]LogMaterial: Missing cached shader map for material RadialProgressBar, compiling. 
[2016.05.08-18.01.10:107][556]LogMaterial:Warning: Failed to compile Material /Engine/Transient.RadialProgressBar for platform PCD3D_SM5, Default Material will be used in game.
[2016.05.08-18.01.10:107][556]LogMaterial:Warning: 	(Node If) If input A must be of type float.
[2016.05.08-18.01.10:107][556]LogMaterial: 0.00 seconds spent updating 1 materials, 1 interfaces, 0 instances, 0 with static permutations.
[2016.05.08-18.01.10:108][556]MaterialEditorStats:Error: Error [SM5] (Node If) If input A must be of type float.
[2016.05.08-18.01.26:931][564]LogMaterial: Missing cached shader map for material FMatExpressionPreview MaterialExpressionConstant_1, compiling. 
[2016.05.08-18.01.31:480][108]LogMaterial: Missing cached shader map for material FMatExpressionPreview MaterialExpressionConstant_0, compiling. 
[2016.05.08-18.01.38:695][968]LogMaterial: Missing cached shader map for material FMatExpressionPreview MaterialExpressionScalarParameter_0, compiling. 
[2016.05.08-18.04.12:608][348]LogMaterial: Missing cached shader map for material RadialProgressBar, compiling. 
[2016.05.08-18.04.12:617][348]LogMaterial: 0.00 seconds spent updating 1 materials, 1 interfaces, 0 instances, 0 with static permutations.
[2016.05.08-18.04.12:723][348]LogMaterial: Missing cached shader map for material FMatExpressionPreview MaterialExpressionScalarParameter_0, compiling. 
[2016.05.08-18.04.12:727][348]LogMaterial: Missing cached shader map for material FMatExpressionPreview MaterialExpressionTextureSample_2, compiling. 
[2016.05.08-18.04.12:735][348]LogMaterial: Missing cached shader map for material FMatExpressionPreview MaterialExpressionConstant_0, compiling. 
[2016.05.08-18.04.12:739][348]LogMaterial: Missing cached shader map for material FMatExpressionPreview MaterialExpressionConstant_1, compiling. 
[2016.05.08-18.04.13:851][476]MaterialEditorStats: Info Default UI Pixel Shader: 38 instructions
[2016.05.08-18.04.13:851][476]MaterialEditorStats: Info Default UI Vertex Shader: 18 instructions
[2016.05.08-18.04.13:851][476]MaterialEditorStats: Info Instanced UI Vertex Shader: 18 instructions
[2016.05.08-18.04.13:851][476]MaterialEditorStats: Info Texture samplers: 2/16
[2016.05.08-18.04.16:179][753]LogMaterial: Missing cached shader map for material FMatExpressionPreview MaterialExpressionMultiply_1, compiling. 
[2016.05.08-18.04.47:509][481]LogMaterial: Missing cached shader map for material RadialProgressBar, compiling. 
[2016.05.08-18.04.47:516][481]LogMaterial: 0.00 seconds spent updating 1 materials, 1 interfaces, 0 instances, 0 with static permutations.
[2016.05.08-18.04.47:542][481]LogMaterial: Missing cached shader map for material FMatExpressionPreview MaterialExpressionMultiply_1, compiling. 
[2016.05.08-18.04.48:750][619]MaterialEditorStats: Info Default UI Pixel Shader: 38 instructions
[2016.05.08-18.04.48:750][619]MaterialEditorStats: Info Default UI Vertex Shader: 18 instructions
[2016.05.08-18.04.48:750][619]MaterialEditorStats: Info Instanced UI Vertex Shader: 18 instructions
[2016.05.08-18.04.48:750][619]MaterialEditorStats: Info Texture samplers: 2/16
[2016.05.08-18.04.50:954][877]LogMaterial: Missing cached shader map for material RadialProgressBar, compiling. 
[2016.05.08-18.04.50:960][877]LogMaterial: 0.00 seconds spent updating 1 materials, 1 interfaces, 0 instances, 0 with static permutations.
[2016.05.08-18.04.51:894][987]MaterialEditorStats: Info Default UI Pixel Shader: 38 instructions
[2016.05.08-18.04.51:894][987]MaterialEditorStats: Info Default UI Vertex Shader: 18 instructions
[2016.05.08-18.04.51:894][987]MaterialEditorStats: Info Instanced UI Vertex Shader: 18 instructions
[2016.05.08-18.04.51:894][987]MaterialEditorStats: Info Texture samplers: 2/16
[2016.05.08-18.04.52:333][ 39]LogMaterial: Missing cached shader map for material FMatExpressionPreview MaterialExpressionConstant_2, compiling. 
[2016.05.08-18.04.58:950][831]LogMaterial: Missing cached shader map for material RadialProgressBar, compiling. 
[2016.05.08-18.04.58:957][831]LogMaterial: 0.00 seconds spent updating 1 materials, 1 interfaces, 0 instances, 0 with static permutations.
[2016.05.08-18.04.58:985][831]LogMaterial: Missing cached shader map for material FMatExpressionPreview MaterialExpressionConstant_2, compiling. 
[2016.05.08-18.04.59:874][935]MaterialEditorStats: Info Default UI Pixel Shader: 38 instructions
[2016.05.08-18.04.59:874][935]MaterialEditorStats: Info Default UI Vertex Shader: 18 instructions
[2016.05.08-18.04.59:874][935]MaterialEditorStats: Info Instanced UI Vertex Shader: 18 instructions
[2016.05.08-18.04.59:874][935]MaterialEditorStats: Info Texture samplers: 2/16
[2016.05.08-18.05.40:683][800]LogMaterial: Missing cached shader map for material RadialProgressBar, compiling. 
[2016.05.08-18.05.40:690][800]LogMaterial: 0.00 seconds spent updating 1 materials, 1 interfaces, 0 instances, 0 with static permutations.
[2016.05.08-18.05.41:901][938]MaterialEditorStats: Info Default UI Pixel Shader: 38 instructions
[2016.05.08-18.05.41:901][938]MaterialEditorStats: Info Default UI Vertex Shader: 18 instructions
[2016.05.08-18.05.41:901][938]MaterialEditorStats: Info Instanced UI Vertex Shader: 18 instructions
[2016.05.08-18.05.41:901][938]MaterialEditorStats: Info Texture samplers: 2/16
[2016.05.08-18.05.45:412][352]LogMaterial: Missing cached shader map for material RadialProgressBar, compiling. 
[2016.05.08-18.05.45:419][352]LogMaterial: 0.00 seconds spent updating 1 materials, 1 interfaces, 0 instances, 0 with static permutations.
[2016.05.08-18.05.46:284][451]MaterialEditorStats: Info Default UI Pixel Shader: 38 instructions
[2016.05.08-18.05.46:285][451]MaterialEditorStats: Info Default UI Vertex Shader: 18 instructions
[2016.05.08-18.05.46:285][451]MaterialEditorStats: Info Instanced UI Vertex Shader: 18 instructions
[2016.05.08-18.05.46:285][451]MaterialEditorStats: Info Texture samplers: 2/16
[2016.05.08-18.05.53:755][341]LogMaterial: Missing cached shader map for material RadialProgressBar, compiling. 
[2016.05.08-18.05.53:761][341]LogMaterial: 0.00 seconds spent updating 1 materials, 1 interfaces, 0 instances, 0 with static permutations.
[2016.05.08-18.05.54:683][449]MaterialEditorStats: Info Default UI Pixel Shader: 38 instructions
[2016.05.08-18.05.54:683][449]MaterialEditorStats: Info Default UI Vertex Shader: 18 instructions
[2016.05.08-18.05.54:683][449]MaterialEditorStats: Info Instanced UI Vertex Shader: 18 instructions
[2016.05.08-18.05.54:683][449]MaterialEditorStats: Info Texture samplers: 2/16
[2016.05.08-18.06.09:424][196]LogMaterial: Missing cached shader map for material RadialProgressBar, compiling. 
[2016.05.08-18.06.09:431][196]LogMaterial: 0.00 seconds spent updating 1 materials, 1 interfaces, 0 instances, 0 with static permutations.
[2016.05.08-18.06.10:298][295]MaterialEditorStats: Info Default UI Pixel Shader: 38 instructions
[2016.05.08-18.06.10:298][295]MaterialEditorStats: Info Default UI Vertex Shader: 18 instructions
[2016.05.08-18.06.10:298][295]MaterialEditorStats: Info Instanced UI Vertex Shader: 18 instructions
[2016.05.08-18.06.10:298][295]MaterialEditorStats: Info Texture samplers: 2/16
[2016.05.08-18.06.16:532][ 39]LogMaterial: Missing cached shader map for material RadialProgressBar, compiling. 
[2016.05.08-18.06.16:539][ 39]LogMaterial: 0.00 seconds spent updating 1 materials, 1 interfaces, 0 instances, 0 with static permutations.
[2016.05.08-18.06.17:450][146]MaterialEditorStats: Info Default UI Pixel Shader: 38 instructions
[2016.05.08-18.06.17:450][146]MaterialEditorStats: Info Default UI Vertex Shader: 18 instructions
[2016.05.08-18.06.17:450][146]MaterialEditorStats: Info Instanced UI Vertex Shader: 18 instructions
[2016.05.08-18.06.17:450][146]MaterialEditorStats: Info Texture samplers: 2/16
[2016.05.08-18.06.30:165][666]LogMaterial: Missing cached shader map for material RadialProgressBar, compiling. 
[2016.05.08-18.06.30:174][666]LogMaterial: 0.00 seconds spent updating 1 materials, 1 interfaces, 0 instances, 0 with static permutations.
[2016.05.08-18.06.31:071][769]MaterialEditorStats: Info Default UI Pixel Shader: 38 instructions
[2016.05.08-18.06.31:071][769]MaterialEditorStats: Info Default UI Vertex Shader: 18 instructions
[2016.05.08-18.06.31:071][769]MaterialEditorStats: Info Instanced UI Vertex Shader: 18 instructions
[2016.05.08-18.06.31:071][769]MaterialEditorStats: Info Texture samplers: 2/16
[2016.05.08-18.06.40:551][895]LogMaterial: Missing cached shader map for material RadialProgressBar, compiling. 
[2016.05.08-18.06.40:558][895]LogMaterial: 0.00 seconds spent updating 1 materials, 1 interfaces, 0 instances, 0 with static permutations.
[2016.05.08-18.06.41:481][  0]MaterialEditorStats: Info Default UI Pixel Shader: 38 instructions
[2016.05.08-18.06.41:481][  0]MaterialEditorStats: Info Default UI Vertex Shader: 18 instructions
[2016.05.08-18.06.41:481][  0]MaterialEditorStats: Info Instanced UI Vertex Shader: 18 instructions
[2016.05.08-18.06.41:481][  0]MaterialEditorStats: Info Texture samplers: 2/16
[2016.05.08-18.06.44:502][358]LogMaterial: Missing cached shader map for material RadialProgressBar, compiling. 
[2016.05.08-18.06.44:508][358]LogMaterial: 0.00 seconds spent updating 1 materials, 1 interfaces, 0 instances, 0 with static permutations.
[2016.05.08-18.06.45:393][462]MaterialEditorStats: Info Default UI Pixel Shader: 38 instructions
[2016.05.08-18.06.45:393][462]MaterialEditorStats: Info Default UI Vertex Shader: 18 instructions
[2016.05.08-18.06.45:393][462]MaterialEditorStats: Info Instanced UI Vertex Shader: 18 instructions
[2016.05.08-18.06.45:393][462]MaterialEditorStats: Info Texture samplers: 2/16
[2016.05.08-18.06.47:334][694]LogMaterial: Missing cached shader map for material FMatExpressionPreview MaterialExpressionOneMinus_0, compiling. 
[2016.05.08-18.06.59:475][128]LogMaterial: Uniform references updated for custom material expression Custom.
[2016.05.08-18.06.59:500][128]LogMaterial: Uniform references updated for custom material expression TemporalAA SampleID.
[2016.05.08-18.06.59:565][128]LogMaterial: Uniform references updated for custom material expression Ambient Cubemap Intensity.
[2016.05.08-18.06.59:566][128]LogMaterial: Uniform references updated for custom material expression Ambient Cubemap Tint.
[2016.05.08-18.07.01:690][378]LogMaterial: Missing cached shader map for material RadialProgressBar, compiling. 
[2016.05.08-18.07.01:696][378]LogMaterial: 0.00 seconds spent updating 1 materials, 1 interfaces, 0 instances, 0 with static permutations.
[2016.05.08-18.07.01:729][378]LogMaterial: Missing cached shader map for material FMatExpressionPreview MaterialExpressionOneMinus_0, compiling. 
[2016.05.08-18.07.01:735][378]LogMaterial: Missing cached shader map for material RadialProgressBar, compiling. 
[2016.05.08-18.07.01:742][378]LogMaterial: 0.00 seconds spent updating 1 materials, 1 interfaces, 0 instances, 0 with static permutations.
[2016.05.08-18.07.01:769][378]LogMaterial: Missing cached shader map for material FMatExpressionPreview MaterialExpressionOneMinus_0, compiling. 
[2016.05.08-18.07.02:745][488]MaterialEditorStats: Info Default UI Pixel Shader: 38 instructions
[2016.05.08-18.07.02:745][488]MaterialEditorStats: Info Default UI Vertex Shader: 18 instructions
[2016.05.08-18.07.02:745][488]MaterialEditorStats: Info Instanced UI Vertex Shader: 18 instructions
[2016.05.08-18.07.02:745][488]MaterialEditorStats: Info Texture samplers: 2/16
[2016.05.08-18.07.05:175][779]LogMaterial: Missing cached shader map for material RadialProgressBar, compiling. 
[2016.05.08-18.07.05:182][779]LogMaterial: 0.00 seconds spent updating 1 materials, 1 interfaces, 0 instances, 0 with static permutations.
[2016.05.08-18.07.06:058][884]MaterialEditorStats: Info Default UI Pixel Shader: 38 instructions
[2016.05.08-18.07.06:058][884]MaterialEditorStats: Info Default UI Vertex Shader: 18 instructions
[2016.05.08-18.07.06:058][884]MaterialEditorStats: Info Instanced UI Vertex Shader: 18 instructions
[2016.05.08-18.07.06:058][884]MaterialEditorStats: Info Texture samplers: 2/16
[2016.05.08-18.07.07:708][ 79]LogMaterial: Missing cached shader map for material FMatExpressionPreview MaterialExpressionPower_0, compiling. 
[2016.05.08-18.07.16:238][ 98]LogMaterial: Missing cached shader map for material FMatExpressionPreview MaterialExpressionConstant_3, compiling. 
[2016.05.08-18.07.20:692][631]LogMaterial: Missing cached shader map for material RadialProgressBar, compiling. 
[2016.05.08-18.07.20:700][631]LogMaterial: 0.00 seconds spent updating 1 materials, 1 interfaces, 0 instances, 0 with static permutations.
[2016.05.08-18.07.20:733][631]LogMaterial: Missing cached shader map for material FMatExpressionPreview MaterialExpressionPower_0, compiling. 
[2016.05.08-18.07.21:655][741]MaterialEditorStats: Info Default UI Pixel Shader: 38 instructions
[2016.05.08-18.07.21:655][741]MaterialEditorStats: Info Default UI Vertex Shader: 18 instructions
[2016.05.08-18.07.21:655][741]MaterialEditorStats: Info Instanced UI Vertex Shader: 18 instructions
[2016.05.08-18.07.21:655][741]MaterialEditorStats: Info Texture samplers: 2/16
[2016.05.08-18.07.30:063][738]LogMaterial: Missing cached shader map for material RadialProgressBar, compiling. 
[2016.05.08-18.07.30:069][738]LogMaterial: 0.00 seconds spent updating 1 materials, 1 interfaces, 0 instances, 0 with static permutations.
[2016.05.08-18.07.30:072][738]LogMaterial: Missing cached shader map for material RadialProgressBar, compiling. 
[2016.05.08-18.07.30:078][738]LogMaterial: 0.00 seconds spent updating 1 materials, 1 interfaces, 0 instances, 0 with static permutations.
[2016.05.08-18.07.30:104][738]LogMaterial: Missing cached shader map for material FMatExpressionPreview MaterialExpressionPower_0, compiling. 
[2016.05.08-18.07.31:015][839]MaterialEditorStats: Info Default UI Pixel Shader: 38 instructions
[2016.05.08-18.07.31:015][839]MaterialEditorStats: Info Default UI Vertex Shader: 18 instructions
[2016.05.08-18.07.31:015][839]MaterialEditorStats: Info Instanced UI Vertex Shader: 18 instructions
[2016.05.08-18.07.31:015][839]MaterialEditorStats: Info Texture samplers: 2/16
[2016.05.08-18.07.32:803][ 52]LogMaterial: Missing cached shader map for material RadialProgressBar, compiling. 
[2016.05.08-18.07.32:809][ 52]LogMaterial: 0.00 seconds spent updating 1 materials, 1 interfaces, 0 instances, 0 with static permutations.
[2016.05.08-18.07.33:739][161]MaterialEditorStats: Info Default UI Pixel Shader: 38 instructions
[2016.05.08-18.07.33:739][161]MaterialEditorStats: Info Default UI Vertex Shader: 18 instructions
[2016.05.08-18.07.33:739][161]MaterialEditorStats: Info Instanced UI Vertex Shader: 18 instructions
[2016.05.08-18.07.33:739][161]MaterialEditorStats: Info Texture samplers: 2/16
[2016.05.08-18.07.38:015][670]LogMaterial: Missing cached shader map for material FMatExpressionPreview MaterialExpressionMultiply_2, compiling. 
[2016.05.08-18.07.42:678][220]LogMaterial: Missing cached shader map for material RadialProgressBar, compiling. 
[2016.05.08-18.07.42:685][220]LogMaterial: 0.00 seconds spent updating 1 materials, 1 interfaces, 0 instances, 0 with static permutations.
[2016.05.08-18.07.42:716][220]LogMaterial: Missing cached shader map for material FMatExpressionPreview MaterialExpressionMultiply_2, compiling. 
[2016.05.08-18.07.42:722][220]LogMaterial: Missing cached shader map for material RadialProgressBar, compiling. 
[2016.05.08-18.07.42:730][220]LogMaterial: 0.00 seconds spent updating 1 materials, 1 interfaces, 0 instances, 0 with static permutations.
[2016.05.08-18.07.42:760][220]LogMaterial: Missing cached shader map for material FMatExpressionPreview MaterialExpressionMultiply_2, compiling. 
[2016.05.08-18.07.43:644][320]LogShaderCompilers:Warning: Failed to compile Material /Engine/Transient.RadialProgressBar for platform PCD3D_SM5, Default Material will be used in game.
[2016.05.08-18.07.43:652][321]MaterialEditorStats:Error: Error [SM5] (): D3DCompile exception
[2016.05.08-18.07.46:913][709]LogMaterial: Missing cached shader map for material FMatExpressionPreview MaterialExpressionClamp_0, compiling. 
[2016.05.08-18.07.58:733][ 71]LogMaterial: Missing cached shader map for material RadialProgressBar, compiling. 
[2016.05.08-18.07.58:740][ 71]LogMaterial: 0.00 seconds spent updating 1 materials, 1 interfaces, 0 instances, 0 with static permutations.
[2016.05.08-18.07.58:765][ 71]LogMaterial: Missing cached shader map for material FMatExpressionPreview MaterialExpressionClamp_0, compiling. 
[2016.05.08-18.07.59:579][165]LogShaderCompilers:Warning: Failed to compile Material /Engine/Transient.RadialProgressBar for platform PCD3D_SM5, Default Material will be used in game.
[2016.05.08-18.07.59:587][166]MaterialEditorStats:Error: Error [SM5] (): D3DCompile exception
[2016.05.08-18.07.59:704][180]LogShaderCompilers:Warning: Failed to compile Material  for platform PCD3D_SM5, Default Material will be used in game.
[2016.05.08-18.08.02:827][541]LogMaterial: Missing cached shader map for material RadialProgressBar, compiling. 
[2016.05.08-18.08.02:833][541]LogMaterial: 0.00 seconds spent updating 1 materials, 1 interfaces, 0 instances, 0 with static permutations.
[2016.05.08-18.08.02:859][541]LogMaterial: Missing cached shader map for material FMatExpressionPreview MaterialExpressionClamp_0, compiling. 
[2016.05.08-18.08.03:792][648]MaterialEditorStats: Info Default UI Pixel Shader: 38 instructions
[2016.05.08-18.08.03:792][648]MaterialEditorStats: Info Default UI Vertex Shader: 18 instructions
[2016.05.08-18.08.03:792][648]MaterialEditorStats: Info Instanced UI Vertex Shader: 18 instructions
[2016.05.08-18.08.03:792][648]MaterialEditorStats: Info Texture samplers: 2/16
[2016.05.08-18.08.06:064][910]LogMaterial: Missing cached shader map for material RadialProgressBar, compiling. 
[2016.05.08-18.08.06:071][910]LogMaterial: 0.00 seconds spent updating 1 materials, 1 interfaces, 0 instances, 0 with static permutations.
[2016.05.08-18.08.06:096][910]LogMaterial: Missing cached shader map for material FMatExpressionPreview MaterialExpressionClamp_0, compiling. 
[2016.05.08-18.08.07:032][ 13]MaterialEditorStats: Info Default UI Pixel Shader: 38 instructions
[2016.05.08-18.08.07:032][ 13]MaterialEditorStats: Info Default UI Vertex Shader: 18 instructions
[2016.05.08-18.08.07:032][ 13]MaterialEditorStats: Info Instanced UI Vertex Shader: 18 instructions
[2016.05.08-18.08.07:032][ 13]MaterialEditorStats: Info Texture samplers: 2/16
[2016.05.08-18.08.11:376][526]LogMaterial: Missing cached shader map for material RadialProgressBar, compiling. 
[2016.05.08-18.08.11:382][526]LogMaterial: 0.00 seconds spent updating 1 materials, 1 interfaces, 0 instances, 0 with static permutations.
[2016.05.08-18.08.11:433][526]LogMaterial: Missing cached shader map for material FMatExpressionPreview MaterialExpressionMultiply_1, compiling. 
[2016.05.08-18.08.11:437][526]LogMaterial: Missing cached shader map for material FMatExpressionPreview MaterialExpressionClamp_0, compiling. 
[2016.05.08-18.08.12:323][620]LogShaderCompilers:Warning: Failed to compile Material /Engine/Transient.RadialProgressBar for platform PCD3D_SM5, Default Material will be used in game.
[2016.05.08-18.08.12:331][621]MaterialEditorStats:Error: Error [SM5] (): D3DCompile exception
[2016.05.08-18.08.33:436][130]LogMaterial: Missing cached shader map for material RadialProgressBar, compiling. 
[2016.05.08-18.08.33:443][130]LogMaterial: 0.00 seconds spent updating 1 materials, 1 interfaces, 0 instances, 0 with static permutations.
[2016.05.08-18.08.33:446][130]LogMaterial: Missing cached shader map for material RadialProgressBar, compiling. 
[2016.05.08-18.08.33:452][130]LogMaterial: 0.00 seconds spent updating 1 materials, 1 interfaces, 0 instances, 0 with static permutations.
[2016.05.08-18.08.33:481][130]LogMaterial: Missing cached shader map for material FMatExpressionPreview MaterialExpressionPower_0, compiling. 
[2016.05.08-18.08.34:845][280]MaterialEditorStats: Info Default UI Pixel Shader: 49 instructions
[2016.05.08-18.08.34:846][280]MaterialEditorStats: Info Default UI Vertex Shader: 18 instructions
[2016.05.08-18.08.34:846][280]MaterialEditorStats: Info Instanced UI Vertex Shader: 18 instructions
[2016.05.08-18.08.34:846][280]MaterialEditorStats: Info Texture samplers: 2/16
[2016.05.08-18.08.35:842][395]LogMaterial: Missing cached shader map for material RadialProgressBar, compiling. 
[2016.05.08-18.08.35:848][395]LogMaterial: 0.00 seconds spent updating 1 materials, 1 interfaces, 0 instances, 0 with static permutations.
[2016.05.08-18.08.35:873][395]LogMaterial: Missing cached shader map for material FMatExpressionPreview MaterialExpressionMultiply_2, compiling. 
[2016.05.08-18.08.36:726][491]LogShaderCompilers:Warning: Failed to compile Material /Engine/Transient.RadialProgressBar for platform PCD3D_SM5, Default Material will be used in game.
[2016.05.08-18.08.36:735][492]MaterialEditorStats:Error: Error [SM5] (): D3DCompile exception
[2016.05.08-18.08.46:620][669]LogMaterial: Missing cached shader map for material RadialProgressBar, compiling. 
[2016.05.08-18.08.46:627][669]LogMaterial: 0.00 seconds spent updating 1 materials, 1 interfaces, 0 instances, 0 with static permutations.
[2016.05.08-18.08.47:512][769]LogShaderCompilers:Warning: Failed to compile Material /Engine/Transient.RadialProgressBar for platform PCD3D_SM5, Default Material will be used in game.
[2016.05.08-18.08.47:521][770]MaterialEditorStats:Error: Error [SM5] (): D3DCompile exception
[2016.05.08-18.08.57:615][963]LogMaterial: Missing cached shader map for material RadialProgressBar, compiling. 
[2016.05.08-18.08.57:622][963]LogMaterial: 0.00 seconds spent updating 1 materials, 1 interfaces, 0 instances, 0 with static permutations.
[2016.05.08-18.08.58:464][ 59]LogShaderCompilers:Warning: Failed to compile Material /Engine/Transient.RadialProgressBar for platform PCD3D_SM5, Default Material will be used in game.
[2016.05.08-18.08.58:472][ 60]MaterialEditorStats:Error: Error [SM5] (): D3DCompile exception
[2016.05.08-18.09.00:122][257]LogMaterial: Missing cached shader map for material RadialProgressBar, compiling. 
[2016.05.08-18.09.00:130][257]LogMaterial: 0.00 seconds spent updating 1 materials, 1 interfaces, 0 instances, 0 with static permutations.
[2016.05.08-18.09.01:053][363]LogShaderCompilers:Warning: Failed to compile Material /Engine/Transient.RadialProgressBar for platform PCD3D_SM5, Default Material will be used in game.
[2016.05.08-18.09.01:061][364]MaterialEditorStats:Error: Error [SM5] (): D3DCompile exception
[2016.05.08-18.09.02:119][490]LogMaterial: Missing cached shader map for material RadialProgressBar, compiling. 
[2016.05.08-18.09.02:125][490]LogMaterial: 0.00 seconds spent updating 1 materials, 1 interfaces, 0 instances, 0 with static permutations.
[2016.05.08-18.09.03:054][599]LogShaderCompilers:Warning: Failed to compile Material /Engine/Transient.RadialProgressBar for platform PCD3D_SM5, Default Material will be used in game.
[2016.05.08-18.09.03:062][600]MaterialEditorStats:Error: Error [SM5] (): D3DCompile exception
[2016.05.08-18.09.05:316][869]LogMaterial: Missing cached shader map for material RadialProgressBar, compiling. 
[2016.05.08-18.09.05:322][869]LogMaterial: 0.00 seconds spent updating 1 materials, 1 interfaces, 0 instances, 0 with static permutations.
[2016.05.08-18.09.06:262][979]MaterialEditorStats: Info Default UI Pixel Shader: 49 instructions
[2016.05.08-18.09.06:262][979]MaterialEditorStats: Info Default UI Vertex Shader: 18 instructions
[2016.05.08-18.09.06:262][979]MaterialEditorStats: Info Instanced UI Vertex Shader: 18 instructions
[2016.05.08-18.09.06:262][979]MaterialEditorStats: Info Texture samplers: 2/16
[2016.05.08-18.09.06:507][  8]LogMaterial: Missing cached shader map for material RadialProgressBar, compiling. 
[2016.05.08-18.09.06:513][  8]LogMaterial: 0.00 seconds spent updating 1 materials, 1 interfaces, 0 instances, 0 with static permutations.
[2016.05.08-18.09.07:423][115]MaterialEditorStats: Info Default UI Pixel Shader: 49 instructions
[2016.05.08-18.09.07:423][115]MaterialEditorStats: Info Default UI Vertex Shader: 18 instructions
[2016.05.08-18.09.07:423][115]MaterialEditorStats: Info Instanced UI Vertex Shader: 18 instructions
[2016.05.08-18.09.07:423][115]MaterialEditorStats: Info Texture samplers: 2/16
[2016.05.08-18.09.07:583][134]LogMaterial: Missing cached shader map for material RadialProgressBar, compiling. 
[2016.05.08-18.09.07:590][134]LogMaterial: 0.00 seconds spent updating 1 materials, 1 interfaces, 0 instances, 0 with static permutations.
[2016.05.08-18.09.08:596][249]MaterialEditorStats: Info Default UI Pixel Shader: 49 instructions
[2016.05.08-18.09.08:596][249]MaterialEditorStats: Info Default UI Vertex Shader: 18 instructions
[2016.05.08-18.09.08:596][249]MaterialEditorStats: Info Instanced UI Vertex Shader: 18 instructions
[2016.05.08-18.09.08:596][249]MaterialEditorStats: Info Texture samplers: 2/16
[2016.05.08-18.09.16:583][194]LogMaterial: Missing cached shader map for material RadialProgressBar, compiling. 
[2016.05.08-18.09.16:590][194]LogMaterial: 0.00 seconds spent updating 1 materials, 1 interfaces, 0 instances, 0 with static permutations.
[2016.05.08-18.09.16:592][194]LogMaterial: Missing cached shader map for material RadialProgressBar, compiling. 
[2016.05.08-18.09.16:599][194]LogMaterial: 0.00 seconds spent updating 1 materials, 1 interfaces, 0 instances, 0 with static permutations.
[2016.05.08-18.09.17:561][301]MaterialEditorStats: Info Default UI Pixel Shader: 49 instructions
[2016.05.08-18.09.17:561][301]MaterialEditorStats: Info Default UI Vertex Shader: 18 instructions
[2016.05.08-18.09.17:561][301]MaterialEditorStats: Info Instanced UI Vertex Shader: 18 instructions
[2016.05.08-18.09.17:561][301]MaterialEditorStats: Info Texture samplers: 2/16
[2016.05.08-18.09.18:425][401]LogMaterial: Missing cached shader map for material RadialProgressBar, compiling. 
[2016.05.08-18.09.18:432][401]LogMaterial: 0.00 seconds spent updating 1 materials, 1 interfaces, 0 instances, 0 with static permutations.
[2016.05.08-18.09.19:422][515]MaterialEditorStats: Info Default UI Pixel Shader: 49 instructions
[2016.05.08-18.09.19:422][515]MaterialEditorStats: Info Default UI Vertex Shader: 18 instructions
[2016.05.08-18.09.19:422][515]MaterialEditorStats: Info Instanced UI Vertex Shader: 18 instructions
[2016.05.08-18.09.19:422][515]MaterialEditorStats: Info Texture samplers: 2/16
[2016.05.08-18.09.20:291][615]LogMaterial: Missing cached shader map for material RadialProgressBar, compiling. 
[2016.05.08-18.09.20:297][615]LogMaterial: 0.00 seconds spent updating 1 materials, 1 interfaces, 0 instances, 0 with static permutations.
[2016.05.08-18.09.21:235][721]MaterialEditorStats: Info Default UI Pixel Shader: 49 instructions
[2016.05.08-18.09.21:235][721]MaterialEditorStats: Info Default UI Vertex Shader: 18 instructions
[2016.05.08-18.09.21:235][721]MaterialEditorStats: Info Instanced UI Vertex Shader: 18 instructions
[2016.05.08-18.09.21:235][721]MaterialEditorStats: Info Texture samplers: 2/16
[2016.05.08-18.09.22:219][838]LogMaterial: Missing cached shader map for material FMatExpressionPreview MaterialExpressionAdd_0, compiling. 
[2016.05.08-18.09.28:009][523]LogMaterial: Missing cached shader map for material RadialProgressBar, compiling. 
[2016.05.08-18.09.28:016][523]LogMaterial: 0.00 seconds spent updating 1 materials, 1 interfaces, 0 instances, 0 with static permutations.
[2016.05.08-18.09.28:044][523]LogMaterial: Missing cached shader map for material FMatExpressionPreview MaterialExpressionAdd_0, compiling. 
[2016.05.08-18.09.28:054][523]LogMaterial: Missing cached shader map for material RadialProgressBar, compiling. 
[2016.05.08-18.09.28:063][523]LogMaterial: 0.00 seconds spent updating 1 materials, 1 interfaces, 0 instances, 0 with static permutations.
[2016.05.08-18.09.28:089][523]LogMaterial: Missing cached shader map for material FMatExpressionPreview MaterialExpressionAdd_0, compiling. 
[2016.05.08-18.09.29:113][636]MaterialEditorStats: Info Default UI Pixel Shader: 49 instructions
[2016.05.08-18.09.29:113][636]MaterialEditorStats: Info Default UI Vertex Shader: 18 instructions
[2016.05.08-18.09.29:113][636]MaterialEditorStats: Info Instanced UI Vertex Shader: 18 instructions
[2016.05.08-18.09.29:113][636]MaterialEditorStats: Info Texture samplers: 2/16
[2016.05.08-18.09.34:269][241]LogMaterial: Missing cached shader map for material RadialProgressBar, compiling. 
[2016.05.08-18.09.34:275][241]LogMaterial: 0.00 seconds spent updating 1 materials, 1 interfaces, 0 instances, 0 with static permutations.
[2016.05.08-18.09.35:210][348]MaterialEditorStats: Info Default UI Pixel Shader: 49 instructions
[2016.05.08-18.09.35:210][348]MaterialEditorStats: Info Default UI Vertex Shader: 18 instructions
[2016.05.08-18.09.35:210][348]MaterialEditorStats: Info Instanced UI Vertex Shader: 18 instructions
[2016.05.08-18.09.35:210][348]MaterialEditorStats: Info Texture samplers: 2/16
[2016.05.08-18.09.36:691][522]LogMaterial: Missing cached shader map for material RadialProgressBar, compiling. 
[2016.05.08-18.09.36:698][522]LogMaterial: 0.00 seconds spent updating 1 materials, 1 interfaces, 0 instances, 0 with static permutations.
[2016.05.08-18.09.36:727][522]LogMaterial: Missing cached shader map for material FMatExpressionPreview MaterialExpressionAdd_0, compiling. 
[2016.05.08-18.09.37:633][624]MaterialEditorStats: Info Default UI Pixel Shader: 49 instructions
[2016.05.08-18.09.37:633][624]MaterialEditorStats: Info Default UI Vertex Shader: 18 instructions
[2016.05.08-18.09.37:633][624]MaterialEditorStats: Info Instanced UI Vertex Shader: 18 instructions
[2016.05.08-18.09.37:633][624]MaterialEditorStats: Info Texture samplers: 2/16
[2016.05.08-18.09.42:759][227]LogMaterial: Missing cached shader map for material RadialProgressBar, compiling. 
[2016.05.08-18.09.42:765][227]LogMaterial: 0.00 seconds spent updating 1 materials, 1 interfaces, 0 instances, 0 with static permutations.
[2016.05.08-18.09.42:767][227]LogMaterial: Missing cached shader map for material RadialProgressBar, compiling. 
[2016.05.08-18.09.42:774][227]LogMaterial: 0.00 seconds spent updating 1 materials, 1 interfaces, 0 instances, 0 with static permutations.
[2016.05.08-18.09.43:676][326]MaterialEditorStats: Info Default UI Pixel Shader: 49 instructions
[2016.05.08-18.09.43:676][326]MaterialEditorStats: Info Default UI Vertex Shader: 18 instructions
[2016.05.08-18.09.43:676][326]MaterialEditorStats: Info Instanced UI Vertex Shader: 18 instructions
[2016.05.08-18.09.43:676][326]MaterialEditorStats: Info Texture samplers: 2/16
[2016.05.08-18.09.45:581][552]LogMaterial: Missing cached shader map for material FMatExpressionPreview MaterialExpressionOneMinus_1, compiling. 
[2016.05.08-18.09.50:021][ 74]LogMaterial: Missing cached shader map for material RadialProgressBar, compiling. 
[2016.05.08-18.09.50:027][ 74]LogMaterial: 0.00 seconds spent updating 1 materials, 1 interfaces, 0 instances, 0 with static permutations.
[2016.05.08-18.09.50:057][ 74]LogMaterial: Missing cached shader map for material FMatExpressionPreview MaterialExpressionOneMinus_1, compiling. 
[2016.05.08-18.09.50:064][ 74]LogMaterial: Missing cached shader map for material RadialProgressBar, compiling. 
[2016.05.08-18.09.50:076][ 74]LogMaterial: 0.00 seconds spent updating 1 materials, 1 interfaces, 0 instances, 0 with static permutations.
[2016.05.08-18.09.50:103][ 74]LogMaterial: Missing cached shader map for material FMatExpressionPreview MaterialExpressionOneMinus_1, compiling. 
[2016.05.08-18.09.51:124][181]MaterialEditorStats: Info Default UI Pixel Shader: 49 instructions
[2016.05.08-18.09.51:124][181]MaterialEditorStats: Info Default UI Vertex Shader: 18 instructions
[2016.05.08-18.09.51:124][181]MaterialEditorStats: Info Instanced UI Vertex Shader: 18 instructions
[2016.05.08-18.09.51:124][181]MaterialEditorStats: Info Texture samplers: 2/16
[2016.05.08-18.09.53:084][409]LogMaterial: Missing cached shader map for material RadialProgressBar, compiling. 
[2016.05.08-18.09.53:090][409]LogMaterial: 0.00 seconds spent updating 1 materials, 1 interfaces, 0 instances, 0 with static permutations.
[2016.05.08-18.09.54:012][516]MaterialEditorStats: Info Default UI Pixel Shader: 49 instructions
[2016.05.08-18.09.54:012][516]MaterialEditorStats: Info Default UI Vertex Shader: 18 instructions
[2016.05.08-18.09.54:012][516]MaterialEditorStats: Info Instanced UI Vertex Shader: 18 instructions
[2016.05.08-18.09.54:012][516]MaterialEditorStats: Info Texture samplers: 2/16
[2016.05.08-18.09.56:368][795]LogMaterial: Missing cached shader map for material FMatExpressionPreview MaterialExpressionPower_1, compiling. 
[2016.05.08-18.10.00:465][281]LogMaterial: Missing cached shader map for material RadialProgressBar, compiling. 
[2016.05.08-18.10.00:471][281]LogMaterial: 0.00 seconds spent updating 1 materials, 1 interfaces, 0 instances, 0 with static permutations.
[2016.05.08-18.10.00:495][281]LogMaterial: Missing cached shader map for material FMatExpressionPreview MaterialExpressionPower_1, compiling. 
[2016.05.08-18.10.01:455][389]MaterialEditorStats: Info Default UI Pixel Shader: 57 instructions
[2016.05.08-18.10.01:455][389]MaterialEditorStats: Info Default UI Vertex Shader: 18 instructions
[2016.05.08-18.10.01:455][389]MaterialEditorStats: Info Instanced UI Vertex Shader: 18 instructions
[2016.05.08-18.10.01:455][389]MaterialEditorStats: Info Texture samplers: 2/16
[2016.05.08-18.10.21:586][781]LogMaterial: Missing cached shader map for material RadialProgressBar, compiling. 
[2016.05.08-18.10.21:597][781]LogMaterial: 0.00 seconds spent updating 1 materials, 1 interfaces, 0 instances, 0 with static permutations.
[2016.05.08-18.10.22:791][918]MaterialEditorStats: Info Default UI Pixel Shader: 57 instructions
[2016.05.08-18.10.22:791][918]MaterialEditorStats: Info Default UI Vertex Shader: 18 instructions
[2016.05.08-18.10.22:791][918]MaterialEditorStats: Info Instanced UI Vertex Shader: 18 instructions
[2016.05.08-18.10.22:791][918]MaterialEditorStats: Info Texture samplers: 2/16
[2016.05.08-18.10.31:666][972]LogMaterial: Missing cached shader map for material RadialProgressBar, compiling. 
[2016.05.08-18.10.31:675][972]LogMaterial: 0.00 seconds spent updating 1 materials, 1 interfaces, 0 instances, 0 with static permutations.
[2016.05.08-18.10.32:651][ 84]MaterialEditorStats: Info Default UI Pixel Shader: 57 instructions
[2016.05.08-18.10.32:651][ 84]MaterialEditorStats: Info Default UI Vertex Shader: 18 instructions
[2016.05.08-18.10.32:651][ 84]MaterialEditorStats: Info Instanced UI Vertex Shader: 18 instructions
[2016.05.08-18.10.32:651][ 84]MaterialEditorStats: Info Texture samplers: 2/16
[2016.05.08-18.10.36:805][578]LogMaterial: Missing cached shader map for material RadialProgressBar, compiling. 
[2016.05.08-18.10.36:812][578]LogMaterial: 0.00 seconds spent updating 1 materials, 1 interfaces, 0 instances, 0 with static permutations.
[2016.05.08-18.10.37:713][681]LogShaderCompilers:Warning: Failed to compile Material /Engine/Transient.RadialProgressBar for platform PCD3D_SM5, Default Material will be used in game.
[2016.05.08-18.10.37:721][682]MaterialEditorStats:Error: Error [SM5] (): D3DCompile exception
[2016.05.08-18.10.41:204][ 97]LogMaterialEditor: Saving and Compiling material RadialProgressBar
[2016.05.08-18.10.45:528][ 97]LogMaterial: Missing cached shader map for material RadialProgressBar, compiling. 
[2016.05.08-18.10.45:544][ 97]LogMaterial: 0.00 seconds spent updating 1 materials, 1 interfaces, 0 instances, 0 with static permutations.
[2016.05.08-18.10.45:610][ 97]LogMaterial: Missing cached shader map for material RadialProgressBar, compiling. 
[2016.05.08-18.10.45:641][ 97]LogMaterial: Missing cached shader map for material RadialProgressBar, compiling. 
[2016.05.08-18.10.45:656][ 97]LogMaterial: 0.00 seconds spent updating 1 materials, 1 interfaces, 0 instances, 0 with static permutations.
[2016.05.08-18.10.48:123][ 97]LogSavePackage: Save=18.16ms
[2016.05.08-18.10.48:123][ 97]LogSavePackage: Moving '../../../../../../Users/Matt/Documents/Unreal Projects/Otherworld/Saved/RadialProgressBar74A071404D3C8BBC51CD91A70DEDCB2C.tmp' to '../../../../../../Users/Matt/Documents/Unreal Projects/Otherworld/Content/UserInterface/Materials/RadialProgressBar.uasset'
[2016.05.08-18.10.48:127][ 97]LogSavePackage: Total save time: 24.96ms
[2016.05.08-18.10.48:127][ 97]LogSavePackage:Display: Finished SavePackage ../../../../../../Users/Matt/Documents/Unreal Projects/Otherworld/Content/UserInterface/Materials/RadialProgressBar.uasset
[2016.05.08-18.10.48:135][ 97]MaterialEditorStats: Info Default UI Pixel Shader: 57 instructions
[2016.05.08-18.10.48:135][ 97]MaterialEditorStats: Info Default UI Vertex Shader: 18 instructions
[2016.05.08-18.10.48:135][ 97]MaterialEditorStats: Info Instanced UI Vertex Shader: 18 instructions
[2016.05.08-18.10.48:135][ 97]MaterialEditorStats: Info Texture samplers: 2/16
[2016.05.08-18.11.07:919][368]LogCrashTracker: 


[2016.05.08-18.11.07:931][368]LogCrashTracker: 


[2016.05.08-18.11.07:931][368]LogWindows:Error: === Critical error: ===
Fatal error!



[2016.05.08-18.11.07:988][368]LogExit: Executing StaticShutdownAfterError
[2016.05.08-18.11.07:992][368]LogPhysics:Warning: PHYSX: ..\..\PhysX\src\NpScene.cpp (2946) 8 : PxScene::unlockWrite() called without matching call to PxScene::lockWrite(), behaviour will be undefined.
[2016.05.08-18.11.07:992][368]LogPhysics:Warning: PHYSX: ..\..\PhysX\src\NpScene.cpp (2946) 8 : PxScene::unlockWrite() called without matching call to PxScene::lockWrite(), behaviour will be undefined.
[2016.05.08-18.11.07:993][368]LogPhysics:Warning: PHYSX: ..\..\PhysX\src\NpScene.cpp (2946) 8 : PxScene::unlockWrite() called without matching call to PxScene::lockWrite(), behaviour will be undefined.
[2016.05.08-18.11.07:993][368]LogPhysics:Warning: PHYSX: ..\..\PhysX\src\NpScene.cpp (2946) 8 : PxScene::unlockWrite() called without matching call to PxScene::lockWrite(), behaviour will be undefined.
[2016.05.08-18.11.07:993][368]LogPhysics:Warning: PHYSX: ..\..\PhysX\src\NpScene.cpp (2946) 8 : PxScene::unlockWrite() called without matching call to PxScene::lockWrite(), behaviour will be undefined.
[2016.05.08-18.11.07:993][368]LogPhysics:Warning: PHYSX: ..\..\PhysX\src\NpScene.cpp (2946) 8 : PxScene::unlockWrite() called without matching call to PxScene::lockWrite(), behaviour will be undefined.
[2016.05.08-18.11.07:993][368]LogPhysics:Warning: PHYSX: ..\..\PhysX\src\NpScene.cpp (2946) 8 : PxScene::unlockWrite() called without matching call to PxScene::lockWrite(), behaviour will be undefined.
[2016.05.08-18.11.07:994][368]LogPhysics:Warning: PHYSX: ..\..\PhysX\src\NpScene.cpp (2946) 8 : PxScene::unlockWrite() called without matching call to PxScene::lockWrite(), behaviour will be undefined.
[2016.05.08-18.11.07:994][368]LogWindows: FPlatformMisc::RequestExit(1)
[2016.05.08-18.11.07:994][368]Log file closed, 05/08/16 14:11:07
